

WELCOME to the interactive CANDECOMP/PARAFAC analysis program
Warning: If you insert an object of mode CHARACTER when not requested, an error occurs and the program stops!

Specify the number of A-mode entities
Read 1 item
Specify the number of B-mode entities
Read 1 item
Specify the number of C-mode entities
Read 1 item


To see ANOVA results, specify 1:
Read 1 item

How do you want to center your array?
0 = none (default)
1 = across A-mode
2 = across B-mode
3 = across C-mode
12 = across A-mode and across B-mode
13 = across A-mode and across C-mode
23 = across B-mode and across C-mode
Read 1 item
Data have not been centered

How do you want to normalize your array?
0 = none (default)
1 = within A-mode
2 = within B-mode
3 = within C-mode
Read 1 item
Data have not been normalized

Note: The preprocessed data are now available in Xprep.
Xprep can be used for analyses outside the Candecomp/Parafac program

To see PCA of MEAN, specify '1':
Read 1 item

You are now about to do a Candecomp/Parafac analysis.

You have to specify the dimensionality to use.
To search this, you are advised to run a series of (unconstrained)
Candecomp/Parafac analyses using different dimensionalities
The results can next be used to find useful dimensionalities by the scree test.
To reduce the computation time, note that the maximum allowed number of iterations is 5000,
the convergence criterion is 1e-6 and the rational start via eigendecompositions is considered.
If you want to do this for choosing your dimensionality, specify '1':
Read 1 item

You can now do a CANDECOMP/PARAFAC ANALYSIS

How many components do you want to use?
Read 1 item

Do you want to use constraints? If so, enter '1':
Read 1 item
No constraints imposed

Specify convergence criterion (default=1e-6)
Read 1 item

By default, only a rationally started analysis run will be carried out.
To decrease the chance of missing the optimal solution, you may use additional, randomly started runs.
If you want additional runs, specify how many (e.g., 4):
Read 1 item

Specify the maximum number of iterations you allow (default=10000).
Read 1 item
Run no. 1
Candecomp/Parafac function value at Start is  35704.8442183395
Candecomp/Parafac function value is 33242.3054387415 after 28 iterations
Fit percentage is 6.68105842537091 %
Procedure used 52.49 seconds

Candecomp/Parafac analysis with  2  components, gave a fit of  6.68 %
Simple check on degeneracy: inspect matrix of triple congruences
        Comp.1  Comp.2
Comp.1  1.0000 -0.0465
Comp.2 -0.0465  1.0000

It is sometimes useful to SCALE solution, e.g., scale two matrices so that
they have unit sum of squares compensating this scale in remaining matrix.
If you want to scale components, specify '1':
Read 1 item

Solution for A, B and C in detail.
A
             Comp.1 Comp.2
tcga-a1-a0sd  -0.14   0.18
tcga-a1-a0se  -0.38   0.04
tcga-a1-a0sh  -0.20   0.73
tcga-a1-a0sj  -0.73   0.05
tcga-a1-a0sk   0.64   1.32
tcga-a1-a0sm   0.01   0.10
tcga-a1-a0so   0.71   2.97
tcga-a2-a04n  -2.87  -0.34
tcga-a2-a04p  -1.50   1.54
tcga-a2-a04q  -0.08   0.02
tcga-a2-a04r  -0.80   0.36
tcga-a2-a04u   0.51   1.15
tcga-a2-a04v  -2.99  -0.33
tcga-a2-a04w  -0.98   1.41
tcga-a2-a04x  -0.47   0.15
tcga-a2-a04y  -0.15   0.12
tcga-a2-a0cl   0.29   1.16
tcga-a2-a0cm   0.63   1.23
tcga-a2-a0cp  -2.88  -0.46
tcga-a2-a0cq  -0.14   0.13
tcga-a2-a0cs  -3.37  -0.49
tcga-a2-a0ct  -0.13   0.17
tcga-a2-a0cu  -0.21   0.06
tcga-a2-a0cv  -0.31   0.09
tcga-a2-a0cw  -2.89   1.11
tcga-a2-a0cx   0.35   1.28
tcga-a2-a0cz  -0.28  -0.03
tcga-a2-a0d0   0.55   1.32
tcga-a2-a0d1  -0.99   1.01
tcga-a2-a0d2   0.76   1.55
tcga-a2-a0d3  -2.91  -0.39
tcga-a2-a0d4  -0.20   0.02
tcga-a2-a0em  -2.51  -0.32
tcga-a2-a0en  -2.79  -0.15
tcga-a2-a0eo  -2.62  -0.43
tcga-a2-a0eq  -0.98   1.08
tcga-a2-a0er  -0.24   0.04
tcga-a2-a0et  -0.20   0.09
tcga-a2-a0eu  -0.47   0.04
tcga-a2-a0ev  -2.60  -0.26
tcga-a2-a0ew  -2.70  -0.18
tcga-a2-a0ex  -2.60  -0.44
tcga-a2-a0ey  -2.08   1.71
tcga-a2-a0st   0.01   0.07
tcga-a2-a0su  -0.43   0.05
tcga-a2-a0sv  -0.25   1.47
tcga-a2-a0sw   0.44   1.88
tcga-a2-a0sx   0.48   0.90
tcga-a2-a0sy  -3.15   0.03
tcga-a2-a0t0  -0.41   1.81
tcga-a2-a0t1   0.63   1.14
tcga-a2-a0t2   0.60   1.38
tcga-a2-a0t3  -0.07   1.20
tcga-a2-a0t4  -2.92  -0.34
tcga-a2-a0t6  -0.47  -0.07
tcga-a2-a0t7  -3.13  -0.45
tcga-a2-a0yc  -2.98  -0.48
tcga-a2-a0yd  -3.39  -0.46
tcga-a2-a0yf  -0.85  -0.02
tcga-a2-a0yg   0.31   1.28
tcga-a2-a0yh  -2.66   1.19
tcga-a2-a0yi  -2.30  -0.38
tcga-a2-a0yj   0.04   1.48
tcga-a2-a0yk  -3.13   0.18
tcga-a2-a0yl  -2.75  -0.39
tcga-a2-a0ym   0.71   1.59
tcga-a7-a0cd  -0.04   0.09
tcga-a7-a0ce   0.57   1.76
tcga-a7-a0cg  -2.07  -0.24
tcga-a7-a0cj  -2.76   1.03
tcga-a7-a0d9  -2.21  -0.34
tcga-a7-a0da   0.42   1.49
tcga-a7-a0db  -3.20  -0.41
tcga-a7-a13d   0.32   1.36
tcga-a7-a13f  -0.13   0.16
tcga-a8-a06n  -0.18   0.15
tcga-a8-a06o  -0.06   0.84
tcga-a8-a06p  -3.24  -0.48
tcga-a8-a06q  -3.46   1.36
tcga-a8-a06r  -2.79   0.07
tcga-a8-a06t  -0.42   0.08
tcga-a8-a06u  -2.39   0.90
tcga-a8-a06x  -1.12   0.76
tcga-a8-a06y  -0.10   0.05
tcga-a8-a06z  -0.26   0.07
tcga-a8-a075  -3.27   0.88
tcga-a8-a076  -0.47   0.26
tcga-a8-a079   0.35   1.27
tcga-a8-a07b  -2.14   0.60
tcga-a8-a07c  -0.06   1.23
tcga-a8-a07e  -3.84  -0.09
tcga-a8-a07f  -1.01  -0.08
tcga-a8-a07g  -2.62  -0.42
tcga-a8-a07i  -0.17   0.38
tcga-a8-a07j  -3.07  -0.34
tcga-a8-a07l  -0.20   0.42
tcga-a8-a07o   0.44   1.51
tcga-a8-a07p  -0.47   0.06
tcga-a8-a07r   0.09   1.78
tcga-a8-a07u   0.47   1.13
tcga-a8-a07w  -0.02   1.11
tcga-a8-a07z  -3.59  -0.48
tcga-a8-a081  -2.93   0.83
tcga-a8-a082  -0.60  -0.07
tcga-a8-a083  -0.48   0.22
tcga-a8-a084  -2.10   0.98
tcga-a8-a085  -0.40   0.25
tcga-a8-a086  -0.61  -0.09
tcga-a8-a08a  -0.16   0.03
tcga-a8-a08b  -1.97  -0.21
tcga-a8-a08f  -0.71   0.96
tcga-a8-a08g  -0.68   0.07
tcga-a8-a08h  -0.12   0.03
tcga-a8-a08i   0.25   1.21
tcga-a8-a08j  -0.27   0.02
tcga-a8-a08l  -3.31   0.49
tcga-a8-a08o  -2.76  -0.36
tcga-a8-a08p  -2.94   0.56
tcga-a8-a08r  -1.31   1.92
tcga-a8-a08t  -3.35  -0.36
tcga-a8-a08x   0.63   1.10
tcga-a8-a08z  -3.42  -0.51
tcga-a8-a090  -0.09   0.11
tcga-a8-a091  -0.34  -0.04
tcga-a8-a092  -3.17   0.84
tcga-a8-a093  -3.54  -0.34
tcga-a8-a094  -0.20   1.78
tcga-a8-a095  -2.98   0.09
tcga-a8-a096  -3.03  -0.43
tcga-a8-a097   0.07   1.49
tcga-a8-a099  -0.10   0.06
tcga-a8-a09a  -0.22   0.47
tcga-a8-a09b  -3.51  -0.45
tcga-a8-a09c  -2.98  -0.35
tcga-a8-a09d  -2.91  -0.35
tcga-a8-a09g  -0.49   1.47
tcga-a8-a09i  -0.71   0.29
tcga-a8-a09m  -0.82   0.14
tcga-a8-a09n   0.06   1.27
tcga-a8-a09q  -0.16   1.81
tcga-a8-a09r  -0.71   0.11
tcga-a8-a09t  -0.25   0.00
tcga-a8-a09v  -0.49   0.10
tcga-a8-a09w  -0.84   0.76
tcga-a8-a09x   0.29   1.08
tcga-a8-a0a1  -2.29  -0.33
tcga-a8-a0a2  -0.39  -0.04
tcga-a8-a0a4  -0.50   0.20
tcga-a8-a0a7  -1.49  -0.05
tcga-a8-a0a9  -3.73  -0.36
tcga-a8-a0ab  -0.76   0.02
tcga-a8-a0ad  -0.53  -0.03
tcga-an-a03x  -3.22  -0.56
tcga-an-a03y  -3.04  -0.45
tcga-an-a041  -0.43   0.11
tcga-an-a049  -3.47  -0.55
tcga-an-a04a  -0.49   0.04
tcga-an-a04c  -1.06   1.12
tcga-an-a04d   0.03   1.03
tcga-an-a0aj  -2.62   0.71
tcga-an-a0al   0.75   2.06
tcga-an-a0am  -0.45   0.12
tcga-an-a0ar   0.27   1.43
tcga-an-a0as  -0.07   1.62
tcga-an-a0at  -0.02   1.14
tcga-an-a0fd  -0.37   0.13
tcga-an-a0ff  -2.76  -0.33
tcga-an-a0fj   0.39   2.10
tcga-an-a0fk  -0.02   0.07
tcga-an-a0fl   0.75   2.35
tcga-an-a0fn  -0.26   0.01
tcga-an-a0fs  -1.78  -0.19
tcga-an-a0ft   0.32   1.49
tcga-an-a0fv   0.55   1.34
tcga-an-a0fw  -0.12   0.29
tcga-an-a0fx   0.81   1.87
tcga-an-a0fy   0.10   0.93
tcga-an-a0fz  -0.01   0.25
tcga-an-a0g0   0.34   1.41
tcga-an-a0xl  -3.01  -0.43
tcga-an-a0xn   0.44   1.63
tcga-an-a0xo  -2.71  -0.16
tcga-an-a0xp  -3.33  -0.47
tcga-an-a0xr  -0.74   0.06
tcga-an-a0xs  -2.92  -0.43
tcga-an-a0xt   0.51   1.23
tcga-an-a0xu   0.53   1.62
tcga-an-a0xv  -0.75   0.11
tcga-an-a0xw  -1.10   1.27
tcga-ao-a03l  -2.54   0.75
tcga-ao-a03n  -3.38   0.90
tcga-ao-a03o  -2.72   0.61
tcga-ao-a03p  -0.44   0.17
tcga-ao-a03r   0.29   1.32
tcga-ao-a03t  -1.20   0.77
tcga-ao-a03u   0.04   0.09
tcga-ao-a03v  -0.04   1.10
tcga-ao-a0j2   0.47   1.07
tcga-ao-a0j3  -0.51   0.53
tcga-ao-a0j4   0.63   1.64
tcga-ao-a0j6   0.42   1.81
tcga-ao-a0j7  -2.49  -0.41
tcga-ao-a0j8  -0.39   0.01
tcga-ao-a0j9  -0.79   0.19
tcga-ao-a0ja  -3.10  -0.35
tcga-ao-a0jb   0.37   2.09
tcga-ao-a0jc  -2.71  -0.42
tcga-ao-a0jd   0.24   1.55
tcga-ao-a0je  -1.26   1.59
tcga-ao-a0jf  -3.55  -0.57
tcga-ao-a0jg  -1.29   0.04
tcga-ao-a0ji  -0.11   0.05
tcga-ao-a0jj  -0.37  -0.03
tcga-ao-a0jl   0.69   1.45
tcga-ao-a0jm  -0.38   0.08
tcga-ao-a124   0.63   1.84
tcga-ao-a125  -2.67  -0.32
tcga-ao-a126  -2.57  -0.40
tcga-ao-a129   0.51   1.53
tcga-ao-a12a  -3.04  -0.42
tcga-ao-a12b  -0.39   0.03
tcga-ao-a12d   0.52   1.05
tcga-ao-a12e  -0.12   0.14
tcga-ao-a12f   0.65   1.37
tcga-ao-a12g   0.09   0.91
tcga-ao-a12h  -0.51   0.03
tcga-aq-a04j   0.54   1.22
tcga-aq-a04l   0.37   1.06
tcga-ar-a0tp   0.44   1.46
tcga-ar-a0tq  -0.21   0.14
tcga-ar-a0tr  -3.18  -0.45
tcga-ar-a0ts   0.70   1.49
tcga-ar-a0tt  -0.32   0.10
tcga-ar-a0tu  -0.01   0.33
tcga-ar-a0tv   0.14   1.34
tcga-ar-a0tw  -0.62   0.10
tcga-ar-a0tx  -1.71   2.03
tcga-ar-a0ty  -0.39   0.21
tcga-ar-a0tz  -3.47  -0.50
tcga-ar-a0u0   0.47   1.94
tcga-ar-a0u1   0.65   1.53
tcga-ar-a0u2   0.08   1.41
tcga-ar-a0u3   0.34   1.25
tcga-ar-a0u4   0.75   2.51
tcga-ar-a1ah   0.48   2.00
tcga-ar-a1ai   0.49   1.16
tcga-ar-a1aj   0.32   1.01
tcga-ar-a1ak  -0.26   0.25
tcga-ar-a1al  -3.13  -0.40
tcga-ar-a1an   0.18   1.00
tcga-ar-a1ao  -2.20  -0.31
tcga-ar-a1ap  -0.19   0.86
tcga-ar-a1aq   0.58   1.43
tcga-ar-a1ar   0.06   0.19
tcga-ar-a1as  -3.07   1.16
tcga-ar-a1at  -0.57   0.20
tcga-ar-a1au  -0.38   0.06
tcga-ar-a1av  -2.61  -0.32
tcga-ar-a1aw  -2.47   0.54
tcga-ar-a1ax  -0.43   0.03
tcga-ar-a1ay   0.40   0.99
tcga-b6-a0i5  -3.65  -0.38
tcga-b6-a0i9   0.16   1.27
tcga-b6-a0ia  -0.16   0.24
tcga-b6-a0ib  -0.58   0.12
tcga-b6-a0ie  -1.16   0.94
tcga-b6-a0ih  -0.72  -0.03
tcga-b6-a0ij  -0.38   1.74
tcga-b6-a0ik  -1.75   1.68
tcga-b6-a0im  -0.79  -0.12
tcga-b6-a0io  -0.54   0.06
tcga-b6-a0ip  -2.69  -0.20
tcga-b6-a0iq   0.77   1.50
tcga-b6-a0re  -1.31   1.21
tcga-b6-a0rg  -1.92  -0.01
tcga-b6-a0rh  -2.44   0.69
tcga-b6-a0ri  -0.46   0.01
tcga-b6-a0rl  -0.69   0.05
tcga-b6-a0rn  -1.61  -0.11
tcga-b6-a0ro  -3.09  -0.39
tcga-b6-a0rp  -3.22  -0.07
tcga-b6-a0rq  -2.54  -0.34
tcga-b6-a0rs   0.68   1.88
tcga-b6-a0rt  -0.16   0.04
tcga-b6-a0ru   0.22   0.94
tcga-b6-a0rv  -0.97   0.10
tcga-b6-a0ws  -0.28   0.00
tcga-b6-a0wt  -0.49   0.14
tcga-b6-a0wv  -0.46   0.04
tcga-b6-a0wx   0.52   1.09
tcga-b6-a0wy  -3.29  -0.30
tcga-b6-a0wz  -1.00   0.27
tcga-b6-a0x0  -2.27  -0.27
tcga-b6-a0x4  -0.84   0.13
tcga-b6-a0x5  -3.79  -0.29
tcga-bh-a0au  -0.12   0.03
tcga-bh-a0av   0.50   1.10
tcga-bh-a0aw   0.06   1.98
tcga-bh-a0ay  -0.20   0.11
tcga-bh-a0az  -0.70   0.30
tcga-bh-a0b0  -2.30   0.49
tcga-bh-a0b1  -0.04   0.11
tcga-bh-a0b3   0.75   1.67
tcga-bh-a0b4  -0.25   0.28
tcga-bh-a0b5  -2.76  -0.23
tcga-bh-a0b7   0.24   1.05
tcga-bh-a0b8  -0.30   0.12
tcga-bh-a0b9   0.41   1.01
tcga-bh-a0ba  -3.19  -0.43
tcga-bh-a0bc  -3.04   0.79
tcga-bh-a0bd  -2.84  -0.29
tcga-bh-a0bf  -2.51   0.92
tcga-bh-a0bg   0.10   1.35
tcga-bh-a0bj  -2.91  -0.49
tcga-bh-a0bl   0.31   1.22
tcga-bh-a0bm  -2.74  -0.26
tcga-bh-a0bo  -2.94  -0.38
tcga-bh-a0bp  -0.60   1.26
tcga-bh-a0bq  -2.25  -0.37
tcga-bh-a0br  -0.14   0.82
tcga-bh-a0bs  -0.31  -0.01
tcga-bh-a0bt  -2.51   0.62
tcga-bh-a0bv  -3.04  -0.35
tcga-bh-a0bw   0.37   1.53
tcga-bh-a0bz  -1.06   1.16
tcga-bh-a0c0   0.18   0.91
tcga-bh-a0c1  -0.55   0.02
tcga-bh-a0c3   0.20   0.64
tcga-bh-a0c7  -0.38   0.05
tcga-bh-a0dd  -2.24  -0.33
tcga-bh-a0de  -3.26  -0.43
tcga-bh-a0dg  -0.46   0.11
tcga-bh-a0dh  -0.90   0.24
tcga-bh-a0di   0.17   1.54
tcga-bh-a0dk  -3.34  -0.29
tcga-bh-a0dl  -1.65   0.94
tcga-bh-a0do  -2.29  -0.37
tcga-bh-a0dp  -2.50  -0.37
tcga-bh-a0dq  -0.18   0.11
tcga-bh-a0ds  -0.22   0.22
tcga-bh-a0dt  -3.31  -0.56
tcga-bh-a0dx  -2.73  -0.03
tcga-bh-a0dz  -0.49   2.10
tcga-bh-a0e0   0.55   1.70
tcga-bh-a0e1  -0.17   0.31
tcga-bh-a0e2  -0.18   0.01
tcga-bh-a0e6   0.52   1.06
tcga-bh-a0e7  -0.72  -0.08
tcga-bh-a0e9  -0.30   0.00
tcga-bh-a0ea  -3.03  -0.48
tcga-bh-a0eb  -2.27   0.46
tcga-bh-a0ee  -1.43  -0.05
tcga-bh-a0ei  -0.59   0.00
tcga-bh-a0gy  -3.02   1.03
tcga-bh-a0gz  -0.37   0.18
tcga-bh-a0h0  -0.06  -0.01
tcga-bh-a0h3  -2.67  -0.44
tcga-bh-a0h6  -0.49  -0.09
tcga-bh-a0h7   0.04   1.01
tcga-bh-a0h9  -3.18  -0.03
tcga-bh-a0ha  -3.55   0.07
tcga-bh-a0hb  -0.40   0.10
tcga-bh-a0hi  -2.43  -0.11
tcga-bh-a0hk  -0.65   0.37
tcga-bh-a0hl  -0.61   0.41
tcga-bh-a0hn  -3.17  -0.38
tcga-bh-a0ho  -0.31   0.01
tcga-bh-a0hp  -1.33   1.08
tcga-bh-a0hq  -0.74   0.07
tcga-bh-a0hu  -3.16  -0.30
tcga-bh-a0hw  -0.05   0.09
tcga-bh-a0hx   0.40   1.63
tcga-bh-a0rx   0.44   1.13
tcga-bh-a0w3  -2.51  -0.42
tcga-bh-a0w4  -0.10   0.12
tcga-bh-a0w5  -3.09  -0.47
tcga-bh-a0w7  -3.03  -0.16
tcga-bh-a18f  -3.50  -0.40
tcga-bh-a18h  -2.14   0.44
tcga-bh-a18i  -2.67  -0.37
tcga-bh-a18j  -3.08  -0.34
tcga-bh-a18k  -0.16   0.04
tcga-bh-a18m  -3.55  -0.50
tcga-bh-a18n  -0.99   0.06
tcga-bh-a18p  -1.46   1.04
tcga-bh-a18q   0.88   1.90
tcga-bh-a18r  -0.02   0.09
tcga-bh-a18t   0.67   1.87
tcga-bh-a18u  -0.09   1.01
tcga-bh-a18v   0.97   2.45
tcga-bh-a1eo  -0.09   0.05
tcga-bh-a1es  -0.56   0.31
tcga-bh-a1et  -2.24  -0.33
tcga-bh-a1eu  -2.19  -0.35
tcga-bh-a1ew   0.04   0.05
tcga-bh-a1f0   0.46   0.96
tcga-c8-a12l  -0.75   1.38
tcga-c8-a12n  -3.32  -0.51
tcga-c8-a12p   0.79   1.83
tcga-c8-a12q   0.69   1.48
tcga-c8-a12t  -3.01   0.10
tcga-c8-a12u  -2.86  -0.34
tcga-c8-a12v   0.01   0.06
tcga-c8-a12w   0.20   1.64
tcga-c8-a12x  -0.41   0.19
tcga-c8-a12z   0.43   1.36
tcga-c8-a130  -2.11   0.59
tcga-c8-a131  -1.47   1.22
tcga-c8-a132  -0.09   0.16
tcga-c8-a133  -2.70  -0.40
tcga-c8-a134   0.79   1.65
tcga-c8-a135   0.51   1.23
tcga-c8-a137   0.54   1.14
tcga-c8-a138   0.45   1.19
tcga-c8-a1hf  -1.41   0.63
tcga-c8-a1hg   0.32   1.05
tcga-c8-a1hi  -0.42  -0.05
tcga-c8-a1hl  -0.20   0.07
tcga-c8-a1hm  -0.59   2.43
tcga-c8-a1hn  -0.54   0.03
tcga-d8-a13y   0.14   1.09
tcga-d8-a13z   0.47   1.55
tcga-d8-a140  -0.14   0.18
tcga-d8-a141  -0.12   0.00
tcga-d8-a142   0.48   1.57
tcga-d8-a143  -1.25   1.26
tcga-d8-a145  -0.36   0.13
tcga-d8-a147   0.88   2.25
tcga-e2-a105  -2.55  -0.37
tcga-e2-a107  -0.36  -0.01
tcga-e2-a108  -2.53   0.78
tcga-e2-a109   0.47   1.48
tcga-e2-a10a  -1.17  -0.08
tcga-e2-a10b  -3.57  -0.31
tcga-e2-a10c  -5.88   0.73
tcga-e2-a10e  -2.94  -0.10
tcga-e2-a10f  -2.75  -0.42
tcga-e2-a14n   0.73   1.53
tcga-e2-a14o  -0.62   0.12
tcga-e2-a14p   0.62   1.67
tcga-e2-a14q  -0.23   0.16
tcga-e2-a14r   0.57   1.79
tcga-e2-a14s  -0.68   0.17
tcga-e2-a14t  -0.53   0.28
tcga-e2-a14v  -2.67  -0.20
tcga-e2-a14w  -0.34   0.25
tcga-e2-a14x   0.61   1.59
tcga-e2-a14y  -2.47   0.67
tcga-e2-a14z   0.28   1.10
tcga-e2-a150   0.43   1.48
tcga-e2-a152  -1.37   0.77
tcga-e2-a153  -2.59  -0.43
tcga-e2-a154  -2.59  -0.36
tcga-e2-a155   0.07   1.30
tcga-e2-a156  -3.03  -0.52
tcga-e2-a158   0.72   1.90
tcga-e2-a159   0.93   2.18
tcga-e2-a15a  -0.25   0.20
tcga-e2-a15c  -2.82  -0.43
tcga-e2-a15d  -0.40   0.11
tcga-e2-a15e  -2.31   0.51
tcga-e2-a15f   0.00   0.01
tcga-e2-a15g  -2.77  -0.39
tcga-e2-a15h  -0.39   0.00
tcga-e2-a15i  -0.09   0.08
tcga-e2-a15j  -0.40   0.00
tcga-e2-a15k  -3.39  -0.31
tcga-e2-a15l  -2.53  -0.34
tcga-e2-a15m  -0.02   1.10
tcga-e2-a15o  -0.56   0.00
tcga-e2-a15p  -2.51  -0.38
tcga-e2-a15r  -0.07   0.04
tcga-e2-a15s  -0.13   0.28
tcga-e2-a15t   0.05   1.23
tcga-e2-a1az  -0.10   0.17
tcga-e2-a1b0   0.53   1.15
tcga-e2-a1b1  -0.34   0.09
tcga-e2-a1b4  -2.94  -0.43
tcga-e2-a1b5  -0.33   0.02
tcga-e2-a1b6   0.51   1.19
tcga-e2-a1bc  -2.66  -0.45
tcga-e2-a1bd  -3.15  -0.50
B
                Comp.1 Comp.2
ANK3              0.01  -0.03
HECTD4            0.01  -0.03
COL14A1           0.02  -0.02
FNDC1             0.01  -0.01
LRBA              0.01  -0.03
LRP2              0.03  -0.09
RP1               0.02  -0.01
AKAP17A           0.01  -0.01
CDH1              0.10  -0.01
UBR4              0.03  -0.05
SPI1              0.03  -0.04
MED23             0.03   0.00
MGA               0.02  -0.02
UNC13C            0.01  -0.03
ZFHX4             0.03  -0.06
AHCTF1            0.02  -0.03
BRCA1             0.00  -0.10
CSMD1             0.04  -0.04
CUBN              0.01  -0.03
DMD               0.03  -0.05
DNAH8             0.01  -0.04
TMEM189           0.02  -0.02
EVPL              0.01  -0.03
GOLGB1            0.01  -0.05
GPR179            0.01  -0.03
HYDIN             0.02  -0.05
KCNT2             0.03  -0.05
SVILP1            0.01  -0.02
MUC12             0.02  -0.05
PLCE1             0.01  -0.02
PREX1             0.02  -0.04
RYR2              0.08  -0.08
USH2A             0.03  -0.12
WDR7              0.01  -0.04
CROCCP2           0.08  -0.05
Unknown           0.17  -0.11
GNPTAB            0.01  -0.02
NLRC5             0.02  -0.03
SPEN              0.03  -0.03
AHNAK             0.01  -0.02
FAT3              0.01  -0.08
LAMA3             0.01  -0.02
PARK2             0.01  -0.02
PLEC              0.01  -0.03
TG                0.02  -0.05
TP53              0.20  -0.97
UNC5D             0.01  -0.03
AIM1              0.00  -0.03
ATP1A4            0.01  -0.04
KCNH7             0.01  -0.01
PCSK5             0.01  -0.02
TENM4             0.02  -0.03
SCN8A             0.02  -0.02
ADAMTS17          0.01  -0.03
ANK1              0.03  -0.04
ASXL3             0.01  -0.05
BRIP1             0.01  -0.02
SMG8              0.02  -0.03
CACNA1F           0.01  -0.04
CHD6              0.02  -0.04
DGKI              0.00  -0.03
DNAH5             0.01  -0.05
DNAH9             0.02  -0.06
DYSF              0.01  -0.03
TBL1XR1           0.03  -0.01
FRY               0.01  -0.05
GRIA1             0.01  -0.03
GRM3              0.02  -0.03
C1orf222          0.02  -0.03
MACF1             0.01  -0.06
MUC17             0.05  -0.07
MUC5B             0.02  -0.05
MYCBP2            0.02  -0.03
MYH4              0.01  -0.03
MYH7              0.03  -0.02
MYO18B            0.01  -0.03
NAV3              0.01  -0.02
NBEAL2            0.02  -0.03
PCDH15            0.00  -0.03
RTN4              0.02  -0.02
SCN7A             0.01  -0.04
SETDB1            0.02  -0.05
SRRM2             0.02  -0.02
SSPO              0.04  -0.05
TTN               0.17  -0.36
COL6A6            0.01  -0.02
EML5              0.02  -0.02
LAMA1             0.00  -0.03
MAP3K1            0.15   0.00
MUC16             0.10  -0.16
MYO5B             0.03  -0.01
PCNT              0.01  -0.03
PIK3CA            0.89  -0.13
SCN2A             0.01  -0.03
AKAP4             0.01  -0.04
AKAP9             0.01  -0.05
OTOGL             0.02  -0.03
DNAH6             0.02  -0.03
ERBB3             0.03  -0.04
ERCC6             0.03  -0.03
LINC00869         0.01  -0.03
RBM19             0.01  -0.01
SHROOM4           0.02  -0.01
SPTBN5            0.01  -0.03
TEX15             0.02  -0.02
VWF               0.03  -0.03
HECW1             0.01  -0.03
NF1               0.04  -0.02
SVEP1             0.03  -0.02
COL18A1           0.01  -0.03
CSMD2             0.01  -0.04
snoU13            0.01  -0.01
HECW2             0.01  -0.02
CACNA1C           0.03  -0.01
NALCN             0.01  -0.04
RAPGEF6           0.03  -0.01
RTTN              0.03  -0.01
SCN11A            0.01  -0.03
ZFPM2             0.02  -0.04
ZNF592            0.01  -0.01
BZRAP1            0.02  -0.01
ZNF506            0.02  -0.02
FNBP4             0.02  -0.02
KIAA1210          0.01  -0.04
MTOR              0.01  -0.03
MUC4              0.03  -0.06
MXRA5             0.01  -0.02
CHD9              0.01  -0.03
ATP10B            0.01  -0.06
CASC5             0.01  -0.03
CHD4              0.01  -0.03
CR1               0.01  -0.02
FREM1             0.02  -0.01
KIAA2022          0.02  -0.04
MDN1              0.04  -0.02
PCDHB7            0.01  -0.02
TAF1L             0.01  -0.02
TBCD              0.02  -0.02
CA9               0.01  -0.01
DNAH17            0.01  -0.02
DNAH3             0.02  -0.04
RP11-32B5.7       0.04  -0.02
MGAM              0.01  -0.03
NEB               0.04  -0.06
RNF213            0.01  -0.02
UNC45A            0.01  -0.02
ZNF438            0.01  -0.02
ATN1              0.03  -0.01
PRKD2             0.02  -0.01
HIST1H1C          0.01  -0.01
PPP1R9A           0.02  -0.02
SPTA1             0.01  -0.06
RP11-1055B8.7     0.02  -0.02
STAG1             0.02  -0.01
NID1              0.02  -0.02
OTOF              0.01  -0.01
CAPN1             0.02  -0.02
AFF2              0.02  -0.06
ERCC6L2           0.01   0.00
CTCF              0.03  -0.01
PIK3R1            0.02  -0.05
TRIP11            0.01  -0.02
FAM90A1           0.02  -0.01
GPR98             0.02  -0.03
KMT2C             0.13  -0.07
PKHD1             0.01  -0.01
ASPM              0.02  -0.02
RP5-1182A14.5     0.03  -0.02
FLNB              0.01  -0.01
KMT2D             0.02  -0.02
MYH10             0.01  -0.02
MYH6              0.01  -0.02
PKHD1L1           0.03  -0.05
SETX              0.02  -0.02
SYCP2             0.01  -0.03
TCHH              0.00  -0.04
ABCC8             0.01  -0.02
DGKG              0.02  -0.01
MST1L             0.02  -0.01
SRCAP             0.01  -0.03
CMYA5             0.01  -0.03
GATA3             0.10  -0.03
VWA3A             0.01  -0.03
BRWD1             0.01  -0.04
UBA6              0.04  -0.02
ZFP36L1           0.03  -0.02
HSPG2             0.01  -0.04
WWP2              0.01  -0.02
AHNAK2            0.04  -0.01
ANKRD30B          0.00  -0.04
DLG1              0.01  -0.01
DST               0.02  -0.05
PTPRB             0.02  -0.03
HEG1              0.01  -0.02
KDM5C             0.01  -0.02
MED12             0.01  -0.02
MYH7B             0.02  -0.04
SAMD9             0.02  -0.01
ZFHX3             0.02  -0.01
BIRC6             0.01  -0.03
C10orf12          0.00  -0.02
ADAD2             0.01  -0.01
FAT1              0.03  -0.01
TPR               0.02  -0.02
DCAF4L2           0.03  -0.03
MYT1L             0.02  -0.04
PLCL2             0.02  -0.03
UBC               0.03  -0.01
FRAS1             0.01  -0.04
RELN              0.02  -0.05
RPGR              0.01  -0.02
SCN3A             0.02  -0.04
DDX12P            0.02  -0.03
MYH14             0.01  -0.04
NOTCH2            0.02  -0.03
NBEAL1            0.01  -0.02
TEP1              0.02  -0.04
EPS8L1            0.01  -0.03
MUC2              0.03  -0.02
MYO7A             0.02  -0.03
PLCB4             0.02  -0.01
XIRP2             0.03  -0.06
NLRC4             0.02  -0.02
CBFB              0.03   0.00
GPS2              0.02  -0.01
KIAA0825          0.01  -0.04
EYS               0.02  -0.05
ITPKB             0.01  -0.01
LAMA5             0.01  -0.03
PKD1L1            0.02  -0.03
RYR3              0.04  -0.04
SMARCA4           0.03  -0.02
CADPS             0.03  -0.01
HUWE1             0.02  -0.02
APOB              0.02  -0.08
MYB               0.03  -0.01
TLN1              0.03  -0.03
CSMD3             0.00  -0.04
FOXA1             0.01  -0.01
MYO10             0.01  -0.02
PRKG2             0.01  -0.02
VPS13C            0.00  -0.02
FCGBP             0.02  -0.02
LRPPRC            0.02  -0.03
NCOR1             0.05  -0.01
PCDHGB3           0.02  -0.03
SF3B1             0.03  -0.01
CACNA1E           0.04  -0.04
CIT               0.02  -0.02
NBPF1             0.04  -0.02
ESPL1             0.03  -0.01
WHSC1             0.03  -0.02
MLLT4             0.02  -0.05
CDC42BPA          0.02  -0.01
CEP170            0.01  -0.02
GRIN2B            0.01  -0.02
IARS              0.02  -0.02
KIF4A             0.01  -0.04
CCDC168           0.02  -0.03
KMT2A             0.02  -0.02
MYO9A             0.02  -0.02
N4BP2             0.02  -0.02
PCNXL2            0.04  -0.04
PDCD11            0.01  -0.03
PRKDC             0.01  -0.01
QSER1             0.01  -0.03
RGAG1             0.01  -0.04
SI                0.01  -0.03
SYNE1             0.03  -0.08
TRERF1            0.01  -0.03
ZDBF2             0.01  -0.03
DSPP              0.01  -0.02
BRCA2             0.03  -0.07
CACNA1A           0.02  -0.02
HAUS5             0.01  -0.02
CFTR              0.01  -0.03
DYNC2H1           0.01  -0.04
FAT2              0.02  -0.02
PTEN              0.03  -0.04
PLXNA4            0.02  -0.03
PPEF1             0.01  -0.02
ABCA4             0.01  -0.03
ACTN2             0.02  -0.03
EMR2              0.01  -0.02
HERC1             0.01  -0.02
AMER1             0.04  -0.01
FLII              0.02  -0.01
LAMA2             0.02  -0.03
RIPK1             0.02  -0.02
MAGI2             0.02  -0.01
MAST4             0.02  -0.01
SCN1A             0.01  -0.01
WDR33             0.01  -0.02
BAI1              0.01  -0.04
C1orf65           0.01  -0.03
COL12A1           0.03  -0.04
CYP4F11           0.01  -0.03
DALRD3            0.01  -0.01
DNAH11            0.01  -0.05
DSCAML1           0.02  -0.02
ANKRD36C          0.01  -0.03
MADD              0.01  -0.02
MAST1             0.02  -0.01
OR2G3             0.02  -0.02
PREX2             0.03  -0.04
UBR5              0.01  -0.02
CSPG4P11          0.01  -0.03
COL6A3            0.01  -0.04
OBSCN             0.01  -0.07
TENM1             0.03  -0.02
SPEG              0.01  -0.03
THSD7A            0.02  -0.02
ERBB2             0.01  -0.01
ATM               0.07  -0.03
CCDC146           0.02  -0.01
FMN2              0.03  -0.01
MYOM3             0.01  -0.03
GRIA3             0.01  -0.03
PLXNA2            0.02  -0.01
MYO9B             0.02  -0.01
RUNX1             0.04  -0.01
SDK1              0.01  -0.02
SORCS1            0.01  -0.02
CROCC             0.01  -0.02
DSE               0.02  -0.04
VCAN              0.01  -0.04
WDFY3             0.03  -0.03
MEFV              0.00  -0.02
DLGAP4            0.01  -0.03
DYNC1H1           0.02  -0.02
ERV3-1            0.02  -0.02
TACC2             0.01  -0.02
CUL4B             0.03   0.00
KCNB2             0.01  -0.01
KIF13A            0.01  -0.03
TLR4              0.01  -0.03
UTRN              0.01  -0.04
VPS13B            0.01  -0.03
SPATA31C1         0.01  -0.01
MAP2              0.03  -0.02
RGS7              0.02  -0.01
TRAPPC10          0.01  -0.02
DNAH2             0.02  -0.04
FLG               0.03  -0.09
SVIL              0.00  -0.04
LAMB1             0.01  -0.04
LPHN2             0.00  -0.02
DCC               0.01  -0.03
CFH               0.02  -0.02
FAM47C            0.03  -0.03
RP11-32B5.1       0.02  -0.02
WNK1              0.01  -0.01
TBX3              0.02  -0.02
CBLB              0.04  -0.04
LRP1              0.01  -0.04
POLQ              0.02  -0.02
USP34             0.01  -0.03
CD163L1           0.02  -0.04
SYNE2             0.04  -0.05
ACACB             0.00  -0.03
DNAH7             0.02  -0.06
FLNC              0.02  -0.03
PCDH19            0.03  -0.03
USPL1             0.00  -0.02
VPS13A            0.01  -0.02
ANKRD17           0.02  -0.01
DDR2              0.01  -0.02
ARID1A            0.02  -0.01
SACS              0.02  -0.01
BLM               0.02  -0.03
GTSE1             0.01  -0.02
CENPE             0.02  -0.04
DOCK11            0.02  -0.04
FBN1              0.02  -0.03
GON4L             0.01  -0.05
NAV1              0.02  -0.03
NHSL2             0.02  -0.02
PCLO              0.03  -0.02
PTPN22            0.02  -0.03
SLC4A5            0.02  -0.03
SRGAP1            0.02  -0.03
ZNF536            0.02  -0.03
DNAH1             0.01  -0.02
NUP160            0.02  -0.01
ASXL2             0.00  -0.03
DENND1B           0.01  -0.03
HERC2             0.02  -0.02
RFPL1             0.01  -0.02
AKT1              0.01  -0.01
CCT6B             0.01  -0.01
CDH12             0.01  -0.03
GRID1             0.02  -0.01
KIF26B            0.03  -0.01
PIWIL1            0.03  -0.01
SCN10A            0.02  -0.03
RYR1              0.02  -0.03
CHD1L             0.02  -0.01
FRMPD4            0.00  -0.02
GRIN2A            0.02  -0.02
NRP2              0.01  -0.01
ABCA13            0.04  -0.05
ATRX              0.03  -0.02
CACNA1B           0.01  -0.04
CUL7              0.01  -0.03
LAMB4             0.02  -0.02
RIMS2             0.01  -0.02
RAB3GAP2          0.01  -0.04
CPXM1             0.00  -0.04
KAT6B             0.01  -0.03
ERBB4             0.01  -0.02
WDR17             0.00  -0.02
MAP1A             0.02  -0.03
RBMXL3            0.00  -0.02
TOPBP1            0.01  -0.02
PLA2G4A           0.01  -0.03
TPO               0.01  -0.01
ARID1B            0.01  -0.04
F5                0.01  -0.04
MALAT1            0.03  -0.01
FAM208B           0.01  -0.02
CTNND2            0.02  -0.03
DNAH10            0.01  -0.03
RP11-85G18.6      0.01  -0.02
FAM179A           0.01  -0.03
CNTLN             0.02  -0.03
NEDD9             0.01  -0.02
NRXN3             0.01  -0.03
MAP2K4            0.08  -0.02
LPA               0.01  -0.01
SPHKAP            0.02  -0.02
UTP20             0.01  -0.03
ATP11A            0.02  -0.03
CDH9              0.02  -0.01
BCORL1            0.00  -0.02
PRUNE2            0.02  -0.01
PDZD2             0.03  -0.01
HMCN1             0.03  -0.08
PRAME             0.01  -0.03
GRIK2             0.01  -0.03
NKAIN4            0.01   0.00
TSC22D1           0.01  -0.01
ITSN2             0.01  -0.03
KIAA1109          0.02  -0.04
C5orf42           0.02  -0.02
C2orf16           0.01  -0.03
BRWD3             0.03  -0.01
SHD               0.02  -0.01
HCFC1             0.02   0.00
DCHS2             0.01  -0.03
DMXL1             0.03  -0.02
ZEB2              0.01  -0.03
FREM2             0.03  -0.01
NRK               0.02  -0.01
CHGB              0.01  -0.02
DSP               0.01  -0.03
PCDHGB6           0.02  -0.02
PTPRD             0.02  -0.03
PRPF8             0.02  -0.02
RB1               0.01  -0.03
WNK3              0.02  -0.01
AMPD1             0.00  -0.03
NEK5              0.01  -0.02
NINL              0.02  -0.01
BCOR              0.02  -0.01
ITPR1             0.01  -0.02
CCDC180           0.03  -0.03
LTBP4             0.01  -0.01
PDE4D             0.01  -0.02
ANO5              0.02  -0.01
PEG3              0.00  -0.04
EPG5              0.01  -0.01
PCDH11X           0.01  -0.02
HRNR              0.02  -0.03
GPR112            0.01  -0.02
RP11-404K5.2      0.01  -0.01
OPRM1             0.00  -0.03
THSD7B            0.02  -0.02
MYH9              0.01  -0.01
ZNF841            0.02  -0.02
TAF1              0.01  -0.04
PDE4DIP           0.01  -0.01
RLF               0.03  -0.02
ROR1              0.01  -0.03
EPHA5             0.01  -0.03
BAZ2B             0.01  -0.03
SEMA5A            0.01  -0.03
COL6A2            0.01  -0.03
ATP7A             0.02  -0.02
PRRC2B            0.01  -0.02
ABCB11            0.01  -0.02
NOTCH4            0.02  -0.02
PDXDC1            0.00  -0.01
RIF1              0.01  -0.01
FER1L5            0.01  -0.02
MUC6              0.01  -0.01
SPATA31D1         0.01  -0.02
CCNB3             0.01  -0.02
ENSG00000210082   0.01  -0.05
ENSG00000210195   0.01  -0.03
C
                                                              Comp.1 Comp.2
patient.ethnicityhispanic.or.latino                             0.00   0.00
patient.genderfemale                                           -0.37  -0.64
Tumor.CodedT_other                                             -0.27  -0.54
Node.CodedPositive                                             -0.19  -0.35
Metastasis.CodedPositive                                       -0.01  -0.02
patient.breast_carcinoma_estrogen_receptor_statusnegative      -0.02  -0.34
patient.breast_carcinoma_estrogen_receptor_statuspositive      -0.35  -0.30
patient.breast_carcinoma_progesterone_receptor_statusnegative  -0.05  -0.41
patient.breast_carcinoma_progesterone_receptor_statuspositive  -0.32  -0.23
HER2.Final.StatusEquivocal                                     -0.01  -0.01
HER2.Final.StatusNegative                                      -0.32  -0.50
HER2.Final.StatusPositive                                      -0.04  -0.13
X.clinical.patients..cols..infiltrating.ductal.carcinoma       -0.32  -0.60
X.clinical.patients..cols..infiltrating.lobular.carcinoma      -0.04  -0.01
X.clinical.patients..cols..mixed.histology..please.specify.    -0.01   0.00
X.clinical.patients..cols..other..specify                      -0.01  -0.02
X.clinical.patients..cols..No_Conversion                       -0.12  -0.26
X.clinical.patients..cols..Stage.I                             -0.06  -0.06
X.clinical.patients..cols..Stage.IIA                           -0.10  -0.18
X.clinical.patients..cols..Stage.IIB                           -0.04  -0.07
X.clinical.patients..cols..Stage.IIIA                          -0.03  -0.04
X.clinical.patients..cols..Stage.IIIC                          -0.01  -0.03
NA.26.36.                                                      -0.02  -0.03
NA.36.43.                                                      -0.03  -0.09
NA.43.49.                                                      -0.03  -0.06
NA.49.54.                                                      -0.05  -0.11
NA.54.59.                                                      -0.04  -0.09
NA.59.64.                                                      -0.07  -0.10
NA.64.70.                                                      -0.06  -0.08
NA.70.76.                                                      -0.03  -0.05
NA.76.82.                                                      -0.03  -0.04
NA.82.89.                                                      -0.01  -0.01

You can now manually PERMUTE and REFLECT columns of solution
If you want to reflect/permute columns, specify '1':
Read 1 item

If you want to carry out a STABILITY CHECK on current or different solution, specify '1':
Read 1 item

If you want to carry out a BOOTSTRAP procedure for
computing confidence intervals for the current solution, specify '1':
Read 1 item

If you want to carry out a FITPARTITIONING on current solution, specify '1':
Read 1 item

Press 'return' to conclude the analysis
Read 1 item
The component matrices are normalized such that A and B have unit sums of squares
To see component matrices and fit and other results, digits: $Xprep, $A, $B, $C, $fit, $fitA, $fitB, $fitC, ...
[1] 0
[1] 0
[1] 0
[1] 0
[1] 0
[1] 0
[1] 0
[1] 0
[1] 0
