 
WELCOME to the interactive CANDECOMP/PARAFAC analysis program
Warning: If you insert an object of mode CHARACTER when not requested, an error occurs and the program stops! 
 
Specify the number of A-mode entities 
Read 1 item
Specify the number of B-mode entities 
Read 1 item
Specify the number of C-mode entities 
Read 1 item
 
 
To see ANOVA results, specify 1:
Read 1 item
 
How do you want to center your array?
0 = none (default)
1 = across A-mode
2 = across B-mode
3 = across C-mode
12 = across A-mode and across B-mode
13 = across A-mode and across C-mode
23 = across B-mode and across C-mode
Read 1 item
Data have not been centered
 
How do you want to normalize your array?
0 = none (default)
1 = within A-mode
2 = within B-mode
3 = within C-mode
Read 1 item
Data have not been normalized
 
Note: The preprocessed data are now available in Xprep.
Xprep can be used for analyses outside the Candecomp/Parafac program
 
To see PCA of MEAN, specify '1':
Read 1 item
 
You are now about to do a Candecomp/Parafac analysis.
 
You have to specify the dimensionality to use.
To search this, you are advised to run a series of (unconstrained)
Candecomp/Parafac analyses using different dimensionalities
The results can next be used to find useful dimensionalities by the scree test.
To reduce the computation time, note that the maximum allowed number of iterations is 5000,
the convergence criterion is 1e-6 and the rational start via eigendecompositions is considered.
If you want to do this for choosing your dimensionality, specify '1':
Read 1 item
 
You can now do a CANDECOMP/PARAFAC ANALYSIS
 
How many components do you want to use?
Read 1 item
 
Do you want to use constraints? If so, enter '1':
Read 1 item
No constraints imposed
 
Specify convergence criterion (default=1e-6)
Read 1 item
 
By default, only a rationally started analysis run will be carried out.
To decrease the chance of missing the optimal solution, you may use additional, randomly started runs.
If you want additional runs, specify how many (e.g., 4):
Read 1 item
 
Specify the maximum number of iterations you allow (default=10000).
Read 1 item
Run no. 1
Candecomp/Parafac function value at Start is  35715.2377434221
f= 30965.1865414338 after 50 iters; diff.= 3.66198823572995
f= 30944.4762786736 after 100 iters; diff.= 0.0827453706260712
f= 30920.4693665002 after 150 iters; diff.= 0.282027093191573
f= 30914.6201674511 after 200 iters; diff.= 0.0368808223029191
Candecomp/Parafac function value is 30914.5224845446 after 203 iterations
Fit percentage is 13.2156906848998 %
Procedure used 254.16 seconds
 
Candecomp/Parafac analysis with  8  components, gave a fit of  13.22 %
Simple check on degeneracy: inspect matrix of triple congruences
        Comp.1  Comp.2  Comp.3  Comp.4  Comp.5  Comp.6  Comp.7  Comp.8
Comp.1  1.0000 -0.0379 -0.0095  0.0008 -0.0035  0.0038 -0.0024 -0.0002
Comp.2 -0.0379  1.0000 -0.0001 -0.0132 -0.0076 -0.0227 -0.0004 -0.0127
Comp.3 -0.0095 -0.0001  1.0000 -0.0002 -0.0007 -0.0049  0.0001 -0.0011
Comp.4  0.0008 -0.0132 -0.0002  1.0000  0.0002 -0.0016 -0.0012  0.0010
Comp.5 -0.0035 -0.0076 -0.0007  0.0002  1.0000 -0.0069  0.0005  0.0002
Comp.6  0.0038 -0.0227 -0.0049 -0.0016 -0.0069  1.0000 -0.0012 -0.0026
Comp.7 -0.0024 -0.0004  0.0001 -0.0012  0.0005 -0.0012  1.0000 -0.0001
Comp.8 -0.0002 -0.0127 -0.0011  0.0010  0.0002 -0.0026 -0.0001  1.0000
 
It is sometimes useful to SCALE solution, e.g., scale two matrices so that
they have unit sum of squares compensating this scale in remaining matrix.
If you want to scale components, specify '1':
Read 1 item
 
Solution for A, B and C in detail.
A
             Comp.1 Comp.2 Comp.3 Comp.4 Comp.5 Comp.6 Comp.7 Comp.8
tcga-a1-a0sd  -0.10   0.07   0.05   0.05  -0.04  -0.10   0.10   0.14
tcga-a1-a0se  -0.29  -0.09   0.07   0.05   0.06  -0.05   0.20   0.11
tcga-a1-a0sh  -0.01   0.50  -0.30  -0.03  -0.02  -0.42   0.11   0.02
tcga-a1-a0sj  -0.52  -0.20   0.13  -0.18   0.24   0.24   0.12   0.36
tcga-a1-a0sk   0.55   1.63   0.13   0.07   0.01   0.06   0.10  -0.13
tcga-a1-a0sm   0.02   0.00   0.01  -0.21   0.00  -0.02  -0.03   0.04
tcga-a1-a0so   0.46   2.73   0.11   0.14   1.06  -0.51  -0.16  -0.22
tcga-a2-a04n  -2.90  -0.33  -0.06  -0.09   0.11   0.07  -0.11  -0.04
tcga-a2-a04p  -1.74   2.10   0.05   0.14  -0.06  -0.09  -0.12  -0.29
tcga-a2-a04q  -0.16  -0.02   0.05   0.02  -0.04  -0.13  -0.02  -0.01
tcga-a2-a04r  -0.67  -0.11  -0.11   0.06   0.21  -0.50   0.04   0.21
tcga-a2-a04u   0.48   1.60  -0.03   0.08  -0.15   0.13  -0.07  -0.09
tcga-a2-a04v  -3.11  -0.21   0.15   0.09   0.13   0.18  -0.09   0.03
tcga-a2-a04w  -0.82   1.50  -0.10  -0.21   0.34   0.17  -0.02   0.02
tcga-a2-a04x  -0.34   0.07   0.09   0.00   0.15   0.22   0.09   0.26
tcga-a2-a04y  -0.08  -0.06   0.03  -0.19   0.16  -0.04   0.16  -0.04
tcga-a2-a0cl   0.16   1.47   0.12  -0.09  -0.16   0.19  -0.09   0.04
tcga-a2-a0cm   0.52   1.65   0.08  -0.05  -0.15   0.15  -0.07  -0.10
tcga-a2-a0cp  -3.10  -0.39   0.13  -0.07  -0.08  -0.02  -0.09  -0.08
tcga-a2-a0cq  -0.21   0.06   0.05  -0.10   0.00  -0.11  -0.02  -0.02
tcga-a2-a0cs  -3.48  -0.39   0.09  -0.05  -0.08   0.08  -0.12   0.05
tcga-a2-a0ct   0.00   0.03  -0.10   0.03   0.32   0.01  -0.02   0.02
tcga-a2-a0cu  -0.20  -0.04   0.03  -0.14  -0.02  -0.02  -0.02   0.08
tcga-a2-a0cv  -0.26   0.04   0.06  -0.01   0.00  -0.05   0.25  -0.04
tcga-a2-a0cw  -2.75   1.28  -0.08  -0.41  -0.19   0.17   0.23   0.04
tcga-a2-a0cx   0.51   1.42  -0.31  -0.10  -0.16   0.01  -0.11   0.10
tcga-a2-a0cz  -0.20  -0.07   0.02  -0.03   0.00   0.03   0.17  -0.01
tcga-a2-a0d0   0.65   1.73  -0.13   0.12   0.01   0.22  -0.07  -0.01
tcga-a2-a0d1  -0.96   1.42  -0.06   0.09   0.16   0.30  -0.13  -0.05
tcga-a2-a0d2   0.86   1.97  -0.16  -0.06   0.02   0.22   0.02  -0.17
tcga-a2-a0d3  -2.92  -0.40   0.13  -0.08   0.01   0.15   0.04   0.12
tcga-a2-a0d4  -0.29  -0.04   0.03   0.02  -0.04  -0.20  -0.03  -0.03
tcga-a2-a0em  -2.52  -0.21  -0.08  -0.05  -0.09   0.08  -0.09   0.00
tcga-a2-a0en  -2.99  -0.30   0.14   0.25  -0.10  -0.45   0.03   0.08
tcga-a2-a0eo  -2.53  -0.32  -0.16  -0.08  -0.07   0.17  -0.06   0.01
tcga-a2-a0eq  -0.92   1.47  -0.04   0.12   0.13   0.30  -0.13   0.06
tcga-a2-a0er  -0.28  -0.07  -0.10   0.03  -0.11  -0.33  -0.07  -0.03
tcga-a2-a0et  -0.20   0.03   0.05   0.05   0.02  -0.05  -0.01   0.12
tcga-a2-a0eu  -0.52  -0.16   0.08  -0.24   0.07  -0.12  -0.03   0.03
tcga-a2-a0ev  -2.52  -0.13  -0.11  -0.06  -0.12   0.10   0.20  -0.13
tcga-a2-a0ew  -2.48  -0.29  -0.27   0.21  -0.05  -0.26   0.32  -0.01
tcga-a2-a0ex  -2.50  -0.31  -0.09   0.09  -0.07   0.13   0.16  -0.03
tcga-a2-a0ey  -1.97   1.51   0.10   0.16   0.05  -0.19   0.28   0.53
tcga-a2-a0st   0.01   0.03   0.04   0.02   0.00  -0.05   0.10   0.00
tcga-a2-a0su  -0.27  -0.08  -0.11  -0.02   0.11  -0.08   0.19  -0.04
tcga-a2-a0sv  -0.35   1.39   0.41   0.13  -0.19  -0.13   0.21   0.53
tcga-a2-a0sw   0.25   1.85   0.18   0.23   0.13  -0.30   0.03   0.14
tcga-a2-a0sx   0.42   1.27   0.04   0.08  -0.11   0.15  -0.05  -0.05
tcga-a2-a0sy  -3.11  -0.45   0.22   0.34   0.31  -0.52   0.47   0.21
tcga-a2-a0t0   0.67  -1.12   0.20   0.02   7.91   0.51  -0.12  -0.12
tcga-a2-a0t1   0.56   1.48   0.07  -0.02  -0.12   0.20  -0.06   0.01
tcga-a2-a0t2   0.61   1.87  -0.08   0.05  -0.14   0.25  -0.08  -0.05
tcga-a2-a0t3   0.02   1.22  -0.03  -0.23   0.04   0.16  -0.11   0.23
tcga-a2-a0t4  -2.63  -0.31  -0.04  -0.02  -0.11   0.25   0.46   0.15
tcga-a2-a0t6  -0.28  -0.10  -0.14   0.03  -0.02  -0.01   0.24  -0.02
tcga-a2-a0t7  -3.07  -0.34  -0.17  -0.09  -0.07   0.14  -0.10  -0.01
tcga-a2-a0yc  -3.04  -0.24  -0.02   0.07  -0.04   0.15  -0.07  -0.11
tcga-a2-a0yd  -3.38  -0.50   0.20  -0.02   0.05   0.15   0.16   0.17
tcga-a2-a0yf  -0.70  -0.09   0.00  -0.09   0.19   0.19   0.15   0.06
tcga-a2-a0yg   0.58   1.14  -0.10  -0.55  -0.01   0.33  -0.13   0.54
tcga-a2-a0yh  -2.86   1.25   0.06   0.04  -0.17  -0.41   0.03  -0.01
tcga-a2-a0yi  -2.34  -0.26   0.04   0.07  -0.07   0.12   0.01   0.03
tcga-a2-a0yj  -0.08   1.52   0.31   0.08   0.30   0.19  -0.16   0.35
tcga-a2-a0yk  -3.18  -0.21   0.04   0.11   0.02  -0.76   0.62  -0.21
tcga-a2-a0yl  -2.67  -0.27  -0.15   0.06   0.03   0.06   0.07  -0.12
tcga-a2-a0ym   0.62   2.04   0.14   0.04   0.02   0.20   0.03  -0.12
tcga-a7-a0cd   0.05   0.06  -0.13   0.01   0.12   0.00  -0.02  -0.02
tcga-a7-a0ce   0.29   1.88   0.19   0.27   0.07  -0.36  -0.03  -0.06
tcga-a7-a0cg  -2.18  -0.12   0.10   0.05  -0.06   0.00   0.08  -0.09
tcga-a7-a0cj  -2.80   1.14  -0.19   0.10   0.03  -0.21  -0.14  -0.01
tcga-a7-a0d9  -2.29  -0.13   0.02   0.06  -0.06   0.12  -0.05  -0.07
tcga-a7-a0da   0.53   1.75   0.03  -0.03   0.14   0.31   0.00   0.11
tcga-a7-a0db  -3.21  -0.27  -0.10  -0.10  -0.08   0.13  -0.09  -0.05
tcga-a7-a13d   0.31   1.72  -0.02   0.09   0.00   0.09   0.03  -0.11
tcga-a7-a13f  -0.12   0.09   0.07   0.05  -0.06  -0.10   0.14   0.11
tcga-a8-a06n  -0.17   0.01  -0.09  -0.08  -0.04  -0.21  -0.05   0.02
tcga-a8-a06o  -0.06   0.91   0.05   0.04  -0.20  -0.05   0.00   0.24
tcga-a8-a06p  -3.40  -0.47   0.14  -0.22  -0.09   0.06  -0.12   0.04
tcga-a8-a06q  -4.10   1.40   0.42  -0.40   0.01  -0.39  -0.39  -0.13
tcga-a8-a06r  -2.08  -0.12  -0.66   0.11   0.75   0.26   0.33  -0.04
tcga-a8-a06t  -0.47  -0.12   0.11  -0.18  -0.04  -0.26   0.16  -0.05
tcga-a8-a06u  -2.58   0.96  -0.03  -0.01  -0.14  -0.31  -0.12  -0.02
tcga-a8-a06x  -0.88   0.07  -0.28   0.38   0.30  -0.71   0.05   0.45
tcga-a8-a06y   0.11   0.02  -0.20  -0.15  -0.02   0.07   0.12  -0.02
tcga-a8-a06z  -0.27   0.03   0.04   0.01   0.00  -0.07   0.10  -0.02
tcga-a8-a075  -3.08   1.13   0.01  -0.19   0.23   0.60   0.09   0.14
tcga-a8-a076  -0.36  -0.06   0.00  -0.07  -0.13  -0.34   0.14   0.28
tcga-a8-a079   0.27   1.51  -0.05  -0.03  -0.18   0.00  -0.10   0.00
tcga-a8-a07b  -2.22   0.84   0.01  -0.19  -0.09   0.17  -0.17   0.04
tcga-a8-a07c  -0.01   0.52  -0.09   0.16   1.37  -0.57   0.08  -0.23
tcga-a8-a07e  -4.01  -0.34  -0.07   0.35   0.02  -0.66  -0.08   0.04
tcga-a8-a07f  -0.69  -0.16  -0.16  -0.19   0.02   0.12   0.45  -0.07
tcga-a8-a07g  -2.76  -0.23   0.04   0.07  -0.08   0.06  -0.09  -0.07
tcga-a8-a07i  -0.09  -0.06  -0.07  -0.53   0.33  -0.16  -0.05   0.01
tcga-a8-a07j  -2.98  -0.23  -0.19   0.08   0.09   0.13  -0.10  -0.01
tcga-a8-a07l  -0.13  -0.04   0.14  -0.55   0.34  -0.06  -0.07   0.23
tcga-a8-a07o   0.62   1.68  -0.20  -0.07   0.48   0.26  -0.11  -0.08
tcga-a8-a07p  -0.15  -0.05  -0.34   0.03   0.01   0.02  -0.02   0.22
tcga-a8-a07r   0.45   1.67  -0.44   0.19   0.88   0.07  -0.07   0.02
tcga-a8-a07u   0.37   1.51   0.09   0.00  -0.14   0.19  -0.08  -0.02
tcga-a8-a07w  -0.34   1.30   0.26   0.04  -0.21  -0.15  -0.12   0.05
tcga-a8-a07z  -3.74  -0.41   0.23   0.12   0.12   0.20  -0.11   0.16
tcga-a8-a081  -3.05   1.19   0.14  -0.16  -0.05   0.34  -0.11   0.05
tcga-a8-a082  -0.53  -0.22   0.03  -0.22   0.15   0.03   0.13  -0.04
tcga-a8-a083  -0.26  -0.08  -0.09  -0.12   0.13  -0.10   0.12   0.20
tcga-a8-a084  -2.15   1.62   0.10   0.07  -0.27   0.44   0.04   0.00
tcga-a8-a085  -0.38  -0.07  -0.02   0.05   0.37  -0.29  -0.08   0.07
tcga-a8-a086  -0.63  -0.23   0.07  -0.19   0.01  -0.06  -0.02   0.05
tcga-a8-a08a  -0.04  -0.03  -0.11   0.00   0.01  -0.02   0.00   0.07
tcga-a8-a08b  -2.00  -0.12   0.03   0.08   0.07   0.02   0.05  -0.09
tcga-a8-a08f  -1.05  -0.29   0.30  -0.04   0.30  -1.93   0.46  -0.11
tcga-a8-a08g  -0.48  -0.05   0.08  -0.08   0.15   0.19   0.30   0.13
tcga-a8-a08h  -0.12  -0.01   0.01  -0.14   0.00   0.01  -0.01  -0.01
tcga-a8-a08i   0.27   1.50  -0.10  -0.15  -0.22   0.12  -0.11   0.03
tcga-a8-a08j   0.02  -0.01  -0.19  -0.01  -0.03   0.09   0.40  -0.02
tcga-a8-a08l  -3.52  -0.57  -0.08  -0.57   0.80  -1.32   0.06  -0.47
tcga-a8-a08o  -2.93  -0.20   0.05   0.07  -0.08  -0.04  -0.11  -0.10
tcga-a8-a08p  -2.82   0.82  -0.07   0.01  -0.04   0.43  -0.16   0.33
tcga-a8-a08r  -1.09   2.53  -0.44  -0.24  -0.39   0.19   0.11  -0.24
tcga-a8-a08t  -2.76  -0.15  -0.86   0.10   0.07   0.26   0.05  -0.15
tcga-a8-a08x   0.56   1.44   0.06  -0.03  -0.13   0.18  -0.06  -0.01
tcga-a8-a08z  -3.51  -0.36   0.10  -0.16  -0.09   0.16   0.10  -0.13
tcga-a8-a090  -0.05   0.04   0.03   0.02   0.13   0.00   0.01   0.06
tcga-a8-a091  -0.27  -0.08   0.04   0.02   0.00   0.01   0.22   0.00
tcga-a8-a092  -2.96   1.15  -0.19   0.07   0.19   0.47  -0.06   0.15
tcga-a8-a093  -3.67  -0.32  -0.03   0.13   0.05  -0.13  -0.14  -0.04
tcga-a8-a094  -0.03   2.06  -0.22   0.11  -0.33  -0.01   0.01   0.20
tcga-a8-a095  -3.16  -0.27   0.05   0.16   0.23  -0.62  -0.02  -0.02
tcga-a8-a096  -2.94  -0.29  -0.13  -0.04  -0.09   0.17   0.04  -0.03
tcga-a8-a097  -0.21   1.14   0.25   0.13  -0.05  -0.73   0.06   0.21
tcga-a8-a099  -0.14  -0.02   0.02  -0.02   0.01  -0.12   0.00  -0.01
tcga-a8-a09a  -0.08   0.11  -0.23   0.08   0.20  -0.46   0.00   0.07
tcga-a8-a09b  -3.47  -0.34  -0.12  -0.11  -0.14   0.04   0.05  -0.08
tcga-a8-a09c  -2.97  -0.13  -0.09   0.11  -0.14   0.11   0.04  -0.04
tcga-a8-a09d  -2.99  -0.15   0.01   0.08   0.12   0.15  -0.10  -0.13
tcga-a8-a09g  -0.02  -0.26  -0.25  -1.45   0.92  -0.77   0.37   0.33
tcga-a8-a09i  -0.53  -0.15  -0.01  -0.15   0.06  -0.30   0.17   0.28
tcga-a8-a09m  -0.78  -0.20  -0.04  -0.44   0.15  -0.21  -0.03  -0.01
tcga-a8-a09n   0.21   1.35  -0.23  -0.09   0.00   0.10  -0.11   0.15
tcga-a8-a09q  -0.02   1.47  -0.20   0.04   0.20  -0.59   0.23   0.06
tcga-a8-a09r  -0.37  -0.05  -0.34   0.02  -0.03  -0.14   0.20   0.06
tcga-a8-a09t  -0.25  -0.04   0.04   0.03  -0.03  -0.03  -0.01   0.11
tcga-a8-a09v  -0.24  -0.02  -0.14   0.05   0.08   0.03   0.21   0.11
tcga-a8-a09w  -0.77  -0.15   0.14   0.05   0.12  -1.32   1.01  -0.08
tcga-a8-a09x   0.26   1.31   0.12   0.10   0.01   0.08   0.20  -0.05
tcga-a8-a0a1  -2.40  -0.11   0.03   0.06  -0.06   0.13  -0.07  -0.08
tcga-a8-a0a2  -0.31  -0.06   0.03   0.04  -0.02   0.00   0.26  -0.02
tcga-a8-a0a4  -0.48  -0.08   0.04   0.06  -0.01  -0.42   0.32   0.00
tcga-a8-a0a7  -1.23  -0.03  -0.15   0.09   0.13   0.13   0.21   0.05
tcga-a8-a0a9  -3.58  -0.37   0.01   0.09   0.30   0.30   0.10   0.12
tcga-a8-a0ab  -0.57  -0.06   0.12  -0.09   0.16   0.23   0.39   0.07
tcga-a8-a0ad  -0.52  -0.11   0.11   0.01   0.09   0.03   0.08   0.08
tcga-an-a03x  -3.16  -0.39  -0.19  -0.18  -0.09   0.17  -0.06  -0.13
tcga-an-a03y  -3.00  -0.36   0.05   0.08   0.26   0.18   0.18  -0.12
tcga-an-a041  -0.21  -0.03  -0.13  -0.18   0.21   0.08   0.21  -0.05
tcga-an-a049  -3.43  -0.48  -0.15  -0.18   0.08   0.12  -0.07  -0.15
tcga-an-a04a  -0.40  -0.07   0.04  -0.25   0.03   0.03   0.23  -0.04
tcga-an-a04c  -1.20   1.66   0.08  -0.11  -0.23   0.18  -0.18  -0.11
tcga-an-a04d   0.14   0.33  -0.08   0.10   0.65  -0.57   0.28   0.09
tcga-an-a0aj  -2.64   0.68   0.06  -0.53   0.22   0.23  -0.24   0.13
tcga-an-a0al   0.60   2.18   0.04   0.30   0.23  -0.29   0.01  -0.08
tcga-an-a0am  -0.29  -0.03  -0.07  -0.01   0.24  -0.03   0.22  -0.05
tcga-an-a0ar   0.26   1.66   0.23   0.10   0.56   0.38  -0.05   0.05
tcga-an-a0as  -0.11   1.51   0.15  -0.18  -0.02  -0.26   0.45  -0.03
tcga-an-a0at  -0.24   0.43   0.25   0.20   0.60  -0.74   0.13   0.13
tcga-an-a0fd  -0.19   0.04   0.02  -0.23   0.03   0.10   0.37  -0.03
tcga-an-a0ff  -2.78  -0.25   0.12   0.09   0.13   0.24  -0.08   0.17
tcga-an-a0fj   0.44   1.90  -0.09   0.29   0.37  -0.36   0.06   0.20
tcga-an-a0fk  -0.03   0.03   0.02  -0.15   0.00   0.01  -0.01  -0.01
tcga-an-a0fl   0.60   2.44   0.08   0.27   0.04  -0.42   0.22  -0.05
tcga-an-a0fn  -0.29  -0.10   0.09   0.04   0.06  -0.07  -0.04   0.12
tcga-an-a0fs  -1.82  -0.14   0.07   0.06   0.07   0.00   0.09  -0.07
tcga-an-a0ft   0.12   1.49   0.19  -0.35  -0.20  -0.13   0.02   0.08
tcga-an-a0fv   0.44   1.48   0.04  -0.01  -0.13  -0.12  -0.03   0.01
tcga-an-a0fw   0.30   0.21  -0.45   0.02   0.00   0.10   0.00   0.26
tcga-an-a0fx   0.79   2.19  -0.06  -0.10   0.13   0.09  -0.10  -0.13
tcga-an-a0fy  -0.05   1.10   0.16   0.00  -0.16   0.03  -0.08   0.12
tcga-an-a0fz   0.01   0.00   0.08  -0.12   0.15  -0.09   0.00   0.18
tcga-an-a0g0   0.33   1.62   0.21   0.10   0.70   0.37  -0.08  -0.01
tcga-an-a0xl  -2.85  -0.27  -0.30   0.08   0.03   0.18  -0.09  -0.02
tcga-an-a0xn   0.51   1.62  -0.03  -0.55   0.28   0.15  -0.03  -0.07
tcga-an-a0xo  -2.82  -0.33   0.14  -0.36   0.35  -0.08  -0.01  -0.18
tcga-an-a0xp  -3.30  -0.34  -0.08   0.14  -0.10   0.07   0.03   0.04
tcga-an-a0xr  -0.61  -0.14   0.08  -0.31   0.02   0.05   0.28   0.08
tcga-an-a0xs  -2.94  -0.43   0.06  -0.25  -0.12   0.08   0.00   0.07
tcga-an-a0xt   0.40   1.63   0.10   0.04  -0.14   0.19  -0.06  -0.02
tcga-an-a0xu   0.94   2.20  -0.50   0.20  -0.24   0.26   0.22  -0.09
tcga-an-a0xv  -0.72  -0.11   0.21   0.09   0.19   0.00   0.12   0.27
tcga-an-a0xw  -2.38  -0.70   0.38  -0.27  -0.78  -4.35  -0.26  -0.20
tcga-ao-a03l  -2.72   1.34   0.09   0.03  -0.17   0.39  -0.15  -0.06
tcga-ao-a03n  -3.09   1.22   0.06   0.12   0.62   0.80   0.16   0.19
tcga-ao-a03o  -2.89   0.99   0.08  -0.09  -0.27   0.13  -0.05  -0.05
tcga-ao-a03p  -0.42   0.04   0.13   0.00  -0.13  -0.19   0.26   0.09
tcga-ao-a03r   0.22   1.44  -0.04  -0.27  -0.25  -0.10   0.00  -0.03
tcga-ao-a03t  -1.21  -0.15  -0.02   0.46   0.72  -1.14   0.20   0.11
tcga-ao-a03u   0.02   0.08   0.01  -0.02  -0.01  -0.03   0.00  -0.01
tcga-ao-a03v  -0.14   0.93  -0.02  -0.02  -0.01  -0.47  -0.06   0.02
tcga-ao-a0j2   0.41   1.42   0.06  -0.03  -0.09   0.17  -0.07  -0.04
tcga-ao-a0j3  -0.27   0.18  -0.16   0.23   0.03  -0.54   0.64  -0.01
tcga-ao-a0j4   0.56   1.81   0.03   0.12  -0.03  -0.16   0.16  -0.09
tcga-ao-a0j6   0.31   1.99   0.05   0.20  -0.02  -0.27   0.21  -0.13
tcga-ao-a0j7  -2.51  -0.26   0.00   0.05  -0.08   0.13  -0.05   0.02
tcga-ao-a0j8  -0.17  -0.05  -0.10  -0.10  -0.02   0.07   0.22   0.05
tcga-ao-a0j9  -0.35  -0.04  -0.34   0.12   0.19  -0.12   0.41   0.06
tcga-ao-a0ja  -3.09  -0.26   0.04   0.13   0.12   0.04   0.23  -0.13
tcga-ao-a0jb   0.30   1.66  -0.08  -0.41  -0.27  -0.89   0.30  -0.01
tcga-ao-a0jc  -2.86  -0.22   0.06   0.05  -0.06   0.08  -0.10  -0.09
tcga-ao-a0jd   0.07   1.72   0.24  -0.52  -0.16   0.22  -0.09   0.09
tcga-ao-a0je  -1.05   1.68  -0.23   0.30   0.11   0.01  -0.07   0.39
tcga-ao-a0jf  -3.71  -0.55   0.16  -0.09  -0.10  -0.01  -0.10   0.05
tcga-ao-a0jg  -1.08  -0.31   0.26  -0.15   0.39   0.24   0.23   0.41
tcga-ao-a0ji   0.03  -0.07  -0.13   0.00   0.36   0.05   0.00  -0.03
tcga-ao-a0jj  -0.28  -0.06   0.04   0.06  -0.02  -0.01   0.30  -0.01
tcga-ao-a0jl   0.57   1.80   0.09  -0.27  -0.11   0.21  -0.11  -0.07
tcga-ao-a0jm  -0.03   0.01  -0.43   0.03   0.01   0.04   0.01   0.14
tcga-ao-a124   0.62   1.92  -0.08  -0.07   0.25  -0.20   0.07  -0.22
tcga-ao-a125  -2.89  -0.25   0.15   0.14  -0.14  -0.11  -0.11   0.06
tcga-ao-a126  -2.71  -0.19   0.04   0.07  -0.08   0.09  -0.08  -0.08
tcga-ao-a129   0.62   1.95  -0.10  -0.26  -0.11   0.36   0.07  -0.10
tcga-ao-a12a  -3.21  -0.29   0.12   0.05  -0.11  -0.03   0.07  -0.12
tcga-ao-a12b  -0.35  -0.13   0.07  -0.13  -0.01  -0.01  -0.01   0.22
tcga-ao-a12d   0.49   1.29   0.06  -0.04  -0.10   0.18  -0.07   0.12
tcga-ao-a12e  -0.22  -0.13   0.08  -0.21   0.03  -0.31  -0.06   0.02
tcga-ao-a12f   0.60   1.77   0.11  -0.07  -0.13   0.18   0.13  -0.12
tcga-ao-a12g   0.08   1.11   0.12  -0.09  -0.14   0.12   0.23  -0.03
tcga-ao-a12h  -0.33  -0.04  -0.23  -0.11  -0.05  -0.05   0.00   0.04
tcga-aq-a04j   0.53   1.75  -0.05   0.10  -0.15   0.22  -0.07  -0.10
tcga-aq-a04l   0.24   1.35   0.10   0.01  -0.10   0.09  -0.08  -0.02
tcga-ar-a0tp   0.51   1.63  -0.07  -0.16   0.08   0.22  -0.11   0.11
tcga-ar-a0tq  -0.14  -0.01   0.05  -0.24   0.02  -0.02   0.23  -0.01
tcga-ar-a0tr  -3.17  -0.31   0.00  -0.15  -0.08   0.24  -0.07   0.04
tcga-ar-a0ts   0.69   2.02  -0.07   0.06  -0.16   0.23  -0.09  -0.07
tcga-ar-a0tt  -0.10   0.04  -0.45  -0.04  -0.06  -0.14  -0.02  -0.07
tcga-ar-a0tu   0.10   0.18  -0.09  -0.08   0.06  -0.13   0.26  -0.07
tcga-ar-a0tv   0.25   1.63  -0.25  -0.01  -0.26   0.02   0.09  -0.06
tcga-ar-a0tw  -0.25  -0.21  -0.26  -0.29   0.39   0.04   0.29  -0.07
tcga-ar-a0tx   0.70  -1.08   0.01   0.03  -0.19   0.11  -0.05   6.58
tcga-ar-a0ty  -0.34  -0.13   0.10  -0.36   0.42  -0.07   0.20  -0.10
tcga-ar-a0tz  -3.54  -0.35   0.11   0.16  -0.14   0.08   0.04   0.08
tcga-ar-a0u0   0.19   1.80   0.26   0.14  -0.07  -0.53   0.12   0.13
tcga-ar-a0u1   0.67   1.94   0.08  -0.07  -0.11   0.30   0.11   0.00
tcga-ar-a0u2   0.06   1.46   0.23  -0.26  -0.20   0.03   0.35   0.10
tcga-ar-a0u3   0.37   1.45  -0.08  -0.07   0.06   0.17  -0.11   0.02
tcga-ar-a0u4   1.14   2.43  -0.66   0.22   0.59  -0.24   0.16  -0.13
tcga-ar-a1ah   0.95   2.06  -0.51  -0.21   0.16   0.16   0.28   0.00
tcga-ar-a1ai   0.38   1.43   0.13   0.13   0.15   0.03   0.03  -0.15
tcga-ar-a1aj   0.26   1.22   0.10  -0.07   0.00   0.14   0.04  -0.04
tcga-ar-a1ak  -0.19   0.02  -0.09   0.13  -0.01  -0.38   0.10   0.09
tcga-ar-a1al  -2.98  -0.40   0.15  -0.02   0.26   0.34   0.35   0.05
tcga-ar-a1an   0.11   1.34   0.13   0.01  -0.16   0.19   0.06  -0.01
tcga-ar-a1ao  -2.29  -0.11   0.04   0.06  -0.06   0.10  -0.04  -0.07
tcga-ar-a1ap  -0.16   1.02   0.11  -0.15   0.01   0.23   0.17  -0.01
tcga-ar-a1aq   0.54   1.88   0.01   0.05  -0.22   0.10   0.02  -0.09
tcga-ar-a1ar   0.07   0.09   0.04  -0.09   0.17   0.00  -0.02   0.03
tcga-ar-a1as  -3.41   1.30  -0.05   0.22  -0.29  -0.62  -0.17  -0.11
tcga-ar-a1at  -0.51  -0.06   0.09   0.15   0.11  -0.19   0.19   0.22
tcga-ar-a1au  -0.46  -0.06   0.09  -0.13   0.02  -0.12  -0.02   0.00
tcga-ar-a1av  -2.58  -0.19   0.05   0.05  -0.04   0.17   0.15   0.00
tcga-ar-a1aw  -2.74   1.04   0.17   0.09  -0.25   0.15  -0.04  -0.11
tcga-ar-a1ax  -0.24  -0.07  -0.05   0.03   0.11   0.15   0.00   0.29
tcga-ar-a1ay   0.34   1.31   0.07   0.02  -0.10   0.17  -0.03  -0.01
tcga-b6-a0i5  -3.50  -0.34  -0.09  -0.17  -0.03   0.18   0.14   0.02
tcga-b6-a0i9   0.09   1.05   0.16   0.15  -0.03  -0.33   0.03   0.40
tcga-b6-a0ia  -0.21   0.02  -0.02   0.13   0.01  -0.43   0.06   0.01
tcga-b6-a0ib  -0.69  -0.09   0.14  -0.15  -0.10  -0.35   0.18  -0.04
tcga-b6-a0ie  -1.09   1.47  -0.09   0.07  -0.20   0.35  -0.11   0.07
tcga-b6-a0ih  -0.49  -0.11   0.11   0.05   0.21   0.25   0.44   0.12
tcga-b6-a0ij  -0.72   1.22   0.03  -0.07  -0.05  -1.14  -0.24   0.10
tcga-b6-a0ik  -1.33   2.09  -0.26   0.09   0.24   0.56   0.13   0.21
tcga-b6-a0im  -0.53  -0.19  -0.23  -0.18  -0.02   0.05   0.18  -0.04
tcga-b6-a0io  -0.50  -0.08   0.06  -0.17   0.08  -0.01   0.13   0.02
tcga-b6-a0ip  -2.86  -0.36   0.17   0.23  -0.11  -0.41   0.17   0.10
tcga-b6-a0iq   0.84   1.79  -0.05  -0.12   0.14   0.24   0.04  -0.09
tcga-b6-a0re  -1.38   1.81   0.01   0.19  -0.09   0.18  -0.02  -0.16
tcga-b6-a0rg  -1.95   0.01   0.11   0.11   0.18   0.04   0.16  -0.03
tcga-b6-a0rh  -2.68   0.90   0.25  -0.12  -0.28   0.07  -0.22   0.26
tcga-b6-a0ri  -0.36  -0.07   0.09   0.05  -0.02   0.02   0.30   0.11
tcga-b6-a0rl  -0.43  -0.16  -0.26  -0.17  -0.03  -0.06  -0.05   0.20
tcga-b6-a0rn  -1.65   0.06   0.04   0.02  -0.02   0.11   0.04  -0.07
tcga-b6-a0ro  -3.00  -0.28  -0.20   0.08  -0.15  -0.02   0.03  -0.02
tcga-b6-a0rp  -3.16  -0.35  -0.14   0.29   0.14  -0.41  -0.01   0.20
tcga-b6-a0rq  -2.57  -0.23   0.09   0.10  -0.12   0.02   0.22  -0.03
tcga-b6-a0rs   0.88   2.07  -0.25  -0.13   0.25   0.15   0.03  -0.12
tcga-b6-a0rt  -0.11  -0.04   0.02  -0.17   0.01   0.06   0.00   0.09
tcga-b6-a0ru   0.23   1.13   0.06   0.02   0.21   0.18   0.04  -0.07
tcga-b6-a0rv  -0.47  -0.13  -0.30  -0.17   0.40   0.28   0.19   0.18
tcga-b6-a0ws  -0.24  -0.03   0.03  -0.02   0.00   0.01   0.14  -0.01
tcga-b6-a0wt  -0.11  -0.17  -0.16  -0.18   0.11   0.03   0.29   0.26
tcga-b6-a0wv  -0.50  -0.10   0.10  -0.13  -0.03  -0.06  -0.04   0.16
tcga-b6-a0wx   0.55   1.44  -0.06   0.00  -0.16   0.16   0.06  -0.05
tcga-b6-a0wy  -3.03  -0.16  -0.13   0.10   0.31   0.37   0.14   0.00
tcga-b6-a0wz  -0.95  -0.07   0.32   0.06   0.72   0.07   0.19   0.15
tcga-b6-a0x0  -2.17  -0.18   0.03   0.07  -0.06   0.15   0.26   0.03
tcga-b6-a0x4  -0.64  -0.20  -0.06   0.09   0.18  -0.12   0.10   0.33
tcga-b6-a0x5  -3.39  -0.42  -0.07  -0.07   0.50   0.57  -0.11   0.55
tcga-bh-a0au  -0.07  -0.02   0.02   0.02   0.12   0.02   0.11  -0.02
tcga-bh-a0av   0.56   1.44  -0.05   0.04  -0.11   0.18   0.09  -0.04
tcga-bh-a0aw   0.29   1.01  -0.09  -0.38   0.91  -0.45  -0.03   0.54
tcga-bh-a0ay  -0.09  -0.14  -0.10  -0.13   0.05  -0.21   0.08   0.04
tcga-bh-a0az  -0.28  -0.21  -0.31  -0.15   0.32  -0.28   0.27   0.13
tcga-bh-a0b0  -2.50   0.69   0.04   0.06  -0.08  -0.01  -0.19   0.02
tcga-bh-a0b1  -0.05   0.02   0.01  -0.18   0.04  -0.06  -0.02  -0.03
tcga-bh-a0b3   0.50   2.01   0.19   0.08   0.05  -0.02  -0.15  -0.10
tcga-bh-a0b4   0.03  -0.14  -0.27  -0.19   0.38  -0.12  -0.05   0.19
tcga-bh-a0b5  -2.65  -0.13  -0.16  -0.17   0.18   0.25  -0.04  -0.13
tcga-bh-a0b7   0.27   1.21   0.12  -0.08  -0.16   0.25   0.02   0.31
tcga-bh-a0b8  -0.18  -0.05  -0.07  -0.09   0.02  -0.13   0.13   0.05
tcga-bh-a0b9   0.30   1.42   0.08   0.09  -0.14   0.13  -0.06  -0.07
tcga-bh-a0ba  -2.77  -0.41  -0.24  -0.09   0.03   0.23   0.50  -0.03
tcga-bh-a0bc  -3.06   1.08   0.26   0.07   0.35   0.59  -0.17   0.32
tcga-bh-a0bd  -2.68  -0.16  -0.38   0.07  -0.12   0.01  -0.13  -0.01
tcga-bh-a0bf  -2.79   1.11   0.11   0.21  -0.13  -0.27  -0.09  -0.02
tcga-bh-a0bg   0.06   1.36   0.09   0.21   0.50  -0.02  -0.02   0.01
tcga-bh-a0bj  -2.98  -0.26  -0.01   0.07  -0.07   0.13  -0.08  -0.09
tcga-bh-a0bl   0.31   1.50  -0.02   0.14   0.11   0.11  -0.08  -0.02
tcga-bh-a0bm  -2.69  -0.05   0.03   0.15   0.15   0.20   0.14  -0.11
tcga-bh-a0bo  -2.96  -0.37   0.09  -0.21   0.08   0.21   0.03   0.00
tcga-bh-a0bp  -0.56   1.06  -0.12   0.25  -0.08  -0.49  -0.08   0.34
tcga-bh-a0bq  -2.37  -0.23   0.04   0.03  -0.05   0.07  -0.07  -0.07
tcga-bh-a0br   0.15   1.00  -0.32  -0.04  -0.13   0.19   0.08   0.07
tcga-bh-a0bs  -0.21  -0.05   0.03  -0.04   0.01   0.04   0.23  -0.01
tcga-bh-a0bt  -2.60   0.97  -0.18  -0.14  -0.25   0.09  -0.21  -0.10
tcga-bh-a0bv  -3.08  -0.20   0.01   0.12  -0.02   0.09  -0.06   0.02
tcga-bh-a0bw   0.12   1.60   0.18   0.01  -0.02  -0.24  -0.06  -0.02
tcga-bh-a0bz  -1.75  -0.95  -0.01  -0.15  -0.06  -3.73  -0.33   0.10
tcga-bh-a0c0   0.07   1.07   0.13  -0.09  -0.13   0.15  -0.07   0.14
tcga-bh-a0c1  -0.41   0.00   0.07   0.07  -0.01   0.04   0.47  -0.02
tcga-bh-a0c3   0.17   0.86   0.07   0.04  -0.09   0.12   0.07  -0.02
tcga-bh-a0c7  -0.23  -0.08   0.03  -0.21   0.03   0.10   0.21   0.10
tcga-bh-a0dd  -2.21  -0.21  -0.12   0.00  -0.03   0.09  -0.07  -0.05
tcga-bh-a0de  -3.45  -0.36   0.17   0.15  -0.09  -0.02  -0.12   0.15
tcga-bh-a0dg  -0.44   0.00   0.10  -0.08  -0.03  -0.03   0.19   0.06
tcga-bh-a0dh  -0.83  -0.24   0.13  -0.16   0.20  -0.28   0.07   0.33
tcga-bh-a0di  -0.15   1.36   0.23   0.18  -0.17  -0.73   0.07   0.10
tcga-bh-a0dk  -3.30  -0.24   0.11  -0.07   0.03   0.25   0.09   0.12
tcga-bh-a0dl  -1.88   1.20   0.16   0.23   0.01  -0.11  -0.02  -0.08
tcga-bh-a0do  -2.43  -0.23   0.05   0.08  -0.07   0.02  -0.07  -0.06
tcga-bh-a0dp  -2.65  -0.28   0.09  -0.08  -0.06   0.02  -0.06  -0.09
tcga-bh-a0dq  -0.04   0.08   0.04   0.02  -0.05   0.01   0.46  -0.02
tcga-bh-a0ds  -0.12   0.11   0.03   0.02   0.03  -0.05   0.24   0.07
tcga-bh-a0dt  -3.41  -0.50   0.10  -0.19  -0.08   0.04   0.09  -0.12
tcga-bh-a0dx  -2.72  -0.17  -0.19   0.15  -0.09  -0.46   0.08  -0.04
tcga-bh-a0dz   0.19  -0.83   0.03  -8.60  -0.08  -0.03  -0.09   0.00
tcga-bh-a0e0   0.49   1.95   0.04  -0.10  -0.25  -0.06   0.15  -0.05
tcga-bh-a0e1  -0.04  -0.04  -0.20  -0.14   0.29  -0.27  -0.08   0.05
tcga-bh-a0e2  -0.05   0.03  -0.21   0.01  -0.04   0.01  -0.01   0.00
tcga-bh-a0e6   0.51   1.31   0.07  -0.02   0.04   0.18   0.05  -0.04
tcga-bh-a0e7  -0.76  -0.17   0.07  -0.27  -0.01  -0.02   0.02  -0.05
tcga-bh-a0e9  -0.15  -0.05   0.03   0.05  -0.03  -0.02   0.43  -0.02
tcga-bh-a0ea  -2.83  -0.38  -0.28   0.05  -0.12   0.08   0.09   0.00
tcga-bh-a0eb  -2.39   0.79  -0.02  -0.10  -0.18   0.17  -0.16  -0.06
tcga-bh-a0ee  -1.44  -0.01   0.05  -0.07   0.03   0.06   0.04  -0.02
tcga-bh-a0ei  -0.54  -0.10   0.08  -0.12   0.01   0.05   0.10   0.12
tcga-bh-a0gy  -3.12   1.22   0.12   0.25  -0.16  -0.17   0.33   0.00
tcga-bh-a0gz  -0.24   0.07  -0.14  -0.02  -0.06  -0.21   0.24  -0.06
tcga-bh-a0h0  -0.07  -0.01   0.01   0.00  -0.01  -0.01   0.00   0.00
tcga-bh-a0h3  -2.75  -0.31   0.06   0.04  -0.08   0.05   0.06  -0.09
tcga-bh-a0h6  -0.47  -0.19   0.03  -0.19  -0.02  -0.01  -0.01   0.07
tcga-bh-a0h7   0.15   1.10  -0.05  -0.20  -0.14   0.21  -0.09   0.30
tcga-bh-a0h9  -3.54  -0.35   0.19   0.14  -0.04  -0.74  -0.11   0.05
tcga-bh-a0ha  -3.47  -0.47  -0.49  -0.08   0.16  -0.90  -0.19  -0.08
tcga-bh-a0hb  -0.34   0.03   0.09  -0.09   0.20   0.18   0.01   0.12
tcga-bh-a0hi  -2.67  -0.27   0.07   0.06  -0.07  -0.48  -0.07  -0.04
tcga-bh-a0hk  -0.27   0.15  -0.28  -0.12   0.31   0.16   0.06   0.22
tcga-bh-a0hl  -0.57  -0.18   0.09   0.17   0.36  -0.63   0.31   0.13
tcga-bh-a0hn  -3.35  -0.42   0.25   0.14   0.04   0.02  -0.12   0.24
tcga-bh-a0ho  -0.24  -0.15   0.04  -0.34   0.00   0.07  -0.01   0.13
tcga-bh-a0hp   1.37   0.00   0.03   0.06  -0.23   0.35   7.15  -0.03
tcga-bh-a0hq  -0.76  -0.08   0.20   0.07   0.09  -0.06   0.10   0.18
tcga-bh-a0hu  -3.15  -0.29  -0.03   0.07   0.05   0.05  -0.05   0.09
tcga-bh-a0hw   0.00   0.04   0.01   0.03  -0.01   0.03   0.00   0.15
tcga-bh-a0hx   0.46   1.68  -0.05  -0.29  -0.06  -0.08   0.26  -0.10
tcga-bh-a0rx   0.38   1.52   0.08  -0.02  -0.11   0.23  -0.06  -0.03
tcga-bh-a0w3  -2.57  -0.22  -0.01   0.05  -0.05   0.13  -0.07  -0.08
tcga-bh-a0w4  -0.04   0.04   0.02  -0.27   0.01   0.03   0.12  -0.04
tcga-bh-a0w5  -3.24  -0.45   0.07  -0.36  -0.07  -0.01  -0.10  -0.14
tcga-bh-a0w7  -3.39  -0.20   0.15   0.01  -0.14  -0.42  -0.11  -0.11
tcga-bh-a18f  -3.53  -0.46   0.14  -0.01   0.01  -0.07   0.21   0.03
tcga-bh-a18h  -2.34   0.71   0.16  -0.03  -0.21   0.14  -0.08   0.07
tcga-bh-a18i  -2.67  -0.25  -0.14   0.09  -0.12  -0.01  -0.11   0.01
tcga-bh-a18j  -3.13  -0.13   0.01   0.08   0.02   0.13   0.06  -0.15
tcga-bh-a18k  -0.16  -0.02  -0.07   0.00  -0.02  -0.15  -0.03  -0.02
tcga-bh-a18m  -3.28  -0.55  -0.22  -0.34   0.00   0.07   0.29  -0.16
tcga-bh-a18n  -0.98  -0.38   0.00  -0.40   0.03  -0.34  -0.12   0.20
tcga-bh-a18p  -1.25  -0.07  -0.34  -0.22   0.19  -1.21   0.17   0.27
tcga-bh-a18q   0.86   2.09   0.04   0.11  -0.04  -0.13   0.26  -0.05
tcga-bh-a18r  -0.04   0.09   0.01   0.03   0.03  -0.01   0.00  -0.01
tcga-bh-a18t   0.61   2.05  -0.07   0.30  -0.05  -0.35   0.09  -0.08
tcga-bh-a18u  -0.16   1.05   0.22  -0.02  -0.19   0.11  -0.10   0.47
tcga-bh-a18v   1.28   2.66  -0.21  -0.32   0.40   0.29   0.34  -0.18
tcga-bh-a1eo  -0.11  -0.05   0.03  -0.11   0.09  -0.07  -0.02  -0.03
tcga-bh-a1es  -0.70  -0.09   0.10   0.24   0.02  -0.67   0.03   0.17
tcga-bh-a1et  -2.36  -0.16   0.04   0.06  -0.05   0.10  -0.07  -0.07
tcga-bh-a1eu  -2.31  -0.26   0.03  -0.07  -0.05   0.04  -0.08  -0.08
tcga-bh-a1ew   0.03   0.03   0.00  -0.01   0.02  -0.01   0.00   0.00
tcga-bh-a1f0   0.37   1.24   0.08  -0.03  -0.12   0.11  -0.05  -0.03
tcga-c8-a12l  -0.94   1.79   0.19  -0.14   0.21   0.22  -0.15  -0.18
tcga-c8-a12n  -3.37  -0.43   0.07  -0.26  -0.08   0.18   0.01  -0.03
tcga-c8-a12p   0.95   1.76  -0.08   0.03   0.70   0.15  -0.13   0.18
tcga-c8-a12q   0.66   1.47   0.05  -0.16   0.35   0.07  -0.10   0.05
tcga-c8-a12t  -3.02   0.06  -0.24   0.08  -0.02  -0.32  -0.08  -0.10
tcga-c8-a12u  -3.05  -0.22   0.07  -0.07  -0.08  -0.05  -0.14  -0.11
tcga-c8-a12v   0.01   0.06   0.00   0.00   0.03   0.01   0.00   0.00
tcga-c8-a12w  -0.08   1.39   0.23   0.01   0.03  -0.61  -0.05   0.12
tcga-c8-a12x  -0.24   0.03  -0.11   0.01   0.47   0.03   0.10  -0.06
tcga-c8-a12z   0.49   1.59   0.05  -0.16   0.18   0.36  -0.05   0.08
tcga-c8-a130  -2.23   0.85   0.10  -0.18  -0.07   0.22  -0.17   0.04
tcga-c8-a131  -1.58   1.92  -0.02   0.16  -0.27   0.22  -0.14  -0.13
tcga-c8-a132  -0.16   0.00   0.07  -0.16  -0.06  -0.19  -0.04   0.08
tcga-c8-a133  -2.70  -0.25   0.04   0.06  -0.05   0.12   0.19  -0.09
tcga-c8-a134   0.66   1.89   0.20  -0.15  -0.20  -0.02   0.20  -0.08
tcga-c8-a135   0.35   1.56   0.15   0.05  -0.15   0.09  -0.09   0.02
tcga-c8-a137   0.44   1.48   0.10   0.02  -0.11   0.14  -0.07  -0.01
tcga-c8-a138   0.43   1.50   0.08  -0.01  -0.13   0.22   0.09   0.03
tcga-c8-a1hf  -1.56   1.11   0.10   0.03  -0.18   0.22  -0.12  -0.06
tcga-c8-a1hg   0.23   1.34   0.10   0.02  -0.16   0.13  -0.08   0.07
tcga-c8-a1hi  -0.35  -0.08   0.04  -0.04  -0.01   0.03   0.22  -0.02
tcga-c8-a1hl  -0.14   0.04   0.02  -0.03   0.04   0.02   0.19  -0.03
tcga-c8-a1hm  -1.09   1.72   0.09   0.34   0.17  -1.66  -0.31   0.15
tcga-c8-a1hn  -0.51  -0.03   0.05  -0.01   0.10  -0.02   0.14  -0.04
tcga-d8-a13y   0.52   1.18  -0.51  -0.20   0.09   0.23  -0.10   0.07
tcga-d8-a13z   0.43   1.87  -0.03   0.01  -0.16  -0.02   0.03  -0.08
tcga-d8-a140  -0.04   0.00   0.05  -0.14  -0.05  -0.03   0.09   0.25
tcga-d8-a141  -0.07   0.00   0.02   0.01   0.00   0.04   0.13   0.00
tcga-d8-a142   0.40   1.66   0.01   0.24   0.34  -0.17  -0.01  -0.09
tcga-d8-a143  -1.20   2.02  -0.17   0.22  -0.28   0.22   0.08  -0.23
tcga-d8-a145  -0.29   0.01   0.05  -0.14   0.03   0.02   0.11   0.09
tcga-d8-a147   0.89   2.62  -0.07   0.35   0.03  -0.14   0.18  -0.12
tcga-e2-a105  -2.47  -0.27  -0.09   0.06  -0.08   0.13   0.01   0.08
tcga-e2-a107  -0.15  -0.04   0.04   0.05  -0.01   0.09   0.60  -0.02
tcga-e2-a108  -2.50   1.22  -0.15  -0.21  -0.25   0.31  -0.05  -0.06
tcga-e2-a109   0.55   1.76  -0.16  -0.15  -0.03   0.18  -0.14   0.00
tcga-e2-a10a  -1.03  -0.26   0.14  -0.25   0.19   0.19   0.26   0.08
tcga-e2-a10b  -3.40  -0.34  -0.17  -0.08  -0.10  -0.04   0.06   0.11
tcga-e2-a10c   0.94   0.15 -10.42   0.08  -0.10   0.02  -0.05   0.02
tcga-e2-a10e  -3.16  -0.29   0.07   0.26   0.00  -0.56  -0.02   0.02
tcga-e2-a10f  -2.71  -0.27   0.09   0.11  -0.06   0.15   0.41  -0.09
tcga-e2-a14n   0.58   1.95   0.13   0.07   0.06   0.14  -0.10  -0.11
tcga-e2-a14o  -0.60  -0.04   0.18   0.04   0.22   0.07  -0.01   0.26
tcga-e2-a14p   0.52   1.71   0.13   0.18   0.14  -0.16   0.12   0.07
tcga-e2-a14q  -0.24  -0.01  -0.17  -0.20  -0.09  -0.33  -0.08  -0.07
tcga-e2-a14r   0.64   2.21   0.05   0.15  -0.22   0.16   0.24   0.06
tcga-e2-a14s  -0.50  -0.01  -0.15   0.04   0.20  -0.10   0.06   0.07
tcga-e2-a14t  -0.57  -0.07   0.03   0.13   0.01  -0.58   0.21   0.01
tcga-e2-a14v  -2.34  -0.28  -0.21  -0.12  -0.15   0.08   0.21   0.25
tcga-e2-a14w  -0.30  -0.07  -0.02  -0.42   0.16  -0.17  -0.03   0.02
tcga-e2-a14x   0.52   1.73  -0.04   0.21   0.05  -0.25   0.00  -0.07
tcga-e2-a14y  -2.40   0.87   0.21  -0.37  -0.02   0.56   0.02   0.31
tcga-e2-a14z   0.23   1.30   0.13   0.03  -0.14   0.06   0.18   0.03
tcga-e2-a150   0.37   1.82   0.20   0.07   0.33   0.30  -0.01  -0.07
tcga-e2-a152  -1.53   0.87   0.19  -0.27  -0.07   0.07  -0.05   0.07
tcga-e2-a153  -2.65  -0.26   0.00   0.07  -0.09   0.10  -0.07   0.01
tcga-e2-a154  -2.56  -0.25  -0.08  -0.05  -0.08   0.07   0.12  -0.10
tcga-e2-a155   0.06   1.54   0.01   0.00  -0.20  -0.01   0.14  -0.01
tcga-e2-a156  -3.23  -0.41   0.11  -0.10  -0.08   0.06  -0.08  -0.10
tcga-e2-a158   0.53   1.79   0.16  -0.15   0.25  -0.30   0.03  -0.08
tcga-e2-a159   0.81   2.53   0.07   0.15   0.26  -0.04  -0.16  -0.12
tcga-e2-a15a  -0.27   0.04   0.09   0.02   0.04  -0.17   0.10   0.07
tcga-e2-a15c  -2.96  -0.38   0.09  -0.19  -0.08   0.08  -0.09  -0.01
tcga-e2-a15d  -0.42   0.01   0.11   0.00   0.00  -0.12   0.13   0.03
tcga-e2-a15e  -2.39   0.75   0.19  -0.06  -0.04   0.35  -0.06   0.19
tcga-e2-a15f   0.00   0.02   0.00   0.01   0.00   0.00   0.00   0.00
tcga-e2-a15g  -2.96  -0.40   0.12  -0.21  -0.11  -0.11   0.01  -0.12
tcga-e2-a15h  -0.22  -0.09  -0.10  -0.09   0.09   0.04   0.14   0.00
tcga-e2-a15i   0.01   0.10  -0.16   0.00   0.00   0.00   0.00  -0.02
tcga-e2-a15j  -0.33  -0.04   0.02  -0.01  -0.02  -0.02   0.21  -0.02
tcga-e2-a15k  -3.51  -0.24   0.20   0.10   0.37   0.23  -0.13   0.04
tcga-e2-a15l  -2.64  -0.27  -0.03   0.06  -0.13  -0.16   0.03  -0.12
tcga-e2-a15m  -0.11   1.26   0.02   0.03  -0.09  -0.10  -0.08   0.00
tcga-e2-a15o  -0.52  -0.18   0.06  -0.45  -0.04  -0.04   0.17  -0.05
tcga-e2-a15p  -2.62  -0.33   0.10   0.09  -0.08   0.01  -0.08   0.12
tcga-e2-a15r  -0.02   0.00  -0.13   0.00  -0.04  -0.10  -0.03  -0.01
tcga-e2-a15s  -0.19  -0.13   0.17   0.03   0.31  -0.37   0.10   0.10
tcga-e2-a15t  -0.16   1.42   0.19  -0.13  -0.17  -0.08   0.02  -0.06
tcga-e2-a1az   0.00  -0.03  -0.08  -0.01   0.53   0.00  -0.03  -0.06
tcga-e2-a1b0   0.46   1.40   0.11   0.02   0.05   0.15  -0.08   0.04
tcga-e2-a1b1  -0.27   0.01   0.10   0.00   0.20   0.16   0.02   0.18
tcga-e2-a1b4  -2.86  -0.40  -0.11  -0.11   0.16   0.19  -0.08  -0.01
tcga-e2-a1b5  -0.24   0.00   0.02   0.00   0.01   0.04   0.22  -0.01
tcga-e2-a1b6   0.43   1.63  -0.03   0.08  -0.19   0.06  -0.09  -0.11
tcga-e2-a1bc  -2.89  -0.35   0.12   0.07  -0.09  -0.07  -0.09  -0.08
tcga-e2-a1bd  -3.16  -0.32  -0.16  -0.12  -0.12   0.12  -0.10  -0.13
B
                Comp.1 Comp.2 Comp.3 Comp.4 Comp.5 Comp.6 Comp.7 Comp.8
ANK3              0.00  -0.01   0.00   0.00  -0.01   0.01   0.24  -0.19
HECTD4            0.01  -0.03   0.00   0.00   0.03   0.01  -0.01  -0.01
COL14A1           0.02  -0.01   0.00   0.00  -0.01   0.10   0.01  -0.01
FNDC1             0.00  -0.01   0.01   0.00   0.01   0.02   0.02  -0.01
LRBA              0.01  -0.03   0.00   0.00   0.01   0.01   0.03  -0.01
LRP2              0.02  -0.07   0.01   0.03   0.03   0.02   0.05  -0.20
RP1               0.02  -0.01   0.00   0.00  -0.01   0.01   0.01  -0.01
AKAP17A           0.01  -0.01   0.00  -0.01   0.02   0.03   0.00   0.00
CDH1              0.09   0.00   0.01  -0.02   0.02   0.02   0.49  -0.01
UBR4              0.02  -0.03   0.00   0.00   0.24   0.02   0.01  -0.20
SPI1              0.03  -0.03  -0.01   0.01  -0.01   0.11   0.02  -0.21
MED23             0.03   0.00   0.01  -0.01   0.00   0.01   0.01   0.00
MGA               0.01  -0.02   0.00   0.02   0.00   0.00   0.25  -0.02
UNC13C            0.01  -0.03   0.00   0.00   0.00   0.05   0.01  -0.01
ZFHX4             0.02  -0.05   0.02   0.02   0.06   0.02   0.01  -0.04
AHCTF1            0.02  -0.02   0.00   0.00   0.21   0.01   0.00  -0.01
BRCA1             0.00  -0.10   0.02  -0.01   0.05   0.04   0.01   0.01
CSMD1             0.04  -0.03   0.00  -0.02   0.04   0.11   0.05  -0.02
CUBN              0.00  -0.03   0.18   0.01   0.01   0.01   0.00  -0.01
DMD               0.03  -0.04   0.00   0.02   0.02   0.16  -0.01   0.00
DNAH8             0.00  -0.02   0.01   0.21   0.00   0.04   0.03  -0.01
TMEM189           0.02  -0.03   0.01   0.01   0.00   0.00   0.00  -0.01
EVPL              0.01  -0.02   0.00   0.01   0.04   0.12  -0.01  -0.02
GOLGB1            0.01  -0.05   0.00  -0.01   0.03   0.00   0.00   0.00
GPR179            0.01  -0.02   0.00   0.01   0.01   0.10   0.00  -0.01
HYDIN             0.01  -0.04   0.00   0.00  -0.01   0.16   0.00  -0.19
KCNT2             0.02  -0.05   0.20  -0.01   0.03   0.04   0.00  -0.01
SVILP1            0.01  -0.02   0.00   0.00  -0.01   0.01   0.00   0.00
MUC12             0.01  -0.05   0.01   0.01  -0.01   0.01   0.27   0.01
PLCE1             0.01  -0.01   0.00   0.02   0.01   0.01   0.01  -0.01
PREX1             0.01  -0.03   0.01   0.01   0.02   0.03   0.24   0.00
RYR2              0.06  -0.07   0.20   0.06   0.01   0.25  -0.01   0.01
USH2A             0.02  -0.10   0.01   0.25   0.05   0.13   0.36   0.00
WDR7              0.01  -0.03   0.01   0.00   0.03   0.04   0.00  -0.18
CROCCP2           0.07  -0.03   0.00   0.24   0.03  -0.06   0.03  -0.25
Unknown           0.16  -0.08  -0.03   0.02   0.39  -0.19   0.05  -0.33
GNPTAB            0.01  -0.01   0.00   0.02   0.01   0.10   0.00  -0.01
NLRC5             0.01  -0.02   0.17  -0.01   0.02   0.05   0.00  -0.01
SPEN              0.02  -0.02   0.01  -0.01   0.00  -0.01   0.26  -0.20
AHNAK             0.01  -0.01   0.00   0.01   0.01   0.03   0.02   0.00
FAT3              0.01  -0.08  -0.01   0.03   0.02   0.05   0.06  -0.02
LAMA3             0.01  -0.02   0.00   0.01   0.01   0.06   0.02   0.00
PARK2             0.01  -0.02   0.00  -0.01   0.00   0.04   0.00  -0.01
PLEC              0.01  -0.01   0.00   0.00   0.21   0.00   0.00   0.00
TG                0.02  -0.04  -0.01   0.00   0.04   0.15   0.02  -0.02
TP53              0.20  -1.05  -0.02   0.31   0.08   0.04   0.01  -0.36
UNC5D             0.01  -0.02  -0.01   0.01   0.21  -0.01   0.02   0.00
AIM1              0.00  -0.03   0.00   0.00   0.02   0.03   0.01  -0.01
ATP1A4            0.01  -0.03   0.01   0.22   0.02   0.05   0.00   0.00
KCNH7             0.01  -0.01   0.00   0.01  -0.01   0.00  -0.01  -0.19
PCSK5             0.01  -0.01   0.00   0.19   0.01   0.02   0.00   0.00
TENM4             0.02  -0.03   0.00   0.00   0.02   0.03  -0.01   0.00
SCN8A             0.01  -0.02   0.17   0.00   0.00   0.03   0.01  -0.01
ADAMTS17          0.01  -0.02   0.00  -0.01   0.03   0.02   0.02   0.00
ANK1              0.03  -0.04   0.01   0.01   0.04  -0.02   0.01   0.00
ASXL3             0.01  -0.04   0.01   0.01   0.05   0.02   0.03   0.01
BRIP1             0.00  -0.02   0.01   0.00   0.02   0.01   0.02  -0.01
SMG8              0.00  -0.03   0.18   0.01   0.02   0.01  -0.01   0.00
CACNA1F           0.01  -0.04  -0.01  -0.01   0.02   0.03   0.00   0.00
CHD6              0.01  -0.03   0.18   0.00   0.02   0.01  -0.01  -0.01
DGKI              0.00  -0.03   0.00   0.00   0.04   0.02   0.00   0.00
DNAH5             0.01  -0.04   0.01   0.00   0.24   0.01   0.00  -0.01
DNAH9             0.02  -0.04  -0.01   0.20   0.04   0.17  -0.02  -0.03
DYSF              0.01  -0.02   0.00   0.01   0.03   0.02  -0.01   0.00
TBL1XR1           0.04  -0.01   0.00   0.01   0.02   0.01   0.01   0.00
FRY               0.01  -0.05   0.01   0.01   0.03   0.10   0.00   0.01
GRIA1             0.00  -0.01   0.01   0.03   0.24   0.02   0.01  -0.01
GRM3              0.02  -0.03   0.00   0.00   0.04   0.04  -0.02   0.01
C1orf222          0.02  -0.02   0.01   0.00   0.03   0.03   0.02  -0.01
MACF1             0.01  -0.06   0.01   0.01   0.04   0.02   0.01   0.00
MUC17             0.05  -0.06  -0.01   0.04   0.05   0.17   0.01   0.01
MUC5B             0.02  -0.03   0.01   0.01   0.28   0.04   0.00   0.01
MYCBP2            0.02  -0.03  -0.01   0.02   0.03   0.02  -0.02   0.00
MYH4              0.01  -0.03   0.00   0.01   0.02   0.04  -0.01   0.00
MYH7              0.03  -0.02   0.00   0.00   0.02   0.07   0.04   0.01
MYO18B            0.01  -0.02   0.00   0.00   0.06   0.03   0.00   0.00
NAV3              0.01  -0.01   0.00   0.20   0.01   0.00  -0.01   0.01
NBEAL2            0.02  -0.02  -0.01   0.00   0.06   0.06   0.02   0.00
PCDH15            0.00  -0.03   0.00   0.01   0.02   0.00   0.01   0.00
RTN4              0.02  -0.02   0.00  -0.01   0.05   0.02   0.01   0.00
SCN7A             0.01  -0.04  -0.01   0.01   0.04   0.02   0.00  -0.01
SETDB1            0.02  -0.05  -0.01   0.02   0.02   0.11  -0.03   0.02
SRRM2             0.01  -0.01   0.00   0.20   0.02   0.11  -0.01   0.00
SSPO              0.04  -0.05   0.02   0.00   0.05   0.00   0.03  -0.01
TTN               0.14  -0.26   0.18  -0.07   0.38   0.83   0.40  -0.28
COL6A6            0.01  -0.01  -0.01   0.00   0.20   0.01  -0.01  -0.01
EML5              0.02  -0.01   0.01   0.01   0.01   0.08   0.00   0.00
LAMA1             0.00  -0.03   0.00   0.01   0.00   0.00   0.02   0.00
MAP3K1            0.16   0.01   0.01   0.28   0.00  -0.01   0.06   0.02
MUC16             0.07  -0.11   0.24   0.03   0.35   0.10   0.03  -0.25
MYO5B             0.03  -0.02   0.00   0.00  -0.01  -0.01   0.00   0.00
PCNT              0.01  -0.03   0.00   0.01   0.02   0.01   0.00   0.00
PIK3CA            0.93  -0.18   0.24   0.00   0.03  -0.25   0.06  -0.01
SCN2A             0.01  -0.03   0.00   0.01   0.00  -0.01  -0.01   0.00
AKAP4             0.01  -0.04   0.00   0.00   0.04   0.01   0.01   0.00
AKAP9             0.01  -0.05   0.01   0.01   0.05   0.01   0.01   0.00
OTOGL             0.02  -0.03  -0.01   0.00  -0.01   0.11   0.00   0.00
DNAH6             0.02  -0.02  -0.01   0.01   0.03   0.13   0.02  -0.01
ERBB3             0.03  -0.03   0.01   0.02   0.02   0.04   0.01  -0.01
ERCC6             0.01  -0.01   0.17   0.01   0.02   0.13   0.00  -0.02
LINC00869         0.01  -0.02  -0.01   0.00   0.21   0.00   0.01   0.00
RBM19             0.01  -0.01   0.00   0.01   0.00   0.01   0.01   0.01
SHROOM4           0.02  -0.01   0.00   0.01   0.01   0.01   0.00  -0.01
SPTBN5            0.01  -0.04   0.01  -0.01   0.00   0.02   0.00   0.00
TEX15             0.02  -0.02   0.00   0.00  -0.01   0.08  -0.01   0.00
VWF               0.03  -0.03   0.01   0.01   0.00   0.04   0.01   0.01
HECW1             0.01  -0.03   0.00   0.00   0.01   0.04   0.03   0.00
NF1               0.04  -0.01  -0.01   0.00   0.00   0.18   0.03   0.00
SVEP1             0.03  -0.02  -0.01   0.00  -0.02   0.11  -0.01  -0.01
COL18A1           0.01  -0.03   0.00   0.00   0.02   0.02   0.00  -0.01
CSMD2             0.01  -0.02  -0.01   0.01   0.22   0.09  -0.02  -0.01
snoU13            0.01  -0.01   0.01   0.00   0.02   0.02   0.02  -0.01
HECW2             0.00  -0.01   0.01   0.01  -0.01   0.02   0.00  -0.18
CACNA1C           0.03  -0.01   0.00   0.02   0.02   0.04   0.01  -0.02
NALCN             0.01  -0.04   0.01   0.21   0.01   0.01   0.01   0.00
RAPGEF6           0.02   0.00   0.18   0.01   0.03   0.03   0.02  -0.01
RTTN              0.02  -0.01   0.18   0.00   0.00   0.03   0.00  -0.02
SCN11A            0.00  -0.03   0.01  -0.01   0.00   0.02   0.24  -0.01
ZFPM2             0.02  -0.04   0.00   0.00   0.00   0.05   0.00  -0.02
ZNF592            0.01  -0.01   0.00   0.19   0.00   0.00   0.00   0.00
BZRAP1            0.02  -0.01   0.00   0.01   0.00   0.07   0.00   0.00
ZNF506            0.02  -0.02   0.01   0.00   0.02  -0.01   0.00  -0.01
FNBP4             0.01  -0.01   0.18   0.00   0.00   0.01  -0.01   0.00
KIAA1210          0.01  -0.05   0.00   0.01   0.01   0.00   0.00  -0.01
MTOR              0.01  -0.02   0.01   0.21   0.01   0.00   0.24  -0.01
MUC4              0.02  -0.06   0.01   0.01  -0.01  -0.02   0.00  -0.22
MXRA5             0.01  -0.02   0.00   0.00   0.00   0.01   0.01   0.00
CHD9              0.01  -0.03   0.01   0.00   0.01   0.00   0.00  -0.01
ATP10B            0.01  -0.06   0.01   0.00   0.03   0.05  -0.01  -0.02
CASC5             0.01  -0.03   0.01   0.00   0.01   0.00  -0.01  -0.01
CHD4              0.01  -0.02   0.01   0.01   0.03   0.03  -0.01   0.00
CR1               0.01  -0.02   0.00   0.00   0.00   0.02   0.03  -0.01
FREM1             0.02  -0.01   0.00   0.02   0.01  -0.01  -0.01  -0.02
KIAA2022          0.01  -0.02   0.00   0.19   0.00   0.02  -0.01  -0.19
MDN1              0.04  -0.02   0.02  -0.01   0.06   0.05   0.01  -0.01
PCDHB7            0.01  -0.02   0.00   0.00   0.01   0.02   0.01  -0.01
TAF1L             0.02  -0.02  -0.01   0.00   0.02   0.00   0.00  -0.01
TBCD              0.01  -0.01   0.18   0.01   0.02   0.02   0.00  -0.01
CA9               0.01  -0.01   0.00   0.00   0.01   0.00   0.01  -0.02
DNAH17            0.01  -0.02   0.01   0.01   0.00  -0.01   0.00   0.00
DNAH3             0.01  -0.04   0.00   0.00  -0.01  -0.02   0.25  -0.01
RP11-32B5.7       0.04  -0.01  -0.01   0.02   0.00   0.01   0.02  -0.03
MGAM              0.01  -0.03   0.00   0.02   0.02   0.00   0.00  -0.02
NEB               0.04  -0.06   0.01   0.01   0.02   0.00   0.31  -0.02
RNF213            0.01  -0.02   0.00   0.03   0.02   0.02   0.02  -0.01
UNC45A            0.01  -0.01   0.00   0.01   0.03   0.00   0.02   0.00
ZNF438            0.01   0.00   0.00   0.00   0.20   0.12   0.01   0.00
ATN1              0.03  -0.01   0.01   0.00   0.00  -0.01   0.00  -0.01
PRKD2             0.02  -0.01   0.00   0.00   0.00   0.01   0.01  -0.01
HIST1H1C          0.01  -0.01   0.00   0.19   0.00   0.01   0.02   0.00
PPP1R9A           0.02  -0.02   0.00  -0.01   0.01   0.01  -0.01  -0.01
SPTA1             0.01  -0.06   0.00   0.02   0.01   0.08   0.03   0.00
RP11-1055B8.7     0.02  -0.02   0.00  -0.01   0.01   0.02   0.00  -0.01
STAG1             0.02  -0.01   0.00   0.00   0.00  -0.02   0.01  -0.01
NID1              0.02  -0.02   0.01   0.00   0.02   0.02   0.00  -0.01
OTOF              0.01  -0.01   0.00   0.00   0.00   0.00   0.00   0.00
CAPN1             0.02  -0.01  -0.01  -0.01   0.03   0.04   0.02  -0.02
AFF2              0.02  -0.06   0.01   0.00   0.06   0.06   0.03  -0.01
ERCC6L2           0.01   0.00  -0.01   0.00  -0.01   0.00   0.01  -0.01
CTCF              0.03  -0.01  -0.01   0.01   0.02   0.02   0.02  -0.01
PIK3R1            0.02  -0.04  -0.01   0.02   0.01   0.06   0.01  -0.02
TRIP11            0.01  -0.01   0.00   0.21   0.01   0.02   0.00   0.00
FAM90A1           0.03  -0.01   0.00   0.00   0.00   0.00   0.00   0.00
GPR98             0.02  -0.02   0.00   0.03   0.05   0.01   0.01  -0.02
KMT2C             0.13  -0.05  -0.02  -0.03   0.03   0.08   0.00  -0.29
PKHD1             0.01   0.00   0.00   0.19   0.01   0.01   0.01   0.00
ASPM              0.02  -0.02   0.01   0.00   0.01   0.04   0.02  -0.02
RP5-1182A14.5     0.02  -0.01   0.02   0.00   0.23  -0.01   0.02   0.00
FLNB              0.01  -0.01   0.00   0.01   0.02   0.04   0.01   0.00
KMT2D             0.02  -0.03   0.00   0.00   0.00   0.03   0.00   0.00
MYH10             0.01  -0.01   0.00   0.01   0.02   0.00   0.01   0.00
MYH6              0.01  -0.01   0.01   0.00   0.03   0.07   0.04   0.00
PKHD1L1           0.02  -0.03   0.18   0.01   0.10   0.05   0.00   0.00
SETX              0.02  -0.02   0.01   0.00   0.00   0.01   0.00  -0.02
SYCP2             0.00  -0.02   0.01  -0.01   0.01   0.00   0.01  -0.18
TCHH              0.00  -0.02   0.00   0.00   0.22   0.01  -0.01  -0.01
ABCC8             0.01  -0.01   0.00   0.02   0.00   0.02   0.00  -0.01
DGKG              0.02  -0.01   0.00   0.01   0.00  -0.01   0.02  -0.01
MST1L             0.03  -0.01   0.00   0.00  -0.01   0.01   0.00  -0.01
SRCAP             0.01  -0.02   0.01   0.02   0.03   0.04   0.03  -0.03
CMYA5             0.01  -0.02  -0.01   0.00   0.00   0.11   0.02   0.00
GATA3             0.09  -0.01   0.01   0.06   0.03   0.00   0.46  -0.01
VWA3A             0.01  -0.03   0.00   0.00   0.01   0.01   0.01  -0.01
BRWD1             0.01  -0.03   0.00   0.20  -0.01   0.02   0.01   0.00
UBA6              0.04  -0.01   0.01   0.00   0.01   0.01   0.02  -0.19
ZFP36L1           0.03  -0.02   0.01   0.01   0.00  -0.01   0.04   0.01
HSPG2             0.01  -0.02   0.01   0.01   0.22   0.02   0.01  -0.02
WWP2              0.01  -0.02  -0.01   0.00  -0.01   0.01   0.03  -0.01
AHNAK2            0.03  -0.01   0.19   0.00   0.01  -0.01   0.01   0.00
ANKRD30B          0.00  -0.02   0.01   0.19   0.03   0.02   0.01   0.00
DLG1              0.00   0.00   0.01   0.00   0.00   0.00   0.01  -0.19
DST               0.02  -0.04   0.02  -0.02   0.08   0.11   0.04  -0.01
PTPRB             0.02  -0.03   0.00  -0.01   0.00   0.02  -0.01  -0.01
HEG1              0.01  -0.01   0.01   0.01   0.00   0.12  -0.02  -0.01
KDM5C             0.01  -0.02   0.01   0.00   0.00   0.01   0.00  -0.02
MED12             0.01  -0.01   0.00   0.01   0.02  -0.01   0.01  -0.19
MYH7B             0.00  -0.04   0.18   0.00   0.00   0.01   0.01   0.00
SAMD9             0.00  -0.01   0.19   0.01   0.00   0.00   0.01  -0.01
ZFHX3             0.02   0.00   0.00   0.04   0.02   0.02   0.01  -0.01
BIRC6             0.01  -0.02  -0.01   0.01  -0.01   0.10   0.00  -0.18
C10orf12          0.00  -0.02   0.00   0.01   0.03   0.00   0.01  -0.02
ADAD2             0.01  -0.01   0.00   0.01   0.00  -0.02   0.03   0.00
FAT1              0.03  -0.01   0.02   0.00   0.00  -0.01   0.00  -0.02
TPR               0.01  -0.02   0.19   0.00   0.01   0.00   0.01  -0.01
DCAF4L2           0.02  -0.02   0.18   0.00   0.00   0.02   0.01   0.00
MYT1L             0.02  -0.04   0.01  -0.01   0.02   0.04  -0.02  -0.02
PLCL2             0.02  -0.02   0.00   0.00   0.19   0.02  -0.01   0.00
UBC               0.03  -0.01   0.01   0.00   0.02  -0.01   0.02   0.00
FRAS1             0.00  -0.03   0.00   0.18   0.00   0.03   0.00   0.00
RELN              0.01  -0.02   0.01   0.24   0.23   0.00   0.00  -0.01
RPGR              0.01  -0.02   0.00   0.01   0.01   0.01   0.04   0.01
SCN3A             0.00  -0.03   0.19   0.01   0.01   0.04   0.01   0.00
DDX12P            0.02  -0.01   0.00   0.01   0.21   0.00   0.02   0.00
MYH14             0.01  -0.04   0.01   0.00   0.02  -0.01   0.02  -0.02
NOTCH2            0.02  -0.03   0.00   0.00   0.05   0.00   0.02  -0.01
NBEAL1            0.01  -0.01   0.00   0.02   0.00   0.14   0.00   0.01
TEP1              0.01  -0.04   0.02   0.00   0.01   0.09   0.00  -0.01
EPS8L1            0.01  -0.04   0.00   0.00   0.00   0.00   0.00   0.01
MUC2              0.03  -0.02   0.01  -0.01   0.00   0.01   0.01  -0.01
MYO7A             0.02  -0.03   0.01   0.00   0.01   0.10   0.00  -0.01
PLCB4             0.02  -0.01   0.00   0.01   0.01   0.05   0.02   0.01
XIRP2             0.02  -0.06   0.19   0.01   0.01   0.01   0.02   0.00
NLRC4             0.02  -0.02   0.00  -0.01  -0.01   0.02   0.02  -0.18
CBFB              0.03   0.00   0.01   0.00  -0.01   0.01   0.03   0.00
GPS2              0.02   0.00   0.01   0.00   0.02   0.00   0.02   0.00
KIAA0825          0.01  -0.02   0.01   0.02   0.23   0.02   0.00   0.00
EYS               0.02  -0.05   0.00   0.00   0.03   0.03  -0.01  -0.02
ITPKB             0.01  -0.01   0.01   0.00   0.03   0.00   0.01  -0.01
LAMA5             0.01  -0.03   0.00   0.01   0.03   0.00   0.00  -0.02
PKD1L1            0.01  -0.02   0.00   0.00   0.03   0.02   0.00  -0.20
RYR3              0.02  -0.03   0.19   0.00   0.02   0.01   0.00  -0.01
SMARCA4           0.02  -0.01   0.16   0.00   0.20  -0.01  -0.02  -0.01
CADPS             0.01   0.00   0.18   0.00  -0.01   0.13   0.00   0.00
HUWE1             0.01  -0.01   0.01   0.01   0.00   0.22  -0.01  -0.02
APOB              0.02  -0.07   0.01   0.02   0.03   0.27   0.00  -0.01
MYB               0.03  -0.01   0.00  -0.01   0.01   0.02   0.01  -0.01
TLN1              0.03  -0.03   0.01   0.01   0.05   0.06   0.01   0.00
CSMD3             0.00  -0.04   0.00   0.01   0.02   0.04   0.02  -0.01
FOXA1             0.01  -0.01   0.01   0.00   0.01   0.03   0.02  -0.01
MYO10             0.01  -0.02   0.01   0.00   0.00   0.02   0.01   0.00
PRKG2             0.01  -0.02  -0.01   0.00   0.01   0.00   0.01   0.00
VPS13C            0.00  -0.02   0.00   0.00   0.01   0.04   0.00  -0.01
FCGBP             0.02  -0.02   0.01   0.00   0.00   0.02   0.00   0.00
LRPPRC            0.01  -0.02   0.18   0.01  -0.01   0.02   0.02   0.00
NCOR1             0.05  -0.01   0.02   0.00   0.00  -0.01   0.03   0.01
PCDHGB3           0.02  -0.03   0.01   0.00  -0.01   0.01   0.00   0.00
SF3B1             0.03   0.00   0.00   0.01   0.00  -0.02   0.27   0.00
CACNA1E           0.03  -0.04   0.20   0.03   0.00   0.01   0.01  -0.02
CIT               0.02  -0.02   0.01   0.00   0.00   0.02   0.03  -0.03
NBPF1             0.03  -0.01   0.01   0.00   0.00  -0.01   0.00  -0.18
ESPL1             0.03  -0.01   0.01   0.00  -0.01   0.02   0.02   0.01
WHSC1             0.02  -0.01   0.18   0.00   0.04   0.01   0.00   0.01
MLLT4             0.02  -0.04   0.01   0.21   0.02   0.00   0.01  -0.02
CDC42BPA          0.02  -0.01   0.00   0.01   0.01   0.01   0.03   0.00
CEP170            0.01  -0.02   0.00  -0.01   0.01   0.01   0.01  -0.01
GRIN2B            0.01  -0.01   0.00   0.00   0.01   0.02   0.03   0.00
IARS              0.01  -0.01   0.00   0.02  -0.01   0.11   0.00  -0.02
KIF4A             0.01  -0.04   0.00   0.01  -0.01   0.10   0.00   0.00
CCDC168           0.02  -0.03   0.01  -0.01   0.00   0.02   0.04  -0.01
KMT2A             0.01  -0.01   0.00  -0.01   0.01   0.01   0.01  -0.20
MYO9A             0.02  -0.02   0.00  -0.01   0.00   0.02   0.02  -0.01
N4BP2             0.01  -0.01   0.00  -0.01   0.00   0.01   0.01  -0.19
PCNXL2            0.03  -0.02   0.19  -0.01   0.24  -0.01   0.02  -0.02
PDCD11            0.01  -0.03  -0.01  -0.01   0.01   0.05   0.00  -0.02
PRKDC             0.01  -0.01   0.01  -0.01   0.01   0.01   0.02  -0.01
QSER1             0.01  -0.02   0.00   0.01   0.04   0.00   0.01  -0.04
RGAG1             0.00  -0.04   0.00   0.01   0.00   0.03   0.01  -0.02
SI                0.01  -0.04   0.01   0.01   0.00   0.00   0.01  -0.02
SYNE1             0.03  -0.06   0.01   0.22   0.02   0.23   0.00  -0.01
TRERF1            0.01  -0.02  -0.01   0.00   0.03   0.00   0.02  -0.02
ZDBF2             0.01  -0.03   0.00   0.01   0.01   0.03   0.02  -0.02
DSPP              0.01  -0.01  -0.01   0.00   0.00  -0.01   0.25  -0.01
BRCA2             0.02  -0.04   0.01   0.01   0.29   0.23   0.05  -0.01
CACNA1A           0.01  -0.02   0.18   0.00  -0.01   0.01   0.00  -0.01
HAUS5             0.01  -0.02   0.01   0.02   0.01  -0.01  -0.01   0.00
CFTR              0.00  -0.02  -0.01   0.00   0.00   0.01   0.02  -0.19
DYNC2H1           0.01  -0.03  -0.01   0.01   0.01   0.00   0.01  -0.19
FAT2              0.01  -0.01   0.00   0.03   0.01   0.03   0.02  -0.02
PTEN              0.02  -0.03   0.00   0.02  -0.01   0.10   0.29  -0.01
PLXNA4            0.02  -0.03  -0.01   0.00   0.00   0.02  -0.01   0.00
PPEF1             0.00  -0.02   0.02   0.01   0.00   0.00   0.01  -0.01
ABCA4             0.01  -0.02  -0.01  -0.01   0.21   0.04   0.00  -0.01
ACTN2             0.02  -0.03   0.00   0.00  -0.01   0.00  -0.01   0.00
EMR2              0.01  -0.02   0.00   0.02   0.02   0.02   0.04  -0.02
HERC1             0.01  -0.02   0.00  -0.01   0.02   0.03   0.02  -0.01
AMER1             0.02   0.00   0.18   0.03   0.02   0.02   0.01   0.00
FLII              0.02  -0.01   0.00   0.00   0.01   0.00   0.00  -0.02
LAMA2             0.02  -0.02   0.00   0.02   0.03   0.02   0.02  -0.02
RIPK1             0.01  -0.02  -0.01   0.00   0.00   0.04   0.24  -0.01
MAGI2             0.02  -0.01   0.00  -0.01   0.02   0.01   0.01  -0.02
MAST4             0.02   0.00   0.00  -0.01   0.01   0.04   0.02  -0.02
SCN1A             0.01  -0.01   0.00   0.00   0.04   0.01   0.01   0.00
WDR33             0.01   0.00   0.00   0.02   0.20   0.02   0.02  -0.01
BAI1              0.01  -0.03   0.00   0.01   0.21  -0.03   0.00   0.00
C1orf65           0.01  -0.01   0.01   0.02   0.22   0.00   0.00  -0.01
COL12A1           0.02  -0.03   0.00   0.00   0.23   0.04  -0.02   0.00
CYP4F11           0.01  -0.02   0.01   0.01   0.20   0.01  -0.01   0.00
DALRD3            0.01   0.00   0.01   0.01   0.21   0.01   0.02   0.00
DNAH11            0.00  -0.03   0.01   0.21   0.03   0.02   0.02  -0.18
DSCAML1           0.01   0.00   0.00   0.00   0.22  -0.02   0.01  -0.01
ANKRD36C          0.00  -0.01   0.00   0.01   0.24   0.04   0.01   0.00
MADD              0.01  -0.02   0.00   0.01   0.00   0.01   0.02   0.00
MAST1             0.02  -0.01   0.00   0.00  -0.01   0.01   0.00   0.00
OR2G3             0.01   0.00  -0.01   0.01   0.22   0.06   0.01   0.01
PREX2             0.02  -0.02   0.00   0.02   0.27   0.04  -0.01   0.01
UBR5              0.01  -0.02   0.00   0.00   0.01   0.00   0.02  -0.01
CSPG4P11          0.01  -0.03   0.00   0.01   0.01  -0.01   0.00   0.00
COL6A3            0.01  -0.03   0.01   0.03   0.03   0.02   0.00  -0.01
OBSCN             0.01  -0.07   0.00   0.02  -0.01   0.02   0.04  -0.02
TENM1             0.02  -0.01   0.02   0.01   0.06   0.05   0.01   0.00
SPEG              0.01  -0.03   0.00   0.01   0.00  -0.02   0.27   0.00
THSD7A            0.01  -0.01   0.17   0.00  -0.02   0.00   0.26  -0.01
ERBB2             0.01   0.00   0.00   0.00   0.00   0.01   0.03   0.00
ATM               0.06  -0.02   0.21   0.01   0.04   0.03   0.03   0.00
CCDC146           0.02  -0.01   0.00   0.00   0.00   0.05   0.00  -0.01
FMN2              0.03  -0.01   0.00   0.00   0.02   0.01   0.00  -0.01
MYOM3             0.01  -0.03   0.00  -0.01   0.03   0.01   0.02  -0.02
GRIA3             0.01  -0.03   0.00   0.00   0.00   0.03   0.00   0.00
PLXNA2            0.02  -0.01   0.00   0.00   0.00   0.03   0.00  -0.01
MYO9B             0.02  -0.02   0.01   0.00  -0.01   0.00  -0.01  -0.01
RUNX1             0.03  -0.01  -0.01   0.00   0.00  -0.03   0.29   0.00
SDK1              0.01  -0.02  -0.01   0.00   0.01   0.00   0.00  -0.01
SORCS1            0.01  -0.02   0.00   0.01  -0.01   0.00  -0.01   0.00
CROCC             0.01  -0.01   0.00   0.19   0.00   0.00   0.01   0.00
DSE               0.00  -0.02   0.18   0.00   0.00   0.00   0.00  -0.19
VCAN              0.01  -0.03   0.00   0.02   0.03   0.00  -0.01  -0.20
WDFY3             0.02   0.00   0.01   0.21   0.00   0.09   0.25  -0.19
MEFV              0.00  -0.02   0.00   0.01   0.02   0.00   0.00   0.00
DLGAP4            0.01  -0.03   0.00   0.01   0.02   0.01  -0.02  -0.01
DYNC1H1           0.02  -0.02   0.01   0.00   0.03   0.01   0.00   0.00
ERV3-1            0.03  -0.03  -0.01   0.00   0.01   0.00  -0.02  -0.01
TACC2             0.01  -0.01   0.00   0.02   0.04   0.04   0.01  -0.02
CUL4B             0.02   0.00   0.01   0.02   0.03   0.02   0.03   0.00
KCNB2             0.01   0.00   0.01   0.01   0.01  -0.02   0.01  -0.01
KIF13A            0.01  -0.03   0.00   0.00  -0.01   0.14   0.04   0.00
TLR4              0.01  -0.01   0.01   0.01   0.00   0.16   0.01  -0.01
UTRN              0.01  -0.04   0.01  -0.01   0.01   0.05   0.03  -0.02
VPS13B            0.01  -0.02   0.01   0.20   0.01  -0.01   0.01   0.00
SPATA31C1         0.01  -0.01   0.02   0.00   0.00  -0.02   0.01   0.00
MAP2              0.02  -0.01  -0.01   0.01   0.02   0.03   0.24   0.00
RGS7              0.02  -0.01   0.01   0.01   0.02  -0.01   0.01   0.00
TRAPPC10          0.01  -0.02   0.00   0.00   0.00   0.00   0.00   0.00
DNAH2             0.02  -0.04   0.00   0.01   0.04   0.02   0.00   0.00
FLG               0.03  -0.08  -0.01   0.26   0.03  -0.02   0.03  -0.01
SVIL              0.00  -0.04   0.01   0.00   0.00   0.01   0.00   0.00
LAMB1             0.01  -0.04   0.00  -0.01   0.03   0.02   0.00  -0.01
LPHN2             0.00  -0.01   0.00   0.01   0.02   0.00   0.00  -0.01
DCC               0.00  -0.02   0.00   0.19   0.00   0.01   0.00   0.00
CFH               0.01  -0.01   0.00   0.01   0.00   0.05   0.28   0.00
FAM47C            0.03  -0.02  -0.01   0.00   0.01   0.08   0.03   0.00
RP11-32B5.1       0.02  -0.01   0.00   0.04   0.06   0.08   0.02   0.00
WNK1              0.01  -0.02   0.00   0.00   0.00   0.00   0.00   0.00
TBX3              0.02  -0.02   0.00   0.00  -0.01   0.00   0.03  -0.01
CBLB              0.04  -0.04   0.01   0.01   0.03  -0.03   0.03  -0.01
LRP1              0.01  -0.04   0.00   0.00   0.04   0.08   0.00  -0.01
POLQ              0.01  -0.01   0.01   0.19   0.00   0.02   0.00   0.00
USP34             0.01  -0.02   0.01   0.00   0.01   0.01   0.00  -0.19
CD163L1           0.02  -0.04  -0.01   0.00   0.01   0.07   0.03  -0.01
SYNE2             0.02  -0.03   0.21  -0.01   0.05   0.03   0.03  -0.20
ACACB             0.00  -0.03   0.01   0.00   0.00   0.01   0.04   0.00
DNAH7             0.00  -0.06   0.18   0.01   0.01   0.04   0.02   0.00
FLNC              0.02  -0.02   0.00   0.01   0.04   0.12  -0.01   0.00
PCDH19            0.02  -0.03   0.02  -0.01   0.00   0.01   0.24   0.01
USPL1             0.00  -0.02   0.00  -0.01   0.03   0.03   0.02   0.00
VPS13A            0.01  -0.02   0.02   0.00   0.03   0.02   0.01  -0.01
ANKRD17           0.02  -0.01   0.01   0.01   0.03   0.03   0.02   0.00
DDR2              0.01  -0.02   0.00   0.00   0.02   0.03   0.01  -0.01
ARID1A            0.02  -0.01   0.01   0.01   0.03   0.01   0.00   0.00
SACS              0.01   0.00   0.00   0.00   0.00   0.01   0.01  -0.02
BLM               0.01  -0.01   0.17   0.00   0.00   0.09  -0.01  -0.19
GTSE1             0.01  -0.02   0.01   0.00   0.00  -0.01  -0.01  -0.02
CENPE             0.02  -0.04   0.00   0.01   0.00   0.05  -0.02  -0.01
DOCK11            0.02  -0.05  -0.01   0.03   0.00   0.00  -0.01   0.00
FBN1              0.02  -0.03   0.01   0.00   0.02   0.02   0.03   0.00
GON4L             0.00  -0.02   0.00   0.02   0.05   0.09   0.01  -0.18
NAV1              0.02  -0.02  -0.01   0.21  -0.01   0.10  -0.02   0.01
NHSL2             0.02  -0.02  -0.01   0.00   0.02   0.04  -0.01   0.00
PCLO              0.03  -0.02   0.00   0.01   0.02   0.02   0.00  -0.01
PTPN22            0.02  -0.02   0.00   0.00   0.01   0.05  -0.03  -0.18
SLC4A5            0.02  -0.03   0.01   0.00   0.00   0.03   0.00   0.00
SRGAP1            0.02  -0.02   0.00   0.02   0.00   0.11  -0.01   0.00
ZNF536            0.02  -0.04  -0.01   0.00   0.00   0.02  -0.01   0.00
DNAH1             0.01  -0.02   0.00   0.00   0.03   0.04   0.01   0.00
NUP160            0.02  -0.01   0.01   0.00   0.01   0.11   0.01   0.00
ASXL2             0.00  -0.02  -0.01   0.19   0.01   0.05   0.01   0.00
DENND1B           0.01  -0.01   0.01   0.19   0.00   0.07   0.03   0.00
HERC2             0.02  -0.02   0.00   0.01   0.02   0.02   0.00   0.01
RFPL1             0.01  -0.02   0.00   0.01   0.02   0.00   0.00   0.00
AKT1              0.01  -0.01   0.00   0.01   0.01   0.00   0.04  -0.01
CCT6B             0.01  -0.01   0.01   0.00   0.01   0.01   0.01  -0.01
CDH12             0.01  -0.03   0.01   0.00   0.02   0.03   0.01   0.00
GRID1             0.02   0.00   0.00   0.00   0.00   0.01  -0.01  -0.02
KIF26B            0.03  -0.01   0.00   0.00   0.01   0.00   0.01  -0.01
PIWIL1            0.03   0.00   0.01  -0.01   0.01   0.02   0.01  -0.01
SCN10A            0.01  -0.02   0.18   0.00   0.00   0.02   0.00  -0.02
RYR1              0.02  -0.03   0.01   0.02  -0.01  -0.02   0.00   0.00
CHD1L             0.02   0.00   0.00   0.01   0.02   0.02   0.24   0.00
FRMPD4            0.00  -0.02   0.00  -0.01   0.01   0.01   0.03   0.00
GRIN2A            0.02  -0.01   0.02   0.01   0.04   0.07   0.01   0.00
NRP2              0.01  -0.02   0.00   0.00  -0.01  -0.01   0.01  -0.02
ABCA13            0.03  -0.05   0.01   0.01   0.00  -0.04   0.28  -0.01
ATRX              0.03  -0.02   0.00   0.03   0.02   0.01   0.00  -0.01
CACNA1B           0.01  -0.04   0.00   0.00   0.02   0.00   0.00   0.00
CUL7              0.01  -0.01   0.00   0.20   0.01   0.03   0.00  -0.01
LAMB4             0.01  -0.02   0.00   0.01   0.01   0.01   0.01  -0.01
RIMS2             0.01  -0.02   0.01   0.00  -0.01   0.03   0.02  -0.01
RAB3GAP2          0.01  -0.02   0.01   0.01   0.01   0.16   0.00  -0.01
CPXM1             0.00  -0.04   0.01   0.03   0.04   0.02   0.03   0.00
KAT6B             0.01  -0.03   0.00   0.00   0.00   0.01   0.00  -0.01
ERBB4             0.01  -0.01   0.00  -0.01   0.05   0.01   0.01   0.00
WDR17             0.00  -0.02   0.01   0.01   0.06   0.01   0.03   0.00
MAP1A             0.02  -0.03   0.00  -0.01   0.04   0.02  -0.01   0.00
RBMXL3            0.00  -0.02  -0.01   0.01   0.00  -0.01   0.01  -0.01
TOPBP1            0.01  -0.01   0.00  -0.01   0.03   0.04  -0.01   0.00
PLA2G4A           0.01  -0.02   0.01   0.00   0.01   0.04  -0.01  -0.01
TPO               0.01  -0.01   0.00   0.00   0.00   0.01   0.00   0.00
ARID1B            0.01  -0.04   0.00   0.02   0.02   0.01   0.00   0.00
F5                0.01  -0.04   0.01   0.01   0.02   0.02   0.02  -0.01
MALAT1            0.03  -0.01   0.01   0.01   0.01  -0.01   0.01  -0.01
FAM208B           0.01  -0.01   0.01   0.03   0.06   0.06   0.01   0.00
CTNND2            0.00  -0.03   0.18   0.00   0.02   0.01   0.00   0.00
DNAH10            0.01  -0.03   0.01   0.00   0.02   0.01   0.00  -0.01
RP11-85G18.6      0.01  -0.02   0.01   0.00   0.02   0.03   0.00   0.00
FAM179A           0.01  -0.03   0.01   0.00   0.01  -0.02   0.01   0.00
CNTLN             0.02  -0.02   0.01  -0.01   0.02   0.05   0.03  -0.01
NEDD9             0.01  -0.02   0.00   0.01  -0.01   0.01   0.00   0.00
NRXN3             0.01  -0.02   0.00   0.00   0.01   0.12   0.00  -0.17
MAP2K4            0.09  -0.01  -0.01  -0.01   0.03   0.05   0.03  -0.02
LPA               0.01  -0.01   0.00   0.00   0.00   0.00   0.00  -0.01
SPHKAP            0.02  -0.02  -0.01   0.20   0.00  -0.02  -0.01  -0.01
UTP20             0.01  -0.02   0.00   0.01   0.00  -0.01   0.25  -0.01
ATP11A            0.02  -0.03   0.00   0.00   0.00   0.00   0.00   0.00
CDH9              0.02  -0.01   0.00   0.01   0.00  -0.02   0.01  -0.01
BCORL1            0.00  -0.02   0.00   0.01   0.00   0.01   0.00  -0.01
PRUNE2            0.02  -0.01   0.01   0.00   0.01   0.07   0.00   0.00
PDZD2             0.01   0.00   0.18   0.00   0.00   0.00   0.01  -0.18
HMCN1             0.02  -0.05  -0.01   0.04   0.00   0.33   0.29  -0.01
PRAME             0.01  -0.03   0.00   0.02   0.02   0.04   0.01  -0.01
GRIK2             0.00  -0.02   0.01   0.02   0.03   0.03   0.26  -0.02
NKAIN4            0.01   0.00   0.00   0.00   0.00   0.02   0.01  -0.01
TSC22D1           0.01  -0.01   0.00   0.00   0.00   0.00   0.00  -0.01
ITSN2             0.01  -0.02   0.00   0.03   0.06   0.06   0.01  -0.01
KIAA1109          0.01  -0.02   0.01   0.21   0.03   0.06   0.00   0.00
C5orf42           0.01  -0.01   0.18   0.01   0.01   0.00   0.01  -0.01
C2orf16           0.00  -0.02   0.00   0.20  -0.01   0.12   0.00   0.01
BRWD3             0.01   0.00   0.18   0.01   0.01   0.03   0.03  -0.01
SHD               0.01   0.00   0.02   0.00   0.01   0.03   0.00  -0.01
HCFC1             0.02   0.00  -0.01   0.00  -0.01  -0.01   0.01   0.00
DCHS2             0.01  -0.03   0.01   0.00   0.01   0.00   0.01   0.00
DMXL1             0.02  -0.01   0.01   0.01  -0.01   0.11   0.24   0.00
ZEB2              0.01  -0.02   0.00   0.02   0.02   0.03   0.00  -0.01
FREM2             0.03   0.00   0.00   0.00   0.01   0.02   0.01   0.00
NRK               0.02  -0.01   0.00  -0.01   0.01   0.01   0.02   0.00
CHGB              0.01  -0.01   0.01   0.01  -0.01   0.00   0.00  -0.18
DSP               0.01  -0.03   0.00   0.01   0.00  -0.01  -0.01  -0.01
PCDHGB6           0.01  -0.01   0.18   0.01   0.00   0.09  -0.01  -0.02
PTPRD             0.01  -0.02   0.01   0.00   0.00   0.01   0.01  -0.19
PRPF8             0.02  -0.02   0.00   0.00   0.00   0.05   0.00   0.00
RB1               0.01  -0.04   0.00   0.00   0.00   0.03   0.03   0.00
WNK3              0.02  -0.01   0.00   0.00   0.01  -0.01   0.27   0.00
AMPD1             0.00  -0.03  -0.01   0.01   0.00   0.02   0.01   0.00
NEK5              0.01  -0.02  -0.01   0.00  -0.01   0.02   0.24  -0.01
NINL              0.02   0.00   0.00   0.03   0.03   0.01   0.02   0.00
BCOR              0.02  -0.01  -0.01   0.01   0.00  -0.01   0.01  -0.01
ITPR1             0.01  -0.02   0.01   0.01   0.02   0.03   0.04   0.00
CCDC180           0.01  -0.03   0.17   0.00  -0.02   0.09   0.01   0.00
LTBP4             0.01  -0.01   0.00   0.01  -0.01   0.00   0.25   0.00
PDE4D             0.01  -0.03   0.00   0.00   0.01   0.01   0.00  -0.01
ANO5              0.02  -0.01   0.00  -0.01   0.01  -0.01  -0.01   0.01
PEG3              0.00  -0.03   0.01   0.03   0.03   0.04   0.01  -0.01
EPG5              0.01   0.00   0.00   0.01   0.01   0.04   0.04  -0.01
PCDH11X           0.01  -0.02   0.01   0.00   0.01   0.03   0.03   0.00
HRNR              0.02  -0.03  -0.01  -0.01   0.02  -0.03   0.01  -0.01
GPR112            0.00  -0.01   0.01   0.01   0.02   0.05   0.04  -0.01
RP11-404K5.2      0.01  -0.01  -0.01   0.01   0.00   0.01   0.04   0.00
OPRM1             0.00  -0.03   0.01   0.01   0.01   0.02   0.05   0.00
THSD7B            0.02  -0.02   0.00   0.00   0.01   0.01   0.01  -0.01
MYH9              0.01  -0.01   0.00   0.00   0.02   0.00   0.01  -0.01
ZNF841            0.02  -0.02   0.01  -0.01   0.01   0.04   0.03   0.00
TAF1              0.00  -0.03   0.00   0.20   0.01   0.00   0.25   0.00
PDE4DIP           0.01  -0.01   0.00   0.01   0.03   0.01   0.01   0.00
RLF               0.02  -0.01   0.00  -0.01   0.02  -0.01   0.25   0.00
ROR1              0.01  -0.02   0.00   0.00  -0.01   0.00   0.00  -0.18
EPHA5             0.01  -0.02   0.00  -0.01   0.00   0.03   0.00  -0.18
BAZ2B             0.00  -0.03   0.01   0.00   0.02  -0.01   0.00  -0.18
SEMA5A            0.01  -0.03   0.00   0.02   0.00  -0.01   0.01   0.00
COL6A2            0.01  -0.03   0.00   0.00   0.00   0.02   0.00  -0.01
ATP7A             0.02  -0.01  -0.01   0.01  -0.01   0.01  -0.01  -0.18
PRRC2B            0.01  -0.01   0.00   0.01   0.00   0.03   0.02   0.00
ABCB11            0.01  -0.01   0.00  -0.01   0.01   0.00   0.00  -0.18
NOTCH4            0.02  -0.02   0.00   0.00   0.02  -0.01  -0.01   0.00
PDXDC1            0.01  -0.02   0.00   0.00   0.00   0.00   0.01   0.00
RIF1              0.01  -0.01   0.00   0.01   0.01  -0.01   0.01   0.00
FER1L5            0.01  -0.03   0.00   0.00   0.01   0.01   0.01   0.00
MUC6              0.01  -0.01   0.00   0.00   0.01   0.00   0.00   0.00
SPATA31D1         0.01  -0.02  -0.01   0.00  -0.01   0.01  -0.01  -0.01
CCNB3             0.00  -0.02   0.00   0.01   0.00  -0.01   0.25   0.01
ENSG00000210082   0.01  -0.05   0.01   0.01   0.01   0.01   0.01   0.00
ENSG00000210195   0.01  -0.03   0.01   0.00   0.01   0.01   0.01   0.00
C
                                                              Comp.1 Comp.2
patient.ethnicityhispanic.or.latino                             0.00   0.00
patient.genderfemale                                           -0.36  -0.58
Tumor.CodedT_other                                             -0.26  -0.50
Node.CodedPositive                                             -0.18  -0.29
Metastasis.CodedPositive                                       -0.01  -0.01
patient.breast_carcinoma_estrogen_receptor_statusnegative      -0.02  -0.34
patient.breast_carcinoma_estrogen_receptor_statuspositive      -0.34  -0.24
patient.breast_carcinoma_progesterone_receptor_statusnegative  -0.05  -0.39
patient.breast_carcinoma_progesterone_receptor_statuspositive  -0.32  -0.19
HER2.Final.StatusEquivocal                                     -0.01  -0.01
HER2.Final.StatusNegative                                      -0.32  -0.47
HER2.Final.StatusPositive                                      -0.04  -0.10
X.clinical.patients..cols..infiltrating.ductal.carcinoma       -0.31  -0.54
X.clinical.patients..cols..infiltrating.lobular.carcinoma      -0.04   0.00
X.clinical.patients..cols..mixed.histology..please.specify.    -0.01   0.00
X.clinical.patients..cols..other..specify                      -0.01  -0.02
X.clinical.patients..cols..No_Conversion                       -0.11  -0.22
X.clinical.patients..cols..Stage.I                             -0.07  -0.05
X.clinical.patients..cols..Stage.IIA                           -0.11  -0.18
X.clinical.patients..cols..Stage.IIB                           -0.04  -0.06
X.clinical.patients..cols..Stage.IIIA                          -0.03  -0.03
X.clinical.patients..cols..Stage.IIIC                          -0.01  -0.02
NA.26.36.                                                      -0.02  -0.03
NA.36.43.                                                      -0.03  -0.08
NA.43.49.                                                      -0.03  -0.07
NA.49.54.                                                      -0.04  -0.11
NA.54.59.                                                      -0.04  -0.07
NA.59.64.                                                      -0.07  -0.08
NA.64.70.                                                      -0.06  -0.07
NA.70.76.                                                      -0.03  -0.04
NA.76.82.                                                      -0.03  -0.03
NA.82.89.                                                      -0.01  -0.01
                                                              Comp.3 Comp.4
patient.ethnicityhispanic.or.latino                             0.00   0.00
patient.genderfemale                                           -0.54  -0.57
Tumor.CodedT_other                                             -0.52  -0.56
Node.CodedPositive                                             -0.51  -0.54
Metastasis.CodedPositive                                       -0.01   0.00
patient.breast_carcinoma_estrogen_receptor_statusnegative      -0.02  -0.02
patient.breast_carcinoma_estrogen_receptor_statuspositive      -0.52  -0.56
patient.breast_carcinoma_progesterone_receptor_statusnegative  -0.03  -0.06
patient.breast_carcinoma_progesterone_receptor_statuspositive  -0.50  -0.52
HER2.Final.StatusEquivocal                                     -0.01   0.00
HER2.Final.StatusNegative                                      -0.52  -0.09
HER2.Final.StatusPositive                                      -0.01  -0.49
X.clinical.patients..cols..infiltrating.ductal.carcinoma       -0.53  -0.57
X.clinical.patients..cols..infiltrating.lobular.carcinoma       0.00   0.00
X.clinical.patients..cols..mixed.histology..please.specify.     0.00   0.00
X.clinical.patients..cols..other..specify                       0.00   0.00
X.clinical.patients..cols..No_Conversion                       -0.49  -0.49
X.clinical.patients..cols..Stage.I                             -0.01  -0.01
X.clinical.patients..cols..Stage.IIA                           -0.02  -0.02
X.clinical.patients..cols..Stage.IIB                           -0.01  -0.01
X.clinical.patients..cols..Stage.IIIA                           0.00  -0.03
X.clinical.patients..cols..Stage.IIIC                           0.00  -0.02
NA.26.36.                                                       0.00  -0.01
NA.36.43.                                                      -0.01  -0.45
NA.43.49.                                                      -0.01  -0.01
NA.49.54.                                                      -0.48  -0.02
NA.54.59.                                                      -0.01  -0.02
NA.59.64.                                                      -0.01  -0.01
NA.64.70.                                                      -0.01  -0.02
NA.70.76.                                                       0.00   0.00
NA.76.82.                                                      -0.01  -0.03
NA.82.89.                                                       0.00  -0.01
                                                              Comp.5 Comp.6
patient.ethnicityhispanic.or.latino                             0.00   0.00
patient.genderfemale                                            0.55  -0.69
Tumor.CodedT_other                                              0.53  -0.61
Node.CodedPositive                                              0.48  -0.48
Metastasis.CodedPositive                                        0.00  -0.01
patient.breast_carcinoma_estrogen_receptor_statusnegative       0.44  -0.07
patient.breast_carcinoma_estrogen_receptor_statuspositive       0.12  -0.62
patient.breast_carcinoma_progesterone_receptor_statusnegative   0.49  -0.15
patient.breast_carcinoma_progesterone_receptor_statuspositive   0.07  -0.54
HER2.Final.StatusEquivocal                                      0.01   0.00
HER2.Final.StatusNegative                                       0.50  -0.63
HER2.Final.StatusPositive                                       0.04  -0.06
X.clinical.patients..cols..infiltrating.ductal.carcinoma        0.54  -0.64
X.clinical.patients..cols..infiltrating.lobular.carcinoma       0.01  -0.04
X.clinical.patients..cols..mixed.histology..please.specify.     0.00   0.00
X.clinical.patients..cols..other..specify                       0.01  -0.01
X.clinical.patients..cols..No_Conversion                        0.43  -0.12
X.clinical.patients..cols..Stage.I                              0.01  -0.07
X.clinical.patients..cols..Stage.IIA                            0.04  -0.10
X.clinical.patients..cols..Stage.IIB                            0.03  -0.06
X.clinical.patients..cols..Stage.IIIA                           0.02  -0.27
X.clinical.patients..cols..Stage.IIIC                           0.02  -0.07
NA.26.36.                                                       0.00  -0.16
NA.36.43.                                                       0.02  -0.05
NA.43.49.                                                       0.01  -0.02
NA.49.54.                                                       0.02  -0.03
NA.54.59.                                                       0.40  -0.17
NA.59.64.                                                       0.02  -0.08
NA.64.70.                                                       0.03  -0.06
NA.70.76.                                                       0.01  -0.05
NA.76.82.                                                       0.03  -0.03
NA.82.89.                                                       0.01  -0.03
                                                              Comp.7 Comp.8
patient.ethnicityhispanic.or.latino                             0.00   0.00
patient.genderfemale                                            0.53  -0.79
Tumor.CodedT_other                                              0.51  -0.15
Node.CodedPositive                                              0.47  -0.72
Metastasis.CodedPositive                                        0.00  -0.01
patient.breast_carcinoma_estrogen_receptor_statusnegative       0.02   0.00
patient.breast_carcinoma_estrogen_receptor_statuspositive       0.51  -0.79
patient.breast_carcinoma_progesterone_receptor_statusnegative   0.42  -0.05
patient.breast_carcinoma_progesterone_receptor_statuspositive   0.11  -0.74
HER2.Final.StatusEquivocal                                      0.00   0.00
HER2.Final.StatusNegative                                       0.50  -0.10
HER2.Final.StatusPositive                                       0.02  -0.68
X.clinical.patients..cols..infiltrating.ductal.carcinoma        0.09  -0.77
X.clinical.patients..cols..infiltrating.lobular.carcinoma       0.42  -0.01
X.clinical.patients..cols..mixed.histology..please.specify.     0.00   0.00
X.clinical.patients..cols..other..specify                       0.01   0.00
X.clinical.patients..cols..No_Conversion                        0.43  -0.69
X.clinical.patients..cols..Stage.I                              0.01  -0.02
X.clinical.patients..cols..Stage.IIA                            0.04  -0.03
X.clinical.patients..cols..Stage.IIB                            0.02  -0.02
X.clinical.patients..cols..Stage.IIIA                           0.01  -0.02
X.clinical.patients..cols..Stage.IIIC                           0.02  -0.01
NA.26.36.                                                       0.00  -0.01
NA.36.43.                                                       0.01  -0.02
NA.43.49.                                                       0.01  -0.01
NA.49.54.                                                       0.03  -0.01
NA.54.59.                                                       0.01  -0.02
NA.59.64.                                                       0.03  -0.66
NA.64.70.                                                       0.40  -0.02
NA.70.76.                                                       0.01  -0.02
NA.76.82.                                                       0.01  -0.02
NA.82.89.                                                       0.00  -0.01
 
You can now manually PERMUTE and REFLECT columns of solution
If you want to reflect/permute columns, specify '1':
Read 1 item
 
If you want to carry out a STABILITY CHECK on current or different solution, specify '1':
Read 1 item
 
If you want to carry out a BOOTSTRAP procedure for
computing confidence intervals for the current solution, specify '1':
Read 1 item
 
If you want to carry out a FITPARTITIONING on current solution, specify '1':
Read 1 item
 
Press 'return' to conclude the analysis
Read 1 item
The component matrices are normalized such that A and B have unit sums of squares
To see component matrices and fit and other results, digits: $Xprep, $A, $B, $C, $fit, $fitA, $fitB, $fitC, ...
[1] 0
[1] 0
[1] 0
[1] 0
[1] 0
[1] 0
[1] 0
[1] 0
[1] 0
