 
WELCOME to the interactive CANDECOMP/PARAFAC analysis program
Warning: If you insert an object of mode CHARACTER when not requested, an error occurs and the program stops! 
 
Specify the number of A-mode entities 
Read 1 item
Specify the number of B-mode entities 
Read 1 item
Specify the number of C-mode entities 
Read 1 item
 
 
To see ANOVA results, specify 1:
Read 1 item
 
How do you want to center your array?
0 = none (default)
1 = across A-mode
2 = across B-mode
3 = across C-mode
12 = across A-mode and across B-mode
13 = across A-mode and across C-mode
23 = across B-mode and across C-mode
Read 1 item
Data have not been centered
 
How do you want to normalize your array?
0 = none (default)
1 = within A-mode
2 = within B-mode
3 = within C-mode
Read 1 item
Data have not been normalized
 
Note: The preprocessed data are now available in Xprep.
Xprep can be used for analyses outside the Candecomp/Parafac program
 
To see PCA of MEAN, specify '1':
Read 1 item
 
You are now about to do a Candecomp/Parafac analysis.
 
You have to specify the dimensionality to use.
To search this, you are advised to run a series of (unconstrained)
Candecomp/Parafac analyses using different dimensionalities
The results can next be used to find useful dimensionalities by the scree test.
To reduce the computation time, note that the maximum allowed number of iterations is 5000,
the convergence criterion is 1e-6 and the rational start via eigendecompositions is considered.
If you want to do this for choosing your dimensionality, specify '1':
Read 1 item
 
You can now do a CANDECOMP/PARAFAC ANALYSIS
 
How many components do you want to use?
Read 1 item
 
Do you want to use constraints? If so, enter '1':
Read 1 item
No constraints imposed
 
Specify convergence criterion (default=1e-6)
Read 1 item
 
By default, only a rationally started analysis run will be carried out.
To decrease the chance of missing the optimal solution, you may use additional, randomly started runs.
If you want additional runs, specify how many (e.g., 4):
Read 1 item
 
Specify the maximum number of iterations you allow (default=10000).
Read 1 item
Run no. 1
Candecomp/Parafac function value at Start is  35713.6302495011
f= 31304.1896418196 after 50 iters; diff.= 1.11929131505167
f= 31270.9660265429 after 100 iters; diff.= 0.30450483403547
f= 31259.2641955749 after 150 iters; diff.= 0.0370781136989535
Candecomp/Parafac function value is 31259.199736397 after 152 iterations
Fit percentage is 12.2481008651447 %
Procedure used 187.68 seconds
 
Candecomp/Parafac analysis with  7  components, gave a fit of  12.25 %
Simple check on degeneracy: inspect matrix of triple congruences
        Comp.1  Comp.2  Comp.3  Comp.4  Comp.5  Comp.6  Comp.7
Comp.1  1.0000 -0.0319 -0.0091  0.0011 -0.0002 -0.0016 -0.0013
Comp.2 -0.0319  1.0000 -0.0023 -0.0145 -0.0132 -0.0113 -0.0014
Comp.3 -0.0091 -0.0023  1.0000 -0.0001 -0.0009 -0.0056  0.0001
Comp.4  0.0011 -0.0145 -0.0001  1.0000  0.0013 -0.0012 -0.0008
Comp.5 -0.0002 -0.0132 -0.0009  0.0013  1.0000 -0.0036 -0.0001
Comp.6 -0.0016 -0.0113 -0.0056 -0.0012 -0.0036  1.0000 -0.0024
Comp.7 -0.0013 -0.0014  0.0001 -0.0008 -0.0001 -0.0024  1.0000
 
It is sometimes useful to SCALE solution, e.g., scale two matrices so that
they have unit sum of squares compensating this scale in remaining matrix.
If you want to scale components, specify '1':
Read 1 item
 
Solution for A, B and C in detail.
A
             Comp.1 Comp.2 Comp.3 Comp.4 Comp.5 Comp.6 Comp.7
tcga-a1-a0sd  -0.07   0.08   0.06   0.05   0.18  -0.08   0.09
tcga-a1-a0se  -0.28  -0.07   0.08   0.05   0.15  -0.11   0.17
tcga-a1-a0sh   0.13   0.54  -0.32  -0.04   0.02  -0.38   0.11
tcga-a1-a0sj  -0.64  -0.19   0.18  -0.13   0.48   0.01   0.07
tcga-a1-a0sk   0.49   1.59   0.15   0.07  -0.17   0.04   0.08
tcga-a1-a0sm   0.02   0.00   0.01  -0.20   0.04  -0.04  -0.03
tcga-a1-a0so   0.44   3.04   0.19   0.18  -0.32  -1.07  -0.28
tcga-a2-a04n  -2.77  -0.30  -0.04  -0.08  -0.05  -0.02  -0.13
tcga-a2-a04p  -1.57   2.10   0.00   0.12  -0.38   0.11  -0.06
tcga-a2-a04q  -0.10  -0.01   0.04   0.01  -0.02  -0.09  -0.01
tcga-a2-a04r  -0.54   0.01  -0.07   0.08   0.24  -0.70  -0.01
tcga-a2-a04u   0.43   1.51  -0.04   0.08  -0.12   0.25  -0.05
tcga-a2-a04v  -3.03  -0.18   0.19   0.12   0.03   0.05  -0.12
tcga-a2-a04w  -0.88   1.53  -0.10  -0.18   0.04   0.04  -0.04
tcga-a2-a04x  -0.44   0.06   0.14   0.04   0.33   0.03   0.05
tcga-a2-a04y  -0.10  -0.01   0.03  -0.17  -0.05  -0.13   0.14
tcga-a2-a0cl   0.15   1.39   0.08  -0.11   0.07   0.38  -0.06
tcga-a2-a0cm   0.47   1.56   0.07  -0.06  -0.13   0.27  -0.05
tcga-a2-a0cp  -2.90  -0.37   0.12  -0.08  -0.11   0.04  -0.08
tcga-a2-a0cq  -0.18   0.07   0.07  -0.10  -0.03  -0.14  -0.03
tcga-a2-a0cs  -3.29  -0.40   0.09  -0.05   0.06   0.12  -0.11
tcga-a2-a0ct  -0.06   0.10  -0.08   0.05   0.03  -0.19  -0.05
tcga-a2-a0cu  -0.18  -0.04   0.04  -0.14   0.10  -0.02  -0.02
tcga-a2-a0cv  -0.27   0.03   0.10  -0.01  -0.06  -0.11   0.22
tcga-a2-a0cw  -2.57   1.21  -0.16  -0.44   0.08   0.42   0.29
tcga-a2-a0cx   0.51   1.34  -0.32  -0.11   0.13   0.10  -0.10
tcga-a2-a0cz  -0.23  -0.08   0.05  -0.02  -0.01  -0.03   0.15
tcga-a2-a0d0   0.56   1.67  -0.14   0.12  -0.01   0.29  -0.05
tcga-a2-a0d1  -1.02   1.40  -0.05   0.11  -0.06   0.24  -0.13
tcga-a2-a0d2   0.74   1.89  -0.15  -0.05  -0.21   0.22   0.02
tcga-a2-a0d3  -2.83  -0.41   0.16  -0.06   0.16   0.07   0.02
tcga-a2-a0d4  -0.20  -0.01   0.02   0.00  -0.05  -0.15  -0.03
tcga-a2-a0em  -2.39  -0.23  -0.08  -0.06   0.00   0.12  -0.08
tcga-a2-a0en  -2.66  -0.22   0.13   0.22   0.09  -0.38   0.03
tcga-a2-a0eo  -2.42  -0.34  -0.17  -0.08   0.02   0.20  -0.05
tcga-a2-a0eq  -0.98   1.45  -0.03   0.14   0.09   0.28  -0.13
tcga-a2-a0er  -0.13  -0.03  -0.14   0.00  -0.04  -0.19  -0.04
tcga-a2-a0et  -0.18   0.04   0.06   0.05   0.15  -0.07  -0.02
tcga-a2-a0eu  -0.48  -0.12   0.11  -0.23   0.03  -0.20  -0.05
tcga-a2-a0ev  -2.39  -0.16  -0.12  -0.06  -0.16   0.16   0.20
tcga-a2-a0ew  -2.26  -0.25  -0.29   0.19  -0.02  -0.22   0.31
tcga-a2-a0ex  -2.39  -0.33  -0.10   0.08  -0.03   0.16   0.16
tcga-a2-a0ey  -1.79   1.54   0.08   0.13   0.68  -0.16   0.28
tcga-a2-a0st   0.02   0.04   0.04   0.02   0.00  -0.06   0.10
tcga-a2-a0su  -0.29  -0.06  -0.07   0.00  -0.07  -0.22   0.15
tcga-a2-a0sv  -0.25   1.36   0.39   0.10   0.69   0.04   0.23
tcga-a2-a0sw   0.34   1.91   0.17   0.21   0.17  -0.31   0.03
tcga-a2-a0sx   0.37   1.20   0.04   0.07  -0.06   0.25  -0.03
tcga-a2-a0sy  -2.85  -0.27   0.24   0.34   0.24  -0.72   0.39
tcga-a2-a0t0  -0.60   0.83   0.32   0.38  -0.08  -2.93  -0.61
tcga-a2-a0t1   0.50   1.40   0.05  -0.03   0.03   0.32  -0.04
tcga-a2-a0t2   0.53   1.76  -0.09   0.05  -0.06   0.37  -0.05
tcga-a2-a0t3  -0.04   1.17  -0.01  -0.22   0.30   0.11  -0.12
tcga-a2-a0t4  -2.56  -0.37  -0.04  -0.01   0.20   0.26   0.44
tcga-a2-a0t6  -0.28  -0.12  -0.13   0.03  -0.03  -0.05   0.22
tcga-a2-a0t7  -2.93  -0.36  -0.17  -0.09  -0.01   0.15  -0.09
tcga-a2-a0yc  -2.90  -0.25  -0.04   0.07  -0.13   0.19  -0.06
tcga-a2-a0yd  -3.28  -0.49   0.24   0.00   0.22   0.04   0.12
tcga-a2-a0yf  -0.78  -0.08   0.04  -0.07   0.07   0.00   0.10
tcga-a2-a0yg   0.48   1.06  -0.14  -0.55   0.75   0.41  -0.10
tcga-a2-a0yh  -2.49   1.28  -0.03  -0.02  -0.02  -0.13   0.09
tcga-a2-a0yi  -2.22  -0.27   0.02   0.06   0.05   0.19   0.03
tcga-a2-a0yj  -0.16   1.56   0.32   0.09   0.46   0.10  -0.18
tcga-a2-a0yk  -2.81  -0.09   0.07   0.09  -0.31  -0.88   0.54
tcga-a2-a0yl  -2.52  -0.25  -0.19   0.06  -0.14   0.10   0.09
tcga-a2-a0ym   0.52   1.98   0.15   0.05  -0.15   0.22   0.03
tcga-a7-a0cd   0.03   0.08  -0.11   0.02  -0.03  -0.08  -0.04
tcga-a7-a0ce   0.38   1.93   0.22   0.27  -0.10  -0.41  -0.05
tcga-a7-a0cg  -2.05  -0.12   0.09   0.05  -0.12   0.04   0.09
tcga-a7-a0cj  -2.55   1.18  -0.21   0.09  -0.02  -0.15  -0.13
tcga-a7-a0d9  -2.18  -0.14   0.01   0.05  -0.09   0.18  -0.04
tcga-a7-a0da   0.35   1.69   0.07   0.00   0.15   0.21  -0.02
tcga-a7-a0db  -3.05  -0.29  -0.11  -0.10  -0.06   0.17  -0.08
tcga-a7-a13d   0.26   1.67   0.00   0.10  -0.14   0.10   0.02
tcga-a7-a13f  -0.08   0.09   0.07   0.04   0.13  -0.06   0.14
tcga-a8-a06n  -0.09   0.03  -0.08  -0.09   0.01  -0.20  -0.05
tcga-a8-a06o   0.02   0.87   0.00   0.01   0.33   0.19   0.04
tcga-a8-a06p  -3.21  -0.47   0.15  -0.22   0.05   0.08  -0.12
tcga-a8-a06q  -3.67   1.51   0.32  -0.44  -0.16  -0.11  -0.32
tcga-a8-a06r  -2.17   0.03  -0.65   0.16  -0.04  -0.12   0.25
tcga-a8-a06t  -0.39  -0.09   0.14  -0.18  -0.07  -0.27   0.14
tcga-a8-a06u  -2.28   0.99  -0.07  -0.05  -0.03  -0.12  -0.09
tcga-a8-a06x  -0.69   0.23  -0.20   0.40   0.53  -1.04  -0.03
tcga-a8-a06y   0.08  -0.01  -0.20  -0.15  -0.02   0.07   0.12
tcga-a8-a06z  -0.25   0.03   0.06   0.02  -0.03  -0.11   0.09
tcga-a8-a075  -3.15   1.08   0.05  -0.13   0.19   0.40   0.05
tcga-a8-a076  -0.23  -0.04   0.00  -0.09   0.36  -0.25   0.15
tcga-a8-a079   0.31   1.45  -0.08  -0.05   0.01   0.21  -0.06
tcga-a8-a07b  -2.11   0.79  -0.01  -0.20   0.06   0.29  -0.14
tcga-a8-a07c  -0.03   0.92  -0.01   0.21  -0.34  -1.36  -0.05
tcga-a8-a07e  -3.59  -0.20  -0.04   0.33   0.02  -0.72  -0.10
tcga-a8-a07f  -0.74  -0.19  -0.13  -0.18  -0.09   0.02   0.41
tcga-a8-a07g  -2.60  -0.23   0.03   0.06  -0.10   0.13  -0.07
tcga-a8-a07i  -0.12   0.03  -0.02  -0.49   0.00  -0.42  -0.11
tcga-a8-a07j  -2.87  -0.22  -0.18   0.10  -0.02   0.04  -0.11
tcga-a8-a07l  -0.17   0.04   0.16  -0.52   0.30  -0.25  -0.10
tcga-a8-a07o   0.43   1.72  -0.17  -0.03  -0.11   0.01  -0.15
tcga-a8-a07p  -0.16  -0.06  -0.32   0.04   0.28  -0.04  -0.03
tcga-a8-a07r   0.26   1.83  -0.37   0.25   0.01  -0.44  -0.15
tcga-a8-a07u   0.33   1.43   0.06  -0.01  -0.01   0.35  -0.04
tcga-a8-a07w  -0.21   1.28   0.22   0.00   0.07   0.11  -0.08
tcga-a8-a07z  -3.63  -0.39   0.29   0.15   0.20   0.03  -0.14
tcga-a8-a081  -2.97   1.13   0.14  -0.15   0.08   0.40  -0.10
tcga-a8-a082  -0.55  -0.19   0.05  -0.21  -0.05  -0.09   0.10
tcga-a8-a083  -0.28  -0.05  -0.03  -0.10   0.24  -0.27   0.07
tcga-a8-a084  -2.08   1.50   0.05   0.06   0.03   0.72   0.11
tcga-a8-a085  -0.35   0.06   0.02   0.08   0.08  -0.53  -0.13
tcga-a8-a086  -0.60  -0.22   0.09  -0.19   0.06  -0.11  -0.03
tcga-a8-a08a  -0.05  -0.03  -0.10   0.01   0.08  -0.06  -0.01
tcga-a8-a08b  -1.91  -0.09   0.04   0.09  -0.12  -0.03   0.04
tcga-a8-a08f  -0.48   0.08   0.32  -0.09  -0.20  -2.05   0.40
tcga-a8-a08g  -0.60  -0.06   0.15  -0.03   0.17  -0.03   0.24
tcga-a8-a08h  -0.12  -0.01   0.01  -0.14  -0.02   0.00  -0.01
tcga-a8-a08i   0.27   1.40  -0.14  -0.17   0.05   0.33  -0.07
tcga-a8-a08j  -0.04  -0.05  -0.16   0.00  -0.03   0.04   0.37
tcga-a8-a08l  -3.08  -0.17  -0.01  -0.55  -0.67  -1.83  -0.06
tcga-a8-a08o  -2.72  -0.18   0.02   0.06  -0.13   0.07  -0.08
tcga-a8-a08p  -2.78   0.74  -0.06   0.03   0.45   0.44  -0.15
tcga-a8-a08r  -1.03   2.35  -0.47  -0.26  -0.30   0.43   0.15
tcga-a8-a08t  -2.70  -0.18  -0.86   0.12  -0.18   0.17   0.04
tcga-a8-a08x   0.49   1.36   0.05  -0.04  -0.01   0.30  -0.04
tcga-a8-a08z  -3.35  -0.38   0.10  -0.16  -0.16   0.19   0.10
tcga-a8-a090  -0.08   0.07   0.05   0.03   0.08  -0.10  -0.01
tcga-a8-a091  -0.28  -0.09   0.06   0.02   0.00  -0.03   0.20
tcga-a8-a092  -2.97   1.11  -0.17   0.11   0.20   0.32  -0.09
tcga-a8-a093  -3.45  -0.26   0.01   0.14  -0.07  -0.22  -0.16
tcga-a8-a094   0.01   1.93  -0.21   0.09   0.26   0.17   0.02
tcga-a8-a095  -2.84  -0.09   0.09   0.17  -0.06  -0.78  -0.06
tcga-a8-a096  -2.81  -0.31  -0.14  -0.04  -0.03   0.22   0.05
tcga-a8-a097   0.05   1.25   0.23   0.07   0.26  -0.60   0.07
tcga-a8-a099  -0.10   0.00   0.03  -0.02  -0.03  -0.14  -0.01
tcga-a8-a09a   0.01   0.22  -0.18   0.09   0.07  -0.62  -0.05
tcga-a8-a09b  -3.27  -0.36  -0.14  -0.12  -0.10   0.13   0.06
tcga-a8-a09c  -2.79  -0.15  -0.11   0.09  -0.04   0.23   0.06
tcga-a8-a09d  -2.87  -0.12   0.00   0.08  -0.17   0.12  -0.09
tcga-a8-a09g  -0.04   0.00  -0.07  -1.34   0.34  -1.68   0.15
tcga-a8-a09i  -0.44  -0.09   0.00  -0.14   0.36  -0.35   0.15
tcga-a8-a09m  -0.72  -0.14  -0.01  -0.43  -0.03  -0.34  -0.07
tcga-a8-a09n   0.18   1.31  -0.25  -0.09   0.21   0.16  -0.10
tcga-a8-a09q   0.15   1.58  -0.22   0.02   0.07  -0.60   0.21
tcga-a8-a09r  -0.36  -0.06  -0.28   0.03   0.07  -0.23   0.16
tcga-a8-a09t  -0.22  -0.04   0.04   0.03   0.14   0.00   0.00
tcga-a8-a09v  -0.28  -0.02  -0.11   0.07   0.14  -0.09   0.17
tcga-a8-a09w  -0.42   0.07   0.18   0.01  -0.15  -1.44   0.88
tcga-a8-a09x   0.21   1.28   0.13   0.10  -0.06   0.10   0.19
tcga-a8-a0a1  -2.28  -0.12   0.01   0.06  -0.10   0.19  -0.05
tcga-a8-a0a2  -0.31  -0.06   0.04   0.04  -0.02  -0.02   0.24
tcga-a8-a0a4  -0.34  -0.02   0.06   0.05  -0.02  -0.44   0.29
tcga-a8-a0a7  -1.23  -0.02  -0.14   0.10   0.07   0.06   0.18
tcga-a8-a0a9  -3.58  -0.34   0.09   0.15   0.14  -0.06   0.02
tcga-a8-a0ab  -0.69  -0.08   0.18  -0.05   0.08   0.01   0.32
tcga-a8-a0ad  -0.54  -0.09   0.14   0.03   0.10  -0.09   0.05
tcga-an-a03x  -3.01  -0.42  -0.21  -0.18  -0.16   0.22  -0.04
tcga-an-a03y  -2.93  -0.30   0.05   0.10  -0.16   0.04   0.15
tcga-an-a041  -0.30  -0.02  -0.07  -0.14  -0.07  -0.13   0.15
tcga-an-a049  -3.29  -0.46  -0.15  -0.17  -0.19   0.05  -0.08
tcga-an-a04a  -0.44  -0.08   0.09  -0.23  -0.06  -0.07   0.19
tcga-an-a04c  -1.13   1.56   0.04  -0.13  -0.13   0.39  -0.13
tcga-an-a04d   0.18   0.53   0.00   0.12   0.07  -1.04   0.18
tcga-an-a0aj  -2.58   0.71   0.05  -0.49   0.19   0.17  -0.24
tcga-an-a0al   0.63   2.24   0.07   0.29  -0.12  -0.42  -0.02
tcga-an-a0am  -0.34   0.02  -0.03   0.01  -0.07  -0.21   0.17
tcga-an-a0ar   0.04   1.72   0.27   0.14   0.08   0.14  -0.09
tcga-an-a0as  -0.02   1.51   0.14  -0.20  -0.05  -0.22   0.45
tcga-an-a0at  -0.10   0.68   0.33   0.21   0.12  -1.20   0.04
tcga-an-a0fd  -0.26   0.02   0.06  -0.21  -0.04   0.01   0.34
tcga-an-a0ff  -2.72  -0.24   0.14   0.11   0.22   0.13  -0.10
tcga-an-a0fj   0.46   2.00  -0.05   0.29   0.23  -0.58   0.01
tcga-an-a0fk  -0.04   0.03   0.03  -0.15  -0.02   0.00  -0.01
tcga-an-a0fl   0.68   2.45   0.12   0.26  -0.11  -0.53   0.18
tcga-an-a0fn  -0.27  -0.07   0.10   0.05   0.16  -0.12  -0.05
tcga-an-a0fs  -1.73  -0.10   0.06   0.06  -0.09   0.01   0.10
tcga-an-a0ft   0.22   1.44   0.14  -0.40   0.11   0.10   0.05
tcga-an-a0fv   0.47   1.44   0.04  -0.03   0.01  -0.04  -0.01
tcga-an-a0fw   0.26   0.18  -0.46   0.02   0.35   0.10   0.00
tcga-an-a0fx   0.69   2.16  -0.04  -0.09  -0.18   0.04  -0.11
tcga-an-a0fy   0.00   1.06   0.12  -0.02   0.17   0.21  -0.04
tcga-an-a0fz   0.01   0.05   0.08  -0.11   0.23  -0.16  -0.02
tcga-an-a0g0   0.09   1.72   0.24   0.14   0.00   0.09  -0.12
tcga-an-a0xl  -2.73  -0.28  -0.31   0.09  -0.01   0.16  -0.08
tcga-an-a0xn   0.40   1.63  -0.03  -0.54  -0.08   0.06  -0.05
tcga-an-a0xo  -2.68  -0.20   0.12  -0.35  -0.23  -0.19  -0.02
tcga-an-a0xp  -3.12  -0.36  -0.08   0.14   0.05   0.10   0.03
tcga-an-a0xr  -0.66  -0.17   0.15  -0.29   0.09  -0.09   0.22
tcga-an-a0xs  -2.78  -0.45   0.04  -0.26   0.09   0.15   0.01
tcga-an-a0xt   0.36   1.55   0.07   0.03  -0.02   0.34  -0.03
tcga-an-a0xu   0.83   2.03  -0.51   0.19  -0.11   0.39   0.23
tcga-an-a0xv  -0.75  -0.07   0.27   0.12   0.34  -0.21   0.06
tcga-an-a0xw  -0.65  -0.01   0.02  -0.55  -0.28  -2.81   0.01
tcga-ao-a03l  -2.61   1.25   0.03   0.02  -0.06   0.61  -0.10
tcga-ao-a03n  -3.24   1.25   0.06   0.18   0.29   0.53   0.13
tcga-ao-a03o  -2.69   0.93   0.01  -0.13  -0.04   0.43   0.01
tcga-ao-a03p  -0.35   0.04   0.14  -0.01   0.11  -0.11   0.25
tcga-ao-a03r   0.33   1.39  -0.12  -0.31  -0.01   0.22   0.06
tcga-ao-a03t  -0.99   0.19   0.12   0.50   0.07  -1.72   0.04
tcga-ao-a03u   0.03   0.08   0.02  -0.03  -0.02  -0.03   0.00
tcga-ao-a03v   0.02   0.99  -0.03  -0.04   0.02  -0.42  -0.07
tcga-ao-a0j2   0.34   1.35   0.06  -0.03  -0.05   0.24  -0.06
tcga-ao-a0j3  -0.15   0.25  -0.12   0.21  -0.04  -0.62   0.57
tcga-ao-a0j4   0.58   1.78   0.06   0.11  -0.13  -0.18   0.14
tcga-ao-a0j6   0.36   1.97   0.09   0.19  -0.19  -0.34   0.18
tcga-ao-a0j7  -2.38  -0.27  -0.03   0.05   0.03   0.20  -0.03
tcga-ao-a0j8  -0.21  -0.08  -0.09  -0.10   0.06   0.04   0.20
tcga-ao-a0j9  -0.38   0.00  -0.28   0.14   0.06  -0.34   0.31
tcga-ao-a0ja  -2.93  -0.21   0.02   0.13  -0.17   0.01   0.22
tcga-ao-a0jb   0.63   1.70  -0.16  -0.49  -0.03  -0.59   0.33
tcga-ao-a0jc  -2.71  -0.22   0.05   0.05  -0.11   0.13  -0.08
tcga-ao-a0jd   0.05   1.64   0.21  -0.54   0.14   0.42  -0.06
tcga-ao-a0je  -0.99   1.68  -0.23   0.29   0.50  -0.03  -0.07
tcga-ao-a0jf  -3.49  -0.54   0.17  -0.10   0.06   0.03  -0.10
tcga-ao-a0jg  -1.24  -0.27   0.38  -0.08   0.52  -0.15   0.12
tcga-ao-a0ji  -0.03   0.01  -0.13   0.02  -0.03  -0.11  -0.02
tcga-ao-a0jj  -0.28  -0.07   0.06   0.06  -0.02  -0.04   0.28
tcga-ao-a0jl   0.50   1.71   0.08  -0.27  -0.09   0.33  -0.08
tcga-ao-a0jm  -0.06  -0.01  -0.41   0.05   0.18  -0.02  -0.01
tcga-ao-a124   0.60   1.97  -0.04  -0.06  -0.31  -0.34   0.04
tcga-ao-a125  -2.66  -0.23   0.14   0.12   0.08   0.00  -0.09
tcga-ao-a126  -2.56  -0.20   0.02   0.07  -0.11   0.16  -0.06
tcga-ao-a129   0.48   1.83  -0.11  -0.25  -0.11   0.45   0.08
tcga-ao-a12a  -3.01  -0.28   0.13   0.04  -0.15   0.04   0.07
tcga-ao-a12b  -0.34  -0.13   0.09  -0.13   0.28  -0.04  -0.02
tcga-ao-a12d   0.43   1.21   0.06  -0.04   0.17   0.25  -0.05
tcga-ao-a12e  -0.12  -0.07   0.07  -0.22   0.02  -0.30  -0.07
tcga-ao-a12f   0.52   1.67   0.11  -0.07  -0.16   0.27   0.13
tcga-ao-a12g   0.08   1.05   0.08  -0.11  -0.02   0.28   0.25
tcga-ao-a12h  -0.29  -0.05  -0.24  -0.11   0.06  -0.02   0.00
tcga-aq-a04j   0.45   1.65  -0.05   0.09  -0.13   0.34  -0.05
tcga-aq-a04l   0.22   1.29   0.09  -0.01  -0.02   0.19  -0.06
tcga-ar-a0tp   0.41   1.58  -0.07  -0.15   0.15   0.20  -0.11
tcga-ar-a0tq  -0.17  -0.02   0.09  -0.22  -0.03  -0.12   0.19
tcga-ar-a0tr  -3.04  -0.34  -0.01  -0.15   0.07   0.29  -0.05
tcga-ar-a0ts   0.61   1.91  -0.09   0.06  -0.09   0.37  -0.06
tcga-ar-a0tt  -0.04   0.04  -0.46  -0.04  -0.09  -0.11  -0.01
tcga-ar-a0tu   0.10   0.19  -0.07  -0.07  -0.11  -0.22   0.23
tcga-ar-a0tv   0.31   1.55  -0.32  -0.04  -0.06   0.30   0.14
tcga-ar-a0tw  -0.39  -0.15  -0.17  -0.24  -0.10  -0.30   0.19
tcga-ar-a0tx   0.69  -1.15  -0.01   0.02   8.62   0.17  -0.01
tcga-ar-a0ty  -0.41  -0.03   0.17  -0.33  -0.14  -0.37   0.12
tcga-ar-a0tz  -3.34  -0.37   0.10   0.15   0.11   0.17   0.06
tcga-ar-a0u0   0.36   1.83   0.28   0.11   0.14  -0.51   0.12
tcga-ar-a0u1   0.55   1.83   0.08  -0.07   0.01   0.39   0.12
tcga-ar-a0u2   0.06   1.38   0.24  -0.27   0.14   0.16   0.35
tcga-ar-a0u3   0.33   1.43  -0.13  -0.08   0.05   0.27  -0.08
tcga-ar-a0u4   1.04   2.52  -0.59   0.25  -0.19  -0.64   0.07
tcga-ar-a1ah   0.81   2.01  -0.51  -0.19   0.00   0.08   0.24
tcga-ar-a1ai   0.33   1.44   0.15   0.13  -0.19  -0.03   0.02
tcga-ar-a1aj   0.21   1.19   0.10  -0.07  -0.05   0.19   0.05
tcga-ar-a1ak  -0.08   0.08  -0.08   0.12   0.10  -0.41   0.08
tcga-ar-a1al  -2.99  -0.38   0.19   0.02   0.07   0.08   0.28
tcga-ar-a1an   0.09   1.25   0.10  -0.01   0.01   0.36   0.09
tcga-ar-a1ao  -2.18  -0.12   0.04   0.06  -0.09   0.15  -0.02
tcga-ar-a1ap  -0.24   0.96   0.12  -0.14   0.00   0.22   0.15
tcga-ar-a1aq   0.50   1.77   0.02   0.04  -0.11   0.22   0.04
tcga-ar-a1ar   0.04   0.13   0.04  -0.08   0.04  -0.07  -0.03
tcga-ar-a1as  -2.93   1.36  -0.12   0.16  -0.15  -0.28  -0.11
tcga-ar-a1at  -0.47  -0.01   0.13   0.16   0.27  -0.34   0.14
tcga-ar-a1au  -0.42  -0.04   0.12  -0.12  -0.02  -0.17  -0.03
tcga-ar-a1av  -2.50  -0.21   0.07   0.05   0.00   0.15   0.13
tcga-ar-a1aw  -2.55   0.97   0.12   0.06  -0.13   0.41   0.01
tcga-ar-a1ax  -0.31  -0.07  -0.02   0.07   0.37   0.00  -0.03
tcga-ar-a1ay   0.28   1.24   0.08   0.02  -0.01   0.24  -0.02
tcga-b6-a0i5  -3.39  -0.37  -0.04  -0.15   0.02   0.11   0.11
tcga-b6-a0i9   0.21   1.08   0.15   0.12   0.50  -0.26   0.04
tcga-b6-a0ia  -0.07   0.09  -0.01   0.12   0.00  -0.43   0.05
tcga-b6-a0ib  -0.54  -0.06   0.14  -0.17  -0.07  -0.27   0.18
tcga-b6-a0ie  -1.08   1.35  -0.12   0.06   0.11   0.53  -0.06
tcga-b6-a0ih  -0.62  -0.12   0.17   0.09   0.15   0.00   0.36
tcga-b6-a0ij  -0.30   1.39   0.02  -0.13   0.10  -0.98  -0.23
tcga-b6-a0ik  -1.47   2.03  -0.25   0.12   0.29   0.47   0.12
tcga-b6-a0im  -0.55  -0.22  -0.21  -0.17  -0.05   0.00   0.15
tcga-b6-a0io  -0.50  -0.06   0.07  -0.16   0.03  -0.07   0.11
tcga-b6-a0ip  -2.55  -0.29   0.17   0.21   0.11  -0.34   0.16
tcga-b6-a0iq   0.71   1.75  -0.06  -0.11  -0.10   0.23   0.04
tcga-b6-a0re  -1.32   1.76  -0.02   0.18  -0.19   0.34   0.01
tcga-b6-a0rg  -1.88   0.06   0.14   0.12  -0.04  -0.09   0.13
tcga-b6-a0rh  -2.48   0.84   0.22  -0.15   0.35   0.31  -0.18
tcga-b6-a0ri  -0.36  -0.08   0.11   0.05   0.15   0.00   0.28
tcga-b6-a0rl  -0.40  -0.17  -0.24  -0.16   0.26  -0.09  -0.05
tcga-b6-a0rn  -1.59   0.04   0.05   0.02  -0.09   0.12   0.04
tcga-b6-a0ro  -2.78  -0.29  -0.25   0.07  -0.01   0.12   0.07
tcga-b6-a0rp  -2.89  -0.23  -0.12   0.28   0.23  -0.51  -0.04
tcga-b6-a0rq  -2.42  -0.24   0.08   0.09  -0.03   0.08   0.22
tcga-b6-a0rs   0.72   2.05  -0.21  -0.10  -0.16  -0.03  -0.01
tcga-b6-a0rt  -0.14  -0.06   0.03  -0.16   0.12   0.04   0.00
tcga-b6-a0ru   0.12   1.14   0.08   0.04  -0.09   0.07   0.01
tcga-b6-a0rv  -0.65  -0.10  -0.23  -0.10   0.24  -0.07   0.10
tcga-b6-a0ws  -0.25  -0.04   0.06  -0.01  -0.02  -0.05   0.11
tcga-b6-a0wt  -0.13  -0.15  -0.17  -0.17   0.35  -0.02   0.28
tcga-b6-a0wv  -0.46  -0.10   0.13  -0.13   0.20  -0.08  -0.04
tcga-b6-a0wx   0.51   1.35  -0.08  -0.01  -0.06   0.30   0.09
tcga-b6-a0wy  -3.05  -0.13  -0.09   0.15   0.01   0.14   0.08
tcga-b6-a0wz  -1.12   0.08   0.47   0.15   0.18  -0.49   0.06
tcga-b6-a0x0  -2.11  -0.21   0.05   0.08   0.04   0.13   0.24
tcga-b6-a0x4  -0.64  -0.15   0.00   0.11   0.40  -0.33   0.05
tcga-b6-a0x5  -3.47  -0.37  -0.02   0.00   0.74   0.23  -0.17
tcga-bh-a0au  -0.09   0.01   0.03   0.02  -0.03  -0.06   0.09
tcga-bh-a0av   0.49   1.35  -0.05   0.04  -0.05   0.25   0.09
tcga-bh-a0aw   0.27   1.27  -0.05  -0.34   0.68  -0.90  -0.11
tcga-bh-a0ay  -0.04  -0.09  -0.10  -0.13   0.05  -0.24   0.07
tcga-bh-a0az  -0.31  -0.13  -0.21  -0.11   0.14  -0.62   0.17
tcga-bh-a0b0  -2.30   0.70   0.01   0.04   0.04   0.14  -0.16
tcga-bh-a0b1  -0.05   0.03   0.02  -0.17  -0.05  -0.11  -0.03
tcga-bh-a0b3   0.49   2.00   0.18   0.07  -0.14   0.03  -0.13
tcga-bh-a0b4  -0.02  -0.04  -0.22  -0.14   0.23  -0.41  -0.12
tcga-bh-a0b5  -2.61  -0.12  -0.14  -0.15  -0.16   0.11  -0.06
tcga-bh-a0b7   0.23   1.12   0.09  -0.09   0.43   0.41   0.05
tcga-bh-a0b8  -0.14  -0.03  -0.07  -0.09   0.07  -0.14   0.12
tcga-bh-a0b9   0.26   1.35   0.08   0.09  -0.09   0.23  -0.05
tcga-bh-a0ba  -2.70  -0.43  -0.26  -0.08  -0.03   0.20   0.48
tcga-bh-a0bc  -3.10   1.09   0.26   0.11   0.45   0.46  -0.18
tcga-bh-a0bd  -2.49  -0.17  -0.42   0.06   0.00   0.13  -0.09
tcga-bh-a0bf  -2.49   1.15   0.06   0.17  -0.03  -0.05  -0.05
tcga-bh-a0bg  -0.01   1.47   0.13   0.24  -0.01  -0.29  -0.06
tcga-bh-a0bj  -2.83  -0.27  -0.03   0.06  -0.11   0.20  -0.06
tcga-bh-a0bl   0.24   1.48   0.00   0.15  -0.03   0.06  -0.09
tcga-bh-a0bm  -2.62  -0.03   0.03   0.16  -0.14   0.14   0.13
tcga-bh-a0bo  -2.89  -0.37   0.12  -0.19   0.00   0.08   0.00
tcga-bh-a0bp  -0.35   1.11  -0.11   0.23   0.42  -0.42  -0.08
tcga-bh-a0bq  -2.24  -0.23   0.03   0.03  -0.09   0.10  -0.06
tcga-bh-a0br   0.10   0.91  -0.32  -0.04   0.11   0.27   0.09
tcga-bh-a0bs  -0.25  -0.07   0.07  -0.02  -0.01  -0.04   0.20
tcga-bh-a0bt  -2.38   0.91  -0.26  -0.18  -0.11   0.40  -0.14
tcga-bh-a0bv  -2.92  -0.19  -0.01   0.12   0.03   0.12  -0.05
tcga-bh-a0bw   0.18   1.60   0.22   0.00  -0.05  -0.28  -0.08
tcga-bh-a0bz  -0.46  -0.30  -0.14  -0.31   0.06  -3.18  -0.24
tcga-bh-a0c0   0.07   1.01   0.09  -0.11   0.21   0.31  -0.04
tcga-bh-a0c1  -0.43  -0.02   0.09   0.08  -0.02  -0.02   0.43
tcga-bh-a0c3   0.14   0.81   0.06   0.04  -0.02   0.20   0.09
tcga-bh-a0c7  -0.30  -0.10   0.07  -0.18   0.13   0.00   0.17
tcga-bh-a0dd  -2.10  -0.22  -0.12   0.01  -0.07   0.09  -0.06
tcga-bh-a0de  -3.24  -0.35   0.18   0.14   0.19   0.01  -0.12
tcga-bh-a0dg  -0.44  -0.02   0.14  -0.07   0.07  -0.11   0.15
tcga-bh-a0dh  -0.78  -0.15   0.18  -0.14   0.41  -0.44   0.02
tcga-bh-a0di   0.14   1.43   0.19   0.12   0.11  -0.49   0.10
tcga-bh-a0dk  -3.22  -0.26   0.13  -0.06   0.16   0.17   0.07
tcga-bh-a0dl  -1.72   1.22   0.15   0.22  -0.11  -0.06  -0.01
tcga-bh-a0do  -2.28  -0.23   0.04   0.07  -0.08   0.08  -0.06
tcga-bh-a0dp  -2.50  -0.27   0.09  -0.08  -0.11   0.06  -0.05
tcga-bh-a0dq  -0.04   0.06   0.02   0.02  -0.02   0.05   0.46
tcga-bh-a0ds  -0.15   0.10   0.10   0.03   0.08  -0.17   0.19
tcga-bh-a0dt  -3.24  -0.51   0.11  -0.19  -0.16   0.07   0.08
tcga-bh-a0dx  -2.41  -0.10  -0.19   0.13  -0.08  -0.42   0.08
tcga-bh-a0dz   0.08  -0.95   0.00  -8.56   0.04   0.02  -0.07
tcga-bh-a0e0   0.52   1.87   0.02  -0.13  -0.06   0.13   0.19
tcga-bh-a0e1   0.01   0.07  -0.21  -0.14   0.07  -0.38  -0.10
tcga-bh-a0e2  -0.05   0.01  -0.22   0.01  -0.01   0.02  -0.01
tcga-bh-a0e6   0.42   1.27   0.07  -0.01  -0.04   0.19   0.05
tcga-bh-a0e7  -0.72  -0.17   0.08  -0.27  -0.07  -0.04   0.01
tcga-bh-a0e9  -0.15  -0.06   0.02   0.04  -0.02   0.00   0.41
tcga-bh-a0ea  -2.69  -0.41  -0.28   0.05   0.00   0.14   0.10
tcga-bh-a0eb  -2.24   0.73  -0.07  -0.11  -0.06   0.36  -0.11
tcga-bh-a0ee  -1.38   0.00   0.05  -0.06  -0.02   0.04   0.04
tcga-bh-a0ei  -0.55  -0.11   0.11  -0.11   0.15   0.00   0.08
tcga-bh-a0gy  -2.84   1.22   0.07   0.22   0.01   0.03   0.36
tcga-bh-a0gz  -0.15   0.09  -0.17  -0.04  -0.07  -0.11   0.25
tcga-bh-a0h0  -0.06   0.00   0.01   0.00   0.00   0.00   0.00
tcga-bh-a0h3  -2.61  -0.31   0.07   0.04  -0.11   0.09   0.06
tcga-bh-a0h6  -0.45  -0.20   0.04  -0.19   0.09  -0.02  -0.01
tcga-bh-a0h7   0.12   1.01  -0.07  -0.21   0.41   0.35  -0.06
tcga-bh-a0h9  -3.08  -0.19   0.17   0.10   0.04  -0.63  -0.09
tcga-bh-a0ha  -3.05  -0.29  -0.44  -0.08  -0.15  -1.05  -0.23
tcga-bh-a0hb  -0.44   0.04   0.14  -0.06   0.15  -0.01  -0.02
tcga-bh-a0hi  -2.35  -0.19   0.06   0.04  -0.08  -0.42  -0.07
tcga-bh-a0hk  -0.41   0.17  -0.20  -0.07   0.27  -0.15  -0.03
tcga-bh-a0hl  -0.45  -0.01   0.15   0.18   0.14  -0.90   0.24
tcga-bh-a0hn  -3.19  -0.38   0.28   0.15   0.30  -0.05  -0.13
tcga-bh-a0ho  -0.26  -0.16   0.05  -0.33   0.17   0.04  -0.01
tcga-bh-a0hp   1.05  -0.25  -0.01   0.05   0.03   0.30   7.03
tcga-bh-a0hq  -0.75  -0.05   0.24   0.08   0.22  -0.19   0.07
tcga-bh-a0hu  -3.01  -0.27   0.00   0.09   0.11  -0.04  -0.06
tcga-bh-a0hw   0.00   0.03   0.01   0.03   0.20   0.03   0.00
tcga-bh-a0hx   0.48   1.64  -0.10  -0.31  -0.12   0.05   0.27
tcga-bh-a0rx   0.31   1.44   0.08  -0.02  -0.03   0.33  -0.04
tcga-bh-a0w3  -2.44  -0.22  -0.03   0.04  -0.10   0.20  -0.05
tcga-bh-a0w4  -0.07   0.03   0.03  -0.26  -0.05  -0.01   0.11
tcga-bh-a0w5  -3.04  -0.44   0.06  -0.37  -0.19   0.05  -0.09
tcga-bh-a0w7  -3.03  -0.12   0.13  -0.02  -0.15  -0.26  -0.08
tcga-bh-a18f  -3.32  -0.42   0.14  -0.01   0.03  -0.07   0.19
tcga-bh-a18h  -2.18   0.66   0.12  -0.06   0.11   0.36  -0.03
tcga-bh-a18i  -2.47  -0.25  -0.17   0.07   0.02   0.10  -0.08
tcga-bh-a18j  -2.99  -0.12   0.00   0.08  -0.19   0.12   0.06
tcga-bh-a18k  -0.10   0.00  -0.07  -0.01  -0.03  -0.13  -0.03
tcga-bh-a18m  -3.15  -0.56  -0.21  -0.33  -0.20   0.03   0.27
tcga-bh-a18n  -0.83  -0.31  -0.01  -0.41   0.25  -0.32  -0.11
tcga-bh-a18p  -0.91   0.11  -0.23  -0.22   0.26  -1.59   0.05
tcga-bh-a18q   0.86   2.06   0.03   0.09  -0.07  -0.06   0.26
tcga-bh-a18r  -0.04   0.09   0.02   0.03  -0.02  -0.05  -0.01
tcga-bh-a18t   0.70   2.05  -0.06   0.29  -0.13  -0.33   0.09
tcga-bh-a18u  -0.13   0.98   0.20  -0.05   0.63   0.29  -0.07
tcga-bh-a18v   1.05   2.64  -0.21  -0.28  -0.22   0.15   0.32
tcga-bh-a1eo  -0.10  -0.01   0.03  -0.11  -0.04  -0.11  -0.03
tcga-bh-a1es  -0.47   0.03   0.12   0.22   0.20  -0.67   0.01
tcga-bh-a1et  -2.24  -0.16   0.02   0.06  -0.08   0.15  -0.06
tcga-bh-a1eu  -2.17  -0.26   0.02  -0.07  -0.11   0.08  -0.07
tcga-bh-a1ew   0.03   0.03   0.01  -0.01  -0.01  -0.04  -0.01
tcga-bh-a1f0   0.34   1.18   0.07  -0.04  -0.03   0.22  -0.03
tcga-c8-a12l  -0.98   1.81   0.19  -0.12  -0.23   0.20  -0.14
tcga-c8-a12n  -3.23  -0.46   0.08  -0.26  -0.03   0.21   0.01
tcga-c8-a12p   0.76   1.88  -0.07   0.06   0.25  -0.12  -0.16
tcga-c8-a12q   0.56   1.52   0.06  -0.14   0.07  -0.08  -0.12
tcga-c8-a12t  -2.77   0.11  -0.20   0.08  -0.16  -0.38  -0.10
tcga-c8-a12u  -2.84  -0.20   0.05  -0.08  -0.15   0.04  -0.12
tcga-c8-a12v   0.00   0.06   0.00   0.00   0.00  -0.01   0.00
tcga-c8-a12w   0.12   1.48   0.22  -0.02   0.14  -0.55  -0.05
tcga-c8-a12x  -0.32   0.13  -0.08   0.05  -0.08  -0.27   0.03
tcga-c8-a12z   0.31   1.55   0.08  -0.13   0.11   0.27  -0.08
tcga-c8-a130  -2.12   0.81   0.05  -0.19   0.06   0.36  -0.13
tcga-c8-a131  -1.50   1.81  -0.04   0.14  -0.16   0.45  -0.10
tcga-c8-a132  -0.08   0.02   0.06  -0.17   0.11  -0.12  -0.03
tcga-c8-a133  -2.60  -0.27   0.06   0.06  -0.12   0.10   0.17
tcga-c8-a134   0.66   1.80   0.18  -0.17  -0.10   0.12   0.22
tcga-c8-a135   0.33   1.49   0.14   0.04   0.03   0.20  -0.07
tcga-c8-a137   0.39   1.41   0.09   0.02   0.00   0.26  -0.05
tcga-c8-a138   0.37   1.40   0.06  -0.02   0.05   0.33   0.11
tcga-c8-a1hf  -1.50   1.02   0.08   0.02  -0.06   0.38  -0.09
tcga-c8-a1hg   0.23   1.27   0.07   0.00   0.10   0.29  -0.05
tcga-c8-a1hi  -0.37  -0.09   0.08  -0.03  -0.02  -0.02   0.19
tcga-c8-a1hl  -0.17   0.03   0.05  -0.02  -0.04  -0.06   0.16
tcga-c8-a1hm  -0.53   2.02   0.13   0.31   0.13  -1.68  -0.34
tcga-c8-a1hn  -0.52  -0.01   0.09   0.00  -0.06  -0.14   0.11
tcga-d8-a13y   0.43   1.13  -0.54  -0.19   0.12   0.23  -0.09
tcga-d8-a13z   0.44   1.80  -0.05   0.00  -0.10   0.13   0.05
tcga-d8-a140  -0.03  -0.02   0.05  -0.14   0.32  -0.03   0.08
tcga-d8-a141  -0.09  -0.01   0.03   0.01   0.00   0.02   0.12
tcga-d8-a142   0.39   1.74   0.04   0.25  -0.13  -0.33  -0.04
tcga-d8-a143  -1.15   1.89  -0.20   0.21  -0.29   0.43   0.12
tcga-d8-a145  -0.30   0.01   0.07  -0.13   0.12  -0.04   0.10
tcga-d8-a147   0.85   2.57  -0.01   0.36  -0.19  -0.26   0.14
tcga-e2-a105  -2.36  -0.29  -0.10   0.06   0.11   0.17   0.02
tcga-e2-a107  -0.20  -0.07   0.05   0.05  -0.03   0.04   0.56
tcga-e2-a108  -2.36   1.11  -0.23  -0.23  -0.04   0.60   0.02
tcga-e2-a109   0.48   1.69  -0.17  -0.15   0.02   0.25  -0.12
tcga-e2-a10a  -1.13  -0.26   0.23  -0.20   0.10  -0.08   0.19
tcga-e2-a10b  -3.20  -0.35  -0.17  -0.08   0.13   0.00   0.07
tcga-e2-a10c   0.92  -0.15 -10.66   0.09   0.09   0.00  -0.01
tcga-e2-a10e  -2.79  -0.18   0.06   0.24  -0.01  -0.52  -0.02
tcga-e2-a10f  -2.61  -0.29   0.09   0.11  -0.11   0.17   0.40
tcga-e2-a14n   0.50   1.92   0.14   0.07  -0.14   0.16  -0.09
tcga-e2-a14o  -0.66  -0.01   0.25   0.08   0.32  -0.16  -0.07
tcga-e2-a14p   0.53   1.73   0.14   0.18   0.08  -0.23   0.10
tcga-e2-a14q  -0.11   0.02  -0.19  -0.21  -0.09  -0.23  -0.06
tcga-e2-a14r   0.56   2.07   0.07   0.15   0.08   0.24   0.24
tcga-e2-a14s  -0.51   0.04  -0.10   0.07   0.08  -0.30   0.01
tcga-e2-a14t  -0.39   0.03   0.06   0.12  -0.01  -0.61   0.18
tcga-e2-a14v  -2.20  -0.32  -0.25  -0.13   0.33   0.18   0.23
tcga-e2-a14w  -0.27  -0.01   0.01  -0.40   0.01  -0.31  -0.05
tcga-e2-a14x   0.57   1.75  -0.05   0.19  -0.10  -0.21   0.01
tcga-e2-a14y  -2.45   0.76   0.22  -0.34   0.43   0.53   0.01
tcga-e2-a14z   0.24   1.23   0.11   0.01   0.05   0.20   0.19
tcga-e2-a150   0.19   1.83   0.23   0.10  -0.09   0.15  -0.04
tcga-e2-a152  -1.44   0.85   0.17  -0.28   0.10   0.19  -0.02
tcga-e2-a153  -2.50  -0.28  -0.02   0.07   0.02   0.18  -0.05
tcga-e2-a154  -2.41  -0.26  -0.10  -0.05  -0.13   0.13   0.13
tcga-e2-a155   0.09   1.47  -0.01  -0.01  -0.01   0.17   0.16
tcga-e2-a156  -3.05  -0.41   0.11  -0.10  -0.13   0.09  -0.07
tcga-e2-a158   0.54   1.85   0.21  -0.14  -0.13  -0.50  -0.02
tcga-e2-a159   0.72   2.55   0.12   0.17  -0.17  -0.19  -0.20
tcga-e2-a15a  -0.22   0.08   0.10   0.02   0.08  -0.20   0.09
tcga-e2-a15c  -2.80  -0.38   0.09  -0.19  -0.02   0.12  -0.08
tcga-e2-a15d  -0.39   0.02   0.14   0.00   0.03  -0.16   0.11
tcga-e2-a15e  -2.35   0.69   0.19  -0.04   0.27   0.40  -0.04
tcga-e2-a15f  -0.01   0.02   0.00   0.01   0.00   0.00   0.00
tcga-e2-a15g  -2.74  -0.39   0.11  -0.22  -0.17  -0.03   0.02
tcga-e2-a15h  -0.27  -0.08  -0.06  -0.06  -0.01  -0.09   0.10
tcga-e2-a15i   0.01   0.09  -0.15   0.01  -0.03  -0.02  -0.01
tcga-e2-a15j  -0.34  -0.05   0.05   0.00  -0.04  -0.06   0.18
tcga-e2-a15k  -3.45  -0.16   0.23   0.14   0.05   0.00  -0.16
tcga-e2-a15l  -2.40  -0.24  -0.07   0.04  -0.15  -0.01   0.06
tcga-e2-a15m  -0.05   1.24   0.00   0.02   0.01   0.03  -0.06
tcga-e2-a15o  -0.49  -0.19   0.06  -0.45  -0.07  -0.04   0.16
tcga-e2-a15p  -2.45  -0.32   0.09   0.08   0.16   0.07  -0.07
tcga-e2-a15r   0.03   0.01  -0.15  -0.01  -0.02  -0.05  -0.01
tcga-e2-a15s  -0.13   0.01   0.19   0.04   0.12  -0.54   0.06
tcga-e2-a15t  -0.08   1.38   0.15  -0.15  -0.06   0.14   0.06
tcga-e2-a1az  -0.08   0.09  -0.06   0.02  -0.08  -0.28  -0.08
tcga-e2-a1b0   0.39   1.37   0.10   0.02   0.06   0.17  -0.07
tcga-e2-a1b1  -0.36   0.03   0.14   0.04   0.23  -0.03  -0.02
tcga-e2-a1b4  -2.77  -0.38  -0.11  -0.10  -0.01   0.09  -0.09
tcga-e2-a1b5  -0.27  -0.01   0.05   0.01  -0.02  -0.02   0.19
tcga-e2-a1b6   0.43   1.55  -0.04   0.07  -0.14   0.21  -0.06
tcga-e2-a1bc  -2.68  -0.33   0.11   0.06  -0.10   0.01  -0.07
tcga-e2-a1bd  -2.99  -0.34  -0.17  -0.13  -0.16   0.19  -0.08
B
                Comp.1 Comp.2 Comp.3 Comp.4 Comp.5 Comp.6 Comp.7
ANK3              0.00  -0.01   0.00   0.00   0.19   0.01   0.25
HECTD4            0.01  -0.03   0.00   0.00   0.01   0.01  -0.01
COL14A1           0.02  -0.01   0.01   0.01   0.01   0.06   0.02
FNDC1             0.00  -0.01   0.01   0.00   0.01   0.03   0.02
LRBA              0.01  -0.03   0.00   0.00   0.00   0.01   0.03
LRP2              0.02  -0.07   0.01   0.03   0.19   0.04   0.05
RP1               0.02  -0.01   0.00   0.01   0.01   0.00   0.01
AKAP17A           0.01  -0.01  -0.01  -0.01   0.00   0.04   0.00
CDH1              0.10   0.00   0.00  -0.02   0.01   0.07   0.48
UBR4              0.02  -0.04   0.00   0.00   0.19   0.09  -0.01
SPI1              0.03  -0.03  -0.01   0.01   0.20   0.08   0.02
MED23             0.03   0.00   0.00  -0.01   0.00   0.02   0.01
MGA               0.01  -0.02   0.00   0.02   0.02   0.00   0.26
UNC13C            0.01  -0.03   0.00   0.00   0.01   0.04   0.01
ZFHX4             0.02  -0.06   0.02   0.02   0.04   0.03   0.01
AHCTF1            0.02  -0.03  -0.01  -0.01   0.01   0.07  -0.02
BRCA1             0.00  -0.10   0.01  -0.01  -0.01   0.05   0.01
CSMD1             0.04  -0.03   0.00  -0.02   0.01   0.12   0.04
CUBN              0.00  -0.03   0.18   0.01   0.01   0.02   0.00
DMD               0.04  -0.05   0.00   0.02   0.00   0.12  -0.01
DNAH8             0.00  -0.02   0.00   0.21   0.00   0.04   0.02
TMEM189           0.02  -0.02   0.01   0.01   0.01  -0.01   0.00
EVPL              0.01  -0.02   0.01   0.01   0.02   0.09  -0.01
GOLGB1            0.01  -0.05   0.00  -0.01   0.00   0.00   0.00
GPR179            0.01  -0.02   0.00   0.01   0.01   0.07   0.00
HYDIN             0.01  -0.04   0.00   0.01   0.18   0.10   0.00
KCNT2             0.02  -0.05   0.19  -0.01   0.01   0.04   0.00
SVILP1            0.01  -0.02   0.00   0.00   0.00   0.00   0.01
MUC12             0.01  -0.05   0.02   0.01   0.00   0.00   0.28
PLCE1             0.01  -0.01   0.00   0.02   0.00   0.01   0.01
PREX1             0.02  -0.04   0.01   0.01   0.00   0.04   0.25
RYR2              0.07  -0.07   0.21   0.06  -0.01   0.17   0.00
USH2A             0.02  -0.10   0.01   0.25   0.00   0.13   0.36
WDR7              0.01  -0.03   0.01   0.00   0.17   0.04  -0.01
CROCCP2           0.08  -0.03   0.00   0.23   0.24  -0.02   0.02
Unknown           0.18  -0.09  -0.05  -0.01   0.32   0.06   0.00
GNPTAB            0.01  -0.01   0.00   0.02   0.01   0.07   0.01
NLRC5             0.01  -0.02   0.17  -0.01   0.01   0.05   0.00
SPEN              0.02  -0.02   0.01  -0.01   0.20   0.00   0.27
AHNAK             0.01  -0.01   0.00   0.01  -0.01   0.03   0.02
FAT3              0.01  -0.08  -0.01   0.03   0.02   0.04   0.06
LAMA3             0.01  -0.02   0.00   0.01   0.00   0.06   0.01
PARK2             0.01  -0.02   0.00   0.00   0.01   0.03   0.00
PLEC              0.01  -0.02   0.00  -0.01   0.00   0.06  -0.01
TG                0.02  -0.05  -0.01   0.01   0.02   0.14   0.01
TP53              0.20  -1.03   0.01   0.33   0.36  -0.16   0.05
UNC5D             0.01  -0.02  -0.01   0.00   0.00   0.06   0.00
AIM1              0.00  -0.03   0.00   0.00   0.00   0.04   0.01
ATP1A4            0.01  -0.03   0.01   0.22   0.00   0.06   0.00
KCNH7             0.01  -0.01   0.00   0.01   0.18   0.00  -0.01
PCSK5             0.01  -0.01   0.00   0.19   0.00   0.02   0.00
TENM4             0.02  -0.03   0.00   0.00   0.00   0.02  -0.01
SCN8A             0.01  -0.02   0.17   0.00   0.01   0.03   0.01
ADAMTS17          0.01  -0.03   0.00  -0.01   0.00   0.03   0.01
ANK1              0.03  -0.04   0.01   0.01   0.00   0.01   0.01
ASXL3             0.01  -0.05   0.01   0.01  -0.01   0.04   0.02
BRIP1             0.01  -0.02   0.01   0.00   0.01   0.02   0.02
SMG8              0.00  -0.03   0.18   0.01   0.00   0.02  -0.01
CACNA1F           0.01  -0.04  -0.01  -0.01   0.00   0.03  -0.01
CHD6              0.01  -0.03   0.18   0.00   0.01   0.02  -0.01
DGKI              0.00  -0.03   0.00   0.00   0.00   0.03  -0.01
DNAH5             0.01  -0.05   0.01  -0.01   0.01   0.08  -0.01
DNAH9             0.02  -0.05  -0.01   0.21   0.02   0.14  -0.02
DYSF              0.01  -0.03   0.00   0.01   0.00   0.03  -0.01
TBL1XR1           0.04  -0.01   0.00   0.01   0.00   0.02   0.00
FRY               0.01  -0.05   0.01   0.02  -0.01   0.06   0.00
GRIA1             0.00  -0.02   0.01   0.03   0.01   0.10  -0.01
GRM3              0.02  -0.04   0.00   0.00  -0.01   0.04  -0.02
C1orf222          0.02  -0.02   0.01   0.00   0.01   0.03   0.02
MACF1             0.01  -0.06   0.01   0.01   0.00   0.03   0.00
MUC17             0.05  -0.07   0.00   0.04  -0.01   0.14   0.01
MUC5B             0.03  -0.04   0.01   0.00  -0.01   0.13  -0.02
MYCBP2            0.02  -0.03  -0.01   0.02   0.00   0.03  -0.02
MYH4              0.01  -0.03   0.00   0.01   0.00   0.03  -0.01
MYH7              0.03  -0.02   0.00   0.00  -0.01   0.07   0.03
MYO18B            0.01  -0.02   0.00   0.00   0.00   0.05  -0.01
NAV3              0.01  -0.01   0.00   0.20  -0.01   0.00  -0.01
NBEAL2            0.02  -0.02  -0.01   0.00   0.00   0.08   0.02
PCDH15            0.00  -0.03   0.00   0.01   0.00   0.01   0.01
RTN4              0.02  -0.02   0.00  -0.02   0.00   0.04   0.00
SCN7A             0.01  -0.04  -0.01   0.01   0.01   0.03   0.00
SETDB1            0.02  -0.05  -0.01   0.02  -0.01   0.06  -0.02
SRRM2             0.01  -0.01   0.00   0.20   0.00   0.10  -0.01
SSPO              0.04  -0.05   0.01   0.00   0.01   0.02   0.03
TTN               0.15  -0.28   0.18  -0.06   0.26   0.81   0.38
COL6A6            0.01  -0.02  -0.01   0.00   0.01   0.06  -0.02
EML5              0.02  -0.01   0.01   0.01   0.00   0.06   0.00
LAMA1             0.00  -0.03   0.00   0.01   0.00   0.00   0.02
MAP3K1            0.17   0.01   0.00   0.27  -0.02   0.03   0.05
MUC16             0.08  -0.12   0.22   0.01   0.24   0.24  -0.01
MYO5B             0.03  -0.02   0.00   0.00   0.00  -0.02   0.00
PCNT              0.01  -0.03   0.00   0.01   0.00   0.02   0.00
PIK3CA            0.98  -0.18   0.25   0.00   0.02  -0.16   0.07
SCN2A             0.01  -0.03   0.00   0.01   0.00  -0.01  -0.01
AKAP4             0.01  -0.04   0.00   0.00   0.00   0.02   0.01
AKAP9             0.01  -0.05   0.01   0.00   0.00   0.03   0.01
OTOGL             0.02  -0.03   0.00   0.00   0.00   0.06   0.01
DNAH6             0.02  -0.02  -0.01   0.01   0.01   0.10   0.02
ERBB3             0.03  -0.04   0.01   0.02   0.00   0.05   0.00
ERCC6             0.01  -0.01   0.17   0.01   0.01   0.11   0.00
LINC00869         0.01  -0.03  -0.01  -0.01   0.00   0.07  -0.01
RBM19             0.01  -0.01   0.00   0.01  -0.01   0.00   0.01
SHROOM4           0.02  -0.01   0.00   0.01   0.01   0.01   0.00
SPTBN5            0.01  -0.03   0.01   0.00  -0.01   0.01   0.01
TEX15             0.02  -0.02   0.00   0.00   0.00   0.05  -0.01
VWF               0.03  -0.03   0.01   0.01  -0.01   0.03   0.01
HECW1             0.01  -0.03   0.00   0.00   0.00   0.04   0.03
NF1               0.05  -0.01   0.00   0.00  -0.01   0.13   0.03
SVEP1             0.03  -0.02  -0.01   0.01   0.01   0.05   0.00
COL18A1           0.01  -0.03   0.00   0.00   0.01   0.03   0.00
CSMD2             0.01  -0.03  -0.01   0.00   0.01   0.13  -0.03
snoU13            0.01  -0.01   0.01   0.00   0.01   0.03   0.01
HECW2             0.00  -0.01   0.01   0.01   0.18   0.01   0.00
CACNA1C           0.03  -0.01   0.00   0.02   0.02   0.05   0.01
NALCN             0.01  -0.04   0.01   0.21   0.01   0.01   0.01
RAPGEF6           0.02   0.00   0.17   0.01   0.01   0.04   0.02
RTTN              0.02  -0.01   0.18  -0.01   0.02   0.03   0.00
SCN11A            0.00  -0.03   0.01  -0.01   0.01   0.03   0.25
ZFPM2             0.02  -0.04   0.00   0.00   0.02   0.04   0.00
ZNF592            0.01  -0.01   0.00   0.19   0.00   0.00   0.00
BZRAP1            0.02  -0.01   0.00   0.01   0.00   0.05   0.00
ZNF506            0.02  -0.02   0.01   0.00   0.01   0.00   0.00
FNBP4             0.01  -0.01   0.18   0.00   0.00   0.00   0.00
KIAA1210          0.01  -0.05   0.00   0.01   0.01   0.01   0.00
MTOR              0.01  -0.02   0.01   0.20   0.01   0.01   0.25
MUC4              0.02  -0.06   0.01   0.01   0.21  -0.02   0.00
MXRA5             0.01  -0.02  -0.01   0.00   0.00   0.01   0.01
CHD9              0.01  -0.03   0.00   0.00   0.01   0.01   0.00
ATP10B            0.01  -0.06   0.01   0.00   0.01   0.05  -0.01
CASC5             0.01  -0.03   0.01   0.00   0.01  -0.01  -0.01
CHD4              0.01  -0.03   0.01   0.01   0.00   0.03  -0.02
CR1               0.01  -0.02   0.00   0.00   0.01   0.01   0.03
FREM1             0.02  -0.01   0.00   0.01   0.02   0.00  -0.02
KIAA2022          0.01  -0.02   0.00   0.19   0.18   0.01  -0.01
MDN1              0.05  -0.02   0.01  -0.01   0.01   0.08   0.00
PCDHB7            0.01  -0.02   0.00   0.00   0.00   0.02   0.01
TAF1L             0.02  -0.02  -0.01   0.00   0.01   0.00   0.00
TBCD              0.01  -0.01   0.17   0.01   0.01   0.03   0.00
CA9               0.01  -0.01   0.00   0.00   0.02   0.01   0.01
DNAH17            0.01  -0.02   0.01   0.01   0.00  -0.01   0.00
DNAH3             0.01  -0.04   0.00   0.00   0.01  -0.03   0.26
RP11-32B5.7       0.04  -0.01  -0.01   0.02   0.03   0.02   0.02
MGAM              0.01  -0.03   0.00   0.02   0.02   0.01   0.00
NEB               0.04  -0.05   0.01   0.00   0.02   0.01   0.31
RNF213            0.01  -0.02   0.00   0.03   0.01   0.03   0.02
UNC45A            0.01  -0.01   0.00   0.01   0.00   0.01   0.02
ZNF438            0.01  -0.01   0.00   0.00   0.00   0.15   0.00
ATN1              0.03  -0.01   0.01   0.00   0.01  -0.01   0.00
PRKD2             0.02  -0.01   0.00   0.00   0.01   0.02   0.00
HIST1H1C          0.01  -0.01   0.00   0.19   0.00   0.01   0.01
PPP1R9A           0.02  -0.02   0.00  -0.01   0.01   0.01  -0.01
SPTA1             0.01  -0.06   0.01   0.02   0.00   0.05   0.03
RP11-1055B8.7     0.02  -0.02   0.00  -0.01   0.01   0.02  -0.01
STAG1             0.02  -0.01   0.00   0.00   0.01  -0.02   0.01
NID1              0.02  -0.02   0.01   0.00   0.01   0.02   0.00
OTOF              0.01  -0.01   0.00   0.00   0.00   0.00   0.00
CAPN1             0.02  -0.01  -0.01  -0.01   0.02   0.05   0.01
AFF2              0.02  -0.06   0.01   0.00   0.00   0.08   0.03
ERCC6L2           0.01   0.00  -0.01   0.00   0.01   0.00   0.01
CTCF              0.03  -0.01  -0.01   0.01   0.01   0.03   0.01
PIK3R1            0.02  -0.04  -0.01   0.02   0.01   0.06   0.01
TRIP11            0.01  -0.01   0.00   0.21   0.00   0.03  -0.01
FAM90A1           0.03  -0.01   0.00   0.00   0.00   0.00   0.00
GPR98             0.02  -0.03  -0.01   0.02   0.01   0.04   0.00
KMT2C             0.13  -0.05  -0.02  -0.03   0.28   0.11  -0.01
PKHD1             0.01   0.00   0.00   0.19   0.00   0.02   0.00
ASPM              0.02  -0.02   0.00   0.00   0.01   0.04   0.02
RP5-1182A14.5     0.03  -0.02   0.02  -0.01   0.00   0.08   0.01
FLNB              0.01  -0.01   0.00   0.01   0.00   0.05   0.01
KMT2D             0.02  -0.02   0.00   0.01   0.00   0.02   0.00
MYH10             0.01  -0.01   0.00   0.01   0.00   0.01   0.00
MYH6              0.01  -0.02   0.01   0.00   0.00   0.07   0.03
PKHD1L1           0.02  -0.04   0.17   0.01   0.00   0.09  -0.01
SETX              0.02  -0.02   0.01   0.00   0.02   0.01   0.00
SYCP2             0.00  -0.02   0.01  -0.01   0.18   0.00   0.01
TCHH              0.00  -0.03   0.00   0.00   0.02   0.07  -0.02
ABCC8             0.02  -0.01   0.00   0.02   0.01   0.02   0.00
DGKG              0.02  -0.01   0.00   0.01   0.01  -0.01   0.02
MST1L             0.03  -0.01   0.00   0.01   0.01   0.00   0.00
SRCAP             0.01  -0.02   0.01   0.02   0.02   0.06   0.02
CMYA5             0.01  -0.02   0.00   0.01   0.00   0.06   0.02
GATA3             0.10  -0.01  -0.01   0.05   0.01   0.08   0.43
VWA3A             0.01  -0.03   0.00   0.00   0.01   0.01   0.01
BRWD1             0.01  -0.03   0.00   0.20   0.00   0.01   0.01
UBA6              0.04  -0.01   0.01   0.00   0.18   0.01   0.02
ZFP36L1           0.03  -0.02   0.01   0.01   0.00  -0.01   0.04
HSPG2             0.01  -0.03   0.01   0.00   0.02   0.08   0.00
WWP2              0.01  -0.02   0.00   0.00   0.00   0.00   0.03
AHNAK2            0.03  -0.01   0.19   0.00   0.00   0.01   0.01
ANKRD30B          0.00  -0.03   0.01   0.18   0.00   0.03   0.00
DLG1              0.00   0.00   0.01   0.00   0.18   0.01   0.01
DST               0.02  -0.04   0.01  -0.02   0.00   0.14   0.03
PTPRB             0.02  -0.03   0.00  -0.01   0.01   0.01  -0.01
HEG1              0.01  -0.01   0.01   0.01   0.00   0.09  -0.02
KDM5C             0.01  -0.02   0.01   0.00   0.02   0.01   0.00
MED12             0.01  -0.01   0.00   0.01   0.18   0.00   0.00
MYH7B             0.00  -0.04   0.18   0.00   0.00   0.00   0.01
SAMD9             0.00  -0.01   0.18   0.01   0.01   0.00   0.01
ZFHX3             0.02  -0.01   0.00   0.03   0.00   0.04   0.00
BIRC6             0.01  -0.02   0.00   0.01   0.17   0.05   0.01
C10orf12          0.00  -0.02   0.00   0.01   0.02   0.01   0.01
ADAD2             0.01  -0.01   0.00   0.00   0.00  -0.01   0.03
FAT1              0.03  -0.01   0.02   0.00   0.01   0.00   0.00
TPR               0.01  -0.02   0.18   0.00   0.01   0.00   0.01
DCAF4L2           0.02  -0.02   0.18   0.00   0.00   0.01   0.01
MYT1L             0.02  -0.04   0.01  -0.01   0.02   0.04  -0.02
PLCL2             0.02  -0.03   0.00   0.00   0.00   0.07  -0.02
UBC               0.03  -0.01   0.01   0.00   0.00   0.00   0.01
FRAS1             0.00  -0.03   0.00   0.18   0.00   0.02   0.00
RELN              0.02  -0.03   0.01   0.23   0.01   0.08  -0.02
RPGR              0.01  -0.02   0.00   0.01  -0.01   0.01   0.04
SCN3A             0.00  -0.03   0.18   0.01   0.00   0.03   0.01
DDX12P            0.02  -0.02   0.00   0.00   0.00   0.06   0.00
MYH14             0.01  -0.04   0.01   0.00   0.02   0.00   0.01
NOTCH2            0.02  -0.03   0.00   0.00   0.01   0.02   0.02
NBEAL1            0.01  -0.01   0.01   0.02  -0.01   0.10   0.01
TEP1              0.01  -0.04   0.02   0.01   0.00   0.07   0.00
EPS8L1            0.01  -0.04   0.00   0.00  -0.01  -0.01   0.00
MUC2              0.03  -0.02   0.00  -0.01   0.01   0.02   0.00
MYO7A             0.02  -0.03   0.01   0.00   0.01   0.08   0.00
PLCB4             0.03  -0.01   0.00   0.01  -0.01   0.05   0.01
XIRP2             0.02  -0.06   0.19   0.01   0.00   0.02   0.02
NLRC4             0.02  -0.01   0.00  -0.01   0.18   0.01   0.02
CBFB              0.03   0.00   0.01   0.00   0.00   0.01   0.03
GPS2              0.02   0.00   0.01   0.00   0.00   0.02   0.02
KIAA0825          0.01  -0.03   0.01   0.01   0.01   0.09  -0.02
EYS               0.02  -0.05   0.00   0.00   0.01   0.03  -0.01
ITPKB             0.01  -0.01   0.00   0.00   0.01   0.02   0.01
LAMA5             0.01  -0.03   0.00   0.01   0.02   0.01   0.00
PKD1L1            0.01  -0.02   0.00   0.00   0.20   0.03   0.00
RYR3              0.02  -0.03   0.19  -0.01   0.01   0.02   0.00
SMARCA4           0.02  -0.02   0.16   0.00   0.01   0.05  -0.03
CADPS             0.01   0.00   0.18   0.01   0.00   0.08   0.00
HUWE1             0.01  -0.01   0.02   0.01   0.01   0.16  -0.01
APOB              0.02  -0.07   0.01   0.02   0.01   0.19   0.00
MYB               0.03  -0.01  -0.01  -0.01   0.01   0.03   0.01
TLN1              0.03  -0.03   0.01   0.01   0.00   0.07   0.01
CSMD3             0.00  -0.04   0.00   0.01   0.01   0.04   0.02
FOXA1             0.01  -0.01   0.01   0.00   0.01   0.05   0.01
MYO10             0.01  -0.02   0.01   0.01   0.00   0.02   0.01
PRKG2             0.01  -0.02  -0.01   0.00   0.00   0.01   0.01
VPS13C            0.00  -0.02   0.00   0.00   0.01   0.04   0.00
FCGBP             0.02  -0.02   0.01   0.00   0.00   0.02   0.00
LRPPRC            0.01  -0.02   0.17   0.01   0.00   0.01   0.02
NCOR1             0.05  -0.01   0.02   0.00  -0.01   0.00   0.03
PCDHGB3           0.02  -0.03   0.01   0.00   0.00   0.01   0.00
SF3B1             0.03   0.00   0.01   0.01   0.00  -0.01   0.28
CACNA1E           0.03  -0.04   0.20   0.03   0.02   0.01   0.01
CIT               0.02  -0.02   0.01   0.00   0.03   0.02   0.03
NBPF1             0.03  -0.01   0.01   0.00   0.18  -0.01   0.00
ESPL1             0.03  -0.01   0.01   0.00  -0.01   0.01   0.02
WHSC1             0.02  -0.01   0.18   0.00   0.00   0.02   0.00
MLLT4             0.02  -0.04   0.00   0.20   0.02   0.02   0.01
CDC42BPA          0.02  -0.01   0.00   0.01   0.00   0.02   0.03
CEP170            0.02  -0.02   0.00  -0.01   0.01   0.02   0.01
GRIN2B            0.01  -0.02   0.00   0.00   0.00   0.03   0.02
IARS              0.01  -0.01   0.00   0.02   0.02   0.06   0.01
KIF4A             0.00  -0.04   0.01   0.01   0.00   0.05   0.00
CCDC168           0.02  -0.03   0.01  -0.01   0.01   0.02   0.04
KMT2A             0.01  -0.01   0.00  -0.01   0.19   0.02   0.01
MYO9A             0.02  -0.02   0.00   0.00   0.01   0.01   0.02
N4BP2             0.01  -0.01   0.00   0.00   0.18   0.01   0.02
PCNXL2            0.03  -0.03   0.18  -0.01   0.02   0.07   0.00
PDCD11            0.01  -0.03  -0.01  -0.01   0.02   0.04   0.00
PRKDC             0.01  -0.01   0.01  -0.01   0.01   0.01   0.01
QSER1             0.01  -0.02   0.00   0.00   0.04   0.02   0.00
RGAG1             0.00  -0.03   0.00   0.01   0.02   0.02   0.01
SI                0.01  -0.04   0.01   0.01   0.02   0.00   0.01
SYNE1             0.03  -0.06   0.01   0.23   0.01   0.16   0.01
TRERF1            0.01  -0.02  -0.01   0.00   0.02   0.02   0.01
ZDBF2             0.01  -0.03   0.00   0.01   0.02   0.03   0.01
DSPP              0.01  -0.01   0.00   0.00   0.01  -0.01   0.26
BRCA2             0.03  -0.05   0.01   0.00   0.01   0.30   0.02
CACNA1A           0.01  -0.02   0.17   0.00   0.01   0.01   0.00
HAUS5             0.01  -0.02   0.01   0.02   0.00  -0.01  -0.01
CFTR              0.00  -0.02  -0.01   0.00   0.19   0.00   0.02
DYNC2H1           0.01  -0.03  -0.01   0.01   0.19   0.00   0.01
FAT2              0.01  -0.01   0.00   0.03   0.02   0.03   0.01
PTEN              0.02  -0.03   0.00   0.02   0.01   0.05   0.31
PLXNA4            0.02  -0.03  -0.01   0.00   0.00   0.01  -0.01
PPEF1             0.00  -0.02   0.02   0.01   0.01  -0.01   0.01
ABCA4             0.01  -0.03  -0.01  -0.02   0.01   0.09  -0.01
ACTN2             0.02  -0.03   0.00   0.00   0.00   0.00  -0.01
EMR2              0.01  -0.02   0.00   0.01   0.01   0.04   0.03
HERC1             0.01  -0.02   0.00  -0.01   0.00   0.04   0.01
AMER1             0.02   0.00   0.18   0.03   0.00   0.04   0.01
FLII              0.02  -0.01  -0.01   0.00   0.01   0.02   0.00
LAMA2             0.02  -0.02  -0.01   0.01   0.01   0.04   0.01
RIPK1             0.01  -0.02  -0.01   0.00   0.01   0.03   0.25
MAGI2             0.03  -0.01   0.00  -0.01   0.02   0.02   0.01
MAST4             0.02   0.00   0.00  -0.01   0.02   0.04   0.02
SCN1A             0.01  -0.01   0.00   0.00   0.00   0.03   0.01
WDR33             0.01  -0.01   0.00   0.02   0.01   0.08   0.00
BAI1              0.01  -0.04   0.00   0.00   0.00   0.04  -0.01
C1orf65           0.01  -0.02   0.00   0.01   0.01   0.07  -0.02
COL12A1           0.03  -0.03   0.00   0.00   0.00   0.10  -0.03
CYP4F11           0.01  -0.03   0.01   0.00   0.00   0.07  -0.02
DALRD3            0.01  -0.01   0.01   0.00   0.00   0.08   0.00
DNAH11            0.00  -0.03   0.01   0.20   0.18   0.04   0.01
DSCAML1           0.02  -0.01   0.00   0.00   0.01   0.06  -0.01
ANKRD36C          0.01  -0.02   0.00   0.00   0.00   0.11  -0.01
MADD              0.01  -0.02   0.00   0.01   0.00   0.01   0.02
MAST1             0.02  -0.01   0.00   0.00   0.00   0.01   0.00
OR2G3             0.02  -0.01  -0.01   0.00  -0.01   0.12   0.00
PREX2             0.03  -0.03   0.00   0.01  -0.01   0.13  -0.03
UBR5              0.01  -0.02   0.00   0.00   0.01   0.01   0.01
CSPG4P11          0.01  -0.03   0.00   0.01   0.00   0.00   0.00
COL6A3            0.01  -0.03   0.01   0.03   0.01   0.03  -0.01
OBSCN             0.01  -0.07   0.00   0.03   0.02   0.00   0.04
TENM1             0.03  -0.01   0.01   0.01   0.00   0.09   0.00
SPEG              0.01  -0.03   0.00   0.01   0.00  -0.01   0.27
THSD7A            0.01  -0.01   0.17   0.00   0.01  -0.01   0.27
ERBB2             0.01   0.00   0.00   0.00   0.00   0.02   0.02
ATM               0.06  -0.02   0.20   0.00   0.00   0.07   0.02
CCDC146           0.02  -0.01  -0.01   0.00   0.00   0.04   0.00
FMN2              0.03  -0.01   0.00   0.00   0.01   0.03   0.00
MYOM3             0.01  -0.03  -0.01  -0.01   0.02   0.03   0.01
GRIA3             0.02  -0.03   0.00   0.00   0.00   0.03   0.00
PLXNA2            0.02  -0.01   0.00   0.00   0.01   0.02   0.00
MYO9B             0.02  -0.01   0.01   0.00   0.01   0.00  -0.01
RUNX1             0.04  -0.01  -0.01   0.00   0.01  -0.02   0.29
SDK1              0.01  -0.02  -0.01   0.00   0.01   0.01   0.00
SORCS1            0.01  -0.02   0.00   0.01   0.00  -0.01  -0.01
CROCC             0.01  -0.01   0.00   0.19   0.00   0.00   0.01
DSE               0.00  -0.02   0.18   0.00   0.19   0.00   0.00
VCAN              0.01  -0.03   0.00   0.02   0.19   0.01  -0.01
WDFY3             0.02   0.00   0.01   0.21   0.18   0.08   0.26
MEFV              0.00  -0.02   0.00   0.01   0.00   0.00   0.00
DLGAP4            0.01  -0.03   0.00   0.01   0.01   0.01  -0.02
DYNC1H1           0.02  -0.02   0.01   0.00   0.00   0.02   0.00
ERV3-1            0.03  -0.03   0.00   0.00   0.01   0.00  -0.02
TACC2             0.01  -0.01   0.00   0.02   0.02   0.06   0.01
CUL4B             0.03   0.00   0.01   0.02   0.00   0.04   0.03
KCNB2             0.02   0.00   0.01   0.01   0.01   0.00   0.01
KIF13A            0.01  -0.03   0.00   0.00   0.00   0.09   0.04
TLR4              0.01  -0.01   0.01   0.02   0.01   0.12   0.01
UTRN              0.01  -0.04   0.00   0.00   0.01   0.04   0.03
VPS13B            0.01  -0.02   0.01   0.20   0.00  -0.01   0.01
SPATA31C1         0.01  -0.01   0.01   0.00   0.00  -0.01   0.01
MAP2              0.02  -0.01   0.00   0.01   0.00   0.03   0.25
RGS7              0.02  -0.01   0.01   0.01   0.00   0.00   0.01
TRAPPC10          0.01  -0.02   0.00   0.00   0.00  -0.01   0.00
DNAH2             0.02  -0.04   0.00   0.01   0.00   0.03   0.00
FLG               0.03  -0.08  -0.01   0.26   0.01   0.00   0.03
SVIL              0.00  -0.04   0.01   0.01   0.00   0.00   0.00
LAMB1             0.01  -0.04   0.00  -0.01   0.01   0.03  -0.01
LPHN2             0.00  -0.02   0.00   0.01   0.01   0.01   0.00
DCC               0.00  -0.02   0.00   0.19   0.00   0.00  -0.01
CFH               0.01  -0.01   0.00   0.01   0.00   0.05   0.29
FAM47C            0.04  -0.02  -0.01   0.00   0.00   0.06   0.03
RP11-32B5.1       0.02  -0.01  -0.01   0.04   0.00   0.12   0.01
WNK1              0.01  -0.02   0.00   0.00   0.00   0.00   0.00
TBX3              0.02  -0.02   0.00   0.00   0.01   0.00   0.03
CBLB              0.04  -0.04   0.01   0.00   0.01  -0.02   0.03
LRP1              0.01  -0.04   0.00   0.00   0.00   0.08   0.00
POLQ              0.01  -0.01   0.01   0.19   0.00   0.03   0.00
USP34             0.01  -0.02   0.01   0.00   0.18   0.02   0.00
CD163L1           0.02  -0.04  -0.01   0.00   0.01   0.06   0.02
SYNE2             0.02  -0.03   0.20  -0.02   0.20   0.05   0.02
ACACB             0.00  -0.03   0.01   0.00   0.00   0.01   0.04
DNAH7             0.00  -0.06   0.17   0.00   0.00   0.04   0.02
FLNC              0.02  -0.03   0.00   0.01   0.00   0.09  -0.01
PCDH19            0.02  -0.03   0.01  -0.01  -0.01   0.02   0.25
USPL1             0.00  -0.02   0.00  -0.01   0.00   0.04   0.01
VPS13A            0.01  -0.02   0.02   0.00   0.01   0.03   0.01
ANKRD17           0.02  -0.01   0.00   0.00   0.00   0.04   0.02
DDR2              0.01  -0.02   0.00   0.00   0.01   0.03   0.01
ARID1A            0.02  -0.01   0.00   0.01   0.00   0.02   0.00
SACS              0.02   0.00   0.00   0.00   0.02   0.02   0.01
BLM               0.01  -0.01   0.17   0.00   0.19   0.06  -0.01
GTSE1             0.01  -0.02   0.01   0.00   0.02  -0.02  -0.01
CENPE             0.02  -0.04   0.01   0.01   0.00   0.04  -0.02
DOCK11            0.02  -0.05  -0.01   0.03   0.00  -0.01  -0.01
FBN1              0.02  -0.03   0.01   0.00   0.00   0.02   0.03
GON4L             0.00  -0.03  -0.01   0.02   0.18   0.11   0.00
NAV1              0.02  -0.02   0.00   0.21  -0.01   0.05  -0.01
NHSL2             0.02  -0.02  -0.01   0.00   0.00   0.03  -0.01
PCLO              0.03  -0.02   0.00   0.01   0.01   0.03   0.00
PTPN22            0.02  -0.02   0.00   0.00   0.17   0.05  -0.03
SLC4A5            0.02  -0.03   0.01   0.01   0.00   0.02   0.00
SRGAP1            0.03  -0.02   0.01   0.03   0.00   0.07  -0.01
ZNF536            0.02  -0.04  -0.01   0.00   0.00   0.01   0.00
DNAH1             0.01  -0.02   0.00   0.00   0.00   0.04   0.00
NUP160            0.02  -0.01   0.01   0.01   0.00   0.07   0.01
ASXL2             0.00  -0.02  -0.01   0.19   0.00   0.04   0.01
DENND1B           0.01  -0.01   0.01   0.19   0.00   0.06   0.03
HERC2             0.02  -0.02   0.00   0.01  -0.01   0.03   0.00
RFPL1             0.01  -0.02   0.00   0.01   0.00   0.00   0.00
AKT1              0.01  -0.01   0.00   0.01   0.01   0.02   0.04
CCT6B             0.01  -0.01   0.00   0.00   0.01   0.02   0.01
CDH12             0.01  -0.03   0.01   0.00   0.00   0.03   0.01
GRID1             0.02   0.00   0.00   0.00   0.02   0.02  -0.01
KIF26B            0.03  -0.01   0.00  -0.01   0.01   0.01   0.01
PIWIL1            0.03  -0.01   0.01  -0.01   0.01   0.03   0.00
SCN10A            0.01  -0.02   0.18   0.00   0.02   0.02   0.00
RYR1              0.02  -0.03   0.01   0.02   0.00  -0.02   0.01
CHD1L             0.02  -0.01   0.00   0.01   0.00   0.03   0.24
FRMPD4            0.01  -0.02   0.00  -0.01   0.00   0.01   0.02
GRIN2A            0.02  -0.02   0.01   0.01   0.00   0.08   0.00
NRP2              0.01  -0.02   0.00   0.00   0.02  -0.02   0.02
ABCA13            0.03  -0.05   0.01   0.01   0.01  -0.03   0.29
ATRX              0.03  -0.02   0.00   0.03   0.01   0.02  -0.01
CACNA1B           0.01  -0.04   0.00   0.00   0.00   0.01   0.00
CUL7              0.01  -0.01   0.00   0.20   0.01   0.04   0.00
LAMB4             0.02  -0.02   0.00   0.01   0.01   0.01   0.00
RIMS2             0.01  -0.02   0.01   0.00   0.01   0.02   0.02
RAB3GAP2          0.01  -0.03   0.01   0.01   0.01   0.13   0.01
CPXM1             0.00  -0.04   0.01   0.03   0.00   0.03   0.02
KAT6B             0.01  -0.03   0.00   0.00   0.01   0.01   0.00
ERBB4             0.01  -0.01   0.00  -0.01   0.00   0.04   0.00
WDR17             0.00  -0.02   0.00   0.00   0.00   0.03   0.02
MAP1A             0.02  -0.03   0.00  -0.01   0.00   0.03  -0.01
RBMXL3            0.00  -0.02  -0.01   0.01   0.01  -0.01   0.01
TOPBP1            0.01  -0.01   0.00  -0.01   0.00   0.05  -0.01
PLA2G4A           0.01  -0.02   0.00   0.00   0.01   0.04  -0.01
TPO               0.01  -0.01   0.00   0.00   0.00   0.01   0.00
ARID1B            0.01  -0.04   0.00   0.02   0.00   0.01   0.00
F5                0.01  -0.04   0.01   0.01   0.01   0.02   0.02
MALAT1            0.03  -0.01   0.01   0.01   0.01  -0.01   0.01
FAM208B           0.01  -0.01   0.00   0.02   0.00   0.08   0.00
CTNND2            0.00  -0.03   0.18   0.00   0.00   0.01   0.00
DNAH10            0.01  -0.03   0.00   0.00   0.01   0.02  -0.01
RP11-85G18.6      0.01  -0.02   0.00   0.00   0.00   0.04  -0.01
FAM179A           0.01  -0.03   0.01   0.00   0.00  -0.01   0.01
CNTLN             0.02  -0.02   0.01  -0.02   0.00   0.06   0.03
NEDD9             0.01  -0.02   0.00   0.01   0.00  -0.01   0.00
NRXN3             0.01  -0.02   0.00   0.01   0.17   0.10   0.00
MAP2K4            0.09  -0.01  -0.02  -0.01   0.02   0.08   0.02
LPA               0.01  -0.01   0.00   0.00   0.01   0.00   0.00
SPHKAP            0.02  -0.01  -0.01   0.19   0.01  -0.02  -0.01
UTP20             0.01  -0.02   0.00   0.01   0.01  -0.01   0.26
ATP11A            0.02  -0.03   0.00   0.00   0.00  -0.01   0.00
CDH9              0.02  -0.01   0.00   0.01   0.01  -0.02   0.01
BCORL1            0.00  -0.02   0.00   0.01   0.01   0.00   0.00
PRUNE2            0.02  -0.01   0.00   0.00   0.00   0.06   0.00
PDZD2             0.01   0.00   0.18   0.00   0.17   0.01   0.01
HMCN1             0.02  -0.05  -0.01   0.05   0.01   0.24   0.30
PRAME             0.01  -0.03   0.00   0.02   0.01   0.04   0.01
GRIK2             0.00  -0.02   0.01   0.02   0.01   0.04   0.26
NKAIN4            0.01   0.00   0.00   0.01   0.01   0.02   0.01
TSC22D1           0.01  -0.01   0.00   0.00   0.01   0.00   0.00
ITSN2             0.01  -0.02   0.00   0.03   0.01   0.09   0.00
KIAA1109          0.01  -0.02   0.01   0.21   0.00   0.07  -0.01
C5orf42           0.01  -0.01   0.17   0.00   0.01   0.01   0.01
C2orf16           0.00  -0.02   0.00   0.20  -0.01   0.06   0.01
BRWD3             0.01   0.00   0.18   0.00   0.00   0.05   0.03
SHD               0.02   0.00   0.02   0.00   0.01   0.03   0.00
HCFC1             0.02   0.00  -0.01   0.00   0.00  -0.01   0.01
DCHS2             0.01  -0.03   0.00   0.00   0.00   0.00   0.01
DMXL1             0.02  -0.01   0.01   0.01   0.00   0.07   0.25
ZEB2              0.01  -0.02   0.00   0.02   0.01   0.03   0.00
FREM2             0.03   0.00   0.00   0.00   0.00   0.02   0.00
NRK               0.02  -0.01   0.00  -0.01   0.00   0.02   0.01
CHGB              0.01  -0.01   0.01   0.01   0.18   0.00   0.01
DSP               0.01  -0.03   0.00   0.01   0.01  -0.01  -0.01
PCDHGB6           0.01  -0.01   0.18   0.01   0.01   0.06  -0.01
PTPRD             0.01  -0.02   0.01   0.00   0.18   0.01   0.01
PRPF8             0.02  -0.02   0.00   0.00   0.00   0.04   0.00
RB1               0.01  -0.03   0.00   0.00   0.00   0.03   0.02
WNK3              0.02  -0.01   0.00  -0.01   0.00   0.00   0.28
AMPD1             0.00  -0.03  -0.01   0.01   0.00   0.01   0.01
NEK5              0.01  -0.02  -0.01   0.00   0.00   0.02   0.25
NINL              0.02   0.00   0.00   0.02   0.00   0.03   0.01
BCOR              0.02  -0.01  -0.01   0.01   0.01   0.00   0.01
ITPR1             0.01  -0.02   0.01   0.01   0.00   0.03   0.04
CCDC180           0.01  -0.02   0.17   0.01   0.00   0.04   0.02
LTBP4             0.01  -0.01   0.00   0.01   0.00   0.00   0.26
PDE4D             0.01  -0.03   0.00   0.00   0.01   0.01   0.00
ANO5              0.03  -0.01   0.00  -0.01  -0.01  -0.01  -0.01
PEG3              0.00  -0.03   0.00   0.03   0.01   0.06   0.01
EPG5              0.01   0.00  -0.01   0.01   0.01   0.04   0.04
PCDH11X           0.01  -0.02   0.01   0.00   0.00   0.03   0.03
HRNR              0.03  -0.03  -0.01  -0.01   0.01  -0.02   0.01
GPR112            0.00  -0.01   0.01   0.01   0.00   0.06   0.03
RP11-404K5.2      0.02  -0.01  -0.01   0.01   0.00   0.01   0.04
OPRM1             0.00  -0.03   0.01   0.01   0.00   0.03   0.04
THSD7B            0.02  -0.02   0.00   0.00   0.01   0.01   0.01
MYH9              0.01  -0.01   0.00   0.00   0.01   0.01   0.01
ZNF841            0.02  -0.02   0.01   0.00   0.00   0.04   0.03
TAF1              0.00  -0.03   0.00   0.20   0.00   0.00   0.26
PDE4DIP           0.01  -0.01   0.00   0.01   0.00   0.03   0.00
RLF               0.02  -0.01   0.00  -0.01   0.00   0.01   0.26
ROR1              0.01  -0.02   0.00   0.00   0.18  -0.01   0.00
EPHA5             0.01  -0.02   0.00  -0.01   0.18   0.03   0.00
BAZ2B             0.00  -0.03   0.01   0.00   0.18   0.00   0.00
SEMA5A            0.01  -0.03   0.00   0.02   0.00  -0.02   0.01
COL6A2            0.01  -0.03   0.00   0.00   0.01   0.01   0.00
ATP7A             0.02  -0.01  -0.01   0.01   0.17   0.00  -0.01
PRRC2B            0.01  -0.01   0.00   0.01   0.00   0.02   0.02
ABCB11            0.01  -0.01   0.00  -0.01   0.17   0.01   0.00
NOTCH4            0.02  -0.02   0.00   0.00   0.00  -0.01  -0.01
PDXDC1            0.01  -0.02   0.00   0.00   0.00   0.00   0.01
RIF1              0.02  -0.01   0.00   0.01   0.00   0.00   0.00
FER1L5            0.01  -0.03   0.00   0.00   0.00   0.01   0.00
MUC6              0.01  -0.01   0.00   0.00   0.00   0.00   0.00
SPATA31D1         0.01  -0.02  -0.01   0.00   0.00  -0.01  -0.01
CCNB3             0.00  -0.02   0.00   0.01   0.00  -0.01   0.25
ENSG00000210082   0.01  -0.05   0.01   0.01   0.00   0.00   0.01
ENSG00000210195   0.01  -0.03   0.01   0.00   0.00   0.01   0.01
C
                                                              Comp.1 Comp.2
patient.ethnicityhispanic.or.latino                             0.00   0.00
patient.genderfemale                                           -0.36  -0.59
Tumor.CodedT_other                                             -0.26  -0.51
Node.CodedPositive                                             -0.18  -0.30
Metastasis.CodedPositive                                       -0.01  -0.01
patient.breast_carcinoma_estrogen_receptor_statusnegative      -0.02  -0.35
patient.breast_carcinoma_estrogen_receptor_statuspositive      -0.34  -0.24
patient.breast_carcinoma_progesterone_receptor_statusnegative  -0.05  -0.40
patient.breast_carcinoma_progesterone_receptor_statuspositive  -0.32  -0.19
HER2.Final.StatusEquivocal                                     -0.01  -0.01
HER2.Final.StatusNegative                                      -0.32  -0.48
HER2.Final.StatusPositive                                      -0.04  -0.11
X.clinical.patients..cols..infiltrating.ductal.carcinoma       -0.31  -0.56
X.clinical.patients..cols..infiltrating.lobular.carcinoma      -0.04   0.00
X.clinical.patients..cols..mixed.histology..please.specify.    -0.01   0.00
X.clinical.patients..cols..other..specify                      -0.01  -0.02
X.clinical.patients..cols..No_Conversion                       -0.11  -0.23
X.clinical.patients..cols..Stage.I                             -0.07  -0.05
X.clinical.patients..cols..Stage.IIA                           -0.11  -0.18
X.clinical.patients..cols..Stage.IIB                           -0.04  -0.06
X.clinical.patients..cols..Stage.IIIA                          -0.03  -0.03
X.clinical.patients..cols..Stage.IIIC                          -0.01  -0.02
NA.26.36.                                                      -0.02  -0.03
NA.36.43.                                                      -0.03  -0.08
NA.43.49.                                                      -0.03  -0.07
NA.49.54.                                                      -0.04  -0.11
NA.54.59.                                                      -0.04  -0.08
NA.59.64.                                                      -0.07  -0.08
NA.64.70.                                                      -0.06  -0.07
NA.70.76.                                                      -0.03  -0.04
NA.76.82.                                                      -0.03  -0.04
NA.82.89.                                                      -0.01  -0.01
                                                              Comp.3 Comp.4
patient.ethnicityhispanic.or.latino                             0.00   0.00
patient.genderfemale                                           -0.54  -0.58
Tumor.CodedT_other                                             -0.52  -0.56
Node.CodedPositive                                             -0.51  -0.55
Metastasis.CodedPositive                                       -0.01   0.00
patient.breast_carcinoma_estrogen_receptor_statusnegative      -0.02  -0.02
patient.breast_carcinoma_estrogen_receptor_statuspositive      -0.52  -0.57
patient.breast_carcinoma_progesterone_receptor_statusnegative  -0.03  -0.05
patient.breast_carcinoma_progesterone_receptor_statuspositive  -0.51  -0.53
HER2.Final.StatusEquivocal                                     -0.01   0.00
HER2.Final.StatusNegative                                      -0.52  -0.09
HER2.Final.StatusPositive                                      -0.01  -0.49
X.clinical.patients..cols..infiltrating.ductal.carcinoma       -0.53  -0.58
X.clinical.patients..cols..infiltrating.lobular.carcinoma       0.00   0.00
X.clinical.patients..cols..mixed.histology..please.specify.     0.00   0.00
X.clinical.patients..cols..other..specify                       0.00   0.00
X.clinical.patients..cols..No_Conversion                       -0.49  -0.50
X.clinical.patients..cols..Stage.I                             -0.01  -0.01
X.clinical.patients..cols..Stage.IIA                           -0.02  -0.02
X.clinical.patients..cols..Stage.IIB                           -0.01  -0.01
X.clinical.patients..cols..Stage.IIIA                          -0.01  -0.03
X.clinical.patients..cols..Stage.IIIC                           0.00  -0.02
NA.26.36.                                                       0.00  -0.01
NA.36.43.                                                      -0.01  -0.45
NA.43.49.                                                      -0.01  -0.01
NA.49.54.                                                      -0.48  -0.02
NA.54.59.                                                      -0.01  -0.02
NA.59.64.                                                      -0.01  -0.01
NA.64.70.                                                      -0.01  -0.02
NA.70.76.                                                       0.00   0.00
NA.76.82.                                                      -0.01  -0.03
NA.82.89.                                                       0.00  -0.01
                                                              Comp.5 Comp.6
patient.ethnicityhispanic.or.latino                             0.00   0.00
patient.genderfemale                                            0.62  -0.71
Tumor.CodedT_other                                              0.12  -0.62
Node.CodedPositive                                              0.57  -0.48
Metastasis.CodedPositive                                        0.01   0.00
patient.breast_carcinoma_estrogen_receptor_statusnegative       0.00  -0.18
patient.breast_carcinoma_estrogen_receptor_statuspositive       0.62  -0.54
patient.breast_carcinoma_progesterone_receptor_statusnegative   0.04  -0.31
patient.breast_carcinoma_progesterone_receptor_statuspositive   0.58  -0.41
HER2.Final.StatusEquivocal                                      0.00  -0.01
HER2.Final.StatusNegative                                       0.08  -0.63
HER2.Final.StatusPositive                                       0.54  -0.09
X.clinical.patients..cols..infiltrating.ductal.carcinoma        0.61  -0.65
X.clinical.patients..cols..infiltrating.lobular.carcinoma       0.01  -0.05
X.clinical.patients..cols..mixed.histology..please.specify.     0.00   0.00
X.clinical.patients..cols..other..specify                       0.00  -0.01
X.clinical.patients..cols..No_Conversion                        0.55  -0.21
X.clinical.patients..cols..Stage.I                              0.02  -0.08
X.clinical.patients..cols..Stage.IIA                            0.02  -0.11
X.clinical.patients..cols..Stage.IIB                            0.02  -0.06
X.clinical.patients..cols..Stage.IIIA                           0.02  -0.16
X.clinical.patients..cols..Stage.IIIC                           0.00  -0.09
NA.26.36.                                                       0.01  -0.09
NA.36.43.                                                       0.01  -0.06
NA.43.49.                                                       0.01  -0.02
NA.49.54.                                                       0.01  -0.03
NA.54.59.                                                       0.02  -0.22
NA.59.64.                                                       0.52  -0.09
NA.64.70.                                                       0.01  -0.06
NA.70.76.                                                       0.02  -0.05
NA.76.82.                                                       0.01  -0.06
NA.82.89.                                                       0.00  -0.03
                                                              Comp.7
patient.ethnicityhispanic.or.latino                             0.00
patient.genderfemale                                            0.53
Tumor.CodedT_other                                              0.51
Node.CodedPositive                                              0.48
Metastasis.CodedPositive                                        0.00
patient.breast_carcinoma_estrogen_receptor_statusnegative       0.02
patient.breast_carcinoma_estrogen_receptor_statuspositive       0.51
patient.breast_carcinoma_progesterone_receptor_statusnegative   0.43
patient.breast_carcinoma_progesterone_receptor_statuspositive   0.10
HER2.Final.StatusEquivocal                                      0.00
HER2.Final.StatusNegative                                       0.51
HER2.Final.StatusPositive                                       0.02
X.clinical.patients..cols..infiltrating.ductal.carcinoma        0.08
X.clinical.patients..cols..infiltrating.lobular.carcinoma       0.43
X.clinical.patients..cols..mixed.histology..please.specify.     0.00
X.clinical.patients..cols..other..specify                       0.01
X.clinical.patients..cols..No_Conversion                        0.44
X.clinical.patients..cols..Stage.I                              0.01
X.clinical.patients..cols..Stage.IIA                            0.03
X.clinical.patients..cols..Stage.IIB                            0.01
X.clinical.patients..cols..Stage.IIIA                           0.01
X.clinical.patients..cols..Stage.IIIC                           0.02
NA.26.36.                                                       0.00
NA.36.43.                                                       0.01
NA.43.49.                                                       0.01
NA.49.54.                                                       0.03
NA.54.59.                                                       0.01
NA.59.64.                                                       0.03
NA.64.70.                                                       0.41
NA.70.76.                                                       0.01
NA.76.82.                                                       0.01
NA.82.89.                                                       0.00
 
You can now manually PERMUTE and REFLECT columns of solution
If you want to reflect/permute columns, specify '1':
Read 1 item
 
If you want to carry out a STABILITY CHECK on current or different solution, specify '1':
Read 1 item
 
If you want to carry out a BOOTSTRAP procedure for
computing confidence intervals for the current solution, specify '1':
Read 1 item
 
If you want to carry out a FITPARTITIONING on current solution, specify '1':
Read 1 item
 
Press 'return' to conclude the analysis
Read 1 item
The component matrices are normalized such that A and B have unit sums of squares
To see component matrices and fit and other results, digits: $Xprep, $A, $B, $C, $fit, $fitA, $fitB, $fitC, ...
[1] 0
[1] 0
[1] 0
[1] 0
[1] 0
[1] 0
[1] 0
[1] 0
[1] 0
