 
WELCOME to the interactive CANDECOMP/PARAFAC analysis program
Warning: If you insert an object of mode CHARACTER when not requested, an error occurs and the program stops! 
 
Specify the number of A-mode entities 
Read 1 item
Specify the number of B-mode entities 
Read 1 item
Specify the number of C-mode entities 
Read 1 item
 
 
To see ANOVA results, specify 1:
Read 1 item
 
How do you want to center your array?
0 = none (default)
1 = across A-mode
2 = across B-mode
3 = across C-mode
12 = across A-mode and across B-mode
13 = across A-mode and across C-mode
23 = across B-mode and across C-mode
Read 1 item
Data have not been centered
 
How do you want to normalize your array?
0 = none (default)
1 = within A-mode
2 = within B-mode
3 = within C-mode
Read 1 item
Data have not been normalized
 
Note: The preprocessed data are now available in Xprep.
Xprep can be used for analyses outside the Candecomp/Parafac program
 
To see PCA of MEAN, specify '1':
Read 1 item
 
You are now about to do a Candecomp/Parafac analysis.
 
You have to specify the dimensionality to use.
To search this, you are advised to run a series of (unconstrained)
Candecomp/Parafac analyses using different dimensionalities
The results can next be used to find useful dimensionalities by the scree test.
To reduce the computation time, note that the maximum allowed number of iterations is 5000,
the convergence criterion is 1e-6 and the rational start via eigendecompositions is considered.
If you want to do this for choosing your dimensionality, specify '1':
Read 1 item
 
You can now do a CANDECOMP/PARAFAC ANALYSIS
 
How many components do you want to use?
Read 1 item
 
Do you want to use constraints? If so, enter '1':
Read 1 item
No constraints imposed
 
Specify convergence criterion (default=1e-6)
Read 1 item
 
By default, only a rationally started analysis run will be carried out.
To decrease the chance of missing the optimal solution, you may use additional, randomly started runs.
If you want additional runs, specify how many (e.g., 4):
Read 1 item
 
Specify the maximum number of iterations you allow (default=10000).
Read 1 item
Run no. 1
Candecomp/Parafac function value at Start is  35711.10222207
f= 32350.3748705039 after 50 iters; diff.= 0.0631198774499353
Candecomp/Parafac function value is 32350.222939767 after 54 iterations
Fit percentage is 9.18534305613939 %
Procedure used 69.71 seconds
 
Candecomp/Parafac analysis with  4  components, gave a fit of  9.19 %
Simple check on degeneracy: inspect matrix of triple congruences
        Comp.1  Comp.2  Comp.3  Comp.4
Comp.1  1.0000 -0.0315 -0.0039  0.0012
Comp.2 -0.0315  1.0000 -0.0136 -0.0187
Comp.3 -0.0039 -0.0136  1.0000 -0.0057
Comp.4  0.0012 -0.0187 -0.0057  1.0000
 
It is sometimes useful to SCALE solution, e.g., scale two matrices so that
they have unit sum of squares compensating this scale in remaining matrix.
If you want to scale components, specify '1':
Read 1 item
 
Solution for A, B and C in detail.
A
             Comp.1 Comp.2 Comp.3 Comp.4
tcga-a1-a0sd  -0.03   0.06  -0.12  -0.19
tcga-a1-a0se  -0.25  -0.07  -0.16  -0.15
tcga-a1-a0sh   0.08   0.54  -0.64  -0.02
tcga-a1-a0sj  -0.58  -0.16   0.09  -0.57
tcga-a1-a0sk   0.52   1.55   0.09   0.22
tcga-a1-a0sm   0.04   0.05  -0.03  -0.10
tcga-a1-a0so   0.85   2.99  -0.86   0.38
tcga-a2-a04n  -2.76  -0.27  -0.01   0.03
tcga-a2-a04p  -1.60   2.02   0.17   0.44
tcga-a2-a04q  -0.06   0.00  -0.07   0.02
tcga-a2-a04r  -0.35   0.01  -0.78  -0.26
tcga-a2-a04u   0.35   1.43   0.28   0.16
tcga-a2-a04v  -2.94  -0.20   0.21  -0.03
tcga-a2-a04w  -0.94   1.52   0.05  -0.09
tcga-a2-a04x  -0.39   0.04   0.10  -0.37
tcga-a2-a04y  -0.07   0.05  -0.21   0.01
tcga-a2-a0cl   0.08   1.35   0.50  -0.10
tcga-a2-a0cm   0.43   1.52   0.35   0.15
tcga-a2-a0cp  -2.83  -0.33   0.12   0.07
tcga-a2-a0cq  -0.09   0.10  -0.11   0.00
tcga-a2-a0cs  -3.28  -0.38   0.23  -0.10
tcga-a2-a0ct  -0.03   0.08  -0.23  -0.01
tcga-a2-a0cu  -0.15  -0.01  -0.01  -0.15
tcga-a2-a0cv  -0.22   0.05  -0.24   0.07
tcga-a2-a0cw  -2.83   1.27   0.26  -0.19
tcga-a2-a0cx   0.37   1.28  -0.01  -0.15
tcga-a2-a0cz  -0.21  -0.07  -0.13   0.02
tcga-a2-a0d0   0.42   1.54   0.26   0.05
tcga-a2-a0d1  -1.09   1.29   0.27   0.10
tcga-a2-a0d2   0.60   1.84   0.16   0.25
tcga-a2-a0d3  -2.77  -0.39   0.10  -0.19
tcga-a2-a0d4  -0.14   0.00  -0.16   0.05
tcga-a2-a0em  -2.44  -0.22   0.11  -0.01
tcga-a2-a0en  -2.48  -0.25  -0.37  -0.06
tcga-a2-a0eo  -2.56  -0.34   0.15  -0.04
tcga-a2-a0eq  -1.05   1.31   0.33  -0.05
tcga-a2-a0er  -0.12  -0.03  -0.27   0.04
tcga-a2-a0et  -0.13   0.02  -0.04  -0.16
tcga-a2-a0eu  -0.35  -0.05  -0.16  -0.11
tcga-a2-a0ev  -2.53  -0.14  -0.04   0.17
tcga-a2-a0ew  -2.37  -0.27  -0.52   0.07
tcga-a2-a0ex  -2.52  -0.34   0.05   0.06
tcga-a2-a0ey  -1.75   1.45  -0.26  -0.71
tcga-a2-a0st   0.04   0.05  -0.08   0.01
tcga-a2-a0su  -0.26  -0.04  -0.40   0.08
tcga-a2-a0sv  -0.12   1.28   0.14  -0.73
tcga-a2-a0sw   0.50   1.81  -0.23  -0.14
tcga-a2-a0sx   0.32   1.12   0.30   0.09
tcga-a2-a0sy  -2.59  -0.28  -0.87  -0.20
tcga-a2-a0t0   0.36   0.88  -2.51   0.08
tcga-a2-a0t1   0.44   1.34   0.41  -0.03
tcga-a2-a0t2   0.39   1.66   0.39   0.09
tcga-a2-a0t3  -0.05   1.16   0.17  -0.39
tcga-a2-a0t4  -2.75  -0.35   0.06  -0.22
tcga-a2-a0t6  -0.36  -0.11  -0.23   0.05
tcga-a2-a0t7  -3.05  -0.34   0.13  -0.01
tcga-a2-a0yc  -2.97  -0.26   0.22   0.16
tcga-a2-a0yd  -3.20  -0.46   0.10  -0.26
tcga-a2-a0yf  -0.78  -0.05  -0.02  -0.10
tcga-a2-a0yg   0.32   1.09   0.46  -0.96
tcga-a2-a0yh  -2.48   1.27  -0.18   0.00
tcga-a2-a0yi  -2.27  -0.28   0.19  -0.03
tcga-a2-a0yj  -0.02   1.46   0.39  -0.51
tcga-a2-a0yk  -2.60  -0.01  -1.22   0.35
tcga-a2-a0yl  -2.67  -0.25   0.01   0.16
tcga-a2-a0ym   0.51   1.92   0.32   0.19
tcga-a7-a0cd   0.00   0.07  -0.13   0.04
tcga-a7-a0ce   0.58   1.83  -0.26   0.16
tcga-a7-a0cg  -2.03  -0.11   0.04   0.14
tcga-a7-a0cj  -2.57   1.10  -0.23   0.05
tcga-a7-a0d9  -2.22  -0.15   0.20   0.11
tcga-a7-a0da   0.33   1.62   0.29  -0.16
tcga-a7-a0db  -3.12  -0.28   0.12   0.05
tcga-a7-a13d   0.22   1.58   0.09   0.19
tcga-a7-a13f  -0.05   0.08  -0.11  -0.14
tcga-a8-a06n  -0.05   0.05  -0.26  -0.03
tcga-a8-a06o  -0.04   0.81   0.19  -0.35
tcga-a8-a06p  -3.14  -0.41   0.20  -0.14
tcga-a8-a06q  -3.44   1.61   0.28  -0.04
tcga-a8-a06r  -2.47  -0.03  -0.59   0.10
tcga-a8-a06t  -0.26  -0.02  -0.37   0.04
tcga-a8-a06u  -2.25   0.97  -0.12   0.01
tcga-a8-a06x  -0.47   0.11  -1.24  -0.50
tcga-a8-a06y  -0.05   0.02  -0.09  -0.01
tcga-a8-a06z  -0.20   0.05  -0.14   0.04
tcga-a8-a075  -3.27   1.06   0.46  -0.25
tcga-a8-a076  -0.16  -0.03  -0.38  -0.41
tcga-a8-a079   0.23   1.40   0.24  -0.02
tcga-a8-a07b  -2.18   0.79   0.38  -0.12
tcga-a8-a07c   0.31   0.94  -1.37   0.41
tcga-a8-a07e  -3.36  -0.26  -0.79   0.04
tcga-a8-a07f  -0.87  -0.12  -0.27   0.07
tcga-a8-a07g  -2.62  -0.24   0.18   0.11
tcga-a8-a07i   0.03   0.17  -0.45  -0.12
tcga-a8-a07j  -2.94  -0.25  -0.02   0.05
tcga-a8-a07l  -0.01   0.18  -0.14  -0.47
tcga-a8-a07o   0.38   1.66   0.01   0.13
tcga-a8-a07p  -0.28  -0.11  -0.21  -0.27
tcga-a8-a07r   0.24   1.67  -0.61   0.07
tcga-a8-a07u   0.26   1.37   0.44   0.02
tcga-a8-a07w  -0.12   1.24   0.28  -0.09
tcga-a8-a07z  -3.48  -0.41   0.26  -0.21
tcga-a8-a081  -3.02   1.11   0.58  -0.14
tcga-a8-a082  -0.51  -0.12  -0.15   0.00
tcga-a8-a083  -0.21  -0.03  -0.40  -0.28
tcga-a8-a084  -2.31   1.41   0.79  -0.02
tcga-a8-a085  -0.15   0.06  -0.51  -0.08
tcga-a8-a086  -0.51  -0.16  -0.09  -0.12
tcga-a8-a08a  -0.07  -0.04  -0.12  -0.09
tcga-a8-a08b  -1.90  -0.10  -0.03   0.14
tcga-a8-a08f   0.21   0.25  -2.33   0.16
tcga-a8-a08g  -0.55  -0.04  -0.11  -0.20
tcga-a8-a08h  -0.11   0.02   0.01  -0.02
tcga-a8-a08i   0.13   1.37   0.34  -0.08
tcga-a8-a08j  -0.17  -0.04  -0.25   0.05
tcga-a8-a08l  -2.55   0.15  -1.99   0.58
tcga-a8-a08o  -2.72  -0.19   0.11   0.15
tcga-a8-a08p  -2.91   0.65   0.55  -0.50
tcga-a8-a08r  -1.37   2.33   0.12   0.32
tcga-a8-a08t  -3.15  -0.26  -0.29   0.27
tcga-a8-a08x   0.44   1.31   0.38   0.01
tcga-a8-a08z  -3.38  -0.31   0.18   0.13
tcga-a8-a090  -0.02   0.06  -0.08  -0.08
tcga-a8-a091  -0.28  -0.07  -0.10   0.01
tcga-a8-a092  -3.13   1.01   0.34  -0.19
tcga-a8-a093  -3.33  -0.28  -0.20   0.10
tcga-a8-a094  -0.12   1.77   0.00  -0.23
tcga-a8-a095  -2.52  -0.09  -0.82   0.09
tcga-a8-a096  -2.95  -0.31   0.11   0.03
tcga-a8-a097   0.34   1.22  -0.57  -0.28
tcga-a8-a099  -0.04   0.01  -0.16   0.02
tcga-a8-a09a   0.14   0.20  -0.77  -0.06
tcga-a8-a09b  -3.37  -0.32   0.00   0.08
tcga-a8-a09c  -2.94  -0.19   0.15   0.07
tcga-a8-a09d  -2.91  -0.13   0.19   0.19
tcga-a8-a09g   0.41   0.40  -2.03  -0.72
tcga-a8-a09i  -0.34  -0.05  -0.50  -0.43
tcga-a8-a09m  -0.60   0.00  -0.39  -0.08
tcga-a8-a09n   0.05   1.25   0.09  -0.25
tcga-a8-a09q   0.21   1.55  -0.89  -0.06
tcga-a8-a09r  -0.41  -0.09  -0.57  -0.04
tcga-a8-a09t  -0.20  -0.05   0.02  -0.14
tcga-a8-a09v  -0.32  -0.04  -0.24  -0.13
tcga-a8-a09w  -0.03   0.20  -1.95   0.15
tcga-a8-a09x   0.20   1.23   0.12   0.09
tcga-a8-a0a1  -2.33  -0.13   0.24   0.13
tcga-a8-a0a2  -0.33  -0.05  -0.11   0.03
tcga-a8-a0a4  -0.23   0.01  -0.60   0.02
tcga-a8-a0a7  -1.35  -0.06  -0.13  -0.03
tcga-a8-a0a9  -3.52  -0.36  -0.04  -0.14
tcga-a8-a0ab  -0.68  -0.03  -0.02  -0.11
tcga-a8-a0ad  -0.45  -0.08  -0.04  -0.11
tcga-an-a03x  -3.17  -0.38   0.14   0.13
tcga-an-a03y  -2.97  -0.29   0.01   0.19
tcga-an-a041  -0.31   0.03  -0.31   0.05
tcga-an-a049  -3.36  -0.41   0.00   0.16
tcga-an-a04a  -0.40  -0.01  -0.19   0.01
tcga-an-a04c  -1.23   1.53   0.54   0.10
tcga-an-a04d   0.44   0.54  -1.22  -0.05
tcga-an-a0aj  -2.58   0.79   0.37  -0.37
tcga-an-a0al   0.78   2.12  -0.38   0.20
tcga-an-a0am  -0.31   0.04  -0.36   0.09
tcga-an-a0ar   0.12   1.63   0.37  -0.06
tcga-an-a0as   0.03   1.58  -0.34   0.00
tcga-an-a0at   0.36   0.69  -1.11  -0.09
tcga-an-a0fd  -0.29   0.08  -0.16   0.00
tcga-an-a0ff  -2.69  -0.26   0.29  -0.23
tcga-an-a0fj   0.62   1.86  -0.66  -0.18
tcga-an-a0fk  -0.02   0.07   0.01  -0.02
tcga-an-a0fl   0.85   2.35  -0.57   0.18
tcga-an-a0fn  -0.18  -0.07  -0.05  -0.16
tcga-an-a0fs  -1.72  -0.10   0.00   0.10
tcga-an-a0ft   0.26   1.49   0.16  -0.26
tcga-an-a0fv   0.50   1.41   0.00  -0.02
tcga-an-a0fw   0.04   0.11  -0.13  -0.35
tcga-an-a0fx   0.69   2.11   0.07   0.19
tcga-an-a0fy   0.00   1.01   0.32  -0.20
tcga-an-a0fz   0.11   0.07  -0.14  -0.29
tcga-an-a0g0   0.18   1.63   0.33   0.02
tcga-an-a0xl  -2.92  -0.32   0.04   0.05
tcga-an-a0xn   0.37   1.73   0.10  -0.04
tcga-an-a0xo  -2.57  -0.06  -0.14   0.15
tcga-an-a0xp  -3.19  -0.39   0.05  -0.03
tcga-an-a0xr  -0.58  -0.08  -0.20  -0.16
tcga-an-a0xs  -2.80  -0.38   0.14  -0.17
tcga-an-a0xt   0.30   1.48   0.44   0.03
tcga-an-a0xu   0.45   1.86   0.04   0.20
tcga-an-a0xv  -0.57  -0.08  -0.10  -0.37
tcga-an-a0xw   0.25   0.29  -3.20   0.13
tcga-ao-a03l  -2.78   1.18   0.77   0.06
tcga-ao-a03n  -3.43   1.14   0.63  -0.29
tcga-ao-a03o  -2.82   0.92   0.48   0.02
tcga-ao-a03p  -0.27   0.04  -0.28  -0.11
tcga-ao-a03r   0.20   1.41   0.17  -0.06
tcga-ao-a03t  -0.38   0.12  -1.94   0.02
tcga-ao-a03u   0.05   0.09  -0.03   0.01
tcga-ao-a03v   0.16   0.98  -0.45  -0.03
tcga-ao-a0j2   0.31   1.30   0.32   0.06
tcga-ao-a0j3  -0.08   0.23  -1.07   0.11
tcga-ao-a0j4   0.62   1.72  -0.24   0.19
tcga-ao-a0j6   0.46   1.90  -0.39   0.26
tcga-ao-a0j7  -2.46  -0.28   0.23  -0.02
tcga-ao-a0j8  -0.29  -0.05  -0.11  -0.09
tcga-ao-a0j9  -0.45  -0.03  -0.70  -0.01
tcga-ao-a0ja  -2.98  -0.21  -0.09   0.21
tcga-ao-a0jb   0.74   1.80  -0.96  -0.08
tcga-ao-a0jc  -2.71  -0.23   0.20   0.13
tcga-ao-a0jd   0.04   1.71   0.60  -0.30
tcga-ao-a0je  -1.08   1.50  -0.07  -0.47
tcga-ao-a0jf  -3.41  -0.50   0.14  -0.11
tcga-ao-a0jg  -1.03  -0.24  -0.06  -0.61
tcga-ao-a0ji  -0.05   0.00  -0.17   0.04
tcga-ao-a0jj  -0.29  -0.06  -0.14   0.04
tcga-ao-a0jl   0.46   1.72   0.46   0.04
tcga-ao-a0jm  -0.22  -0.06  -0.25  -0.16
tcga-ao-a124   0.66   1.96  -0.43   0.36
tcga-ao-a125  -2.57  -0.25   0.10  -0.06
tcga-ao-a126  -2.59  -0.21   0.21   0.13
tcga-ao-a129   0.29   1.82   0.41   0.08
tcga-ao-a12a  -2.97  -0.27   0.00   0.18
tcga-ao-a12b  -0.28  -0.11   0.01  -0.34
tcga-ao-a12d   0.39   1.16   0.34  -0.19
tcga-ao-a12e   0.03   0.01  -0.29  -0.08
tcga-ao-a12f   0.47   1.66   0.30   0.17
tcga-ao-a12g  -0.02   1.05   0.26   0.00
tcga-ao-a12h  -0.39  -0.04  -0.16  -0.08
tcga-aq-a04j   0.34   1.54   0.36   0.18
tcga-aq-a04l   0.22   1.24   0.30   0.02
tcga-ar-a0tp   0.34   1.54   0.25  -0.19
tcga-ar-a0tq  -0.12   0.05  -0.22  -0.02
tcga-ar-a0tr  -3.14  -0.31   0.34  -0.12
tcga-ar-a0ts   0.48   1.80   0.41   0.12
tcga-ar-a0tt  -0.19   0.03  -0.36   0.10
tcga-ar-a0tu   0.10   0.24  -0.40   0.10
tcga-ar-a0tv   0.06   1.49   0.11   0.07
tcga-ar-a0tw  -0.38  -0.08  -0.60   0.07
tcga-ar-a0tx   0.69  -1.56   0.20  -9.19
tcga-ar-a0ty  -0.24   0.10  -0.44   0.08
tcga-ar-a0tz  -3.36  -0.40   0.21  -0.10
tcga-ar-a0u0   0.60   1.79  -0.43  -0.14
tcga-ar-a0u1   0.45   1.78   0.43  -0.02
tcga-ar-a0u2   0.08   1.41   0.07  -0.21
tcga-ar-a0u3   0.20   1.38   0.31  -0.08
tcga-ar-a0u4   0.98   2.37  -1.04   0.30
tcga-ar-a1ah   0.55   1.97  -0.31  -0.02
tcga-ar-a1ai   0.39   1.39   0.06   0.25
tcga-ar-a1aj   0.19   1.17   0.25   0.03
tcga-ar-a1ak   0.02   0.05  -0.55  -0.07
tcga-ar-a1al  -3.00  -0.34   0.09  -0.09
tcga-ar-a1an   0.01   1.21   0.41  -0.01
tcga-ar-a1ao  -2.20  -0.13   0.18   0.11
tcga-ar-a1ap  -0.27   0.96   0.19  -0.03
tcga-ar-a1aq   0.44   1.70   0.23   0.15
tcga-ar-a1ar   0.09   0.15  -0.03  -0.07
tcga-ar-a1as  -2.86   1.29  -0.32   0.20
tcga-ar-a1at  -0.32  -0.02  -0.35  -0.26
tcga-ar-a1au  -0.30   0.01  -0.13  -0.02
tcga-ar-a1av  -2.54  -0.22   0.09   0.02
tcga-ar-a1aw  -2.63   0.92   0.51   0.15
tcga-ar-a1ax  -0.32  -0.11   0.02  -0.38
tcga-ar-a1ay   0.26   1.18   0.31   0.02
tcga-b6-a0i5  -3.46  -0.33  -0.01  -0.06
tcga-b6-a0i9   0.36   1.01  -0.23  -0.52
tcga-b6-a0ia   0.06   0.08  -0.51   0.02
tcga-b6-a0ib  -0.41   0.01  -0.37   0.02
tcga-b6-a0ie  -1.29   1.24   0.56  -0.09
tcga-b6-a0ih  -0.62  -0.11  -0.05  -0.16
tcga-b6-a0ij   0.07   1.42  -0.94  -0.15
tcga-b6-a0ik  -1.74   1.87   0.33  -0.25
tcga-b6-a0im  -0.65  -0.17  -0.24   0.03
tcga-b6-a0io  -0.46   0.00  -0.11  -0.07
tcga-b6-a0ip  -2.38  -0.30  -0.38  -0.07
tcga-b6-a0iq   0.60   1.72   0.23   0.10
tcga-b6-a0re  -1.44   1.64   0.35   0.26
tcga-b6-a0rg  -1.82   0.05  -0.10   0.07
tcga-b6-a0rh  -2.45   0.82   0.55  -0.43
tcga-b6-a0ri  -0.36  -0.07  -0.08  -0.15
tcga-b6-a0rl  -0.46  -0.15  -0.21  -0.32
tcga-b6-a0rn  -1.60   0.04   0.11   0.11
tcga-b6-a0ro  -2.95  -0.30  -0.02   0.04
tcga-b6-a0rp  -2.77  -0.30  -0.61  -0.20
tcga-b6-a0rq  -2.45  -0.24   0.03   0.06
tcga-b6-a0rs   0.64   2.00  -0.18   0.20
tcga-b6-a0rt  -0.13  -0.02   0.05  -0.16
tcga-b6-a0ru   0.13   1.10   0.13   0.12
tcga-b6-a0rv  -0.75  -0.09  -0.23  -0.29
tcga-b6-a0ws  -0.22  -0.03  -0.13   0.02
tcga-b6-a0wt  -0.25  -0.11  -0.25  -0.42
tcga-b6-a0wv  -0.36  -0.07  -0.01  -0.26
tcga-b6-a0wx   0.37   1.30   0.27   0.08
tcga-b6-a0wy  -3.16  -0.16   0.09   0.01
tcga-b6-a0wz  -0.77   0.08  -0.37  -0.18
tcga-b6-a0x0  -2.17  -0.22   0.02  -0.02
tcga-b6-a0x4  -0.52  -0.18  -0.41  -0.41
tcga-b6-a0x5  -3.53  -0.42   0.36  -0.82
tcga-bh-a0au  -0.08   0.01  -0.10   0.03
tcga-bh-a0av   0.38   1.29   0.20   0.08
tcga-bh-a0aw   0.54   1.30  -0.92  -0.88
tcga-bh-a0ay  -0.02  -0.05  -0.36  -0.09
tcga-bh-a0az  -0.22  -0.09  -0.95  -0.17
tcga-bh-a0b0  -2.31   0.65   0.23  -0.04
tcga-bh-a0b1   0.00   0.08  -0.10   0.01
tcga-bh-a0b3   0.58   1.93   0.20   0.17
tcga-bh-a0b4   0.04  -0.02  -0.53  -0.29
tcga-bh-a0b5  -2.71  -0.08   0.06   0.15
tcga-bh-a0b7   0.14   1.07   0.50  -0.49
tcga-bh-a0b8  -0.14   0.00  -0.27  -0.10
tcga-bh-a0b9   0.24   1.27   0.32   0.12
tcga-bh-a0ba  -3.00  -0.38  -0.10   0.02
tcga-bh-a0bc  -3.12   1.00   0.80  -0.49
tcga-bh-a0bd  -2.71  -0.21  -0.02   0.03
tcga-bh-a0bf  -2.44   1.08   0.01   0.06
tcga-bh-a0bg   0.12   1.38  -0.18   0.06
tcga-bh-a0bj  -2.91  -0.28   0.24   0.13
tcga-bh-a0bl   0.23   1.38   0.11   0.07
tcga-bh-a0bm  -2.70  -0.05   0.13   0.18
tcga-bh-a0bo  -2.86  -0.30   0.14  -0.07
tcga-bh-a0bp  -0.23   0.99  -0.51  -0.38
tcga-bh-a0bq  -2.25  -0.23   0.15   0.10
tcga-bh-a0br  -0.12   0.84   0.03  -0.10
tcga-bh-a0bs  -0.23  -0.05  -0.17   0.02
tcga-bh-a0bt  -2.59   0.89   0.38   0.07
tcga-bh-a0bv  -2.96  -0.22   0.15   0.00
tcga-bh-a0bw   0.37   1.58  -0.12   0.05
tcga-bh-a0bz   0.48  -0.07  -3.44  -0.20
tcga-bh-a0c0   0.03   0.98   0.43  -0.27
tcga-bh-a0c1  -0.46   0.00  -0.17   0.05
tcga-bh-a0c3   0.09   0.78   0.23   0.03
tcga-bh-a0c7  -0.28  -0.05  -0.09  -0.18
tcga-bh-a0dd  -2.17  -0.23   0.06   0.07
tcga-bh-a0de  -3.13  -0.39   0.14  -0.18
tcga-bh-a0dg  -0.35   0.01  -0.17  -0.09
tcga-bh-a0dh  -0.55  -0.10  -0.39  -0.52
tcga-bh-a0di   0.37   1.39  -0.47  -0.11
tcga-bh-a0dk  -3.22  -0.25   0.14  -0.19
tcga-bh-a0dl  -1.64   1.14   0.03   0.16
tcga-bh-a0do  -2.27  -0.24   0.11   0.10
tcga-bh-a0dp  -2.46  -0.23   0.11   0.09
tcga-bh-a0dq  -0.13   0.08  -0.15   0.03
tcga-bh-a0ds  -0.07   0.10  -0.29  -0.07
tcga-bh-a0dt  -3.21  -0.43   0.01   0.13
tcga-bh-a0dx  -2.37  -0.12  -0.63   0.12
tcga-bh-a0dz   0.11   1.17  -0.20  -2.16
tcga-bh-a0e0   0.46   1.86   0.08   0.05
tcga-bh-a0e1   0.07   0.10  -0.50  -0.11
tcga-bh-a0e2  -0.15  -0.01  -0.08   0.01
tcga-bh-a0e6   0.39   1.24   0.24   0.05
tcga-bh-a0e7  -0.67  -0.08  -0.04   0.00
tcga-bh-a0e9  -0.21  -0.04  -0.19   0.04
tcga-bh-a0ea  -2.86  -0.43  -0.11   0.04
tcga-bh-a0eb  -2.37   0.71   0.42   0.03
tcga-bh-a0ee  -1.38   0.02   0.04   0.01
tcga-bh-a0ei  -0.50  -0.08  -0.01  -0.20
tcga-bh-a0gy  -2.89   1.16  -0.07   0.04
tcga-bh-a0gz  -0.23   0.11  -0.34   0.07
tcga-bh-a0h0  -0.06   0.00   0.00   0.00
tcga-bh-a0h3  -2.61  -0.31   0.04   0.14
tcga-bh-a0h6  -0.42  -0.15  -0.01  -0.15
tcga-bh-a0h7  -0.01   0.99   0.40  -0.50
tcga-bh-a0h9  -2.78  -0.17  -0.58  -0.04
tcga-bh-a0ha  -2.85  -0.24  -1.33   0.13
tcga-bh-a0hb  -0.36   0.06   0.08  -0.19
tcga-bh-a0hi  -2.17  -0.17  -0.43   0.08
tcga-bh-a0hk  -0.44   0.15  -0.26  -0.32
tcga-bh-a0hl  -0.13   0.00  -1.08  -0.11
tcga-bh-a0hn  -3.01  -0.41   0.16  -0.31
tcga-bh-a0ho  -0.24  -0.09   0.07  -0.28
tcga-bh-a0hp  -0.42   0.32  -2.19  -0.04
tcga-bh-a0hq  -0.58  -0.06  -0.12  -0.23
tcga-bh-a0hu  -2.98  -0.28  -0.01  -0.11
tcga-bh-a0hw  -0.01   0.01   0.03  -0.20
tcga-bh-a0hx   0.39   1.68  -0.13   0.06
tcga-bh-a0rx   0.26   1.38   0.42   0.04
tcga-bh-a0w3  -2.51  -0.23   0.23   0.11
tcga-bh-a0w4  -0.07   0.10  -0.07  -0.01
tcga-bh-a0w5  -3.01  -0.32   0.11   0.09
tcga-bh-a0w7  -2.86  -0.08  -0.21   0.14
tcga-bh-a18f  -3.27  -0.39  -0.16  -0.04
tcga-bh-a18h  -2.22   0.63   0.48  -0.15
tcga-bh-a18i  -2.57  -0.28   0.08   0.00
tcga-bh-a18j  -3.05  -0.12   0.11   0.22
tcga-bh-a18k  -0.08   0.00  -0.17   0.03
tcga-bh-a18m  -3.29  -0.46  -0.30   0.16
tcga-bh-a18n  -0.70  -0.20  -0.33  -0.39
tcga-bh-a18p  -0.51   0.20  -1.98  -0.37
tcga-bh-a18q   0.84   2.00  -0.17   0.11
tcga-bh-a18r  -0.02   0.09  -0.04   0.03
tcga-bh-a18t   0.74   1.92  -0.41   0.22
tcga-bh-a18u  -0.11   0.92   0.47  -0.71
tcga-bh-a18v   0.87   2.66  -0.07   0.20
tcga-bh-a1eo  -0.04   0.02  -0.10   0.01
tcga-bh-a1es  -0.20   0.00  -0.69  -0.18
tcga-bh-a1et  -2.26  -0.17   0.19   0.10
tcga-bh-a1eu  -2.17  -0.23   0.12   0.09
tcga-bh-a1ew   0.05   0.04  -0.04   0.01
tcga-bh-a1f0   0.32   1.14   0.29   0.03
tcga-c8-a12l  -0.92   1.79   0.38   0.22
tcga-c8-a12n  -3.26  -0.38   0.22  -0.03
tcga-c8-a12p   0.78   1.78  -0.07  -0.25
tcga-c8-a12q   0.63   1.50   0.01  -0.12
tcga-c8-a12t  -2.72   0.10  -0.52   0.20
tcga-c8-a12u  -2.81  -0.17   0.11   0.13
tcga-c8-a12v   0.00   0.06  -0.01   0.00
tcga-c8-a12w   0.41   1.47  -0.46  -0.17
tcga-c8-a12x  -0.29   0.14  -0.34   0.10
tcga-c8-a12z   0.28   1.51   0.39  -0.16
tcga-c8-a130  -2.20   0.81   0.52  -0.13
tcga-c8-a131  -1.62   1.68   0.48   0.22
tcga-c8-a132   0.00   0.06  -0.10  -0.16
tcga-c8-a133  -2.62  -0.27   0.01   0.15
tcga-c8-a134   0.67   1.83   0.12   0.09
tcga-c8-a135   0.35   1.42   0.35  -0.04
tcga-c8-a137   0.37   1.35   0.36   0.01
tcga-c8-a138   0.28   1.36   0.36  -0.05
tcga-c8-a1hf  -1.56   0.96   0.50   0.07
tcga-c8-a1hg   0.18   1.21   0.40  -0.11
tcga-c8-a1hi  -0.35  -0.08  -0.14   0.03
tcga-c8-a1hl  -0.15   0.05  -0.14   0.05
tcga-c8-a1hm   0.15   1.96  -1.55  -0.11
tcga-c8-a1hn  -0.45   0.00  -0.22   0.07
tcga-d8-a13y   0.14   1.10   0.08  -0.17
tcga-d8-a13z   0.38   1.75   0.08   0.13
tcga-d8-a140  -0.01   0.01  -0.06  -0.38
tcga-d8-a141  -0.11  -0.01  -0.03   0.00
tcga-d8-a142   0.49   1.64  -0.28   0.21
tcga-d8-a143  -1.39   1.75   0.31   0.39
tcga-d8-a145  -0.27   0.04  -0.07  -0.16
tcga-d8-a147   0.88   2.41  -0.32   0.30
tcga-e2-a105  -2.45  -0.32   0.11  -0.10
tcga-e2-a107  -0.29  -0.04  -0.16   0.04
tcga-e2-a108  -2.66   1.10   0.57  -0.02
tcga-e2-a109   0.36   1.63   0.25  -0.05
tcga-e2-a10a  -1.03  -0.17  -0.11  -0.16
tcga-e2-a10b  -3.29  -0.33  -0.13  -0.17
tcga-e2-a10c  -3.57  -0.69  -4.94   0.23
tcga-e2-a10e  -2.60  -0.20  -0.54   0.05
tcga-e2-a10f  -2.71  -0.28   0.06   0.15
tcga-e2-a14n   0.52   1.84   0.32   0.18
tcga-e2-a14o  -0.49  -0.02   0.01  -0.36
tcga-e2-a14p   0.62   1.65  -0.20  -0.05
tcga-e2-a14q  -0.10   0.07  -0.34   0.05
tcga-e2-a14r   0.48   1.96   0.18  -0.03
tcga-e2-a14s  -0.46   0.03  -0.37  -0.08
tcga-e2-a14t  -0.18   0.03  -0.80   0.05
tcga-e2-a14v  -2.41  -0.30  -0.03  -0.39
tcga-e2-a14w  -0.16   0.10  -0.31  -0.12
tcga-e2-a14x   0.60   1.65  -0.23   0.16
tcga-e2-a14y  -2.51   0.79   0.70  -0.57
tcga-e2-a14z   0.19   1.19   0.18  -0.05
tcga-e2-a150   0.25   1.76   0.36   0.11
tcga-e2-a152  -1.40   0.89   0.30  -0.20
tcga-e2-a153  -2.56  -0.29   0.21   0.00
tcga-e2-a154  -2.53  -0.23   0.03   0.13
tcga-e2-a155   0.03   1.42   0.06   0.03
tcga-e2-a156  -3.00  -0.37   0.16   0.09
tcga-e2-a158   0.77   1.89  -0.38   0.10
tcga-e2-a159   0.86   2.43  -0.03   0.23
tcga-e2-a15a  -0.12   0.09  -0.23  -0.09
tcga-e2-a15c  -2.76  -0.33   0.19  -0.05
tcga-e2-a15d  -0.29   0.04  -0.20  -0.03
tcga-e2-a15e  -2.38   0.66   0.57  -0.33
tcga-e2-a15f  -0.01   0.02   0.01   0.01
tcga-e2-a15g  -2.68  -0.29  -0.02   0.12
tcga-e2-a15h  -0.28  -0.07  -0.22   0.00
tcga-e2-a15i  -0.05   0.07  -0.10   0.04
tcga-e2-a15j  -0.31  -0.04  -0.19   0.05
tcga-e2-a15k  -3.33  -0.17   0.25  -0.05
tcga-e2-a15l  -2.45  -0.23  -0.08   0.18
tcga-e2-a15m  -0.03   1.19   0.05   0.00
tcga-e2-a15o  -0.48  -0.05  -0.11  -0.04
tcga-e2-a15p  -2.41  -0.34   0.13  -0.15
tcga-e2-a15r  -0.02   0.00  -0.13   0.02
tcga-e2-a15s   0.10   0.04  -0.51  -0.13
tcga-e2-a15t  -0.05   1.39   0.21   0.03
tcga-e2-a1az  -0.02   0.10  -0.29   0.08
tcga-e2-a1b0   0.39   1.31   0.29  -0.06
tcga-e2-a1b1  -0.29   0.01   0.07  -0.26
tcga-e2-a1b4  -2.83  -0.35   0.06  -0.02
tcga-e2-a1b5  -0.27  -0.01  -0.13   0.03
tcga-e2-a1b6   0.36   1.47   0.24   0.18
tcga-e2-a1bc  -2.61  -0.32   0.08   0.12
tcga-e2-a1bd  -3.11  -0.31   0.15   0.14
B
                Comp.1 Comp.2 Comp.3 Comp.4
ANK3              0.01  -0.01   0.03   0.17
HECTD4            0.01  -0.03   0.01   0.01
COL14A1           0.02  -0.01   0.05   0.01
FNDC1             0.00  -0.01   0.02   0.01
LRBA              0.01  -0.03   0.01   0.00
LRP2              0.02  -0.07   0.04   0.18
RP1               0.02  -0.01   0.01   0.01
AKAP17A           0.01  -0.01   0.02   0.00
CDH1              0.10   0.00   0.11   0.01
UBR4              0.02  -0.04   0.05   0.18
SPI1              0.02  -0.03   0.05   0.19
MED23             0.03   0.00   0.01   0.00
MGA               0.01  -0.02   0.03   0.02
UNC13C            0.00  -0.03   0.03   0.01
ZFHX4             0.02  -0.05   0.03   0.04
AHCTF1            0.01  -0.03   0.03   0.01
BRCA1             0.00  -0.10   0.04  -0.01
CSMD1             0.04  -0.03   0.09   0.01
CUBN              0.01  -0.03   0.07   0.01
DMD               0.03  -0.05   0.07   0.01
DNAH8             0.00  -0.03   0.04   0.05
TMEM189           0.02  -0.02   0.00   0.01
EVPL              0.00  -0.02   0.06   0.03
GOLGB1            0.01  -0.05   0.00   0.00
GPR179            0.00  -0.02   0.05   0.01
HYDIN             0.01  -0.04   0.07   0.17
KCNT2             0.03  -0.04   0.09   0.00
SVILP1            0.01  -0.02   0.00   0.00
MUC12             0.02  -0.05   0.04   0.00
PLCE1             0.01  -0.02   0.01   0.01
PREX1             0.02  -0.04   0.05   0.01
RYR2              0.07  -0.07   0.18   0.00
USH2A             0.02  -0.11   0.14   0.05
WDR7              0.01  -0.03   0.03   0.16
CROCCP2           0.08  -0.03  -0.01   0.27
Unknown           0.16  -0.09   0.00   0.31
GNPTAB            0.01  -0.01   0.05   0.02
NLRC5             0.01  -0.02   0.09   0.00
SPEN              0.03  -0.02   0.03   0.18
AHNAK             0.01  -0.01   0.02   0.00
FAT3              0.01  -0.08   0.03   0.03
LAMA3             0.01  -0.02   0.04   0.00
PARK2             0.01  -0.02   0.02   0.01
PLEC              0.01  -0.02   0.03   0.00
TG                0.01  -0.05   0.09   0.02
TP53              0.20  -1.02  -0.12   0.40
UNC5D             0.01  -0.03   0.03   0.00
AIM1              0.00  -0.03   0.03   0.00
ATP1A4            0.01  -0.03   0.04   0.04
KCNH7             0.00  -0.01   0.00   0.17
PCSK5             0.01  -0.02   0.02   0.04
TENM4             0.02  -0.03   0.01   0.00
SCN8A             0.02  -0.02   0.08   0.00
ADAMTS17          0.01  -0.02   0.02   0.00
ANK1              0.03  -0.04   0.01   0.00
ASXL3             0.01  -0.05   0.03  -0.01
BRIP1             0.01  -0.02   0.02   0.01
SMG8              0.01  -0.03   0.07   0.00
CACNA1F           0.01  -0.04   0.01   0.00
CHD6              0.02  -0.03   0.07   0.00
DGKI              0.00  -0.03   0.02   0.00
DNAH5             0.01  -0.05   0.05   0.01
DNAH9             0.01  -0.05   0.08   0.06
DYSF              0.01  -0.03   0.01   0.00
TBL1XR1           0.03  -0.01   0.02   0.00
FRY               0.00  -0.05   0.05  -0.01
GRIA1             0.00  -0.02   0.06   0.01
GRM3              0.02  -0.04   0.02   0.00
C1orf222          0.01  -0.02   0.03   0.01
MACF1             0.01  -0.06   0.03   0.00
MUC17             0.04  -0.07   0.09   0.00
MUC5B             0.02  -0.04   0.08  -0.01
MYCBP2            0.02  -0.03   0.01   0.01
MYH4              0.01  -0.03   0.02   0.00
MYH7              0.03  -0.02   0.05  -0.01
MYO18B            0.01  -0.02   0.02   0.00
NAV3              0.01  -0.02   0.00   0.03
NBEAL2            0.01  -0.02   0.05   0.00
PCDH15            0.00  -0.03   0.00   0.01
RTN4              0.02  -0.02   0.03   0.00
SCN7A             0.01  -0.04   0.01   0.01
SETDB1            0.02  -0.05   0.03  -0.01
SRRM2             0.01  -0.01   0.06   0.03
SSPO              0.04  -0.05   0.02   0.01
TTN               0.12  -0.28   0.63   0.23
COL6A6            0.00  -0.02   0.03   0.01
EML5              0.02  -0.01   0.04   0.00
LAMA1             0.00  -0.03   0.00   0.00
MAP3K1            0.16   0.00   0.04   0.04
MUC16             0.08  -0.12   0.23   0.22
MYO5B             0.03  -0.01  -0.01   0.00
PCNT              0.01  -0.03   0.01   0.00
PIK3CA            0.95  -0.17  -0.02   0.02
SCN2A             0.01  -0.03  -0.01   0.00
AKAP4             0.01  -0.04   0.01   0.00
AKAP9             0.01  -0.05   0.02   0.00
OTOGL             0.02  -0.03   0.04   0.00
DNAH6             0.02  -0.02   0.06   0.01
ERBB3             0.02  -0.04   0.04   0.01
ERCC6             0.02  -0.01   0.13   0.01
LINC00869         0.01  -0.03   0.04   0.00
RBM19             0.01  -0.01   0.00  -0.01
SHROOM4           0.02  -0.01   0.00   0.01
SPTBN5            0.01  -0.03   0.01  -0.01
TEX15             0.01  -0.02   0.03   0.00
VWF               0.03  -0.03   0.03  -0.01
HECW1             0.00  -0.03   0.03   0.00
NF1               0.04  -0.02   0.09   0.00
SVEP1             0.02  -0.02   0.03   0.01
COL18A1           0.01  -0.03   0.02   0.01
CSMD2             0.01  -0.03   0.07   0.01
snoU13            0.01  -0.01   0.03   0.01
HECW2             0.00  -0.01   0.01   0.16
CACNA1C           0.03  -0.01   0.03   0.03
NALCN             0.01  -0.04   0.01   0.04
RAPGEF6           0.03   0.00   0.09   0.01
RTTN              0.02   0.00   0.08   0.01
SCN11A            0.01  -0.03   0.04   0.01
ZFPM2             0.01  -0.04   0.03   0.02
ZNF592            0.01  -0.01   0.01   0.04
BZRAP1            0.01  -0.01   0.03   0.01
ZNF506            0.02  -0.02   0.01   0.01
FNBP4             0.02  -0.01   0.06   0.00
KIAA1210          0.01  -0.05   0.00   0.01
MTOR              0.01  -0.02   0.04   0.05
MUC4              0.02  -0.05  -0.01   0.20
MXRA5             0.01  -0.02   0.01   0.00
CHD9              0.01  -0.03   0.01   0.01
ATP10B            0.01  -0.06   0.03   0.01
CASC5             0.01  -0.03   0.00   0.01
CHD4              0.01  -0.02   0.02   0.00
CR1               0.01  -0.02   0.01   0.01
FREM1             0.02  -0.01  -0.01   0.02
KIAA2022          0.01  -0.02   0.01   0.20
MDN1              0.04  -0.02   0.06   0.01
PCDHB7            0.01  -0.02   0.01   0.01
TAF1L             0.01  -0.02   0.00   0.01
TBCD              0.02  -0.01   0.08   0.01
CA9               0.01  -0.01   0.00   0.01
DNAH17            0.01  -0.02   0.00   0.01
DNAH3             0.02  -0.04   0.01   0.01
RP11-32B5.7       0.04  -0.02   0.01   0.03
MGAM              0.01  -0.03   0.00   0.02
NEB               0.04  -0.06   0.05   0.02
RNF213            0.01  -0.02   0.02   0.01
UNC45A            0.01  -0.02   0.01   0.00
ZNF438            0.00  -0.01   0.10   0.00
ATN1              0.03  -0.01   0.00   0.01
PRKD2             0.02  -0.01   0.01   0.01
HIST1H1C          0.01  -0.01   0.01   0.03
PPP1R9A           0.02  -0.02   0.01   0.01
SPTA1             0.01  -0.06   0.04   0.00
RP11-1055B8.7     0.02  -0.02   0.01   0.01
STAG1             0.02  -0.01  -0.01   0.01
NID1              0.02  -0.02   0.02   0.01
OTOF              0.01  -0.01   0.00   0.00
CAPN1             0.02  -0.01   0.03   0.02
AFF2              0.02  -0.06   0.06   0.00
ERCC6L2           0.01   0.00   0.00   0.01
CTCF              0.03  -0.01   0.02   0.01
PIK3R1            0.01  -0.04   0.03   0.02
TRIP11            0.01  -0.02   0.02   0.04
FAM90A1           0.03  -0.01   0.00   0.00
GPR98             0.01  -0.03   0.02   0.02
KMT2C             0.12  -0.05   0.06   0.26
PKHD1             0.01  -0.01   0.02   0.04
ASPM              0.01  -0.02   0.04   0.01
RP5-1182A14.5     0.02  -0.02   0.06   0.00
FLNB              0.01  -0.01   0.03   0.00
KMT2D             0.02  -0.02   0.01   0.00
MYH10             0.01  -0.02   0.01   0.00
MYH6              0.01  -0.02   0.06   0.00
PKHD1L1           0.03  -0.04   0.11  -0.01
SETX              0.02  -0.02   0.01   0.02
SYCP2             0.00  -0.02   0.01   0.16
TCHH              0.00  -0.03   0.04   0.02
ABCC8             0.01  -0.01   0.01   0.01
DGKG              0.02  -0.01   0.00   0.01
MST1L             0.03  -0.01   0.00   0.01
SRCAP             0.01  -0.02   0.05   0.03
CMYA5             0.00  -0.03   0.05   0.00
GATA3             0.10  -0.02   0.14   0.02
VWA3A             0.00  -0.03   0.01   0.01
BRWD1             0.01  -0.04   0.02   0.04
UBA6              0.04  -0.01   0.01   0.17
ZFP36L1           0.03  -0.02   0.01   0.00
HSPG2             0.01  -0.03   0.05   0.02
WWP2              0.01  -0.02   0.00   0.01
AHNAK2            0.04   0.00   0.07  -0.01
ANKRD30B          0.00  -0.03   0.02   0.04
DLG1              0.00   0.00   0.01   0.16
DST               0.02  -0.04   0.10   0.00
PTPRB             0.02  -0.03   0.00   0.01
HEG1              0.01  -0.01   0.06   0.01
KDM5C             0.01  -0.02   0.01   0.02
MED12             0.01  -0.01   0.00   0.17
MYH7B             0.01  -0.03   0.06   0.00
SAMD9             0.01  -0.01   0.07   0.00
ZFHX3             0.02  -0.01   0.03   0.01
BIRC6             0.01  -0.02   0.04   0.16
C10orf12          0.00  -0.02   0.01   0.02
ADAD2             0.01  -0.01   0.00   0.00
FAT1              0.03  -0.01   0.01   0.01
TPR               0.02  -0.02   0.06   0.00
DCAF4L2           0.03  -0.02   0.07  -0.01
MYT1L             0.02  -0.04   0.02   0.02
PLCL2             0.02  -0.03   0.03   0.01
UBC               0.03  -0.01   0.01   0.00
FRAS1             0.00  -0.03   0.01   0.04
RELN              0.02  -0.04   0.05   0.06
RPGR              0.01  -0.02   0.02  -0.01
SCN3A             0.01  -0.03   0.09   0.00
DDX12P            0.02  -0.02   0.03   0.00
MYH14             0.01  -0.03   0.01   0.02
NOTCH2            0.02  -0.03   0.02   0.01
NBEAL1            0.01  -0.01   0.07   0.00
TEP1              0.01  -0.03   0.05   0.00
EPS8L1            0.01  -0.04   0.00  -0.01
MUC2              0.03  -0.02   0.01   0.01
MYO7A             0.01  -0.03   0.05   0.01
PLCB4             0.02  -0.01   0.04  -0.01
XIRP2             0.03  -0.05   0.08   0.00
NLRC4             0.02  -0.01   0.01   0.16
CBFB              0.03   0.00   0.02   0.00
GPS2              0.02   0.00   0.02   0.00
KIAA0825          0.01  -0.03   0.06   0.01
EYS               0.02  -0.05   0.02   0.01
ITPKB             0.01  -0.01   0.01   0.01
LAMA5             0.01  -0.03   0.01   0.02
PKD1L1            0.01  -0.02   0.02   0.18
RYR3              0.03  -0.03   0.08   0.00
SMARCA4           0.03  -0.02   0.07   0.01
CADPS             0.02   0.00   0.11   0.00
HUWE1             0.01  -0.01   0.11   0.02
APOB              0.01  -0.07   0.13   0.01
MYB               0.02  -0.01   0.02   0.00
TLN1              0.02  -0.03   0.05   0.00
CSMD3             0.00  -0.04   0.03   0.01
FOXA1             0.01  -0.01   0.04   0.01
MYO10             0.01  -0.02   0.02   0.00
PRKG2             0.01  -0.02   0.00   0.00
VPS13C            0.00  -0.02   0.02   0.01
FCGBP             0.02  -0.02   0.01   0.00
LRPPRC            0.02  -0.02   0.07   0.00
NCOR1             0.05  -0.01   0.02  -0.01
PCDHGB3           0.02  -0.03   0.01   0.00
SF3B1             0.03   0.00   0.03   0.00
CACNA1E           0.04  -0.04   0.07   0.02
CIT               0.02  -0.02   0.02   0.03
NBPF1             0.03  -0.01   0.00   0.16
ESPL1             0.03  -0.01   0.02  -0.01
WHSC1             0.03  -0.01   0.08  -0.01
MLLT4             0.02  -0.04   0.02   0.06
CDC42BPA          0.02  -0.01   0.02   0.00
CEP170            0.01  -0.02   0.01   0.01
GRIN2B            0.01  -0.02   0.02   0.00
IARS              0.01  -0.01   0.04   0.02
KIF4A             0.00  -0.04   0.04   0.00
CCDC168           0.02  -0.03   0.03   0.01
KMT2A             0.01  -0.01   0.01   0.18
MYO9A             0.02  -0.02   0.01   0.01
N4BP2             0.01  -0.01   0.01   0.16
PCNXL2            0.04  -0.03   0.10   0.02
PDCD11            0.01  -0.03   0.02   0.02
PRKDC             0.01  -0.01   0.02   0.00
QSER1             0.01  -0.02   0.01   0.04
RGAG1             0.00  -0.03   0.02   0.02
SI                0.01  -0.04   0.00   0.02
SYNE1             0.02  -0.07   0.11   0.05
TRERF1            0.01  -0.02   0.01   0.02
ZDBF2             0.01  -0.03   0.03   0.02
DSPP              0.01  -0.01   0.02   0.01
BRCA2             0.02  -0.05   0.20   0.01
CACNA1A           0.02  -0.01   0.07   0.00
HAUS5             0.01  -0.02   0.00   0.01
CFTR              0.00  -0.02   0.00   0.17
DYNC2H1           0.01  -0.03   0.00   0.17
FAT2              0.01  -0.01   0.02   0.03
PTEN              0.02  -0.03   0.07   0.02
PLXNA4            0.02  -0.03   0.00   0.01
PPEF1             0.00  -0.02   0.00   0.01
ABCA4             0.01  -0.03   0.05   0.01
ACTN2             0.02  -0.03   0.00   0.00
EMR2              0.01  -0.02   0.03   0.02
HERC1             0.01  -0.02   0.03   0.00
AMER1             0.03   0.00   0.09   0.00
FLII              0.02  -0.01   0.01   0.01
LAMA2             0.02  -0.02   0.03   0.02
RIPK1             0.01  -0.02   0.04   0.01
MAGI2             0.02  -0.01   0.01   0.02
MAST4             0.02   0.00   0.03   0.02
SCN1A             0.01  -0.01   0.02   0.00
WDR33             0.01  -0.01   0.05   0.02
BAI1              0.01  -0.04   0.02   0.00
C1orf65           0.01  -0.02   0.04   0.01
COL12A1           0.02  -0.03   0.05   0.00
CYP4F11           0.01  -0.03   0.04   0.00
DALRD3            0.01  -0.01   0.06   0.00
DNAH11            0.00  -0.03   0.03   0.20
DSCAML1           0.01  -0.01   0.03   0.01
ANKRD36C          0.00  -0.02   0.06   0.00
MADD              0.01  -0.02   0.01   0.00
MAST1             0.02  -0.01   0.00   0.00
OR2G3             0.01  -0.01   0.07  -0.01
PREX2             0.02  -0.03   0.07   0.00
UBR5              0.01  -0.02   0.01   0.01
CSPG4P11          0.01  -0.03   0.00   0.01
COL6A3            0.01  -0.03   0.02   0.02
OBSCN             0.01  -0.07   0.02   0.03
TENM1             0.02  -0.01   0.06   0.00
SPEG              0.01  -0.03   0.02   0.01
THSD7A            0.02  -0.01   0.08   0.01
ERBB2             0.01  -0.01   0.01   0.00
ATM               0.07  -0.02   0.11   0.00
CCDC146           0.01  -0.01   0.02   0.01
FMN2              0.03  -0.01   0.02   0.01
MYOM3             0.01  -0.03   0.02   0.01
GRIA3             0.01  -0.03   0.02   0.00
PLXNA2            0.01  -0.01   0.01   0.01
MYO9B             0.02  -0.01   0.00   0.01
RUNX1             0.04  -0.01   0.02   0.01
SDK1              0.01  -0.02   0.00   0.01
SORCS1            0.01  -0.02   0.00   0.01
CROCC             0.01  -0.01   0.01   0.04
DSE               0.01  -0.02   0.06   0.17
VCAN              0.01  -0.03   0.01   0.18
WDFY3             0.02  -0.01   0.08   0.21
MEFV              0.00  -0.02   0.00   0.00
DLGAP4            0.01  -0.03   0.00   0.01
DYNC1H1           0.02  -0.02   0.02   0.00
ERV3-1            0.03  -0.03  -0.01   0.02
TACC2             0.01  -0.01   0.04   0.02
CUL4B             0.03   0.00   0.04   0.00
KCNB2             0.02   0.00   0.01   0.01
KIF13A            0.00  -0.03   0.07   0.00
TLR4              0.01  -0.02   0.09   0.01
UTRN              0.01  -0.04   0.04   0.01
VPS13B            0.01  -0.03   0.00   0.04
SPATA31C1         0.01  -0.01   0.00   0.00
MAP2              0.02  -0.02   0.04   0.00
RGS7              0.02  -0.01   0.00   0.00
TRAPPC10          0.01  -0.02  -0.01   0.00
DNAH2             0.02  -0.04   0.01   0.00
FLG               0.03  -0.09   0.00   0.06
SVIL              0.00  -0.04   0.00   0.00
LAMB1             0.01  -0.04   0.02   0.01
LPHN2             0.00  -0.02   0.01   0.01
DCC               0.00  -0.03   0.00   0.03
CFH               0.01  -0.02   0.07   0.01
FAM47C            0.03  -0.03   0.04   0.00
RP11-32B5.1       0.02  -0.01   0.08   0.01
WNK1              0.01  -0.02   0.00   0.00
TBX3              0.02  -0.02   0.00   0.01
CBLB              0.04  -0.04   0.00   0.01
LRP1              0.01  -0.04   0.05   0.01
POLQ              0.01  -0.01   0.02   0.04
USP34             0.01  -0.02   0.01   0.17
CD163L1           0.01  -0.04   0.04   0.01
SYNE2             0.03  -0.03   0.11   0.17
ACACB             0.00  -0.03   0.02   0.00
DNAH7             0.01  -0.06   0.08   0.00
FLNC              0.01  -0.03   0.06   0.00
PCDH19            0.02  -0.03   0.05  -0.01
USPL1             0.00  -0.02   0.03   0.00
VPS13A            0.01  -0.02   0.03   0.01
ANKRD17           0.01  -0.01   0.03   0.00
DDR2              0.01  -0.02   0.02   0.01
ARID1A            0.02  -0.01   0.02   0.00
SACS              0.01   0.00   0.01   0.02
BLM               0.01  -0.01   0.10   0.17
GTSE1             0.01  -0.02  -0.01   0.02
CENPE             0.02  -0.04   0.02   0.01
DOCK11            0.02  -0.05  -0.01   0.00
FBN1              0.02  -0.03   0.02   0.00
GON4L             0.00  -0.03   0.07   0.17
NAV1              0.02  -0.02   0.03   0.04
NHSL2             0.02  -0.02   0.01   0.00
PCLO              0.03  -0.02   0.02   0.01
PTPN22            0.02  -0.02   0.02   0.16
SLC4A5            0.02  -0.03   0.02   0.00
SRGAP1            0.02  -0.02   0.05   0.01
ZNF536            0.02  -0.04   0.00   0.00
DNAH1             0.01  -0.02   0.03   0.00
NUP160            0.02  -0.01   0.05   0.00
ASXL2             0.00  -0.02   0.03   0.03
DENND1B           0.01  -0.02   0.05   0.04
HERC2             0.02  -0.02   0.02  -0.01
RFPL1             0.01  -0.02   0.00   0.00
AKT1              0.01  -0.01   0.02   0.01
CCT6B             0.01  -0.01   0.01   0.01
CDH12             0.01  -0.03   0.03   0.00
GRID1             0.02   0.00   0.01   0.02
KIF26B            0.03  -0.01   0.01   0.01
PIWIL1            0.03   0.00   0.02   0.01
SCN10A            0.02  -0.02   0.07   0.01
RYR1              0.02  -0.03  -0.01   0.00
CHD1L             0.02  -0.01   0.05   0.00
FRMPD4            0.00  -0.02   0.01   0.00
GRIN2A            0.02  -0.02   0.06   0.00
NRP2              0.01  -0.02  -0.01   0.01
ABCA13            0.04  -0.05   0.01   0.01
ATRX              0.03  -0.02   0.01   0.01
CACNA1B           0.01  -0.04   0.00   0.00
CUL7              0.01  -0.02   0.02   0.05
LAMB4             0.01  -0.02   0.01   0.01
RIMS2             0.01  -0.02   0.02   0.01
RAB3GAP2          0.00  -0.03   0.09   0.01
CPXM1             0.00  -0.04   0.03   0.01
KAT6B             0.01  -0.03   0.00   0.01
ERBB4             0.01  -0.01   0.02   0.00
WDR17             0.00  -0.02   0.02   0.00
MAP1A             0.02  -0.03   0.02   0.00
RBMXL3            0.00  -0.02  -0.01   0.01
TOPBP1            0.01  -0.01   0.03   0.00
PLA2G4A           0.01  -0.02   0.02   0.01
TPO               0.01  -0.01   0.01   0.00
ARID1B            0.00  -0.04   0.00   0.01
F5                0.01  -0.04   0.02   0.01
MALAT1            0.03  -0.01   0.00   0.01
FAM208B           0.01  -0.02   0.06   0.01
CTNND2            0.01  -0.03   0.07  -0.01
DNAH10            0.01  -0.03   0.01   0.01
RP11-85G18.6      0.01  -0.02   0.03   0.00
FAM179A           0.01  -0.03  -0.01   0.00
CNTLN             0.02  -0.02   0.05   0.00
NEDD9             0.01  -0.02   0.00   0.01
NRXN3             0.00  -0.02   0.06   0.16
MAP2K4            0.08  -0.01   0.05   0.02
LPA               0.01  -0.01   0.00   0.01
SPHKAP            0.02  -0.02  -0.02   0.05
UTP20             0.01  -0.03   0.02   0.01
ATP11A            0.02  -0.03   0.00   0.00
CDH9              0.02  -0.01  -0.01   0.01
BCORL1            0.00  -0.02   0.01   0.01
PRUNE2            0.01  -0.01   0.04   0.00
PDZD2             0.02   0.00   0.07   0.15
HMCN1             0.01  -0.06   0.19   0.02
PRAME             0.01  -0.03   0.03   0.02
GRIK2             0.00  -0.03   0.06   0.02
NKAIN4            0.01   0.00   0.02   0.01
TSC22D1           0.01  -0.01   0.00   0.01
ITSN2             0.00  -0.02   0.06   0.02
KIAA1109          0.01  -0.03   0.05   0.04
C5orf42           0.02  -0.01   0.07   0.01
C2orf16           0.00  -0.03   0.05   0.03
BRWD3             0.02   0.00   0.10   0.00
SHD               0.01   0.00   0.03   0.00
HCFC1             0.02   0.00   0.00   0.00
DCHS2             0.01  -0.03   0.00   0.00
DMXL1             0.02  -0.02   0.08   0.00
ZEB2              0.01  -0.03   0.02   0.01
FREM2             0.03  -0.01   0.02   0.00
NRK               0.02  -0.01   0.01   0.00
CHGB              0.01  -0.01   0.00   0.17
DSP               0.01  -0.03  -0.01   0.01
PCDHGB6           0.02  -0.01   0.10   0.01
PTPRD             0.01  -0.02   0.01   0.17
PRPF8             0.02  -0.02   0.02   0.00
RB1               0.01  -0.03   0.02   0.00
WNK3              0.02  -0.01   0.03   0.00
AMPD1             0.00  -0.03   0.00   0.01
NEK5              0.01  -0.02   0.04   0.01
NINL              0.02   0.00   0.02   0.01
BCOR              0.02  -0.01   0.00   0.01
ITPR1             0.01  -0.02   0.03   0.00
CCDC180           0.02  -0.02   0.09   0.00
LTBP4             0.01  -0.01   0.03   0.00
PDE4D             0.01  -0.03   0.01   0.00
ANO5              0.02  -0.01  -0.01  -0.01
PEG3              0.00  -0.03   0.04   0.01
EPG5              0.00  -0.01   0.03   0.01
PCDH11X           0.01  -0.02   0.03   0.00
HRNR              0.02  -0.03  -0.02   0.01
GPR112            0.00  -0.01   0.05   0.01
RP11-404K5.2      0.01  -0.01   0.01   0.00
OPRM1             0.00  -0.03   0.03   0.00
THSD7B            0.02  -0.02   0.01   0.01
MYH9              0.01  -0.01   0.01   0.01
ZNF841            0.01  -0.02   0.03   0.00
TAF1              0.01  -0.03   0.03   0.04
PDE4DIP           0.01  -0.01   0.02   0.01
RLF               0.03  -0.01   0.03   0.00
ROR1              0.01  -0.02   0.00   0.17
EPHA5             0.00  -0.02   0.02   0.16
BAZ2B             0.00  -0.02   0.00   0.16
SEMA5A            0.01  -0.03  -0.01   0.00
COL6A2            0.01  -0.03   0.01   0.01
ATP7A             0.02  -0.01  -0.01   0.16
PRRC2B            0.00  -0.01   0.02   0.01
ABCB11            0.01  -0.01   0.00   0.16
NOTCH4            0.02  -0.02  -0.01   0.00
PDXDC1            0.01  -0.02   0.00   0.00
RIF1              0.02  -0.01   0.00   0.00
FER1L5            0.01  -0.03   0.01   0.00
MUC6              0.01  -0.01   0.00   0.00
SPATA31D1         0.01  -0.02  -0.01   0.01
CCNB3             0.01  -0.02   0.02   0.00
ENSG00000210082   0.01  -0.05   0.01   0.01
ENSG00000210195   0.01  -0.03   0.01   0.00
C
                                                              Comp.1 Comp.2
patient.ethnicityhispanic.or.latino                             0.00   0.00
patient.genderfemale                                           -0.37  -0.61
Tumor.CodedT_other                                             -0.27  -0.53
Node.CodedPositive                                             -0.19  -0.32
Metastasis.CodedPositive                                       -0.01  -0.02
patient.breast_carcinoma_estrogen_receptor_statusnegative      -0.02  -0.36
patient.breast_carcinoma_estrogen_receptor_statuspositive      -0.35  -0.25
patient.breast_carcinoma_progesterone_receptor_statusnegative  -0.05  -0.41
patient.breast_carcinoma_progesterone_receptor_statuspositive  -0.33  -0.20
HER2.Final.StatusEquivocal                                     -0.01  -0.01
HER2.Final.StatusNegative                                      -0.33  -0.49
HER2.Final.StatusPositive                                      -0.04  -0.11
X.clinical.patients..cols..infiltrating.ductal.carcinoma       -0.32  -0.58
X.clinical.patients..cols..infiltrating.lobular.carcinoma      -0.04  -0.01
X.clinical.patients..cols..mixed.histology..please.specify.    -0.01   0.00
X.clinical.patients..cols..other..specify                      -0.01  -0.02
X.clinical.patients..cols..No_Conversion                       -0.12  -0.24
X.clinical.patients..cols..Stage.I                             -0.07  -0.05
X.clinical.patients..cols..Stage.IIA                           -0.11  -0.19
X.clinical.patients..cols..Stage.IIB                           -0.04  -0.07
X.clinical.patients..cols..Stage.IIIA                          -0.03  -0.03
X.clinical.patients..cols..Stage.IIIC                          -0.01  -0.02
NA.26.36.                                                      -0.02  -0.03
NA.36.43.                                                      -0.03  -0.08
NA.43.49.                                                      -0.03  -0.07
NA.49.54.                                                      -0.05  -0.11
NA.54.59.                                                      -0.04  -0.08
NA.59.64.                                                      -0.07  -0.08
NA.64.70.                                                      -0.06  -0.08
NA.70.76.                                                      -0.03  -0.04
NA.76.82.                                                      -0.03  -0.04
NA.82.89.                                                      -0.01  -0.01
                                                              Comp.3 Comp.4
patient.ethnicityhispanic.or.latino                             0.00   0.00
patient.genderfemale                                           -0.71  -0.59
Tumor.CodedT_other                                             -0.63  -0.15
Node.CodedPositive                                             -0.51  -0.55
Metastasis.CodedPositive                                        0.00  -0.01
patient.breast_carcinoma_estrogen_receptor_statusnegative      -0.12   0.01
patient.breast_carcinoma_estrogen_receptor_statuspositive      -0.60  -0.59
patient.breast_carcinoma_progesterone_receptor_statusnegative  -0.26  -0.03
patient.breast_carcinoma_progesterone_receptor_statuspositive  -0.45  -0.55
HER2.Final.StatusEquivocal                                     -0.01   0.00
HER2.Final.StatusNegative                                      -0.63  -0.07
HER2.Final.StatusPositive                                      -0.08  -0.51
X.clinical.patients..cols..infiltrating.ductal.carcinoma       -0.62  -0.58
X.clinical.patients..cols..infiltrating.lobular.carcinoma      -0.08   0.00
X.clinical.patients..cols..mixed.histology..please.specify.     0.00   0.00
X.clinical.patients..cols..other..specify                      -0.01   0.00
X.clinical.patients..cols..No_Conversion                       -0.29  -0.52
X.clinical.patients..cols..Stage.I                             -0.07  -0.01
X.clinical.patients..cols..Stage.IIA                           -0.09  -0.02
X.clinical.patients..cols..Stage.IIB                           -0.05  -0.01
X.clinical.patients..cols..Stage.IIIA                          -0.13  -0.02
X.clinical.patients..cols..Stage.IIIC                          -0.08  -0.01
NA.26.36.                                                      -0.07  -0.01
NA.36.43.                                                      -0.05  -0.04
NA.43.49.                                                      -0.02  -0.01
NA.49.54.                                                      -0.14  -0.01
NA.54.59.                                                      -0.15  -0.02
NA.59.64.                                                      -0.08  -0.45
NA.64.70.                                                      -0.08  -0.01
NA.70.76.                                                      -0.03  -0.01
NA.76.82.                                                      -0.05  -0.02
NA.82.89.                                                      -0.03   0.00
 
You can now manually PERMUTE and REFLECT columns of solution
If you want to reflect/permute columns, specify '1':
Read 1 item
 
If you want to carry out a STABILITY CHECK on current or different solution, specify '1':
Read 1 item
 
If you want to carry out a BOOTSTRAP procedure for
computing confidence intervals for the current solution, specify '1':
Read 1 item
 
If you want to carry out a FITPARTITIONING on current solution, specify '1':
Read 1 item
 
Press 'return' to conclude the analysis
Read 1 item
The component matrices are normalized such that A and B have unit sums of squares
To see component matrices and fit and other results, digits: $Xprep, $A, $B, $C, $fit, $fitA, $fitB, $fitC, ...
[1] 0
[1] 0
[1] 0
[1] 0
[1] 0
[1] 0
[1] 0
[1] 0
[1] 0
