 
WELCOME to the interactive CANDECOMP/PARAFAC analysis program
Warning: If you insert an object of mode CHARACTER when not requested, an error occurs and the program stops! 
 
Specify the number of A-mode entities 
Read 1 item
Specify the number of B-mode entities 
Read 1 item
Specify the number of C-mode entities 
Read 1 item
 
 
To see ANOVA results, specify 1:
Read 1 item
 
How do you want to center your array?
0 = none (default)
1 = across A-mode
2 = across B-mode
3 = across C-mode
12 = across A-mode and across B-mode
13 = across A-mode and across C-mode
23 = across B-mode and across C-mode
Read 1 item
Data have not been centered
 
How do you want to normalize your array?
0 = none (default)
1 = within A-mode
2 = within B-mode
3 = within C-mode
Read 1 item
Data have not been normalized
 
Note: The preprocessed data are now available in Xprep.
Xprep can be used for analyses outside the Candecomp/Parafac program
 
To see PCA of MEAN, specify '1':
Read 1 item
 
You are now about to do a Candecomp/Parafac analysis.
 
You have to specify the dimensionality to use.
To search this, you are advised to run a series of (unconstrained)
Candecomp/Parafac analyses using different dimensionalities
The results can next be used to find useful dimensionalities by the scree test.
To reduce the computation time, note that the maximum allowed number of iterations is 5000,
the convergence criterion is 1e-6 and the rational start via eigendecompositions is considered.
If you want to do this for choosing your dimensionality, specify '1':
Read 1 item
 
You can now do a CANDECOMP/PARAFAC ANALYSIS
 
How many components do you want to use?
Read 1 item
 
Do you want to use constraints? If so, enter '1':
Read 1 item
No constraints imposed
 
Specify convergence criterion (default=1e-6)
Read 1 item
 
By default, only a rationally started analysis run will be carried out.
To decrease the chance of missing the optimal solution, you may use additional, randomly started runs.
If you want additional runs, specify how many (e.g., 4):
Read 1 item
 
Specify the maximum number of iterations you allow (default=10000).
Read 1 item
Run no. 1
Candecomp/Parafac function value at Start is  35716.0905481573
f= 30663.3869834702 after 50 iters; diff.= 0.705477331444854
f= 30606.6232619155 after 100 iters; diff.= 0.415151249708288
Candecomp/Parafac function value is 30603.9377479973 after 124 iterations
Fit percentage is 14.0875748247421 %
Procedure used 164.94 seconds
 
Candecomp/Parafac analysis with  9  components, gave a fit of  14.09 %
Simple check on degeneracy: inspect matrix of triple congruences
        Comp.1  Comp.2  Comp.3  Comp.4  Comp.5  Comp.6  Comp.7  Comp.8  Comp.9
Comp.1  1.0000 -0.0562 -0.0102  0.0019 -0.0056 -0.0014 -0.0006 -0.0028 -0.0025
Comp.2 -0.0562  1.0000  0.0000 -0.0133 -0.0022 -0.0529 -0.0017 -0.0072 -0.0033
Comp.3 -0.0102  0.0000  1.0000 -0.0001 -0.0008 -0.0014  0.0002 -0.0010 -0.0012
Comp.4  0.0019 -0.0133 -0.0001  1.0000 -0.0001  0.0001 -0.0009  0.0013 -0.0018
Comp.5 -0.0056 -0.0022 -0.0008 -0.0001  1.0000 -0.0067  0.0002  0.0005 -0.0001
Comp.6 -0.0014 -0.0529 -0.0014  0.0001 -0.0067  1.0000  0.0007 -0.0035 -0.0026
Comp.7 -0.0006 -0.0017  0.0002 -0.0009  0.0002  0.0007  1.0000  0.0001 -0.0005
Comp.8 -0.0028 -0.0072 -0.0010  0.0013  0.0005 -0.0035  0.0001  1.0000 -0.0007
Comp.9 -0.0025 -0.0033 -0.0012 -0.0018 -0.0001 -0.0026 -0.0005 -0.0007  1.0000
 
It is sometimes useful to SCALE solution, e.g., scale two matrices so that
they have unit sum of squares compensating this scale in remaining matrix.
If you want to scale components, specify '1':
Read 1 item
 
Solution for A, B and C in detail.
A
             Comp.1 Comp.2 Comp.3 Comp.4 Comp.5 Comp.6 Comp.7 Comp.8 Comp.9
tcga-a1-a0sd   0.05   0.15   0.05   0.07  -0.03   0.05   0.09   0.15  -0.11
tcga-a1-a0se  -0.42  -0.16   0.07   0.04   0.06  -0.09   0.21   0.10   0.01
tcga-a1-a0sh   0.47   0.78  -0.32   0.04  -0.02   0.12   0.08   0.05  -0.45
tcga-a1-a0sj  -0.03   0.11   0.16  -0.12   0.24   0.41   0.07   0.38   0.00
tcga-a1-a0sk   0.43   1.53   0.14   0.07   0.01  -0.07   0.10  -0.12   0.07
tcga-a1-a0sm  -0.02  -0.03   0.00  -0.21   0.00  -0.04  -0.02   0.03   0.00
tcga-a1-a0so   1.90   3.67   0.08   0.29   1.20   0.64  -0.22  -0.14  -0.70
tcga-a2-a04n  -2.92  -0.43  -0.07  -0.12   0.12   0.09  -0.09  -0.05   0.10
tcga-a2-a04p  -0.28   2.96   0.07   0.29  -0.12   0.89  -0.23  -0.23  -0.55
tcga-a2-a04q  -0.07   0.02   0.05   0.03  -0.04   0.01  -0.02  -0.01  -0.13
tcga-a2-a04r  -0.96  -0.30  -0.14   0.04   0.25  -0.35   0.07   0.19  -0.24
tcga-a2-a04u   0.47   1.57  -0.02   0.09  -0.18   0.03  -0.08  -0.08   0.08
tcga-a2-a04v  -2.89  -0.14   0.17   0.09   0.14   0.31  -0.11   0.03   0.08
tcga-a2-a04w  -0.17   1.89  -0.09  -0.15   0.32   0.50  -0.07   0.05  -0.06
tcga-a2-a04x  -0.10   0.22   0.12   0.03   0.15   0.24   0.06   0.27   0.07
tcga-a2-a04y  -0.12  -0.08   0.02  -0.19   0.18  -0.03   0.16  -0.04  -0.01
tcga-a2-a0cl  -0.39   1.10   0.15  -0.14  -0.21  -0.26  -0.09   0.03   0.22
tcga-a2-a0cm   0.28   1.47   0.09  -0.06  -0.18  -0.11  -0.07  -0.10   0.14
tcga-a2-a0cp  -2.85  -0.34   0.12  -0.08  -0.07   0.22  -0.08  -0.08  -0.03
tcga-a2-a0cq  -0.15   0.07   0.05  -0.09   0.01   0.00  -0.02  -0.01  -0.08
tcga-a2-a0cs  -3.07  -0.24   0.08  -0.04  -0.07   0.39  -0.11   0.06   0.01
tcga-a2-a0ct   0.05   0.09  -0.11   0.03   0.34   0.04  -0.02   0.02   0.00
tcga-a2-a0cu  -0.22  -0.06   0.02  -0.15  -0.02  -0.01  -0.01   0.08   0.00
tcga-a2-a0cv   0.69   0.58   0.04   0.09   0.02   0.56   0.22   0.01  -0.27
tcga-a2-a0cw  -2.99   1.01  -0.06  -0.45  -0.24   0.02   0.23   0.02   0.14
tcga-a2-a0cx   0.44   1.34  -0.33  -0.11  -0.16  -0.06  -0.11   0.11   0.01
tcga-a2-a0cz   0.46   0.31   0.00   0.03   0.02   0.42   0.16   0.02  -0.12
tcga-a2-a0d0   0.66   1.72  -0.12   0.13  -0.02   0.07  -0.09   0.00   0.12
tcga-a2-a0d1  -1.08   1.29  -0.05   0.06   0.15   0.08  -0.13  -0.06   0.23
tcga-a2-a0d2   1.00   2.06  -0.15  -0.03   0.00   0.14  -0.01  -0.15   0.10
tcga-a2-a0d3  -1.98   0.07   0.10  -0.02   0.04   0.70   0.03   0.16  -0.06
tcga-a2-a0d4  -0.07   0.07   0.02   0.04  -0.04   0.06  -0.04  -0.02  -0.22
tcga-a2-a0em  -2.11  -0.04  -0.08  -0.04  -0.09   0.36  -0.10   0.01  -0.03
tcga-a2-a0en  -3.30  -0.59   0.10   0.20  -0.07  -0.28   0.11   0.06  -0.15
tcga-a2-a0eo  -2.19  -0.19  -0.17  -0.07  -0.07   0.34  -0.07   0.01   0.06
tcga-a2-a0eq  -0.69   1.59  -0.03   0.13   0.12   0.30  -0.16   0.07   0.15
tcga-a2-a0er   0.12   0.14  -0.11   0.08  -0.11   0.13  -0.09   0.00  -0.39
tcga-a2-a0et  -0.12   0.07   0.05   0.06   0.02   0.03  -0.01   0.12  -0.05
tcga-a2-a0eu  -0.45  -0.13   0.07  -0.23   0.09   0.01  -0.02   0.04  -0.07
tcga-a2-a0ev  -2.40  -0.14  -0.12  -0.07  -0.12   0.18   0.21  -0.13   0.08
tcga-a2-a0ew  -2.86  -0.61  -0.31   0.15  -0.04  -0.27   0.40  -0.04  -0.01
tcga-a2-a0ex  -2.40  -0.31  -0.09   0.07  -0.08   0.18   0.17  -0.04   0.10
tcga-a2-a0ey  -2.00   1.38   0.08   0.12   0.06  -0.03   0.31   0.52  -0.10
tcga-a2-a0st   0.03   0.04   0.03   0.02   0.01  -0.01   0.10   0.00  -0.03
tcga-a2-a0su   0.53   0.38  -0.14   0.05   0.15   0.46   0.17   0.00  -0.22
tcga-a2-a0sv  -0.36   1.32   0.42   0.13  -0.20  -0.05   0.22   0.54  -0.10
tcga-a2-a0sw  -0.66   1.21   0.17   0.13   0.16  -0.69   0.11   0.11   0.05
tcga-a2-a0sx   0.36   1.21   0.06   0.08  -0.14   0.01  -0.06  -0.04   0.10
tcga-a2-a0sy  -3.70  -0.90   0.19   0.24   0.36  -0.47   0.59   0.15  -0.13
tcga-a2-a0t0   0.72  -0.63   0.25   0.00   8.33   0.28  -0.19  -0.14   0.38
tcga-a2-a0t1   0.50   1.42   0.08  -0.04  -0.16   0.02  -0.08   0.02   0.14
tcga-a2-a0t2   0.58   1.83  -0.07   0.05  -0.17   0.06  -0.09  -0.04   0.17
tcga-a2-a0t3  -0.56   0.84  -0.01  -0.28   0.02  -0.29  -0.10   0.21   0.22
tcga-a2-a0t4  -2.41  -0.24  -0.04  -0.02  -0.13   0.31   0.46   0.14   0.16
tcga-a2-a0t6  -0.31  -0.13  -0.16   0.02  -0.01  -0.01   0.26  -0.03   0.03
tcga-a2-a0t7  -2.63  -0.15  -0.18  -0.08  -0.07   0.42  -0.11   0.00   0.02
tcga-a2-a0yc  -2.74  -0.14  -0.02   0.08  -0.04   0.34  -0.08  -0.11   0.04
tcga-a2-a0yd  -3.02  -0.37   0.22  -0.01   0.05   0.37   0.16   0.17   0.04
tcga-a2-a0yf  -0.36   0.11   0.00  -0.07   0.20   0.30   0.13   0.07   0.07
tcga-a2-a0yg   0.28   0.97  -0.07  -0.58  -0.05  -0.05  -0.15   0.53   0.25
tcga-a2-a0yh  -3.96   0.42   0.05  -0.09  -0.18  -0.73   0.11  -0.07  -0.02
tcga-a2-a0yi  -2.20  -0.23   0.04   0.07  -0.08   0.20   0.01   0.02   0.07
tcga-a2-a0yj  -0.19   1.43   0.32   0.05   0.31   0.00  -0.17   0.35   0.18
tcga-a2-a0yk  -3.28  -0.43  -0.03   0.06   0.10  -0.27   0.77  -0.22  -0.35
tcga-a2-a0yl  -2.47  -0.23  -0.15   0.07   0.03   0.22   0.06  -0.12   0.00
tcga-a2-a0ym   0.76   2.12   0.15   0.07   0.00   0.14   0.01  -0.10   0.09
tcga-a7-a0cd   0.02   0.05  -0.13   0.01   0.12  -0.02  -0.02  -0.02   0.01
tcga-a7-a0ce   0.06   1.67   0.17   0.26   0.12  -0.30   0.01  -0.04  -0.16
tcga-a7-a0cg  -1.99  -0.07   0.09   0.05  -0.06   0.19   0.09  -0.09  -0.02
tcga-a7-a0cj  -4.24   0.13  -0.20  -0.04   0.02  -0.87  -0.06  -0.07   0.24
tcga-a7-a0d9  -2.09  -0.07   0.02   0.05  -0.06   0.24  -0.06  -0.08   0.06
tcga-a7-a0da   0.56   1.78   0.06   0.00   0.12   0.13  -0.03   0.12   0.17
tcga-a7-a0db  -2.95  -0.20  -0.12  -0.10  -0.09   0.31  -0.08  -0.05   0.07
tcga-a7-a13d   0.23   1.64   0.00   0.10  -0.01  -0.02   0.02  -0.09   0.06
tcga-a7-a13f   0.10   0.20   0.08   0.07  -0.06   0.10   0.12   0.12  -0.15
tcga-a8-a06n   0.09   0.16  -0.10  -0.05  -0.03   0.08  -0.05   0.03  -0.21
tcga-a8-a06o  -0.33   0.70   0.08   0.04  -0.22  -0.17  -0.01   0.24  -0.04
tcga-a8-a06p  -2.99  -0.34   0.12  -0.21  -0.07   0.34  -0.11   0.05  -0.01
tcga-a8-a06q  -4.13   1.23   0.50  -0.34  -0.03  -0.02  -0.43  -0.12  -0.43
tcga-a8-a06r  -1.88   0.00  -0.67   0.10   0.78   0.31   0.29  -0.05   0.13
tcga-a8-a06t   0.44   0.38   0.09  -0.08  -0.02   0.47   0.13   0.00  -0.44
tcga-a8-a06u  -3.68   0.17  -0.04  -0.14  -0.14  -0.70  -0.05  -0.07   0.09
tcga-a8-a06x  -0.38   0.35  -0.34   0.43   0.39   0.05   0.07   0.49  -0.56
tcga-a8-a06y   0.18   0.06  -0.20  -0.15  -0.02   0.07   0.11  -0.01   0.03
tcga-a8-a06z  -0.32  -0.02   0.04   0.01   0.00  -0.05   0.10  -0.02  -0.05
tcga-a8-a075  -3.58   0.74   0.08  -0.24   0.19   0.04   0.06   0.11   0.47
tcga-a8-a076  -0.05   0.10  -0.01  -0.02  -0.13   0.06   0.14   0.30  -0.32
tcga-a8-a079  -0.60   0.95  -0.02  -0.09  -0.22  -0.53  -0.08  -0.02   0.18
tcga-a8-a07b  -2.28   0.71   0.04  -0.21  -0.11   0.12  -0.19   0.03   0.09
tcga-a8-a07c   0.46   0.86  -0.13   0.20   1.54   0.06   0.09  -0.21  -0.43
tcga-a8-a07e  -4.07  -0.52  -0.13   0.30   0.08  -0.18   0.00   0.03  -0.34
tcga-a8-a07f  -0.43  -0.02  -0.19  -0.18   0.03   0.23   0.47  -0.07   0.08
tcga-a8-a07g  -2.74  -0.30   0.04   0.05  -0.09   0.11  -0.08  -0.09   0.06
tcga-a8-a07i  -0.03  -0.03  -0.08  -0.53   0.37  -0.02  -0.04   0.01  -0.12
tcga-a8-a07j  -3.01  -0.32  -0.20   0.06   0.10   0.12  -0.09  -0.03   0.13
tcga-a8-a07l   0.23   0.19   0.15  -0.50   0.37   0.22  -0.09   0.24  -0.16
tcga-a8-a07o   0.51   1.62  -0.19  -0.07   0.49   0.01  -0.13  -0.08   0.19
tcga-a8-a07p   0.10   0.11  -0.36   0.06   0.01   0.17  -0.03   0.23  -0.04
tcga-a8-a07r   0.78   1.93  -0.48   0.21   0.94   0.21  -0.08   0.04   0.03
tcga-a8-a07u   0.04   1.29   0.11  -0.02  -0.17  -0.13  -0.08  -0.02   0.19
tcga-a8-a07w  -0.67   1.03   0.29   0.03  -0.23  -0.24  -0.12   0.05  -0.09
tcga-a8-a07z  -3.33  -0.26   0.24   0.13   0.14   0.43  -0.12   0.16   0.09
tcga-a8-a081  -3.07   1.06   0.20  -0.16  -0.08   0.24  -0.15   0.05   0.16
tcga-a8-a082  -0.39  -0.15   0.02  -0.22   0.17   0.12   0.14  -0.03   0.02
tcga-a8-a083  -0.03   0.05  -0.10  -0.09   0.15   0.11   0.12   0.21  -0.12
tcga-a8-a084  -2.08   1.56   0.13   0.07  -0.33   0.28   0.02   0.01   0.26
tcga-a8-a085  -0.17   0.06  -0.03   0.08   0.41   0.03  -0.09   0.08  -0.26
tcga-a8-a086  -0.36  -0.09   0.05  -0.18   0.03   0.16  -0.01   0.06  -0.08
tcga-a8-a08a  -0.01  -0.01  -0.12   0.00   0.02   0.02   0.00   0.07  -0.01
tcga-a8-a08b  -1.75  -0.02   0.03   0.09   0.08   0.23   0.05  -0.09  -0.02
tcga-a8-a08f  -1.28  -0.55   0.19  -0.09   0.46  -0.83   0.61  -0.10  -1.13
tcga-a8-a08g   0.37   0.47   0.08   0.02   0.17   0.62   0.27   0.18  -0.06
tcga-a8-a08h  -0.11   0.00   0.01  -0.14   0.00   0.02  -0.01  -0.01   0.01
tcga-a8-a08i  -0.27   1.13  -0.08  -0.18  -0.26  -0.28  -0.11   0.02   0.16
tcga-a8-a08j   0.66   0.38  -0.20   0.05  -0.02   0.43   0.37   0.01  -0.09
tcga-a8-a08l  -1.21   0.72  -0.07  -0.32   0.85   1.01  -0.09  -0.39  -1.85
tcga-a8-a08o  -2.71  -0.16   0.06   0.08  -0.09   0.20  -0.11  -0.10  -0.10
tcga-a8-a08p  -2.86   0.70  -0.04  -0.01  -0.07   0.22  -0.18   0.32   0.29
tcga-a8-a08r  -0.01   3.14  -0.47  -0.14  -0.44   0.76   0.06  -0.19  -0.14
tcga-a8-a08t  -2.60  -0.11  -0.89   0.09   0.06   0.28   0.05  -0.15   0.17
tcga-a8-a08x   0.48   1.38   0.07  -0.05  -0.16   0.01  -0.07  -0.01   0.13
tcga-a8-a08z  -3.09  -0.21   0.09  -0.15  -0.09   0.44   0.10  -0.12   0.05
tcga-a8-a090   0.06   0.11   0.03   0.03   0.14   0.07   0.01   0.07  -0.01
tcga-a8-a091  -0.25  -0.07   0.04   0.02  -0.01   0.03   0.23   0.00   0.01
tcga-a8-a092  -3.28   0.86  -0.15   0.04   0.16   0.07  -0.09   0.12   0.37
tcga-a8-a093  -3.92  -0.57  -0.04   0.08   0.07  -0.10  -0.10  -0.06   0.03
tcga-a8-a094   0.70   2.44  -0.25   0.18  -0.34   0.44  -0.03   0.25  -0.18
tcga-a8-a095  -3.55  -0.60   0.01   0.11   0.28  -0.41   0.05  -0.04  -0.24
tcga-a8-a096  -2.56  -0.12  -0.14  -0.03  -0.09   0.41   0.04  -0.02   0.07
tcga-a8-a097  -1.10   0.52   0.23   0.02  -0.03  -0.81   0.14   0.18  -0.28
tcga-a8-a099   0.08   0.10   0.02   0.01   0.01   0.09  -0.01   0.00  -0.15
tcga-a8-a09a   0.24   0.30  -0.25   0.13   0.23   0.02  -0.01   0.10  -0.40
tcga-a8-a09b  -2.98  -0.16  -0.15  -0.10  -0.13   0.43   0.06  -0.07  -0.05
tcga-a8-a09c  -2.62  -0.01  -0.09   0.12  -0.15   0.35   0.02  -0.03   0.00
tcga-a8-a09d  -2.80  -0.11   0.02   0.08   0.12   0.26  -0.10  -0.14   0.07
tcga-a8-a09g  -0.39  -0.52  -0.33  -1.55   1.08  -0.50   0.48   0.30  -0.29
tcga-a8-a09i  -0.16   0.06  -0.02  -0.09   0.08   0.13   0.16   0.31  -0.31
tcga-a8-a09m  -0.01   0.24  -0.08  -0.37   0.19   0.42  -0.04   0.02  -0.32
tcga-a8-a09n  -0.81   0.71  -0.22  -0.19  -0.03  -0.57  -0.08   0.11   0.31
tcga-a8-a09q  -1.16   0.71  -0.21  -0.06   0.21  -0.91   0.30   0.02  -0.14
tcga-a8-a09r   0.77   0.60  -0.39   0.13   0.01   0.65   0.18   0.12  -0.35
tcga-a8-a09t  -0.19  -0.02   0.05   0.04  -0.03   0.03  -0.01   0.11  -0.05
tcga-a8-a09v  -0.61  -0.23  -0.14   0.02   0.08  -0.20   0.24   0.09   0.13
tcga-a8-a09w  -1.58  -0.72   0.05  -0.04   0.20  -0.98   1.23  -0.11  -0.55
tcga-a8-a09x   0.04   1.16   0.14   0.09  -0.01  -0.11   0.21  -0.05   0.11
tcga-a8-a0a1  -2.21  -0.06   0.03   0.06  -0.06   0.24  -0.08  -0.09   0.06
tcga-a8-a0a2  -0.41  -0.12   0.03   0.03  -0.03  -0.05   0.27  -0.02   0.04
tcga-a8-a0a4  -1.10  -0.49   0.02   0.00   0.01  -0.54   0.41  -0.03  -0.07
tcga-a8-a0a7  -0.97   0.12  -0.15   0.11   0.13   0.26   0.20   0.05   0.05
tcga-a8-a0a9  -3.57  -0.42   0.03   0.07   0.31   0.24   0.10   0.10   0.23
tcga-a8-a0ab  -0.47   0.00   0.14  -0.08   0.16   0.18   0.38   0.07   0.14
tcga-a8-a0ad  -0.31   0.00   0.12   0.03   0.10   0.15   0.07   0.09  -0.04
tcga-an-a03x  -2.79  -0.26  -0.21  -0.17  -0.08   0.40  -0.05  -0.13   0.08
tcga-an-a03y  -2.80  -0.29   0.05   0.07   0.26   0.29   0.18  -0.13   0.11
tcga-an-a041   0.55   0.44  -0.14  -0.10   0.23   0.50   0.18  -0.01  -0.13
tcga-an-a049  -3.05  -0.35  -0.17  -0.17   0.09   0.38  -0.07  -0.14   0.04
tcga-an-a04a   0.46   0.42   0.03  -0.16   0.06   0.54   0.20   0.01  -0.19
tcga-an-a04c  -0.84   1.81   0.09  -0.09  -0.27   0.33  -0.21  -0.09   0.01
tcga-an-a04d  -0.58  -0.18  -0.14   0.00   0.79  -0.66   0.39   0.06  -0.10
tcga-an-a0aj  -2.59   0.64   0.11  -0.51   0.20   0.23  -0.29   0.12   0.05
tcga-an-a0al   0.32   1.93   0.02   0.25   0.29  -0.32   0.06  -0.07  -0.09
tcga-an-a0am   0.73   0.61  -0.09   0.09   0.27   0.63   0.17   0.00  -0.26
tcga-an-a0ar   0.42   1.79   0.27   0.12   0.54   0.24  -0.09   0.07   0.19
tcga-an-a0as  -0.87   0.96   0.13  -0.27   0.00  -0.56   0.54  -0.06   0.06
tcga-an-a0at   0.12   0.62   0.20   0.22   0.75  -0.08   0.18   0.15  -0.52
tcga-an-a0fd   0.46   0.43   0.01  -0.16   0.04   0.45   0.35   0.01  -0.06
tcga-an-a0ff  -2.56  -0.17   0.14   0.09   0.13   0.30  -0.10   0.16   0.11
tcga-an-a0fj  -0.96   0.97  -0.13   0.14   0.42  -1.01   0.19   0.15   0.18
tcga-an-a0fk   0.05   0.08   0.02  -0.14   0.01   0.05  -0.01  -0.01  -0.01
tcga-an-a0fl   0.58   2.36   0.04   0.26   0.10  -0.21   0.26  -0.04  -0.23
tcga-an-a0fn  -0.21  -0.05   0.08   0.05   0.07   0.03  -0.03   0.13  -0.05
tcga-an-a0fs  -1.43   0.05   0.07   0.09   0.07   0.29   0.07  -0.06  -0.10
tcga-an-a0ft  -0.81   0.86   0.23  -0.45  -0.24  -0.59   0.04   0.03   0.07
tcga-an-a0fv   0.78   1.68   0.04   0.03  -0.16   0.15  -0.05   0.04  -0.20
tcga-an-a0fw   0.35   0.26  -0.46   0.03  -0.01   0.06  -0.02   0.26   0.06
tcga-an-a0fx   1.49   2.65  -0.07  -0.03   0.12   0.43  -0.14  -0.09  -0.10
tcga-an-a0fy  -0.56   0.76   0.19  -0.03  -0.20  -0.29  -0.07   0.11   0.09
tcga-an-a0fz   0.14   0.08   0.08  -0.10   0.16   0.05   0.00   0.19  -0.09
tcga-an-a0g0   0.43   1.72   0.25   0.11   0.69   0.21  -0.12   0.01   0.20
tcga-an-a0xl  -2.52  -0.14  -0.31   0.09   0.03   0.36  -0.10  -0.02   0.07
tcga-an-a0xn   0.68   1.73  -0.01  -0.52   0.27   0.16  -0.07  -0.05  -0.01
tcga-an-a0xo  -2.42  -0.15   0.15  -0.33   0.35   0.31  -0.04  -0.18  -0.23
tcga-an-a0xp  -2.96  -0.25  -0.10   0.14  -0.10   0.31   0.03   0.04   0.00
tcga-an-a0xr   0.29   0.38   0.06  -0.23   0.04   0.59   0.25   0.12  -0.16
tcga-an-a0xs  -2.51  -0.27   0.05  -0.24  -0.12   0.37   0.00   0.07  -0.03
tcga-an-a0xt   0.15   1.45   0.12   0.02  -0.17  -0.10  -0.07  -0.02   0.18
tcga-an-a0xu   1.29   2.42  -0.51   0.24  -0.28   0.29   0.17  -0.06   0.08
tcga-an-a0xv  -0.64  -0.07   0.21   0.10   0.21   0.06   0.12   0.27  -0.01
tcga-an-a0xw   0.50   0.66   0.43   0.16  -0.77   0.19  -0.40  -0.05  -4.69
tcga-ao-a03l  -3.05   1.04   0.13  -0.01  -0.23   0.04  -0.16  -0.08   0.32
tcga-ao-a03n  -3.41   0.99   0.15   0.08   0.56   0.24   0.11   0.17   0.55
tcga-ao-a03o  -3.20   0.68   0.12  -0.12  -0.32  -0.03  -0.06  -0.06   0.10
tcga-ao-a03p   0.73   0.69   0.10   0.13  -0.12   0.63   0.22   0.15  -0.44
tcga-ao-a03r   0.02   1.26  -0.01  -0.26  -0.30  -0.15  -0.02  -0.02  -0.13
tcga-ao-a03t  -2.33  -0.90  -0.14   0.28   0.87  -1.11   0.37   0.06  -0.31
tcga-ao-a03u   0.08   0.12   0.01  -0.02  -0.01   0.02   0.00  -0.01  -0.04
tcga-ao-a03v  -1.06   0.32  -0.04  -0.10   0.00  -0.73  -0.01   0.00  -0.09
tcga-ao-a0j2   0.56   1.51   0.07  -0.01  -0.12   0.14  -0.09  -0.03   0.06
tcga-ao-a0j3  -0.14   0.20  -0.23   0.23   0.09  -0.13   0.70   0.00  -0.32
tcga-ao-a0j4   0.26   1.57   0.02   0.09  -0.01  -0.27   0.19  -0.08  -0.01
tcga-ao-a0j6  -0.22   1.57   0.03   0.15   0.02  -0.45   0.27  -0.13   0.00
tcga-ao-a0j7  -2.39  -0.25   0.00   0.04  -0.09   0.20  -0.05   0.01   0.07
tcga-ao-a0j8  -0.15  -0.04  -0.10  -0.11  -0.02   0.05   0.23   0.05   0.06
tcga-ao-a0j9  -0.17   0.07  -0.36   0.14   0.21   0.07   0.43   0.07  -0.08
tcga-ao-a0ja  -2.70  -0.11   0.04   0.15   0.13   0.34   0.22  -0.13  -0.06
tcga-ao-a0jb  -1.38   0.52  -0.15  -0.58  -0.26  -1.37   0.44  -0.07  -0.16
tcga-ao-a0jc  -2.66  -0.18   0.06   0.05  -0.06   0.25  -0.10  -0.09   0.02
tcga-ao-a0jd  -0.45   1.36   0.28  -0.55  -0.21  -0.21  -0.09   0.08   0.23
tcga-ao-a0je  -1.15   1.52  -0.27   0.23   0.14  -0.03  -0.03   0.39   0.09
tcga-ao-a0jf  -3.38  -0.47   0.13  -0.10  -0.08   0.29  -0.07   0.05   0.00
tcga-ao-a0jg   0.08   0.38   0.26  -0.04   0.43   0.82   0.17   0.46  -0.08
tcga-ao-a0ji   0.07  -0.03  -0.13   0.00   0.37   0.04  -0.01  -0.03   0.02
tcga-ao-a0jj  -0.47  -0.18   0.04   0.04  -0.02  -0.12   0.33  -0.03   0.06
tcga-ao-a0jl   0.56   1.78   0.10  -0.27  -0.15   0.06  -0.12  -0.06   0.14
tcga-ao-a0jm   0.18   0.14  -0.45   0.05   0.02   0.15   0.00   0.15  -0.02
tcga-ao-a124   0.99   2.13  -0.09  -0.03   0.27   0.11   0.05  -0.19  -0.24
tcga-ao-a125  -2.55  -0.13   0.14   0.15  -0.13   0.25  -0.11   0.07  -0.12
tcga-ao-a126  -2.64  -0.22   0.04   0.06  -0.08   0.16  -0.08  -0.09   0.07
tcga-ao-a129   0.67   1.98  -0.09  -0.25  -0.16   0.16   0.04  -0.08   0.21
tcga-ao-a12a  -2.28   0.16   0.10   0.11  -0.10   0.64   0.05  -0.08  -0.21
tcga-ao-a12b   0.02   0.08   0.07  -0.10   0.01   0.23  -0.03   0.23  -0.09
tcga-ao-a12d   0.53   1.30   0.07  -0.05  -0.13   0.08  -0.08   0.13   0.10
tcga-ao-a12e  -0.08  -0.07   0.07  -0.20   0.05  -0.03  -0.06   0.03  -0.26
tcga-ao-a12f   0.54   1.71   0.12  -0.07  -0.16   0.01   0.12  -0.11   0.13
tcga-ao-a12g  -0.29   0.84   0.16  -0.11  -0.18  -0.17   0.21  -0.03   0.10
tcga-ao-a12h  -0.03   0.13  -0.25  -0.08  -0.05   0.18  -0.01   0.06  -0.10
tcga-aq-a04j   0.47   1.70  -0.03   0.10  -0.19   0.03  -0.08  -0.09   0.14
tcga-aq-a04l   0.15   1.26   0.12   0.00  -0.11  -0.03  -0.09  -0.01   0.05
tcga-ar-a0tp  -0.10   1.23  -0.06  -0.22   0.06  -0.30  -0.10   0.09   0.28
tcga-ar-a0tq   0.52   0.38   0.03  -0.16   0.04   0.40   0.21   0.03  -0.16
tcga-ar-a0tr  -2.81  -0.17   0.00  -0.14  -0.09   0.40  -0.08   0.04   0.10
tcga-ar-a0ts   0.53   1.90  -0.06   0.05  -0.21  -0.03  -0.10  -0.07   0.18
tcga-ar-a0tt   0.24   0.25  -0.47   0.01  -0.06   0.16  -0.04  -0.05  -0.21
tcga-ar-a0tu  -0.01   0.10  -0.11  -0.09   0.08  -0.12   0.28  -0.08  -0.03
tcga-ar-a0tv   0.02   1.44  -0.23  -0.01  -0.31  -0.12   0.06  -0.05  -0.02
tcga-ar-a0tw   0.85   0.46  -0.31  -0.18   0.45   0.70   0.25  -0.02  -0.19
tcga-ar-a0tx   0.92  -0.80   0.01   0.05  -0.20   0.12  -0.08   6.56   0.05
tcga-ar-a0ty   0.78   0.57   0.08  -0.25   0.47   0.68   0.15  -0.05  -0.30
tcga-ar-a0tz  -3.17  -0.24   0.09   0.16  -0.14   0.35   0.05   0.09   0.03
tcga-ar-a0u0  -0.04   1.56   0.23   0.11  -0.02  -0.37   0.18   0.14  -0.27
tcga-ar-a0u1   0.70   1.95   0.09  -0.06  -0.15   0.11   0.09   0.01   0.20
tcga-ar-a0u2   0.04   1.37   0.24  -0.25  -0.21  -0.01   0.36   0.12   0.03
tcga-ar-a0u3  -0.01   1.20  -0.06  -0.10   0.02  -0.16  -0.12   0.02   0.17
tcga-ar-a0u4   0.66   2.08  -0.73   0.16   0.67  -0.43   0.22  -0.13   0.02
tcga-ar-a1ah   0.25   1.60  -0.51  -0.27   0.15  -0.38   0.29  -0.02   0.27
tcga-ar-a1ai   0.51   1.51   0.14   0.15   0.14   0.07   0.02  -0.13  -0.04
tcga-ar-a1aj   0.19   1.17   0.13  -0.06  -0.02   0.01   0.02  -0.04   0.06
tcga-ar-a1ak  -0.68  -0.29  -0.12   0.09   0.01  -0.44   0.17   0.07  -0.09
tcga-ar-a1al  -2.84  -0.37   0.18  -0.02   0.26   0.29   0.34   0.03   0.21
tcga-ar-a1an  -0.33   1.03   0.16  -0.02  -0.20  -0.19   0.05  -0.01   0.19
tcga-ar-a1ao  -2.01  -0.01   0.04   0.06  -0.06   0.27  -0.04  -0.07   0.02
tcga-ar-a1ap   0.08   1.12   0.12  -0.12   0.00   0.25   0.14   0.01   0.08
tcga-ar-a1aq   0.65   1.92   0.01   0.07  -0.24   0.08   0.01  -0.07   0.03
tcga-ar-a1ar   0.25   0.21   0.04  -0.06   0.18   0.11  -0.04   0.04  -0.06
tcga-ar-a1as  -4.49   0.46  -0.07   0.11  -0.29  -0.79  -0.09  -0.15  -0.15
tcga-ar-a1at  -0.85  -0.28   0.09   0.11   0.13  -0.27   0.23   0.20  -0.02
tcga-ar-a1au  -0.63  -0.18   0.08  -0.15   0.03  -0.14   0.01  -0.01  -0.01
tcga-ar-a1av  -1.72   0.25   0.03   0.11  -0.03   0.67   0.12   0.03  -0.07
tcga-ar-a1aw  -3.01   0.74   0.20   0.06  -0.29  -0.02  -0.04  -0.12   0.14
tcga-ar-a1ax  -0.03   0.07  -0.05   0.06   0.12   0.20  -0.02   0.29   0.05
tcga-ar-a1ay   0.47   1.39   0.08   0.04  -0.12   0.14  -0.05   0.00   0.08
tcga-b6-a0i5  -2.24   0.30  -0.12  -0.07  -0.01   0.93   0.11   0.07  -0.12
tcga-b6-a0i9  -0.66   0.55   0.16   0.07  -0.02  -0.58   0.08   0.36  -0.05
tcga-b6-a0ia  -0.76  -0.34  -0.05   0.08   0.03  -0.50   0.12  -0.01  -0.12
tcga-b6-a0ib  -0.39   0.03   0.13  -0.12  -0.08   0.07   0.19  -0.03  -0.31
tcga-b6-a0ie  -0.88   1.54  -0.08   0.07  -0.25   0.29  -0.14   0.08   0.19
tcga-b6-a0ih  -0.42  -0.06   0.14   0.06   0.21   0.15   0.43   0.11   0.16
tcga-b6-a0ij  -1.93   0.37   0.00  -0.16  -0.01  -1.18  -0.15   0.07  -0.49
tcga-b6-a0ik  -1.15   2.17  -0.26   0.08   0.21   0.37   0.10   0.21   0.37
tcga-b6-a0im   0.18   0.21  -0.27  -0.13   0.00   0.48   0.17  -0.01  -0.09
tcga-b6-a0io  -0.18   0.09   0.06  -0.15   0.10   0.21   0.12   0.03  -0.08
tcga-b6-a0ip  -3.21  -0.67   0.14   0.18  -0.09  -0.30   0.25   0.07  -0.11
tcga-b6-a0iq   0.74   1.73  -0.05  -0.13   0.13   0.01   0.02  -0.08   0.19
tcga-b6-a0re  -1.07   1.94   0.02   0.21  -0.14   0.30  -0.06  -0.14   0.01
tcga-b6-a0rg  -1.51   0.24   0.11   0.13   0.19   0.34   0.15  -0.02  -0.05
tcga-b6-a0rh  -2.81   0.71   0.27  -0.14  -0.30   0.04  -0.23   0.25   0.05
tcga-b6-a0ri  -0.22   0.01   0.09   0.05  -0.02   0.10   0.29   0.12  -0.01
tcga-b6-a0rl  -0.03   0.08  -0.28  -0.13  -0.02   0.24  -0.06   0.22  -0.14
tcga-b6-a0rn  -1.31   0.22   0.04   0.03  -0.02   0.29   0.04  -0.07   0.03
tcga-b6-a0ro  -2.52  -0.07  -0.21   0.11  -0.17   0.39   0.01  -0.01  -0.15
tcga-b6-a0rp  -3.87  -0.88  -0.19   0.18   0.19  -0.50   0.10   0.15   0.00
tcga-b6-a0rq  -2.35  -0.18   0.09   0.10  -0.12   0.21   0.23  -0.03  -0.01
tcga-b6-a0rs   0.46   1.78  -0.25  -0.17   0.25  -0.23   0.04  -0.12   0.20
tcga-b6-a0rt   0.11   0.10   0.02  -0.15   0.01   0.16  -0.01   0.10  -0.01
tcga-b6-a0ru   0.50   1.31   0.07   0.05   0.21   0.22   0.01  -0.06   0.05
tcga-b6-a0rv  -0.08   0.14  -0.30  -0.13   0.41   0.37   0.14   0.20   0.09
tcga-b6-a0ws   0.36   0.31   0.01   0.03   0.02   0.37   0.12   0.02  -0.12
tcga-b6-a0wt   0.56   0.25  -0.15  -0.10   0.11   0.43   0.24   0.29  -0.19
tcga-b6-a0wv  -0.27   0.02   0.09  -0.12  -0.02   0.12  -0.03   0.17  -0.07
tcga-b6-a0wx   0.49   1.39  -0.05   0.00  -0.20   0.01   0.04  -0.05   0.10
tcga-b6-a0wy  -2.22   0.30  -0.11   0.16   0.30   0.73   0.07   0.02   0.04
tcga-b6-a0wz  -0.58   0.17   0.35   0.09   0.77   0.29   0.16   0.16  -0.03
tcga-b6-a0x0  -1.64   0.06   0.02   0.10  -0.05   0.43   0.25   0.05   0.01
tcga-b6-a0x4  -0.95  -0.40  -0.09   0.04   0.22  -0.22   0.15   0.31   0.07
tcga-b6-a0x5  -2.83  -0.10  -0.03  -0.03   0.50   0.66  -0.16   0.55   0.26
tcga-bh-a0au  -0.07  -0.02   0.02   0.01   0.13   0.01   0.10  -0.02   0.02
tcga-bh-a0av   0.43   1.35  -0.05   0.04  -0.14  -0.03   0.08  -0.04   0.15
tcga-bh-a0aw  -0.06   0.79  -0.09  -0.43   0.98  -0.37  -0.01   0.52  -0.26
tcga-bh-a0ay   0.13  -0.01  -0.11  -0.11   0.07   0.06   0.08   0.06  -0.20
tcga-bh-a0az   0.24   0.08  -0.35  -0.10   0.37   0.22   0.26   0.16  -0.30
tcga-bh-a0b0  -2.98   0.29   0.07   0.02  -0.11  -0.21  -0.19   0.00   0.05
tcga-bh-a0b1   0.02   0.05   0.00  -0.17   0.05   0.02  -0.02  -0.03  -0.05
tcga-bh-a0b3   0.50   1.99   0.21   0.10   0.03  -0.03  -0.17  -0.09  -0.07
tcga-bh-a0b4  -0.18  -0.25  -0.30  -0.22   0.42  -0.17  -0.03   0.17  -0.01
tcga-bh-a0b5  -2.41  -0.05  -0.15  -0.16   0.18   0.32  -0.06  -0.13   0.10
tcga-bh-a0b7  -0.16   0.92   0.15  -0.12  -0.20  -0.17   0.01   0.30   0.24
tcga-bh-a0b8  -0.37  -0.17  -0.08  -0.11   0.03  -0.16   0.15   0.04  -0.03
tcga-bh-a0b9   0.20   1.34   0.09   0.10  -0.16  -0.03  -0.07  -0.06   0.10
tcga-bh-a0ba  -2.66  -0.41  -0.25  -0.11   0.02   0.24   0.51  -0.05   0.17
tcga-bh-a0bc  -3.44   0.80   0.34   0.04   0.31   0.10  -0.21   0.29   0.44
tcga-bh-a0bd  -2.37  -0.05  -0.39   0.08  -0.14   0.27  -0.14  -0.01  -0.09
tcga-bh-a0bf  -3.78   0.38   0.11   0.10  -0.13  -0.61  -0.02  -0.06   0.09
tcga-bh-a0bg  -0.01   1.30   0.10   0.21   0.53  -0.06  -0.02   0.01   0.01
tcga-bh-a0bj  -2.85  -0.26  -0.01   0.06  -0.08   0.22  -0.07  -0.10   0.08
tcga-bh-a0bl   0.69   1.75  -0.01   0.18   0.09   0.26  -0.12   0.01  -0.06
tcga-bh-a0bm  -2.47   0.01   0.03   0.14   0.16   0.29   0.14  -0.11   0.12
tcga-bh-a0bo  -2.67  -0.28   0.09  -0.21   0.09   0.34   0.03   0.00   0.12
tcga-bh-a0bp  -1.86   0.21  -0.13   0.15  -0.08  -0.98  -0.01   0.29   0.00
tcga-bh-a0bq  -2.29  -0.25   0.04   0.02  -0.05   0.14  -0.07  -0.08   0.05
tcga-bh-a0br   0.33   1.07  -0.33  -0.01  -0.15   0.19   0.06   0.09   0.06
tcga-bh-a0bs   0.58   0.41   0.02   0.04   0.02   0.50   0.20   0.03  -0.17
tcga-bh-a0bt  -2.82   0.71  -0.15  -0.16  -0.30   0.00  -0.22  -0.11   0.04
tcga-bh-a0bv  -2.83  -0.13   0.00   0.12  -0.02   0.27  -0.06   0.01   0.04
tcga-bh-a0bw  -0.09   1.40   0.16   0.00   0.02  -0.24  -0.02  -0.01  -0.08
tcga-bh-a0bz  -0.97  -0.69  -0.13  -0.04   0.09  -0.87  -0.26   0.16  -3.00
tcga-bh-a0c0  -0.42   0.75   0.16  -0.14  -0.16  -0.23  -0.07   0.12   0.18
tcga-bh-a0c1  -0.59  -0.12   0.07   0.05  -0.02  -0.08   0.49  -0.03   0.10
tcga-bh-a0c3  -0.04   0.72   0.08   0.04  -0.11  -0.09   0.07  -0.02   0.11
tcga-bh-a0c7   0.53   0.40   0.02  -0.12   0.05   0.51   0.18   0.14  -0.10
tcga-bh-a0dd  -1.96  -0.12  -0.12   0.02  -0.04   0.26  -0.08  -0.05  -0.01
tcga-bh-a0de  -3.09  -0.25   0.15   0.15  -0.08   0.31  -0.11   0.16  -0.04
tcga-bh-a0dg   0.36   0.46   0.07  -0.02   0.00   0.48   0.17   0.10  -0.17
tcga-bh-a0dh  -0.09   0.19   0.15  -0.07   0.22   0.38   0.02   0.37  -0.45
tcga-bh-a0di  -1.26   0.59   0.22   0.09  -0.17  -0.95   0.15   0.06  -0.24
tcga-bh-a0dk  -2.41   0.20   0.10  -0.02   0.05   0.74   0.07   0.16   0.00
tcga-bh-a0dl  -2.51   0.71   0.16   0.17   0.02  -0.38   0.03  -0.10   0.10
tcga-bh-a0do  -2.35  -0.26   0.04   0.06  -0.06   0.12  -0.06  -0.07   0.03
tcga-bh-a0dp  -2.47  -0.25   0.09  -0.08  -0.06   0.20  -0.05  -0.09  -0.02
tcga-bh-a0dq   0.05   0.13   0.05   0.04  -0.07   0.06   0.44  -0.02  -0.05
tcga-bh-a0ds   0.58   0.51   0.01   0.09   0.07   0.40   0.22   0.11  -0.16
tcga-bh-a0dt  -2.38  -0.01   0.07  -0.12  -0.06   0.74   0.08  -0.08  -0.17
tcga-bh-a0dx  -3.41  -0.67  -0.23   0.08  -0.07  -0.53   0.15  -0.08  -0.07
tcga-bh-a0dz   0.05  -1.00   0.00  -8.66  -0.09   0.02  -0.03  -0.02  -0.01
tcga-bh-a0e0   1.10   2.31   0.05  -0.02  -0.29   0.34   0.10  -0.01  -0.27
tcga-bh-a0e1  -0.13  -0.08  -0.21  -0.14   0.31  -0.15  -0.08   0.05  -0.19
tcga-bh-a0e2  -0.04   0.03  -0.22   0.01  -0.04   0.01  -0.01   0.00   0.01
tcga-bh-a0e6   0.46   1.28   0.09  -0.01   0.02   0.03   0.04  -0.03   0.12
tcga-bh-a0e7  -0.47  -0.03   0.05  -0.25   0.01   0.19   0.03  -0.04  -0.05
tcga-bh-a0e9  -0.12  -0.04   0.04   0.05  -0.04   0.02   0.43  -0.02  -0.03
tcga-bh-a0ea  -1.84   0.13  -0.31   0.12  -0.11   0.73   0.07   0.04  -0.15
tcga-bh-a0eb  -2.78   0.45   0.00  -0.13  -0.21  -0.09  -0.15  -0.07   0.18
tcga-bh-a0ee  -1.14   0.14   0.04  -0.05   0.03   0.26   0.04  -0.01  -0.01
tcga-bh-a0ei  -0.23   0.07   0.08  -0.10   0.02   0.22   0.09   0.13  -0.02
tcga-bh-a0gy  -4.15   0.45   0.12   0.12  -0.17  -0.59   0.41  -0.05   0.18
tcga-bh-a0gz   0.02   0.21  -0.13   0.02  -0.08   0.09   0.21  -0.04  -0.27
tcga-bh-a0h0  -0.07  -0.01   0.01   0.00  -0.01   0.00   0.00   0.00   0.00
tcga-bh-a0h3  -1.95   0.07   0.04   0.09  -0.06   0.58   0.04  -0.06  -0.13
tcga-bh-a0h6  -0.30  -0.11   0.02  -0.18  -0.01   0.11   0.00   0.08  -0.02
tcga-bh-a0h7  -0.10   0.92  -0.02  -0.22  -0.17  -0.06  -0.10   0.30   0.17
tcga-bh-a0h9  -4.18  -0.86   0.17   0.07  -0.01  -0.58  -0.02   0.02  -0.30
tcga-bh-a0ha  -4.17  -1.00  -0.59  -0.17   0.24  -0.69  -0.08  -0.12  -0.29
tcga-bh-a0hb  -0.10   0.18   0.11  -0.07   0.21   0.23  -0.01   0.12   0.05
tcga-bh-a0hi  -3.19  -0.68   0.03  -0.01  -0.04  -0.43   0.00  -0.07  -0.13
tcga-bh-a0hk   0.14   0.42  -0.28  -0.08   0.34   0.33   0.04   0.23   0.03
tcga-bh-a0hl  -0.48  -0.17   0.03   0.17   0.46  -0.18   0.37   0.14  -0.37
tcga-bh-a0hn  -2.88  -0.23   0.26   0.16   0.06   0.38  -0.13   0.24  -0.09
tcga-bh-a0ho   0.02   0.01   0.04  -0.31   0.00   0.19  -0.02   0.14  -0.02
tcga-bh-a0hp   1.40   0.06   0.07   0.04  -0.33   0.18   7.04  -0.04   0.22
tcga-bh-a0hq  -0.32   0.16   0.18   0.10   0.12   0.26   0.11   0.20  -0.10
tcga-bh-a0hu  -2.44   0.05  -0.02   0.12   0.06   0.54  -0.08   0.11  -0.15
tcga-bh-a0hw   0.10   0.10   0.01   0.03  -0.01   0.07  -0.01   0.16   0.00
tcga-bh-a0hx   0.13   1.43  -0.03  -0.30  -0.09  -0.22   0.27  -0.10  -0.04
tcga-bh-a0rx   0.42   1.53   0.10  -0.01  -0.14   0.10  -0.08  -0.01   0.13
tcga-bh-a0w3  -2.44  -0.21  -0.01   0.04  -0.07   0.21  -0.07  -0.09   0.07
tcga-bh-a0w4   0.11   0.13   0.01  -0.25   0.02   0.11   0.12  -0.03  -0.01
tcga-bh-a0w5  -2.64  -0.20   0.06  -0.32  -0.06   0.45  -0.11  -0.13  -0.13
tcga-bh-a0w7  -2.58   0.15   0.14   0.07  -0.12   0.41  -0.12  -0.08  -0.50
tcga-bh-a18f  -2.92  -0.19   0.14   0.02   0.02   0.46   0.21   0.04  -0.16
tcga-bh-a18h  -2.73   0.38   0.20  -0.06  -0.25  -0.11  -0.08   0.05   0.15
tcga-bh-a18i  -2.37  -0.16  -0.15   0.09  -0.12   0.25  -0.11   0.02  -0.06
tcga-bh-a18j  -2.95  -0.10   0.02   0.08   0.01   0.26   0.05  -0.15   0.05
tcga-bh-a18k  -0.12  -0.01  -0.08   0.01  -0.02  -0.03  -0.04  -0.01  -0.13
tcga-bh-a18m  -2.14   0.02  -0.24  -0.22   0.01   0.82   0.26  -0.11  -0.24
tcga-bh-a18n  -0.28  -0.01  -0.04  -0.33   0.07   0.32  -0.12   0.23  -0.40
tcga-bh-a18p  -1.39  -0.25  -0.44  -0.24   0.30  -0.53   0.29   0.28  -0.68
tcga-bh-a18q   1.28   2.34   0.03   0.16  -0.07   0.19   0.24  -0.02  -0.23
tcga-bh-a18r   0.08   0.16   0.00   0.04   0.04   0.07  -0.01  -0.01  -0.03
tcga-bh-a18t   0.18   1.72  -0.08   0.28  -0.04  -0.44   0.13  -0.08  -0.14
tcga-bh-a18u  -0.50   0.80   0.25  -0.06  -0.22  -0.16  -0.10   0.46   0.14
tcga-bh-a18v   1.62   2.92  -0.19  -0.27   0.33   0.29   0.27  -0.15   0.06
tcga-bh-a1eo  -0.03   0.00   0.02  -0.10   0.10   0.03  -0.02  -0.03  -0.07
tcga-bh-a1es  -1.23  -0.46   0.05   0.18   0.07  -0.57   0.11   0.15  -0.24
tcga-bh-a1et  -2.22  -0.14   0.04   0.06  -0.06   0.19  -0.07  -0.07   0.04
tcga-bh-a1eu  -2.17  -0.24   0.03  -0.07  -0.05   0.16  -0.07  -0.09   0.01
tcga-bh-a1ew   0.04   0.03   0.00  -0.01   0.02   0.00   0.00   0.00   0.00
tcga-bh-a1f0   0.21   1.13   0.09  -0.04  -0.14  -0.06  -0.05  -0.03   0.10
tcga-c8-a12l  -0.71   1.89   0.21  -0.12   0.20   0.26  -0.17  -0.17   0.07
tcga-c8-a12n  -2.97  -0.28   0.07  -0.25  -0.08   0.43   0.01  -0.03   0.07
tcga-c8-a12p   1.57   2.24  -0.07   0.12   0.68   0.41  -0.19   0.22  -0.10
tcga-c8-a12q   0.82   1.59   0.05  -0.15   0.36   0.11  -0.12   0.06  -0.01
tcga-c8-a12t  -2.21   0.46  -0.28   0.16   0.02   0.46  -0.09  -0.07  -0.38
tcga-c8-a12u  -2.86  -0.20   0.07  -0.07  -0.09   0.18  -0.14  -0.12  -0.09
tcga-c8-a12v   0.00   0.05   0.00   0.00   0.04   0.00   0.00   0.00   0.01
tcga-c8-a12w  -1.59   0.41   0.21  -0.13   0.05  -1.16   0.06   0.07  -0.01
tcga-c8-a12x  -0.14   0.11  -0.10   0.03   0.49   0.08   0.08  -0.06  -0.02
tcga-c8-a12z   0.75   1.77   0.07  -0.14   0.15   0.29  -0.09   0.10   0.17
tcga-c8-a130  -2.47   0.61   0.13  -0.21  -0.09   0.01  -0.17   0.02   0.19
tcga-c8-a131  -1.31   2.00  -0.02   0.17  -0.32   0.28  -0.16  -0.11   0.09
tcga-c8-a132  -0.19  -0.03   0.07  -0.15  -0.06  -0.09  -0.03   0.08  -0.13
tcga-c8-a133  -1.93   0.11   0.03   0.11  -0.04   0.57   0.16  -0.07  -0.10
tcga-c8-a134   0.82   1.95   0.22  -0.13  -0.22   0.08   0.19  -0.06  -0.08
tcga-c8-a135   0.32   1.51   0.16   0.05  -0.17   0.01  -0.10   0.03   0.04
tcga-c8-a137   0.52   1.52   0.11   0.03  -0.14   0.09  -0.08   0.01   0.06
tcga-c8-a138   0.28   1.38   0.10  -0.03  -0.16  -0.02   0.08   0.03   0.18
tcga-c8-a1hf  -1.70   0.95   0.12   0.01  -0.22   0.05  -0.13  -0.06   0.17
tcga-c8-a1hg  -0.39   0.93   0.13  -0.02  -0.20  -0.33  -0.08   0.05   0.19
tcga-c8-a1hi   0.50   0.41   0.03   0.05   0.01   0.54   0.19   0.03  -0.19
tcga-c8-a1hl   0.40   0.36   0.01   0.04   0.05   0.34   0.17   0.00  -0.12
tcga-c8-a1hm  -6.27  -1.50   0.16   0.01   0.11  -3.89  -0.11  -0.05  -0.03
tcga-c8-a1hn   0.27   0.42   0.03   0.06   0.13   0.48   0.12   0.00  -0.18
tcga-d8-a13y   0.07   0.91  -0.50  -0.22   0.06  -0.18  -0.11   0.06   0.21
tcga-d8-a13z   0.58   1.93  -0.02   0.04  -0.20   0.07   0.01  -0.06  -0.11
tcga-d8-a140   0.12   0.09   0.04  -0.12  -0.04   0.09   0.09   0.25  -0.05
tcga-d8-a141  -0.02   0.03   0.02   0.01   0.00   0.05   0.13   0.00   0.01
tcga-d8-a142  -0.13   1.28   0.00   0.19   0.38  -0.42   0.03  -0.10   0.05
tcga-d8-a143  -0.83   2.18  -0.17   0.25  -0.33   0.34   0.05  -0.21   0.06
tcga-d8-a145  -0.18   0.07   0.05  -0.14   0.04   0.09   0.11   0.10   0.01
tcga-d8-a147   0.82   2.54  -0.09   0.35   0.06  -0.16   0.20  -0.10  -0.03
tcga-e2-a105  -2.13  -0.12  -0.10   0.08  -0.08   0.34   0.00   0.09   0.03
tcga-e2-a107  -0.16  -0.06   0.04   0.04  -0.02   0.03   0.61  -0.03   0.08
tcga-e2-a108  -2.66   1.01  -0.12  -0.22  -0.31   0.11  -0.07  -0.07   0.20
tcga-e2-a109   0.05   1.44  -0.13  -0.17  -0.07  -0.24  -0.15   0.00   0.17
tcga-e2-a10a   0.08   0.38   0.14  -0.15   0.23   0.79   0.23   0.13  -0.12
tcga-e2-a10b  -2.69  -0.02  -0.20  -0.04  -0.09   0.52   0.05   0.13  -0.16
tcga-e2-a10c   0.98   0.25 -10.84   0.08  -0.14   0.10  -0.10   0.03   0.02
tcga-e2-a10e  -3.66  -0.71   0.03   0.18   0.04  -0.43   0.06  -0.02  -0.18
tcga-e2-a10f  -2.75  -0.37   0.10   0.09  -0.08   0.11   0.42  -0.11   0.15
tcga-e2-a14n   0.85   2.11   0.14   0.10   0.05   0.20  -0.12  -0.08   0.02
tcga-e2-a14o  -0.41   0.07   0.21   0.06   0.23   0.16  -0.04   0.26  -0.02
tcga-e2-a14p   0.12   1.40   0.11   0.12   0.17  -0.32   0.16   0.06   0.03
tcga-e2-a14q   0.18   0.21  -0.18  -0.15  -0.09   0.14  -0.10  -0.04  -0.37
tcga-e2-a14r   0.97   2.39   0.05   0.19  -0.24   0.24   0.22   0.09   0.03
tcga-e2-a14s  -0.18   0.17  -0.16   0.08   0.22   0.18   0.05   0.09  -0.14
tcga-e2-a14t  -0.47  -0.07  -0.03   0.14   0.06  -0.15   0.25   0.02  -0.37
tcga-e2-a14v  -1.92  -0.09  -0.22  -0.10  -0.16   0.36   0.19   0.25  -0.04
tcga-e2-a14w  -0.24  -0.04  -0.02  -0.41   0.18  -0.02  -0.03   0.02  -0.13
tcga-e2-a14x   0.00   1.35  -0.06   0.15   0.08  -0.43   0.05  -0.07   0.01
tcga-e2-a14y  -2.33   0.84   0.26  -0.37  -0.05   0.36  -0.02   0.31   0.33
tcga-e2-a14z  -0.18   1.01   0.16   0.01  -0.17  -0.22   0.18   0.02   0.08
tcga-e2-a150   0.44   1.88   0.24   0.09   0.32   0.15  -0.05  -0.05   0.14
tcga-e2-a152  -1.68   0.71   0.21  -0.29  -0.10  -0.01  -0.05   0.06   0.06
tcga-e2-a153  -2.47  -0.23   0.00   0.07  -0.10   0.22  -0.07   0.00   0.05
tcga-e2-a154  -2.42  -0.24  -0.08  -0.05  -0.10   0.19   0.11  -0.11   0.02
tcga-e2-a155   0.85   1.98   0.02   0.10  -0.24   0.48   0.07   0.04  -0.29
tcga-e2-a156  -2.91  -0.32   0.09  -0.10  -0.07   0.30  -0.07  -0.10   0.02
tcga-e2-a158   0.27   1.57   0.14  -0.17   0.31  -0.30   0.07  -0.07  -0.10
tcga-e2-a159   1.25   2.82   0.07   0.22   0.26   0.20  -0.19  -0.08  -0.15
tcga-e2-a15a  -0.38  -0.03   0.08   0.01   0.05  -0.12   0.11   0.06  -0.07
tcga-e2-a15c  -2.63  -0.27   0.08  -0.18  -0.08   0.30  -0.08  -0.01   0.03
tcga-e2-a15d   0.66   0.64   0.09   0.10   0.03   0.63   0.10   0.08  -0.34
tcga-e2-a15e  -2.51   0.59   0.23  -0.08  -0.07   0.14  -0.07   0.18   0.23
tcga-e2-a15f  -0.01   0.02   0.00   0.00   0.00   0.00   0.00   0.00   0.00
tcga-e2-a15g  -2.50  -0.22   0.11  -0.19  -0.09   0.34   0.02  -0.11  -0.15
tcga-e2-a15h   0.39   0.27  -0.12  -0.02   0.11   0.40   0.12   0.04  -0.10
tcga-e2-a15i   0.11   0.16  -0.16   0.01   0.00   0.06  -0.01  -0.02  -0.02
tcga-e2-a15j   0.34   0.34   0.00   0.05  -0.01   0.40   0.19   0.01  -0.16
tcga-e2-a15k  -3.31  -0.18   0.25   0.11   0.37   0.33  -0.16   0.03   0.06
tcga-e2-a15l  -2.46  -0.24  -0.03   0.07  -0.14   0.13   0.02  -0.12  -0.18
tcga-e2-a15m  -1.15   0.59   0.05  -0.02  -0.13  -0.66  -0.05  -0.03   0.11
tcga-e2-a15o  -0.32  -0.08   0.04  -0.44  -0.03   0.13   0.17  -0.04  -0.05
tcga-e2-a15p  -2.35  -0.25   0.09   0.10  -0.08   0.23  -0.08   0.12  -0.03
tcga-e2-a15r   0.03   0.02  -0.14   0.01  -0.04  -0.01  -0.03  -0.01  -0.10
tcga-e2-a15s   0.23   0.12   0.16   0.08   0.34   0.12   0.09   0.12  -0.39
tcga-e2-a15t  -0.31   1.26   0.23  -0.12  -0.20  -0.10   0.00  -0.05  -0.11
tcga-e2-a1az   0.11   0.08  -0.08   0.01   0.55   0.07  -0.05  -0.05  -0.04
tcga-e2-a1b0   0.53   1.44   0.12   0.03   0.04   0.08  -0.10   0.05   0.08
tcga-e2-a1b1  -0.11   0.12   0.12   0.02   0.21   0.17   0.00   0.18   0.06
tcga-e2-a1b4  -2.56  -0.29  -0.12  -0.11   0.17   0.34  -0.08  -0.02   0.09
tcga-e2-a1b5   0.43   0.38   0.00   0.05   0.03   0.43   0.20   0.02  -0.11
tcga-e2-a1b6   0.55   1.68  -0.02   0.11  -0.22   0.07  -0.12  -0.09  -0.03
tcga-e2-a1bc  -2.73  -0.35   0.12   0.07  -0.09   0.14  -0.07  -0.08  -0.06
tcga-e2-a1bd  -2.95  -0.29  -0.17  -0.13  -0.12   0.27  -0.08  -0.13   0.08
B
                Comp.1 Comp.2 Comp.3 Comp.4 Comp.5 Comp.6 Comp.7 Comp.8 Comp.9
ANK3              0.00  -0.01   0.00   0.00  -0.01  -0.01   0.23  -0.19  -0.01
HECTD4            0.01  -0.03   0.00   0.00   0.03   0.01  -0.01  -0.01  -0.01
COL14A1           0.01  -0.02   0.00  -0.01  -0.01  -0.04   0.01  -0.01  -0.17
FNDC1             0.00  -0.01   0.01   0.00   0.01   0.00   0.02  -0.01  -0.02
LRBA              0.01  -0.03   0.00   0.00   0.01  -0.01   0.03  -0.01  -0.01
LRP2              0.03  -0.07   0.01   0.03   0.03   0.09   0.05  -0.20   0.01
RP1               0.02  -0.01   0.00   0.00  -0.01  -0.01   0.01  -0.01  -0.02
AKAP17A           0.01  -0.01   0.00   0.00   0.02   0.01   0.01   0.00  -0.02
CDH1              0.09   0.01   0.01  -0.01   0.02  -0.01   0.51  -0.01   0.01
UBR4              0.02  -0.04   0.00   0.00   0.22   0.01   0.01  -0.20  -0.01
SPI1              0.03  -0.03  -0.01   0.00  -0.01   0.00   0.02  -0.21  -0.12
MED23             0.03   0.00   0.01  -0.01   0.00   0.00   0.01   0.00  -0.01
MGA               0.01  -0.02   0.00   0.02   0.00   0.02   0.25  -0.01   0.01
UNC13C            0.02  -0.02   0.00   0.00   0.00   0.10   0.01  -0.01  -0.01
ZFHX4             0.03  -0.05   0.02   0.03   0.05   0.04   0.01  -0.04   0.00
AHCTF1            0.03  -0.01  -0.01   0.00   0.19   0.07   0.00   0.00   0.01
BRCA1             0.00  -0.12   0.02  -0.01   0.04   0.01   0.01   0.00  -0.04
CSMD1             0.05  -0.03   0.01  -0.02   0.04   0.06   0.06  -0.02  -0.07
CUBN              0.00  -0.03   0.17   0.01   0.01   0.01   0.00  -0.01  -0.01
DMD               0.05  -0.04   0.00   0.02   0.02   0.12  -0.01   0.00  -0.14
DNAH8             0.00  -0.03   0.01   0.21   0.00   0.00   0.03  -0.01  -0.04
TMEM189           0.02  -0.02   0.01   0.01   0.00   0.02   0.00   0.00   0.01
EVPL              0.00  -0.03   0.00   0.00   0.03  -0.01  -0.01  -0.03  -0.17
GOLGB1            0.01  -0.06   0.00  -0.01   0.03  -0.03   0.00   0.00  -0.01
GPR179            0.01  -0.03   0.00   0.01   0.01   0.03   0.00  -0.01  -0.10
HYDIN             0.01  -0.04   0.00  -0.01  -0.01   0.03   0.00  -0.20  -0.19
KCNT2             0.03  -0.04   0.19  -0.01   0.03   0.09   0.00  -0.01   0.00
SVILP1            0.00  -0.02   0.00   0.00  -0.01  -0.02   0.00   0.00  -0.02
MUC12             0.01  -0.06   0.01   0.00  -0.02  -0.02   0.26   0.00  -0.03
PLCE1             0.00  -0.02   0.00   0.01   0.01  -0.02   0.01  -0.01  -0.02
PREX1             0.01  -0.05   0.01   0.01   0.02  -0.04   0.23  -0.01  -0.06
RYR2              0.06  -0.08   0.19   0.04   0.00  -0.03  -0.02   0.00  -0.36
USH2A             0.04  -0.09   0.02   0.26   0.05   0.13   0.38   0.01  -0.05
WDR7              0.01  -0.04   0.01   0.00   0.02   0.01   0.00  -0.18  -0.04
CROCCP2           0.06  -0.04   0.00   0.23   0.02  -0.16   0.02  -0.26  -0.01
Unknown           0.14  -0.09  -0.04   0.01   0.35  -0.21   0.03  -0.33   0.09
GNPTAB            0.01  -0.01   0.00   0.01   0.01   0.00   0.00  -0.02  -0.15
NLRC5             0.02  -0.02   0.17  -0.01   0.02   0.09   0.00   0.00  -0.01
SPEN              0.02  -0.02   0.00  -0.01   0.00  -0.03   0.25  -0.20   0.00
AHNAK             0.01  -0.02   0.00   0.01   0.01  -0.01   0.03   0.00  -0.03
FAT3              0.02  -0.08  -0.01   0.03   0.02   0.04   0.06  -0.02  -0.04
LAMA3             0.01  -0.02   0.00   0.01   0.01   0.02   0.02   0.00  -0.04
PARK2             0.03  -0.01   0.00   0.00   0.00   0.10   0.00  -0.01   0.00
PLEC              0.01  -0.02   0.00   0.00   0.20  -0.01   0.00   0.00   0.00
TG                0.02  -0.04  -0.01   0.00   0.04   0.07   0.02  -0.02  -0.13
TP53              0.30  -1.06  -0.02   0.35   0.02   0.62   0.01  -0.34   0.16
UNC5D             0.01  -0.02  -0.01   0.00   0.20  -0.02   0.01   0.00   0.00
AIM1              0.01  -0.03   0.00   0.00   0.02   0.02   0.01  -0.01  -0.02
ATP1A4            0.00  -0.03   0.01   0.22   0.02  -0.01   0.00   0.00  -0.07
KCNH7             0.01   0.00   0.00   0.01  -0.01   0.02  -0.01  -0.19   0.00
PCSK5             0.01  -0.01   0.00   0.19   0.01   0.01   0.01   0.00  -0.02
TENM4             0.03  -0.03   0.00   0.01   0.01   0.09  -0.01   0.00   0.01
SCN8A             0.01  -0.02   0.17   0.00   0.00   0.01   0.01  -0.01  -0.02
ADAMTS17          0.00  -0.03   0.00  -0.01   0.03  -0.01   0.01  -0.01  -0.02
ANK1              0.02  -0.04   0.01   0.00   0.04  -0.03   0.01  -0.01   0.00
ASXL3             0.01  -0.05   0.01   0.01   0.05   0.01   0.03   0.01  -0.02
BRIP1             0.00  -0.02   0.01   0.00   0.02   0.00   0.02  -0.01  -0.01
SMG8              0.00  -0.04   0.17   0.00   0.01  -0.01  -0.01   0.00  -0.02
CACNA1F           0.01  -0.05  -0.01  -0.01   0.02   0.00  -0.01   0.00  -0.04
CHD6              0.01  -0.03   0.17   0.00   0.02   0.02  -0.01  -0.01   0.00
DGKI              0.00  -0.04   0.00   0.00   0.04   0.00   0.00  -0.01  -0.02
DNAH5             0.01  -0.04   0.01   0.00   0.22   0.01   0.00  -0.01   0.00
DNAH9             0.03  -0.04  -0.01   0.20   0.04   0.09  -0.03  -0.03  -0.19
DYSF              0.01  -0.03   0.00   0.01   0.03  -0.01  -0.01   0.00  -0.02
TBL1XR1           0.03  -0.02   0.00   0.00   0.02  -0.03   0.01   0.00  -0.02
FRY               0.00  -0.05   0.00   0.01   0.02   0.00  -0.01   0.01  -0.15
GRIA1             0.00  -0.01   0.01   0.03   0.22  -0.02   0.01  -0.01  -0.02
GRM3              0.02  -0.04   0.00   0.00   0.04   0.00  -0.03   0.00  -0.05
C1orf222          0.01  -0.03   0.01   0.00   0.03  -0.01   0.02  -0.02  -0.03
MACF1             0.01  -0.06   0.01   0.01   0.03  -0.01   0.01   0.00  -0.03
MUC17             0.03  -0.09  -0.01   0.02   0.04  -0.10  -0.01   0.00  -0.29
MUC5B             0.02  -0.03   0.01   0.00   0.26  -0.01   0.00   0.01  -0.03
MYCBP2            0.01  -0.04  -0.01   0.01   0.03  -0.02  -0.02   0.00  -0.04
MYH4              0.01  -0.03   0.00   0.01   0.02   0.02   0.00   0.00  -0.03
MYH7              0.03  -0.03   0.00   0.00   0.02  -0.01   0.04   0.01  -0.08
MYO18B            0.01  -0.03   0.00   0.00   0.06  -0.01   0.00   0.00  -0.03
NAV3              0.01  -0.01   0.00   0.20   0.00   0.00  -0.01   0.01  -0.01
NBEAL2            0.01  -0.03  -0.01  -0.01   0.06   0.00   0.02  -0.01  -0.06
PCDH15            0.00  -0.04   0.00   0.01   0.02   0.00   0.01   0.00  -0.01
RTN4              0.02  -0.02   0.01  -0.01   0.04  -0.01   0.01   0.00  -0.02
SCN7A             0.01  -0.04  -0.01   0.00   0.03  -0.01   0.00  -0.01  -0.03
SETDB1            0.01  -0.06  -0.01   0.01   0.01  -0.02  -0.04   0.01  -0.18
SRRM2             0.01  -0.01   0.00   0.19   0.02   0.00  -0.01   0.00  -0.15
SSPO              0.03  -0.07   0.01   0.00   0.04  -0.06   0.03  -0.01  -0.02
TTN               0.24  -0.22   0.20  -0.03   0.40   0.74   0.48  -0.26  -0.48
COL6A6            0.01  -0.01  -0.01   0.00   0.19   0.02  -0.01  -0.01   0.01
EML5              0.02  -0.02   0.01   0.01   0.01   0.00   0.00   0.00  -0.09
LAMA1             0.00  -0.03   0.00   0.01   0.00   0.00   0.02   0.00   0.00
MAP3K1            0.14   0.01   0.01   0.27   0.01  -0.20   0.07   0.01  -0.05
MUC16             0.12  -0.09   0.23   0.05   0.34   0.26   0.05  -0.24   0.04
MYO5B             0.03  -0.02   0.00   0.00  -0.01  -0.02  -0.01   0.00   0.00
PCNT              0.01  -0.03   0.00   0.01   0.02   0.00   0.00   0.00  -0.01
PIK3CA            0.90  -0.19   0.22   0.00   0.01  -0.60   0.05  -0.01   0.01
SCN2A             0.01  -0.03   0.00   0.01   0.00   0.01  -0.01   0.00   0.01
AKAP4             0.00  -0.05   0.00   0.00   0.03  -0.01   0.01   0.00  -0.02
AKAP9             0.01  -0.06   0.01   0.00   0.04  -0.02   0.01   0.00  -0.03
OTOGL             0.01  -0.04  -0.01  -0.01  -0.01  -0.03  -0.01   0.00  -0.17
DNAH6             0.02  -0.02  -0.01   0.00   0.03   0.02   0.02  -0.01  -0.16
ERBB3             0.02  -0.04   0.01   0.02   0.02  -0.03   0.01  -0.01  -0.05
ERCC6             0.01  -0.01   0.16   0.01   0.02   0.04   0.00  -0.02  -0.13
LINC00869         0.01  -0.03  -0.01   0.00   0.19  -0.02   0.00   0.00  -0.01
RBM19             0.01  -0.02   0.00   0.00   0.00  -0.04   0.00   0.01  -0.03
SHROOM4           0.02  -0.01   0.00   0.01   0.01   0.00   0.00  -0.01  -0.02
SPTBN5            0.01  -0.04   0.01  -0.01   0.00  -0.01   0.00   0.00  -0.03
TEX15             0.01  -0.03   0.00   0.00  -0.01  -0.01  -0.01  -0.01  -0.11
VWF               0.03  -0.03   0.01   0.00   0.00  -0.02   0.01   0.01  -0.05
HECW1             0.01  -0.03   0.00   0.00   0.01   0.05   0.04   0.00  -0.02
NF1               0.04  -0.01  -0.01  -0.01   0.00   0.02   0.03   0.00  -0.21
SVEP1             0.03  -0.02  -0.01   0.00  -0.02  -0.01  -0.02  -0.01  -0.17
COL18A1           0.01  -0.03   0.00   0.00   0.02   0.01   0.00  -0.01  -0.02
CSMD2             0.01  -0.02  -0.01   0.01   0.21   0.02  -0.02  -0.01  -0.09
snoU13            0.01  -0.01   0.01   0.00   0.02   0.00   0.02  -0.01  -0.02
HECW2             0.00  -0.01   0.01   0.01  -0.01   0.00   0.00  -0.18  -0.02
CACNA1C           0.03  -0.01   0.00   0.02   0.02   0.00   0.01  -0.02  -0.04
NALCN             0.01  -0.04   0.01   0.21   0.00  -0.01   0.01   0.00  -0.02
RAPGEF6           0.02   0.00   0.17   0.00   0.03  -0.02   0.02  -0.01  -0.03
RTTN              0.02  -0.01   0.17  -0.01   0.00   0.01   0.00  -0.02  -0.02
SCN11A            0.00  -0.03   0.01  -0.01   0.00   0.01   0.24  -0.01  -0.02
ZFPM2             0.03  -0.03   0.00   0.00   0.00   0.10   0.00  -0.02  -0.01
ZNF592            0.01   0.00   0.00   0.19   0.00   0.00   0.00   0.00   0.00
BZRAP1            0.01  -0.01   0.00   0.01   0.00  -0.02   0.00  -0.01  -0.09
ZNF506            0.02  -0.02   0.01   0.00   0.01  -0.02   0.00  -0.01   0.00
FNBP4             0.01  -0.02   0.17   0.00   0.00   0.00  -0.01   0.00  -0.01
KIAA1210          0.01  -0.05   0.00   0.01   0.01   0.03   0.00  -0.01   0.01
MTOR              0.00  -0.02   0.01   0.21   0.01  -0.01   0.24  -0.01  -0.01
MUC4              0.02  -0.06   0.01   0.01  -0.01  -0.01   0.00  -0.22   0.02
MXRA5             0.01  -0.02   0.00   0.00   0.00  -0.03   0.01  -0.01  -0.02
CHD9              0.01  -0.03   0.01   0.00   0.01   0.01   0.00  -0.01   0.00
ATP10B            0.03  -0.05   0.01   0.00   0.02   0.12   0.00  -0.01   0.00
CASC5             0.01  -0.03   0.00   0.00   0.01   0.00  -0.01  -0.01   0.00
CHD4              0.01  -0.03   0.01   0.01   0.03   0.02  -0.01   0.00  -0.02
CR1               0.02  -0.02   0.00   0.00   0.00   0.04   0.03  -0.01  -0.01
FREM1             0.02  -0.01   0.00   0.02   0.01  -0.01  -0.01  -0.02   0.00
KIAA2022          0.01  -0.02   0.00   0.19   0.00   0.02  -0.01  -0.19  -0.01
MDN1              0.05  -0.01   0.02  -0.01   0.05   0.02   0.01  -0.01  -0.03
PCDHB7            0.01  -0.02   0.00   0.00   0.01   0.04   0.02   0.00   0.00
TAF1L             0.02  -0.02  -0.01   0.00   0.02   0.00   0.00  -0.01   0.00
TBCD              0.01  -0.02   0.17   0.00   0.01   0.00   0.00  -0.01  -0.02
CA9               0.01  -0.01   0.00   0.00   0.01  -0.01   0.01  -0.02   0.00
DNAH17            0.01  -0.02   0.01   0.01   0.00   0.00   0.00   0.00   0.01
DNAH3             0.01  -0.04   0.00   0.00  -0.02  -0.02   0.24  -0.01   0.01
RP11-32B5.7       0.03  -0.02  -0.01   0.01   0.00  -0.06   0.01  -0.03  -0.05
MGAM              0.01  -0.03   0.00   0.01   0.02  -0.03   0.00  -0.02  -0.01
NEB               0.04  -0.06   0.01   0.00   0.01  -0.02   0.30  -0.02  -0.01
RNF213            0.02  -0.02   0.00   0.04   0.02   0.02   0.02  -0.01   0.00
UNC45A            0.01  -0.01   0.00   0.01   0.03   0.00   0.02   0.00   0.00
ZNF438            0.01   0.00   0.00   0.00   0.19   0.05   0.02   0.00  -0.10
ATN1              0.03  -0.01   0.01   0.00   0.00  -0.01   0.00  -0.01   0.01
PRKD2             0.02  -0.01   0.00   0.00   0.00   0.01   0.01  -0.01   0.00
HIST1H1C          0.01  -0.01   0.00   0.19   0.00  -0.01   0.02   0.00  -0.01
PPP1R9A           0.02  -0.02   0.00  -0.01   0.01   0.01  -0.01  -0.01   0.00
SPTA1             0.02  -0.06   0.01   0.02   0.01   0.09   0.03   0.00  -0.04
RP11-1055B8.7     0.02  -0.01   0.00   0.00   0.01   0.02   0.00  -0.01  -0.01
STAG1             0.02  -0.02   0.00   0.00   0.00  -0.01   0.01  -0.01   0.02
NID1              0.02  -0.02   0.01   0.00   0.02   0.01   0.00  -0.01  -0.01
OTOF              0.01  -0.01   0.00   0.00   0.00   0.00   0.00   0.00   0.00
CAPN1             0.02  -0.01   0.00  -0.01   0.03   0.01   0.02  -0.02  -0.02
AFF2              0.02  -0.06   0.01   0.00   0.05   0.02   0.03  -0.01  -0.07
ERCC6L2           0.01   0.00  -0.01   0.00  -0.01  -0.03   0.01  -0.01  -0.02
CTCF              0.02  -0.01  -0.01   0.01   0.02  -0.04   0.01  -0.01  -0.04
PIK3R1            0.02  -0.04  -0.01   0.01   0.01   0.02   0.01  -0.02  -0.05
TRIP11            0.01  -0.01   0.00   0.22   0.01   0.01   0.00   0.00  -0.01
FAM90A1           0.02  -0.01   0.00   0.00   0.00  -0.02   0.00   0.00  -0.01
GPR98             0.02  -0.02   0.00   0.03   0.05   0.02   0.01  -0.01   0.00
KMT2C             0.12  -0.05  -0.01  -0.03   0.03  -0.05   0.01  -0.30  -0.08
PKHD1             0.00  -0.01   0.00   0.19   0.01  -0.04   0.01   0.00  -0.02
ASPM              0.02  -0.02   0.01   0.00   0.01   0.00   0.02  -0.02  -0.03
RP5-1182A14.5     0.02  -0.01   0.02   0.00   0.21  -0.02   0.02   0.00   0.00
FLNB              0.01  -0.01   0.00   0.01   0.02   0.00   0.01   0.00  -0.04
KMT2D             0.03  -0.02   0.00   0.01   0.00   0.06   0.00   0.00  -0.01
MYH10             0.02  -0.01   0.00   0.01   0.02   0.01   0.01   0.00   0.00
MYH6              0.01  -0.02   0.01   0.00   0.03   0.03   0.04   0.00  -0.05
PKHD1L1           0.01  -0.04   0.17   0.00   0.09  -0.03   0.00   0.00  -0.07
SETX              0.02  -0.02   0.01   0.00   0.00   0.01   0.00  -0.02  -0.01
SYCP2             0.00  -0.02   0.01  -0.01   0.00  -0.01   0.01  -0.18   0.00
TCHH              0.00  -0.02   0.00   0.00   0.20   0.03  -0.01  -0.01   0.00
ABCC8             0.01  -0.01   0.00   0.02   0.00   0.00   0.00  -0.01  -0.02
DGKG              0.01  -0.01   0.00   0.01   0.00  -0.02   0.02  -0.01   0.00
MST1L             0.03  -0.01   0.00   0.00  -0.01   0.00   0.00  -0.01  -0.01
SRCAP             0.01  -0.02   0.01   0.02   0.03   0.03   0.04  -0.03  -0.02
CMYA5             0.00  -0.03  -0.01   0.00  -0.01   0.01   0.01   0.00  -0.15
GATA3             0.02  -0.05   0.01   0.02   0.03  -0.44   0.43  -0.04  -0.19
VWA3A             0.01  -0.04   0.00   0.00   0.01   0.01   0.01  -0.01  -0.01
BRWD1             0.01  -0.03   0.00   0.21  -0.01   0.00   0.02   0.00  -0.02
UBA6              0.04  -0.01   0.01   0.00   0.01   0.00   0.02  -0.19   0.00
ZFP36L1           0.02  -0.02   0.01   0.01   0.00  -0.02   0.04   0.00   0.00
HSPG2             0.01  -0.02   0.01   0.01   0.20   0.01   0.01  -0.02  -0.01
WWP2              0.01  -0.02  -0.01   0.00  -0.01   0.00   0.03   0.00  -0.01
AHNAK2            0.02  -0.01   0.19   0.00   0.01  -0.03   0.01   0.00   0.00
ANKRD30B          0.00  -0.03   0.01   0.19   0.03   0.01   0.01   0.00  -0.01
DLG1              0.00   0.00   0.01   0.00   0.00  -0.01   0.01  -0.19  -0.01
DST               0.03  -0.04   0.03  -0.02   0.08   0.08   0.06  -0.01  -0.06
PTPRB             0.03  -0.02   0.00   0.00   0.00   0.04   0.00  -0.01   0.00
HEG1              0.02  -0.01   0.01   0.01   0.01   0.05  -0.02  -0.01  -0.11
KDM5C             0.01  -0.02   0.01   0.00   0.00   0.00   0.00  -0.02  -0.01
MED12             0.01  -0.01   0.00   0.01   0.01  -0.01   0.00  -0.19   0.01
MYH7B             0.00  -0.04   0.17   0.00   0.00   0.02   0.01   0.00   0.00
SAMD9             0.00  -0.01   0.18   0.01   0.00  -0.02   0.01  -0.01  -0.01
ZFHX3             0.02  -0.01   0.01   0.04   0.02  -0.02   0.01  -0.01  -0.02
BIRC6             0.01  -0.02  -0.01   0.00  -0.01   0.01  -0.01  -0.18  -0.14
C10orf12          0.00  -0.02   0.00   0.01   0.03   0.01   0.01  -0.02   0.00
ADAD2             0.01  -0.02   0.00   0.00   0.00  -0.03   0.03   0.00   0.01
FAT1              0.02  -0.01   0.02   0.00   0.00  -0.02   0.00  -0.02   0.00
TPR               0.01  -0.02   0.18   0.00   0.01   0.01   0.01   0.00   0.01
DCAF4L2           0.02  -0.02   0.17   0.00   0.00   0.03   0.01   0.00   0.00
MYT1L             0.03  -0.04   0.01   0.00   0.02   0.09  -0.02  -0.02   0.00
PLCL2             0.02  -0.02  -0.01   0.00   0.18   0.01  -0.01   0.00  -0.01
UBC               0.02  -0.01   0.01   0.00   0.02  -0.04   0.01   0.00  -0.01
FRAS1             0.01  -0.03   0.00   0.19   0.00   0.03   0.00   0.00  -0.01
RELN              0.01  -0.03   0.01   0.24   0.21  -0.04  -0.01   0.00  -0.04
RPGR              0.01  -0.02   0.00   0.01   0.01   0.01   0.04   0.01  -0.01
SCN3A             0.01  -0.03   0.18   0.02   0.01   0.05   0.02   0.00  -0.01
DDX12P            0.01  -0.02   0.00   0.01   0.19  -0.03   0.01   0.00   0.00
MYH14             0.01  -0.04   0.01   0.00   0.02   0.00   0.02  -0.02   0.01
NOTCH2            0.02  -0.03   0.00   0.00   0.04   0.01   0.02   0.00   0.00
NBEAL1            0.00  -0.01   0.00   0.01   0.00  -0.01   0.00   0.00  -0.21
TEP1              0.01  -0.04   0.02   0.00   0.01   0.00   0.00  -0.01  -0.10
EPS8L1            0.01  -0.04   0.00   0.00   0.00   0.00   0.00   0.01   0.00
MUC2              0.02  -0.02   0.00  -0.01   0.00  -0.03   0.00  -0.01  -0.02
MYO7A             0.02  -0.03   0.01   0.00   0.01   0.02   0.00  -0.01  -0.11
PLCB4             0.02  -0.01   0.00   0.00   0.01  -0.03   0.02   0.01  -0.07
XIRP2             0.02  -0.06   0.18   0.01   0.01   0.02   0.02   0.00  -0.01
NLRC4             0.02  -0.02   0.00  -0.01  -0.01  -0.01   0.02  -0.19  -0.02
CBFB              0.03  -0.01   0.01   0.00  -0.01  -0.04   0.03   0.00  -0.02
GPS2              0.02   0.00   0.01   0.00   0.02  -0.02   0.03   0.00  -0.01
KIAA0825          0.01  -0.03   0.01   0.02   0.21   0.02   0.00   0.00   0.00
EYS               0.03  -0.04   0.00   0.01   0.03   0.09   0.00  -0.01   0.01
ITPKB             0.01  -0.02   0.01   0.00   0.03  -0.02   0.01  -0.02  -0.01
LAMA5             0.01  -0.02   0.00   0.01   0.03   0.02   0.00  -0.02   0.00
PKD1L1            0.01  -0.02   0.00   0.00   0.03  -0.01   0.00  -0.21  -0.02
RYR3              0.02  -0.04   0.18  -0.01   0.02   0.00   0.00  -0.01  -0.01
SMARCA4           0.02  -0.01   0.15   0.00   0.18  -0.01  -0.02  -0.01   0.00
CADPS             0.01  -0.01   0.17   0.00  -0.01   0.00  -0.01   0.00  -0.17
HUWE1             0.01  -0.01   0.01   0.00   0.00   0.03  -0.01  -0.02  -0.27
APOB              0.03  -0.07   0.01   0.01   0.03   0.12   0.00  -0.01  -0.28
MYB               0.03  -0.01   0.00  -0.01   0.01   0.00   0.02  -0.01  -0.02
TLN1              0.03  -0.03   0.00   0.00   0.04   0.00   0.01   0.00  -0.08
CSMD3             0.00  -0.04   0.01   0.01   0.01   0.04   0.03  -0.01  -0.02
FOXA1             0.01  -0.01   0.01   0.00   0.02   0.01   0.02  -0.01  -0.02
MYO10             0.02  -0.02   0.01   0.01   0.00   0.03   0.01   0.01  -0.01
PRKG2             0.01  -0.03  -0.01   0.00   0.01  -0.01   0.01   0.00  -0.01
VPS13C            0.02  -0.01   0.00   0.00   0.01   0.09   0.00   0.00  -0.01
FCGBP             0.02  -0.02   0.01   0.00   0.00   0.02   0.00   0.00  -0.01
LRPPRC            0.01  -0.03   0.17   0.01  -0.01   0.00   0.01   0.00  -0.01
NCOR1             0.04  -0.02   0.02   0.00  -0.01  -0.07   0.03   0.00  -0.02
PCDHGB3           0.02  -0.03   0.01  -0.01  -0.01  -0.02   0.00  -0.01  -0.02
SF3B1             0.03   0.00   0.00   0.01   0.00  -0.04   0.26   0.00   0.00
CACNA1E           0.02  -0.05   0.19   0.02   0.00  -0.02   0.00  -0.02  -0.03
CIT               0.02  -0.02   0.01  -0.01   0.00  -0.01   0.03  -0.03  -0.03
NBPF1             0.03  -0.01   0.01   0.00   0.00  -0.04   0.00  -0.18   0.00
ESPL1             0.03  -0.01   0.01   0.00  -0.01   0.00   0.02   0.01  -0.02
WHSC1             0.02  -0.01   0.18   0.00   0.04   0.00   0.00   0.01   0.00
MLLT4             0.02  -0.03   0.01   0.21   0.02   0.01   0.01  -0.02   0.00
CDC42BPA          0.01  -0.02   0.00   0.01   0.01  -0.03   0.03   0.00  -0.02
CEP170            0.01  -0.02   0.00  -0.01   0.02   0.00   0.01  -0.01  -0.01
GRIN2B            0.01  -0.01   0.00   0.00   0.02   0.01   0.03   0.00  -0.01
IARS              0.01  -0.02  -0.01   0.01  -0.02  -0.01   0.00  -0.02  -0.16
KIF4A             0.00  -0.05   0.00   0.00  -0.01  -0.01  -0.01   0.00  -0.16
CCDC168           0.02  -0.04   0.01  -0.01   0.00   0.01   0.05  -0.02  -0.02
KMT2A             0.01  -0.01   0.00  -0.01   0.01   0.00   0.01  -0.20  -0.01
MYO9A             0.03  -0.02   0.00   0.00   0.00   0.01   0.02  -0.01  -0.01
N4BP2             0.01  -0.01   0.00  -0.01   0.00   0.00   0.01  -0.19  -0.01
PCNXL2            0.03  -0.02   0.18  -0.01   0.23   0.01   0.01  -0.02   0.02
PDCD11            0.03  -0.02   0.00   0.00   0.01   0.10   0.00  -0.02  -0.01
PRKDC             0.01  -0.01   0.01  -0.01   0.01   0.00   0.02  -0.01   0.00
QSER1             0.01  -0.03   0.00   0.00   0.03  -0.01   0.01  -0.04  -0.01
RGAG1             0.01  -0.04   0.00   0.01   0.00   0.04   0.02  -0.02  -0.02
SI                0.01  -0.04   0.00   0.01  -0.01   0.00   0.01  -0.02  -0.01
SYNE1             0.03  -0.06   0.01   0.22   0.02   0.04   0.00  -0.01  -0.28
TRERF1            0.00  -0.03  -0.01   0.00   0.03  -0.01   0.01  -0.02  -0.01
ZDBF2             0.01  -0.03   0.00   0.01   0.01   0.01   0.02  -0.02  -0.02
DSPP              0.00  -0.01  -0.01   0.00  -0.01  -0.01   0.24  -0.01   0.01
BRCA2             0.03  -0.04   0.02   0.01   0.27   0.05   0.05  -0.01  -0.23
CACNA1A           0.01  -0.02   0.17   0.00  -0.01   0.01   0.00  -0.01  -0.01
HAUS5             0.01  -0.02   0.01   0.02   0.01  -0.01  -0.01   0.00   0.00
CFTR              0.00  -0.03  -0.01   0.00   0.00   0.00   0.02  -0.19  -0.01
DYNC2H1           0.01  -0.04  -0.01   0.00   0.01  -0.01   0.01  -0.19  -0.01
FAT2              0.01  -0.01   0.00   0.03   0.01   0.00   0.02  -0.02  -0.03
PTEN              0.01  -0.03  -0.01   0.01  -0.01  -0.03   0.28  -0.02  -0.17
PLXNA4            0.03  -0.03  -0.01   0.00   0.00   0.04  -0.01   0.00  -0.01
PPEF1             0.01  -0.02   0.02   0.01  -0.01   0.02   0.01  -0.01   0.01
ABCA4             0.02  -0.01  -0.01  -0.01   0.20   0.10   0.00  -0.01   0.00
ACTN2             0.02  -0.03   0.00   0.01  -0.01   0.01  -0.01   0.00   0.00
EMR2              0.01  -0.02   0.00   0.02   0.02   0.00   0.04  -0.02  -0.02
HERC1             0.01  -0.02   0.00  -0.01   0.02   0.01   0.02   0.00  -0.02
AMER1             0.02   0.00   0.18   0.03   0.02   0.00   0.02   0.00  -0.01
FLII              0.02  -0.01   0.00   0.00   0.01  -0.02   0.00  -0.02  -0.01
LAMA2             0.02  -0.02   0.00   0.02   0.03   0.00   0.02  -0.02  -0.01
RIPK1             0.03  -0.01  -0.01   0.00   0.00   0.09   0.24   0.00   0.00
MAGI2             0.02  -0.02   0.00  -0.01   0.02  -0.02   0.01  -0.02  -0.01
MAST4             0.02   0.00   0.00  -0.01   0.01   0.02   0.03  -0.02  -0.02
SCN1A             0.01  -0.01   0.00   0.00   0.04  -0.01   0.01   0.00  -0.01
WDR33             0.01   0.00   0.00   0.02   0.19   0.01   0.02  -0.01   0.00
BAI1              0.01  -0.03   0.00   0.01   0.19   0.00  -0.01   0.00   0.03
C1orf65           0.01  -0.01   0.00   0.02   0.21   0.00  -0.01  -0.01   0.00
COL12A1           0.04  -0.02   0.00   0.00   0.21   0.08  -0.01   0.00  -0.01
CYP4F11           0.01  -0.02   0.01   0.01   0.19   0.04  -0.01   0.00   0.00
DALRD3            0.00   0.00   0.01   0.00   0.19  -0.02   0.02   0.00  -0.02
DNAH11            0.00  -0.03   0.01   0.21   0.03   0.02   0.02  -0.18   0.00
DSCAML1           0.01  -0.01   0.00   0.00   0.20  -0.03   0.01  -0.01   0.01
ANKRD36C          0.00  -0.01   0.00   0.01   0.22   0.02   0.01   0.00  -0.03
MADD              0.01  -0.02   0.00   0.01   0.00   0.01   0.02   0.00  -0.01
MAST1             0.02  -0.01   0.00   0.00  -0.01   0.01   0.00   0.00   0.00
OR2G3             0.01  -0.01  -0.01   0.01   0.21  -0.01   0.01   0.01  -0.07
PREX2             0.02  -0.03   0.00   0.02   0.25  -0.02  -0.01   0.01  -0.06
UBR5              0.01  -0.02   0.00   0.01   0.01   0.01   0.02  -0.01   0.00
CSPG4P11          0.01  -0.03   0.00   0.01   0.01  -0.01   0.00   0.00   0.00
COL6A3            0.02  -0.03   0.01   0.03   0.03   0.03   0.00  -0.01  -0.01
OBSCN             0.01  -0.08   0.00   0.02  -0.01   0.00   0.04  -0.02  -0.02
TENM1             0.02  -0.02   0.02   0.01   0.06  -0.01   0.01  -0.01  -0.07
SPEG              0.01  -0.03   0.00   0.01  -0.01  -0.02   0.26   0.00   0.02
THSD7A            0.00  -0.02   0.16   0.00  -0.02  -0.02   0.25  -0.01   0.00
ERBB2             0.01   0.00   0.00   0.00   0.00   0.00   0.03   0.00   0.00
ATM               0.05  -0.03   0.20   0.00   0.04  -0.08   0.02  -0.01  -0.07
CCDC146           0.02  -0.01   0.00   0.00   0.00   0.02   0.00  -0.01  -0.03
FMN2              0.03  -0.01   0.00   0.00   0.02  -0.01   0.00  -0.01  -0.02
MYOM3             0.01  -0.03   0.00  -0.01   0.03   0.02   0.02  -0.02   0.00
GRIA3             0.03  -0.02   0.00   0.00   0.01   0.08   0.01   0.00   0.00
PLXNA2            0.02  -0.01   0.00   0.00   0.00   0.01   0.00  -0.01  -0.02
MYO9B             0.02  -0.02   0.01   0.00  -0.01   0.00  -0.01  -0.01   0.00
RUNX1             0.03  -0.01  -0.01   0.00   0.00  -0.04   0.28   0.00   0.02
SDK1              0.01  -0.03  -0.01   0.00   0.01  -0.03   0.00  -0.01  -0.01
SORCS1            0.02  -0.02   0.00   0.01  -0.01   0.02  -0.01   0.00   0.00
CROCC             0.01  -0.01   0.00   0.19   0.00  -0.01   0.01   0.00   0.00
DSE               0.00  -0.03   0.17   0.00   0.00   0.01  -0.01  -0.19   0.00
VCAN              0.01  -0.03   0.00   0.01   0.03  -0.01  -0.01  -0.20  -0.01
WDFY3             0.02   0.00   0.01   0.21   0.00   0.00   0.25  -0.19  -0.09
MEFV              0.00  -0.02   0.00   0.01   0.01   0.00  -0.01   0.00   0.00
DLGAP4            0.01  -0.03   0.00   0.01   0.01   0.02  -0.02  -0.01  -0.01
DYNC1H1           0.02  -0.02   0.01   0.00   0.03  -0.01   0.00  -0.01  -0.01
ERV3-1            0.03  -0.03  -0.01   0.00   0.00   0.00  -0.02  -0.01   0.00
TACC2             0.01  -0.01   0.01   0.03   0.04   0.04   0.02  -0.02  -0.01
CUL4B             0.02   0.00   0.01   0.02   0.03  -0.01   0.04   0.00  -0.02
KCNB2             0.01  -0.01   0.01   0.01   0.01  -0.02   0.01  -0.01   0.01
KIF13A            0.01  -0.03   0.00  -0.01  -0.01   0.03   0.05   0.00  -0.17
TLR4              0.02  -0.01   0.01   0.02   0.01   0.09   0.03  -0.01  -0.13
UTRN              0.01  -0.04   0.01  -0.01   0.01   0.01   0.04  -0.02  -0.05
VPS13B            0.01  -0.02   0.01   0.20   0.01  -0.01   0.01   0.00   0.00
SPATA31C1         0.01  -0.02   0.01   0.00   0.00  -0.01   0.01   0.00   0.02
MAP2              0.02  -0.01  -0.01   0.01   0.02   0.00   0.23   0.00  -0.02
RGS7              0.02  -0.01   0.00   0.01   0.02  -0.01   0.01   0.00   0.00
TRAPPC10          0.01  -0.02   0.00   0.00   0.00   0.00   0.00   0.00   0.00
DNAH2             0.02  -0.05   0.00   0.00   0.03  -0.02   0.00   0.00  -0.03
FLG               0.02  -0.09  -0.01   0.26   0.02  -0.03   0.03  -0.01   0.00
SVIL              0.01  -0.04   0.01   0.01   0.00   0.04   0.00   0.00   0.00
LAMB1             0.02  -0.04   0.00  -0.01   0.03   0.08   0.00  -0.01   0.00
LPHN2             0.00  -0.02   0.00   0.00   0.02  -0.01   0.00  -0.01  -0.01
DCC               0.00  -0.03   0.00   0.19   0.00   0.00   0.00   0.00  -0.01
CFH               0.01  -0.01   0.00   0.01   0.00   0.03   0.28   0.00  -0.03
FAM47C            0.05  -0.02  -0.01   0.00   0.02   0.09   0.04   0.00  -0.04
RP11-32B5.1       0.02  -0.01   0.00   0.03   0.06  -0.02   0.02   0.00  -0.11
WNK1              0.01  -0.02   0.00   0.00   0.00   0.00   0.00   0.00   0.00
TBX3              0.02  -0.02   0.00   0.00  -0.01  -0.03   0.03  -0.01  -0.01
CBLB              0.04  -0.04   0.01   0.01   0.02   0.01   0.03   0.00   0.04
LRP1              0.02  -0.04   0.00   0.00   0.03   0.05   0.00  -0.01  -0.08
POLQ              0.02  -0.01   0.01   0.19   0.01   0.02   0.00   0.00  -0.01
USP34             0.00  -0.02   0.01  -0.01   0.01  -0.02   0.00  -0.19  -0.02
CD163L1           0.03  -0.03   0.00   0.00   0.01   0.12   0.04   0.00  -0.01
SYNE2             0.01  -0.04   0.20  -0.02   0.04  -0.04   0.02  -0.21  -0.04
ACACB             0.00  -0.03   0.01   0.00   0.00   0.01   0.04   0.00  -0.01
DNAH7             0.01  -0.07   0.17   0.00   0.00   0.03   0.01  -0.01  -0.03
FLNC              0.01  -0.03   0.00   0.00   0.03   0.00  -0.01   0.00  -0.16
PCDH19            0.02  -0.03   0.02  -0.01   0.00   0.00   0.24   0.01   0.00
USPL1             0.00  -0.02   0.01  -0.01   0.03   0.02   0.02   0.00  -0.02
VPS13A            0.01  -0.02   0.02   0.01   0.02   0.02   0.01  -0.01  -0.01
ANKRD17           0.01  -0.01   0.00   0.00   0.02  -0.02   0.02   0.00  -0.06
DDR2              0.01  -0.02   0.00   0.00   0.02   0.01   0.01  -0.01  -0.02
ARID1A            0.01  -0.01   0.01   0.01   0.02  -0.03   0.00   0.00  -0.02
SACS              0.02   0.00   0.00   0.00   0.00   0.00   0.01  -0.02  -0.01
BLM               0.01  -0.01   0.17  -0.01   0.00   0.02  -0.01  -0.19  -0.09
GTSE1             0.01  -0.02   0.01   0.00   0.00   0.01  -0.01  -0.02   0.01
CENPE             0.04  -0.03   0.01   0.01   0.00   0.11  -0.02   0.00  -0.01
DOCK11            0.02  -0.05  -0.01   0.02  -0.01  -0.01  -0.01   0.00  -0.01
FBN1              0.02  -0.04   0.00   0.00   0.02  -0.01   0.03   0.00  -0.03
GON4L             0.02  -0.02   0.00   0.02   0.05   0.13   0.02  -0.18  -0.03
NAV1              0.02  -0.02  -0.01   0.20  -0.01   0.00  -0.02   0.00  -0.16
NHSL2             0.03  -0.02  -0.01   0.00   0.02   0.01  -0.01   0.00  -0.04
PCLO              0.04  -0.01   0.00   0.01   0.02   0.07   0.00   0.00   0.00
PTPN22            0.03  -0.01   0.00   0.00   0.01   0.08  -0.03  -0.18  -0.03
SLC4A5            0.02  -0.03   0.01   0.00   0.00   0.00   0.00   0.00  -0.04
SRGAP1            0.03  -0.02   0.00   0.02   0.00   0.04  -0.01   0.00  -0.12
ZNF536            0.03  -0.04  -0.01   0.00   0.00   0.01  -0.01   0.00  -0.02
DNAH1             0.02  -0.01   0.00   0.00   0.03   0.07   0.01   0.00  -0.01
NUP160            0.02  -0.01   0.01   0.00   0.00   0.00   0.01   0.00  -0.15
ASXL2             0.00  -0.02   0.00   0.19   0.01   0.01   0.02   0.00  -0.04
DENND1B           0.02  -0.01   0.01   0.20   0.01   0.06   0.04   0.00  -0.03
HERC2             0.01  -0.03   0.00   0.01   0.02  -0.02   0.00   0.01  -0.05
RFPL1             0.01  -0.02   0.00   0.01   0.01   0.00   0.00   0.00   0.00
AKT1              0.01  -0.02   0.00   0.00   0.01  -0.03   0.04  -0.01  -0.02
CCT6B             0.00  -0.01   0.01   0.00   0.01  -0.01   0.01  -0.01  -0.01
CDH12             0.01  -0.03   0.01   0.01   0.02   0.04   0.01   0.00  -0.02
GRID1             0.02   0.00   0.00   0.00   0.00   0.00   0.00  -0.02  -0.01
KIF26B            0.03  -0.01   0.00  -0.01   0.01  -0.02   0.01  -0.01  -0.01
PIWIL1            0.03  -0.01   0.01  -0.01   0.01  -0.02   0.00  -0.01  -0.02
SCN10A            0.01  -0.02   0.17   0.00   0.00   0.04   0.00  -0.02  -0.01
RYR1              0.02  -0.04   0.01   0.02  -0.01  -0.01   0.00   0.00   0.00
CHD1L             0.01  -0.01   0.00   0.00   0.02  -0.03   0.23   0.00  -0.04
FRMPD4            0.01  -0.02   0.00  -0.01   0.01   0.01   0.03   0.00   0.00
GRIN2A            0.02  -0.02   0.02   0.01   0.04   0.00   0.01   0.00  -0.08
NRP2              0.01  -0.02   0.00   0.00  -0.01  -0.01   0.01  -0.01   0.01
ABCA13            0.03  -0.05   0.00   0.01   0.00  -0.02   0.27  -0.01   0.04
ATRX              0.03  -0.02   0.00   0.02   0.01  -0.03  -0.01  -0.01  -0.04
CACNA1B           0.01  -0.04   0.00   0.00   0.01   0.00   0.00   0.00   0.00
CUL7              0.01  -0.01   0.00   0.20   0.01   0.01   0.00  -0.01  -0.02
LAMB4             0.01  -0.02   0.00   0.01   0.01  -0.02   0.01  -0.01  -0.02
RIMS2             0.01  -0.03   0.01   0.00  -0.01  -0.02   0.01  -0.01  -0.04
RAB3GAP2          0.03  -0.01   0.01   0.01   0.01   0.16   0.01  -0.01  -0.11
CPXM1             0.00  -0.04   0.01   0.03   0.04   0.03   0.03   0.00  -0.01
KAT6B             0.02  -0.02   0.00   0.01   0.00   0.03   0.00  -0.01   0.01
ERBB4             0.00  -0.02   0.00  -0.01   0.04  -0.01   0.01   0.00  -0.01
WDR17             0.00  -0.03   0.01   0.00   0.05  -0.03   0.02   0.00  -0.02
MAP1A             0.02  -0.03   0.00  -0.01   0.04  -0.01   0.00  -0.01  -0.02
RBMXL3            0.00  -0.02  -0.01   0.00   0.00  -0.02   0.01  -0.01   0.00
TOPBP1            0.02  -0.01   0.00  -0.01   0.03   0.08   0.00   0.00  -0.01
PLA2G4A           0.02  -0.01   0.01   0.00   0.02   0.09   0.00  -0.01  -0.01
TPO               0.01  -0.01   0.01   0.00   0.00   0.01   0.00   0.00  -0.01
ARID1B            0.00  -0.04   0.00   0.02   0.01  -0.02   0.00  -0.01  -0.02
F5                0.01  -0.05   0.01   0.01   0.02  -0.01   0.02  -0.01  -0.02
MALAT1            0.02  -0.01   0.00   0.01   0.01  -0.03   0.01  -0.01  -0.01
FAM208B           0.01  -0.01   0.01   0.02   0.05   0.00   0.01   0.00  -0.07
CTNND2            0.01  -0.03   0.18   0.00   0.02   0.02   0.00   0.00   0.00
DNAH10            0.01  -0.03   0.01   0.00   0.02   0.02   0.00  -0.01   0.00
RP11-85G18.6      0.01  -0.02   0.01   0.00   0.02   0.02   0.00   0.00  -0.02
FAM179A           0.01  -0.03   0.01   0.00   0.01  -0.01   0.01   0.00   0.01
CNTLN             0.02  -0.02   0.01  -0.01   0.02   0.01   0.04  -0.01  -0.04
NEDD9             0.01  -0.02   0.00   0.01  -0.01   0.02   0.00   0.00   0.00
NRXN3             0.01  -0.02   0.00   0.00   0.02   0.04   0.00  -0.18  -0.11
MAP2K4            0.09  -0.01   0.00   0.00   0.03   0.01   0.04  -0.02  -0.04
LPA               0.01  -0.02   0.00   0.00   0.00  -0.01   0.00  -0.01  -0.01
SPHKAP            0.02  -0.01  -0.01   0.20   0.00  -0.02  -0.01  -0.01   0.01
UTP20             0.01  -0.03   0.00   0.01   0.00  -0.02   0.24  -0.01   0.01
ATP11A            0.02  -0.03   0.00   0.00  -0.01  -0.01   0.00   0.00  -0.01
CDH9              0.02  -0.02   0.00   0.01  -0.01  -0.02   0.01  -0.01   0.01
BCORL1            0.00  -0.02   0.00   0.01   0.00   0.00   0.00  -0.01  -0.01
PRUNE2            0.03   0.00   0.01   0.00   0.02   0.10   0.00   0.00  -0.03
PDZD2             0.01   0.00   0.17   0.00   0.00  -0.02   0.00  -0.18  -0.01
HMCN1             0.02  -0.06  -0.01   0.02   0.00   0.05   0.29  -0.01  -0.38
PRAME             0.01  -0.03   0.00   0.02   0.02   0.01   0.01  -0.01  -0.04
GRIK2             0.00  -0.02   0.01   0.03   0.02   0.02   0.26  -0.01  -0.01
NKAIN4            0.01   0.00   0.00   0.00   0.00   0.00   0.01  -0.01  -0.02
TSC22D1           0.01  -0.01   0.00   0.00   0.00  -0.01   0.00  -0.01   0.00
ITSN2             0.00  -0.02   0.00   0.03   0.06   0.00   0.01  -0.01  -0.07
KIAA1109          0.01  -0.02   0.01   0.21   0.03   0.02   0.00   0.00  -0.07
C5orf42           0.01  -0.02   0.17   0.00   0.01  -0.01   0.01  -0.02   0.00
C2orf16           0.00  -0.02   0.00   0.19  -0.01   0.03   0.00   0.01  -0.15
BRWD3             0.01   0.00   0.18   0.01   0.01   0.01   0.04  -0.01  -0.02
SHD               0.02   0.00   0.02   0.00   0.01   0.02   0.00  -0.01  -0.02
HCFC1             0.02   0.00  -0.01   0.00  -0.01  -0.04   0.01   0.00  -0.01
DCHS2             0.01  -0.03   0.01   0.00   0.00  -0.01   0.01   0.00   0.00
DMXL1             0.02  -0.02   0.00   0.00  -0.01  -0.01   0.23   0.00  -0.15
ZEB2              0.02  -0.02   0.00   0.02   0.02   0.05   0.01  -0.01   0.00
FREM2             0.04   0.00   0.00   0.00   0.01   0.02   0.01   0.00  -0.01
NRK               0.02  -0.01   0.00  -0.01   0.01   0.00   0.02   0.00  -0.01
CHGB              0.00  -0.01   0.01   0.01  -0.01  -0.02   0.00  -0.18  -0.01
DSP               0.01  -0.03   0.00   0.01   0.00   0.01  -0.01  -0.01   0.01
PCDHGB6           0.01  -0.02   0.17   0.00   0.00   0.00  -0.02  -0.02  -0.10
PTPRD             0.01  -0.03   0.01   0.00   0.00   0.00   0.01  -0.19  -0.01
PRPF8             0.03  -0.01   0.00   0.01   0.00   0.09   0.00   0.00  -0.02
RB1               0.01  -0.04   0.00   0.00   0.00   0.02   0.03   0.00  -0.02
WNK3              0.02  -0.01  -0.01   0.00   0.00  -0.01   0.26   0.00   0.01
AMPD1             0.01  -0.03  -0.01   0.01   0.00   0.03   0.01   0.00  -0.01
NEK5              0.01  -0.02   0.00   0.00  -0.01   0.02   0.24   0.00  -0.01
NINL              0.02   0.00   0.00   0.03   0.03  -0.02   0.02  -0.01  -0.02
BCOR              0.01  -0.01  -0.01   0.01   0.00  -0.04   0.01  -0.01  -0.01
ITPR1             0.01  -0.02   0.01   0.01   0.02   0.01   0.05   0.00  -0.02
CCDC180           0.01  -0.03   0.16   0.00  -0.02  -0.01   0.00   0.00  -0.14
LTBP4             0.01  -0.01   0.00   0.00  -0.01  -0.03   0.24   0.00   0.00
PDE4D             0.01  -0.03   0.00   0.00   0.01   0.01   0.00  -0.01  -0.01
ANO5              0.03  -0.01   0.00  -0.01   0.01  -0.01  -0.01   0.01   0.01
PEG3              0.00  -0.03   0.01   0.03   0.03   0.03   0.02  -0.01  -0.02
EPG5              0.01   0.00   0.00   0.01   0.01   0.01   0.05  -0.01  -0.03
PCDH11X           0.01  -0.02   0.01   0.00   0.01   0.03   0.04   0.00  -0.01
HRNR              0.03  -0.03  -0.01  -0.01   0.02   0.00   0.01  -0.01   0.02
GPR112            0.01  -0.01   0.01   0.01   0.02   0.04   0.05  -0.01  -0.03
RP11-404K5.2      0.02   0.00   0.00   0.01   0.00   0.01   0.05   0.00   0.00
OPRM1             0.00  -0.03   0.01   0.01   0.01   0.03   0.05   0.00  -0.01
THSD7B            0.02  -0.01   0.00   0.01   0.01   0.02   0.02  -0.01   0.00
MYH9              0.01  -0.01   0.00   0.00   0.02  -0.02   0.01  -0.01   0.00
ZNF841            0.02  -0.02   0.01   0.00   0.01   0.04   0.04   0.00  -0.01
TAF1              0.00  -0.03   0.00   0.21   0.01   0.00   0.25   0.01   0.01
PDE4DIP           0.00  -0.01   0.00   0.01   0.03  -0.02   0.01  -0.01  -0.02
RLF               0.02  -0.01   0.00  -0.01   0.02  -0.03   0.25   0.00   0.00
ROR1              0.01  -0.02   0.00   0.00  -0.01   0.02   0.00  -0.18   0.01
EPHA5             0.01  -0.02   0.00  -0.01   0.00   0.03   0.00  -0.18  -0.01
BAZ2B             0.00  -0.03   0.01   0.00   0.01   0.00  -0.01  -0.18   0.00
SEMA5A            0.01  -0.04   0.00   0.02   0.00  -0.01   0.01   0.00   0.00
COL6A2            0.01  -0.03   0.00   0.00   0.00   0.02   0.01  -0.01  -0.01
ATP7A             0.02  -0.01  -0.01   0.01  -0.01   0.01  -0.01  -0.18   0.00
PRRC2B            0.01  -0.01   0.00   0.01   0.00   0.03   0.02   0.00  -0.02
ABCB11            0.01  -0.01   0.00  -0.01   0.01  -0.01   0.00  -0.18  -0.01
NOTCH4            0.02  -0.02   0.00   0.00   0.01  -0.01  -0.01   0.00   0.01
PDXDC1            0.01  -0.02   0.00   0.00   0.00   0.01   0.01   0.00   0.01
RIF1              0.01  -0.01   0.00   0.01   0.01  -0.02   0.00   0.00  -0.01
FER1L5            0.00  -0.03   0.00   0.00   0.01   0.00   0.01  -0.01  -0.01
MUC6              0.01  -0.01   0.00   0.00   0.01  -0.01   0.00  -0.01   0.00
SPATA31D1         0.01  -0.02  -0.01   0.00  -0.01   0.00  -0.01  -0.01  -0.01
CCNB3             0.00  -0.02   0.00   0.01   0.00  -0.01   0.24   0.01   0.01
ENSG00000210082   0.01  -0.05   0.01   0.01   0.01   0.04   0.01   0.00   0.00
ENSG00000210195   0.01  -0.03   0.01   0.01   0.01   0.02   0.01   0.00   0.00
C
                                                              Comp.1 Comp.2
patient.ethnicityhispanic.or.latino                             0.00   0.00
patient.genderfemale                                           -0.36  -0.57
Tumor.CodedT_other                                             -0.27  -0.50
Node.CodedPositive                                             -0.18  -0.29
Metastasis.CodedPositive                                       -0.01  -0.01
patient.breast_carcinoma_estrogen_receptor_statusnegative      -0.02  -0.37
patient.breast_carcinoma_estrogen_receptor_statuspositive      -0.35  -0.20
patient.breast_carcinoma_progesterone_receptor_statusnegative  -0.04  -0.42
patient.breast_carcinoma_progesterone_receptor_statuspositive  -0.32  -0.15
HER2.Final.StatusEquivocal                                     -0.01  -0.01
HER2.Final.StatusNegative                                      -0.32  -0.46
HER2.Final.StatusPositive                                      -0.04  -0.10
X.clinical.patients..cols..infiltrating.ductal.carcinoma       -0.31  -0.54
X.clinical.patients..cols..infiltrating.lobular.carcinoma      -0.04   0.00
X.clinical.patients..cols..mixed.histology..please.specify.    -0.01   0.00
X.clinical.patients..cols..other..specify                      -0.01  -0.02
X.clinical.patients..cols..No_Conversion                       -0.11  -0.22
X.clinical.patients..cols..Stage.I                             -0.07  -0.05
X.clinical.patients..cols..Stage.IIA                           -0.11  -0.18
X.clinical.patients..cols..Stage.IIB                           -0.04  -0.06
X.clinical.patients..cols..Stage.IIIA                          -0.03  -0.04
X.clinical.patients..cols..Stage.IIIC                          -0.01  -0.01
NA.26.36.                                                      -0.02  -0.03
NA.36.43.                                                      -0.03  -0.08
NA.43.49.                                                      -0.03  -0.07
NA.49.54.                                                      -0.04  -0.11
NA.54.59.                                                      -0.04  -0.07
NA.59.64.                                                      -0.07  -0.08
NA.64.70.                                                      -0.06  -0.07
NA.70.76.                                                      -0.03  -0.03
NA.76.82.                                                      -0.03  -0.03
NA.82.89.                                                      -0.01  -0.01
                                                              Comp.3 Comp.4
patient.ethnicityhispanic.or.latino                             0.00   0.00
patient.genderfemale                                           -0.54  -0.57
Tumor.CodedT_other                                             -0.52  -0.55
Node.CodedPositive                                             -0.50  -0.54
Metastasis.CodedPositive                                       -0.01   0.00
patient.breast_carcinoma_estrogen_receptor_statusnegative      -0.02  -0.01
patient.breast_carcinoma_estrogen_receptor_statuspositive      -0.52  -0.56
patient.breast_carcinoma_progesterone_receptor_statusnegative  -0.04  -0.05
patient.breast_carcinoma_progesterone_receptor_statuspositive  -0.51  -0.52
HER2.Final.StatusEquivocal                                     -0.01   0.00
HER2.Final.StatusNegative                                      -0.52  -0.08
HER2.Final.StatusPositive                                      -0.01  -0.49
X.clinical.patients..cols..infiltrating.ductal.carcinoma       -0.54  -0.57
X.clinical.patients..cols..infiltrating.lobular.carcinoma       0.00   0.00
X.clinical.patients..cols..mixed.histology..please.specify.     0.00   0.00
X.clinical.patients..cols..other..specify                       0.00   0.00
X.clinical.patients..cols..No_Conversion                       -0.49  -0.49
X.clinical.patients..cols..Stage.I                             -0.01  -0.01
X.clinical.patients..cols..Stage.IIA                           -0.02  -0.02
X.clinical.patients..cols..Stage.IIB                           -0.01  -0.01
X.clinical.patients..cols..Stage.IIIA                           0.00  -0.02
X.clinical.patients..cols..Stage.IIIC                          -0.01  -0.03
NA.26.36.                                                       0.00  -0.01
NA.36.43.                                                      -0.01  -0.45
NA.43.49.                                                      -0.01  -0.01
NA.49.54.                                                      -0.48  -0.02
NA.54.59.                                                      -0.01  -0.02
NA.59.64.                                                      -0.01  -0.01
NA.64.70.                                                      -0.01  -0.02
NA.70.76.                                                      -0.01   0.00
NA.76.82.                                                      -0.01  -0.03
NA.82.89.                                                       0.00  -0.01
                                                              Comp.5 Comp.6
patient.ethnicityhispanic.or.latino                             0.00  -0.01
patient.genderfemale                                            0.55  -0.71
Tumor.CodedT_other                                              0.53  -0.59
Node.CodedPositive                                              0.48  -0.34
Metastasis.CodedPositive                                        0.00  -0.02
patient.breast_carcinoma_estrogen_receptor_statusnegative       0.43  -0.08
patient.breast_carcinoma_estrogen_receptor_statuspositive       0.13  -0.63
patient.breast_carcinoma_progesterone_receptor_statusnegative   0.49  -0.16
patient.breast_carcinoma_progesterone_receptor_statuspositive   0.07  -0.56
HER2.Final.StatusEquivocal                                      0.01  -0.01
HER2.Final.StatusNegative                                       0.50  -0.64
HER2.Final.StatusPositive                                       0.04  -0.07
X.clinical.patients..cols..infiltrating.ductal.carcinoma        0.54  -0.65
X.clinical.patients..cols..infiltrating.lobular.carcinoma       0.01  -0.04
X.clinical.patients..cols..mixed.histology..please.specify.     0.00  -0.01
X.clinical.patients..cols..other..specify                       0.01  -0.02
X.clinical.patients..cols..No_Conversion                        0.43  -0.20
X.clinical.patients..cols..Stage.I                              0.02  -0.08
X.clinical.patients..cols..Stage.IIA                            0.04  -0.24
X.clinical.patients..cols..Stage.IIB                            0.03  -0.08
X.clinical.patients..cols..Stage.IIIA                           0.02  -0.05
X.clinical.patients..cols..Stage.IIIC                           0.03  -0.03
NA.26.36.                                                       0.00  -0.02
NA.36.43.                                                       0.02  -0.10
NA.43.49.                                                       0.01  -0.06
NA.49.54.                                                       0.02  -0.08
NA.54.59.                                                       0.40  -0.09
NA.59.64.                                                       0.02  -0.08
NA.64.70.                                                       0.03  -0.07
NA.70.76.                                                       0.01  -0.17
NA.76.82.                                                       0.03  -0.03
NA.82.89.                                                       0.01  -0.02
                                                              Comp.7 Comp.8
patient.ethnicityhispanic.or.latino                             0.00   0.00
patient.genderfemale                                            0.53  -0.79
Tumor.CodedT_other                                              0.52  -0.15
Node.CodedPositive                                              0.47  -0.72
Metastasis.CodedPositive                                        0.00  -0.01
patient.breast_carcinoma_estrogen_receptor_statusnegative       0.02   0.00
patient.breast_carcinoma_estrogen_receptor_statuspositive       0.51  -0.78
patient.breast_carcinoma_progesterone_receptor_statusnegative   0.41  -0.05
patient.breast_carcinoma_progesterone_receptor_statuspositive   0.12  -0.74
HER2.Final.StatusEquivocal                                      0.00   0.00
HER2.Final.StatusNegative                                       0.51  -0.10
HER2.Final.StatusPositive                                       0.02  -0.69
X.clinical.patients..cols..infiltrating.ductal.carcinoma        0.10  -0.78
X.clinical.patients..cols..infiltrating.lobular.carcinoma       0.42  -0.01
X.clinical.patients..cols..mixed.histology..please.specify.     0.01   0.00
X.clinical.patients..cols..other..specify                       0.01   0.00
X.clinical.patients..cols..No_Conversion                        0.43  -0.69
X.clinical.patients..cols..Stage.I                              0.01  -0.02
X.clinical.patients..cols..Stage.IIA                            0.04  -0.03
X.clinical.patients..cols..Stage.IIB                            0.02  -0.02
X.clinical.patients..cols..Stage.IIIA                           0.01  -0.02
X.clinical.patients..cols..Stage.IIIC                           0.03  -0.01
NA.26.36.                                                       0.00  -0.01
NA.36.43.                                                       0.01  -0.02
NA.43.49.                                                       0.01  -0.01
NA.49.54.                                                       0.03  -0.01
NA.54.59.                                                       0.02  -0.02
NA.59.64.                                                       0.04  -0.66
NA.64.70.                                                       0.39  -0.02
NA.70.76.                                                       0.01  -0.02
NA.76.82.                                                       0.01  -0.02
NA.82.89.                                                       0.00  -0.01
                                                              Comp.9
patient.ethnicityhispanic.or.latino                             0.00
patient.genderfemale                                            0.76
Tumor.CodedT_other                                              0.71
Node.CodedPositive                                              0.63
Metastasis.CodedPositive                                        0.00
patient.breast_carcinoma_estrogen_receptor_statusnegative       0.07
patient.breast_carcinoma_estrogen_receptor_statuspositive       0.70
patient.breast_carcinoma_progesterone_receptor_statusnegative   0.17
patient.breast_carcinoma_progesterone_receptor_statuspositive   0.60
HER2.Final.StatusEquivocal                                      0.00
HER2.Final.StatusNegative                                       0.72
HER2.Final.StatusPositive                                       0.05
X.clinical.patients..cols..infiltrating.ductal.carcinoma        0.74
X.clinical.patients..cols..infiltrating.lobular.carcinoma       0.02
X.clinical.patients..cols..mixed.histology..please.specify.     0.00
X.clinical.patients..cols..other..specify                       0.01
X.clinical.patients..cols..No_Conversion                        0.08
X.clinical.patients..cols..Stage.I                              0.04
X.clinical.patients..cols..Stage.IIA                            0.06
X.clinical.patients..cols..Stage.IIB                            0.05
X.clinical.patients..cols..Stage.IIIA                           0.48
X.clinical.patients..cols..Stage.IIIC                           0.04
NA.26.36.                                                       0.30
NA.36.43.                                                       0.04
NA.43.49.                                                       0.02
NA.49.54.                                                       0.03
NA.54.59.                                                       0.18
NA.59.64.                                                       0.06
NA.64.70.                                                       0.04
NA.70.76.                                                       0.02
NA.76.82.                                                       0.02
NA.82.89.                                                       0.06
 
You can now manually PERMUTE and REFLECT columns of solution
If you want to reflect/permute columns, specify '1':
Read 1 item
 
If you want to carry out a STABILITY CHECK on current or different solution, specify '1':
Read 1 item
 
If you want to carry out a BOOTSTRAP procedure for
computing confidence intervals for the current solution, specify '1':
Read 1 item
 
If you want to carry out a FITPARTITIONING on current solution, specify '1':
Read 1 item
 
Press 'return' to conclude the analysis
Read 1 item
The component matrices are normalized such that A and B have unit sums of squares
To see component matrices and fit and other results, digits: $Xprep, $A, $B, $C, $fit, $fitA, $fitB, $fitC, ...
[1] 0
[1] 0
[1] 0
[1] 0
[1] 0
[1] 0
[1] 0
[1] 0
[1] 0
