 
WELCOME to the interactive CANDECOMP/PARAFAC analysis program
Warning: If you insert an object of mode CHARACTER when not requested, an error occurs and the program stops! 
 
Specify the number of A-mode entities 
Read 1 item
Specify the number of B-mode entities 
Read 1 item
Specify the number of C-mode entities 
Read 1 item
 
 
To see ANOVA results, specify 1:
Read 1 item
 
How do you want to center your array?
0 = none (default)
1 = across A-mode
2 = across B-mode
3 = across C-mode
12 = across A-mode and across B-mode
13 = across A-mode and across C-mode
23 = across B-mode and across C-mode
Read 1 item
Data have not been centered
 
How do you want to normalize your array?
0 = none (default)
1 = within A-mode
2 = within B-mode
3 = within C-mode
Read 1 item
Data have not been normalized
 
Note: The preprocessed data are now available in Xprep.
Xprep can be used for analyses outside the Candecomp/Parafac program
 
To see PCA of MEAN, specify '1':
Read 1 item
 
You are now about to do a Candecomp/Parafac analysis.
 
You have to specify the dimensionality to use.
To search this, you are advised to run a series of (unconstrained)
Candecomp/Parafac analyses using different dimensionalities
The results can next be used to find useful dimensionalities by the scree test.
To reduce the computation time, note that the maximum allowed number of iterations is 5000,
the convergence criterion is 1e-6 and the rational start via eigendecompositions is considered.
If you want to do this for choosing your dimensionality, specify '1':
Read 1 item
 
You can now do a CANDECOMP/PARAFAC ANALYSIS
 
How many components do you want to use?
Read 1 item
 
Do you want to use constraints? If so, enter '1':
Read 1 item
No constraints imposed
 
Specify convergence criterion (default=1e-6)
Read 1 item
 
By default, only a rationally started analysis run will be carried out.
To decrease the chance of missing the optimal solution, you may use additional, randomly started runs.
If you want additional runs, specify how many (e.g., 4):
Read 1 item
 
Specify the maximum number of iterations you allow (default=10000).
Read 1 item
Run no. 1
Candecomp/Parafac function value at Start is  35708.9213464099
Candecomp/Parafac function value is 32751.2397326544 after 48 iterations
Fit percentage is 8.05959494174142 %
Procedure used 65.63 seconds
 
Candecomp/Parafac analysis with  3  components, gave a fit of  8.06 %
Simple check on degeneracy: inspect matrix of triple congruences
       Comp.1  Comp.2  Comp.3
Comp.1  1.000 -0.0390  0.0040
Comp.2 -0.039  1.0000 -0.0317
Comp.3  0.004 -0.0317  1.0000
 
It is sometimes useful to SCALE solution, e.g., scale two matrices so that
they have unit sum of squares compensating this scale in remaining matrix.
If you want to scale components, specify '1':
Read 1 item
 
Solution for A, B and C in detail.
A
             Comp.1 Comp.2 Comp.3
tcga-a1-a0sd  -0.08   0.09  -0.20
tcga-a1-a0se  -0.31  -0.05  -0.21
tcga-a1-a0sh  -0.03   0.43  -0.63
tcga-a1-a0sj  -0.69  -0.01  -0.14
tcga-a1-a0sk   0.61   1.39   0.13
tcga-a1-a0sm   0.03   0.07  -0.06
tcga-a1-a0so   0.83   2.57  -0.74
tcga-a2-a04n  -2.86  -0.29   0.01
tcga-a2-a04p  -1.56   1.80   0.39
tcga-a2-a04q  -0.06  -0.02  -0.07
tcga-a2-a04r  -0.52  -0.03  -0.89
tcga-a2-a04u   0.45   1.33   0.32
tcga-a2-a04v  -3.03  -0.18   0.20
tcga-a2-a04w  -0.96   1.49   0.06
tcga-a2-a04x  -0.45   0.14  -0.04
tcga-a2-a04y  -0.09   0.02  -0.22
tcga-a2-a0cl   0.16   1.38   0.45
tcga-a2-a0cm   0.54   1.44   0.38
tcga-a2-a0cp  -2.91  -0.34   0.16
tcga-a2-a0cq  -0.10   0.08  -0.12
tcga-a2-a0cs  -3.40  -0.32   0.22
tcga-a2-a0ct  -0.07   0.05  -0.23
tcga-a2-a0cu  -0.19   0.03  -0.07
tcga-a2-a0cv  -0.24  -0.01  -0.23
tcga-a2-a0cw  -2.92   1.28   0.23
tcga-a2-a0cx   0.38   1.26  -0.06
tcga-a2-a0cz  -0.23  -0.09  -0.13
tcga-a2-a0d0   0.49   1.47   0.27
tcga-a2-a0d1  -1.05   1.23   0.34
tcga-a2-a0d2   0.70   1.67   0.23
tcga-a2-a0d3  -2.90  -0.33   0.02
tcga-a2-a0d4  -0.16  -0.04  -0.13
tcga-a2-a0em  -2.53  -0.21   0.12
tcga-a2-a0en  -2.65  -0.28  -0.39
tcga-a2-a0eo  -2.65  -0.30   0.16
tcga-a2-a0eq  -1.04   1.31   0.36
tcga-a2-a0er  -0.15  -0.07  -0.26
tcga-a2-a0et  -0.17   0.06  -0.09
tcga-a2-a0eu  -0.40  -0.05  -0.21
tcga-a2-a0ev  -2.60  -0.20   0.03
tcga-a2-a0ew  -2.53  -0.34  -0.47
tcga-a2-a0ex  -2.60  -0.34   0.09
tcga-a2-a0ey  -1.95   1.57  -0.40
tcga-a2-a0st   0.03   0.03  -0.08
tcga-a2-a0su  -0.31  -0.12  -0.38
tcga-a2-a0sv  -0.21   1.44  -0.10
tcga-a2-a0sw   0.50   1.73  -0.31
tcga-a2-a0sx   0.41   1.07   0.32
tcga-a2-a0sy  -2.85  -0.34  -0.93
tcga-a2-a0t0   0.06   0.46  -2.54
tcga-a2-a0t1   0.53   1.34   0.41
tcga-a2-a0t2   0.50   1.60   0.41
tcga-a2-a0t3  -0.07   1.22   0.02
tcga-a2-a0t4  -2.89  -0.29   0.00
tcga-a2-a0t6  -0.40  -0.15  -0.20
tcga-a2-a0t7  -3.15  -0.32   0.14
tcga-a2-a0yc  -3.04  -0.27   0.32
tcga-a2-a0yd  -3.36  -0.39   0.02
tcga-a2-a0yf  -0.82  -0.04  -0.08
tcga-a2-a0yg   0.25   1.38   0.23
tcga-a2-a0yh  -2.58   1.18  -0.15
tcga-a2-a0yi  -2.35  -0.25   0.21
tcga-a2-a0yj  -0.02   1.57   0.17
tcga-a2-a0yk  -2.81  -0.28  -1.07
tcga-a2-a0yl  -2.75  -0.29   0.10
tcga-a2-a0ym   0.63   1.78   0.35
tcga-a7-a0cd  -0.01   0.04  -0.11
tcga-a7-a0ce   0.61   1.64  -0.24
tcga-a7-a0cg  -2.08  -0.14   0.11
tcga-a7-a0cj  -2.67   0.99  -0.22
tcga-a7-a0d9  -2.26  -0.16   0.27
tcga-a7-a0da   0.38   1.61   0.20
tcga-a7-a0db  -3.22  -0.28   0.16
tcga-a7-a13d   0.30   1.44   0.13
tcga-a7-a13f  -0.09   0.10  -0.16
tcga-a8-a06n  -0.10   0.02  -0.27
tcga-a8-a06o  -0.06   0.89   0.08
tcga-a8-a06p  -3.27  -0.34   0.17
tcga-a8-a06q  -3.50   1.58   0.31
tcga-a8-a06r  -2.63  -0.14  -0.53
tcga-a8-a06t  -0.30  -0.08  -0.37
tcga-a8-a06u  -2.33   0.90  -0.10
tcga-a8-a06x  -0.73   0.06  -1.46
tcga-a8-a06y  -0.06   0.01  -0.10
tcga-a8-a06z  -0.22   0.01  -0.13
tcga-a8-a075  -3.34   1.11   0.35
tcga-a8-a076  -0.30   0.04  -0.51
tcga-a8-a079   0.30   1.36   0.20
tcga-a8-a07b  -2.22   0.84   0.38
tcga-a8-a07c   0.17   0.58  -1.20
tcga-a8-a07e  -3.59  -0.37  -0.76
tcga-a8-a07f  -0.94  -0.18  -0.25
tcga-a8-a07g  -2.67  -0.25   0.25
tcga-a8-a07i  -0.04   0.13  -0.52
tcga-a8-a07j  -3.05  -0.27   0.02
tcga-a8-a07l  -0.11   0.28  -0.32
tcga-a8-a07o   0.43   1.52   0.02
tcga-a8-a07p  -0.38  -0.06  -0.28
tcga-a8-a07r   0.20   1.47  -0.61
tcga-a8-a07u   0.36   1.35   0.43
tcga-a8-a07w  -0.08   1.23   0.23
tcga-a8-a07z  -3.61  -0.33   0.16
tcga-a8-a081  -3.04   1.13   0.50
tcga-a8-a082  -0.55  -0.14  -0.16
tcga-a8-a083  -0.32  -0.01  -0.52
tcga-a8-a084  -2.27   1.43   0.81
tcga-a8-a085  -0.25   0.02  -0.52
tcga-a8-a086  -0.57  -0.14  -0.13
tcga-a8-a08a  -0.11  -0.03  -0.15
tcga-a8-a08b  -1.96  -0.15   0.04
tcga-a8-a08f  -0.06  -0.08  -2.28
tcga-a8-a08g  -0.62  -0.01  -0.21
tcga-a8-a08h  -0.12   0.03   0.00
tcga-a8-a08i   0.19   1.36   0.28
tcga-a8-a08j  -0.20  -0.09  -0.24
tcga-a8-a08l  -2.84  -0.25  -1.69
tcga-a8-a08o  -2.79  -0.21   0.19
tcga-a8-a08p  -3.02   0.82   0.41
tcga-a8-a08r  -1.33   2.11   0.24
tcga-a8-a08t  -3.27  -0.36  -0.15
tcga-a8-a08x   0.53   1.30   0.39
tcga-a8-a08z  -3.46  -0.33   0.25
tcga-a8-a090  -0.05   0.06  -0.12
tcga-a8-a091  -0.30  -0.09  -0.10
tcga-a8-a092  -3.21   1.02   0.25
tcga-a8-a093  -3.47  -0.34  -0.15
tcga-a8-a094  -0.13   1.72  -0.17
tcga-a8-a095  -2.72  -0.23  -0.78
tcga-a8-a096  -3.05  -0.31   0.14
tcga-a8-a097   0.27   1.18  -0.68
tcga-a8-a099  -0.05  -0.02  -0.16
tcga-a8-a09a   0.02   0.10  -0.80
tcga-a8-a09b  -3.50  -0.34   0.08
tcga-a8-a09c  -3.02  -0.19   0.20
tcga-a8-a09d  -2.97  -0.16   0.30
tcga-a8-a09g   0.08   0.30  -2.40
tcga-a8-a09i  -0.50   0.00  -0.66
tcga-a8-a09m  -0.69  -0.04  -0.42
tcga-a8-a09n   0.07   1.28   0.01
tcga-a8-a09q   0.12   1.38  -0.93
tcga-a8-a09r  -0.51  -0.15  -0.60
tcga-a8-a09t  -0.24  -0.01  -0.03
tcga-a8-a09v  -0.40  -0.03  -0.30
tcga-a8-a09w  -0.26  -0.09  -1.91
tcga-a8-a09x   0.26   1.15   0.13
tcga-a8-a0a1  -2.37  -0.14   0.30
tcga-a8-a0a2  -0.35  -0.08  -0.10
tcga-a8-a0a4  -0.31  -0.07  -0.60
tcga-a8-a0a7  -1.43  -0.06  -0.11
tcga-a8-a0a9  -3.67  -0.34  -0.11
tcga-a8-a0ab  -0.72  -0.02  -0.10
tcga-a8-a0ad  -0.49  -0.06  -0.10
tcga-an-a03x  -3.26  -0.39   0.22
tcga-an-a03y  -3.05  -0.34   0.10
tcga-an-a041  -0.35  -0.03  -0.31
tcga-an-a049  -3.47  -0.45   0.09
tcga-an-a04a  -0.43  -0.04  -0.20
tcga-an-a04c  -1.17   1.50   0.63
tcga-an-a04d   0.29   0.37  -1.27
tcga-an-a0aj  -2.67   0.90   0.28
tcga-an-a0al   0.81   1.89  -0.32
tcga-an-a0am  -0.35  -0.04  -0.34
tcga-an-a0ar   0.20   1.60   0.30
tcga-an-a0as   0.02   1.45  -0.36
tcga-an-a0at   0.21   0.52  -1.15
tcga-an-a0fd  -0.31   0.05  -0.18
tcga-an-a0ff  -2.80  -0.17   0.23
tcga-an-a0fj   0.56   1.72  -0.77
tcga-an-a0fk  -0.02   0.07   0.00
tcga-an-a0fl   0.85   2.09  -0.50
tcga-an-a0fn  -0.22  -0.04  -0.11
tcga-an-a0fs  -1.77  -0.13   0.05
tcga-an-a0ft   0.30   1.53   0.08
tcga-an-a0fv   0.54   1.35   0.00
tcga-an-a0fw  -0.05   0.19  -0.23
tcga-an-a0fx   0.77   1.94   0.13
tcga-an-a0fy   0.03   1.06   0.25
tcga-an-a0fz   0.04   0.13  -0.24
tcga-an-a0g0   0.26   1.57   0.30
tcga-an-a0xl  -3.02  -0.33   0.10
tcga-an-a0xn   0.42   1.66   0.06
tcga-an-a0xo  -2.66  -0.12  -0.05
tcga-an-a0xp  -3.32  -0.37   0.07
tcga-an-a0xr  -0.64  -0.07  -0.31
tcga-an-a0xs  -2.93  -0.30   0.12
tcga-an-a0xt   0.40   1.44   0.43
tcga-an-a0xu   0.51   1.69   0.10
tcga-an-a0xv  -0.67  -0.01  -0.27
tcga-an-a0xw  -0.15  -0.12  -3.10
tcga-ao-a03l  -2.75   1.20   0.82
tcga-ao-a03n  -3.50   1.23   0.54
tcga-ao-a03o  -2.83   0.91   0.48
tcga-ao-a03p  -0.33   0.03  -0.34
tcga-ao-a03r   0.26   1.39   0.13
tcga-ao-a03t  -0.64  -0.14  -1.96
tcga-ao-a03u   0.05   0.08  -0.03
tcga-ao-a03v   0.12   0.89  -0.47
tcga-ao-a0j2   0.40   1.25   0.33
tcga-ao-a0j3  -0.20   0.06  -1.03
tcga-ao-a0j4   0.66   1.53  -0.20
tcga-ao-a0j6   0.49   1.65  -0.31
tcga-ao-a0j7  -2.54  -0.24   0.26
tcga-ao-a0j8  -0.34  -0.04  -0.14
tcga-ao-a0j9  -0.56  -0.12  -0.71
tcga-ao-a0ja  -3.08  -0.28   0.03
tcga-ao-a0jb   0.67   1.62  -1.02
tcga-ao-a0jc  -2.77  -0.24   0.26
tcga-ao-a0jd   0.11   1.77   0.47
tcga-ao-a0je  -1.19   1.56  -0.16
tcga-ao-a0jf  -3.55  -0.45   0.12
tcga-ao-a0jg  -1.18  -0.10  -0.33
tcga-ao-a0ji  -0.07  -0.03  -0.16
tcga-ao-a0jj  -0.32  -0.09  -0.13
tcga-ao-a0jl   0.58   1.68   0.44
tcga-ao-a0jm  -0.29  -0.05  -0.30
tcga-ao-a124   0.70   1.68  -0.33
tcga-ao-a125  -2.68  -0.23   0.08
tcga-ao-a126  -2.64  -0.22   0.28
tcga-ao-a129   0.41   1.75   0.41
tcga-ao-a12a  -3.04  -0.32   0.08
tcga-ao-a12b  -0.36  -0.01  -0.11
tcga-ao-a12d   0.44   1.22   0.32
tcga-ao-a12e  -0.02  -0.01  -0.32
tcga-ao-a12f   0.58   1.54   0.32
tcga-ao-a12g   0.03   1.02   0.22
tcga-ao-a12h  -0.44  -0.04  -0.20
tcga-aq-a04j   0.45   1.45   0.40
tcga-aq-a04l   0.29   1.22   0.31
tcga-ar-a0tp   0.39   1.54   0.16
tcga-ar-a0tq  -0.15   0.02  -0.25
tcga-ar-a0tr  -3.24  -0.23   0.33
tcga-ar-a0ts   0.60   1.72   0.44
tcga-ar-a0tt  -0.24  -0.04  -0.31
tcga-ar-a0tu   0.07   0.14  -0.36
tcga-ar-a0tv   0.12   1.41   0.12
tcga-ar-a0tw  -0.45  -0.17  -0.60
tcga-ar-a0tx  -1.05   1.08  -2.14
tcga-ar-a0ty  -0.29   0.01  -0.42
tcga-ar-a0tz  -3.49  -0.34   0.20
tcga-ar-a0u0   0.58   1.68  -0.52
tcga-ar-a0u1   0.55   1.74   0.40
tcga-ar-a0u2   0.10   1.40  -0.03
tcga-ar-a0u3   0.27   1.37   0.27
tcga-ar-a0u4   0.93   2.01  -0.94
tcga-ar-a1ah   0.56   1.82  -0.37
tcga-ar-a1ai   0.46   1.24   0.14
tcga-ar-a1aj   0.26   1.12   0.23
tcga-ar-a1ak  -0.07   0.00  -0.58
tcga-ar-a1al  -3.12  -0.31   0.06
tcga-ar-a1an   0.09   1.19   0.38
tcga-ar-a1ao  -2.25  -0.14   0.25
tcga-ar-a1ap  -0.23   0.94   0.15
tcga-ar-a1aq   0.54   1.58   0.25
tcga-ar-a1ar   0.08   0.16  -0.07
tcga-ar-a1as  -2.96   1.12  -0.23
tcga-ar-a1at  -0.43   0.00  -0.45
tcga-ar-a1au  -0.33   0.00  -0.15
tcga-ar-a1av  -2.62  -0.22   0.12
tcga-ar-a1aw  -2.61   0.88   0.57
tcga-ar-a1ax  -0.40  -0.01  -0.10
tcga-ar-a1ay   0.33   1.14   0.29
tcga-b6-a0i5  -3.60  -0.32  -0.02
tcga-b6-a0i9   0.28   1.09  -0.37
tcga-b6-a0ia  -0.01   0.00  -0.50
tcga-b6-a0ib  -0.46  -0.05  -0.38
tcga-b6-a0ie  -1.26   1.28   0.56
tcga-b6-a0ih  -0.67  -0.08  -0.13
tcga-b6-a0ij  -0.06   1.26  -1.05
tcga-b6-a0ik  -1.79   1.88   0.29
tcga-b6-a0im  -0.71  -0.21  -0.24
tcga-b6-a0io  -0.50   0.00  -0.15
tcga-b6-a0ip  -2.55  -0.33  -0.40
tcga-b6-a0iq   0.69   1.63   0.26
tcga-b6-a0re  -1.39   1.52   0.48
tcga-b6-a0rg  -1.89   0.00  -0.06
tcga-b6-a0rh  -2.53   0.96   0.44
tcga-b6-a0ri  -0.41  -0.04  -0.14
tcga-b6-a0rl  -0.58  -0.09  -0.33
tcga-b6-a0rn  -1.63   0.01   0.17
tcga-b6-a0ro  -3.07  -0.31   0.05
tcga-b6-a0rp  -3.00  -0.32  -0.66
tcga-b6-a0rq  -2.53  -0.26   0.06
tcga-b6-a0rs   0.70   1.80  -0.16
tcga-b6-a0rt  -0.15   0.03  -0.02
tcga-b6-a0ru   0.19   1.01   0.14
tcga-b6-a0rv  -0.86  -0.05  -0.35
tcga-b6-a0ws  -0.24  -0.05  -0.13
tcga-b6-a0wt  -0.37  -0.03  -0.39
tcga-b6-a0wv  -0.42  -0.01  -0.11
tcga-b6-a0wx   0.45   1.24   0.29
tcga-b6-a0wy  -3.28  -0.16   0.13
tcga-b6-a0wz  -0.86   0.06  -0.49
tcga-b6-a0x0  -2.26  -0.22   0.02
tcga-b6-a0x4  -0.67  -0.13  -0.57
tcga-b6-a0x5  -3.79  -0.15   0.13
tcga-bh-a0au  -0.09  -0.01  -0.08
tcga-bh-a0av   0.45   1.21   0.21
tcga-bh-a0aw   0.35   1.37  -1.24
tcga-bh-a0ay  -0.09  -0.07  -0.39
tcga-bh-a0az  -0.39  -0.17  -1.04
tcga-bh-a0b0  -2.35   0.64   0.22
tcga-bh-a0b1  -0.01   0.06  -0.10
tcga-bh-a0b3   0.69   1.80   0.24
tcga-bh-a0b4  -0.08  -0.01  -0.63
tcga-bh-a0b5  -2.78  -0.12   0.14
tcga-bh-a0b7   0.14   1.23   0.36
tcga-bh-a0b8  -0.20  -0.01  -0.30
tcga-bh-a0b9   0.33   1.20   0.35
tcga-bh-a0ba  -3.13  -0.39  -0.06
tcga-bh-a0bc  -3.20   1.17   0.67
tcga-bh-a0bd  -2.82  -0.21   0.05
tcga-bh-a0bf  -2.50   1.00   0.04
tcga-bh-a0bg   0.13   1.25  -0.19
tcga-bh-a0bj  -2.97  -0.28   0.32
tcga-bh-a0bl   0.28   1.29   0.11
tcga-bh-a0bm  -2.76  -0.09   0.23
tcga-bh-a0bo  -2.96  -0.27   0.11
tcga-bh-a0bp  -0.38   0.97  -0.65
tcga-bh-a0bq  -2.30  -0.24   0.20
tcga-bh-a0br  -0.12   0.83  -0.02
tcga-bh-a0bs  -0.25  -0.08  -0.18
tcga-bh-a0bt  -2.61   0.87   0.42
tcga-bh-a0bv  -3.07  -0.20   0.20
tcga-bh-a0bw   0.40   1.45  -0.15
tcga-bh-a0bz   0.00  -0.40  -3.50
tcga-bh-a0c0   0.07   1.09   0.38
tcga-bh-a0c1  -0.49  -0.04  -0.17
tcga-bh-a0c3   0.14   0.75   0.22
tcga-bh-a0c7  -0.33  -0.02  -0.16
tcga-bh-a0dd  -2.25  -0.23   0.11
tcga-bh-a0de  -3.27  -0.32   0.10
tcga-bh-a0dg  -0.39   0.01  -0.24
tcga-bh-a0dh  -0.71  -0.01  -0.60
tcga-bh-a0di   0.33   1.30  -0.52
tcga-bh-a0dk  -3.35  -0.19   0.08
tcga-bh-a0dl  -1.65   1.03   0.09
tcga-bh-a0do  -2.33  -0.25   0.17
tcga-bh-a0dp  -2.53  -0.25   0.15
tcga-bh-a0dq  -0.14   0.05  -0.14
tcga-bh-a0ds  -0.13   0.06  -0.33
tcga-bh-a0dt  -3.31  -0.46   0.07
tcga-bh-a0dx  -2.53  -0.24  -0.57
tcga-bh-a0dz  -0.21   1.69  -0.93
tcga-bh-a0e0   0.53   1.75   0.09
tcga-bh-a0e1  -0.01   0.06  -0.53
tcga-bh-a0e2  -0.16  -0.02  -0.07
tcga-bh-a0e6   0.46   1.18   0.23
tcga-bh-a0e7  -0.70  -0.09  -0.05
tcga-bh-a0e9  -0.24  -0.08  -0.18
tcga-bh-a0ea  -2.98  -0.45  -0.07
tcga-bh-a0eb  -2.37   0.71   0.43
tcga-bh-a0ee  -1.43   0.02   0.07
tcga-bh-a0ei  -0.56  -0.03  -0.09
tcga-bh-a0gy  -2.97   1.08  -0.04
tcga-bh-a0gz  -0.26   0.04  -0.32
tcga-bh-a0h0  -0.06   0.00   0.00
tcga-bh-a0h3  -2.68  -0.34   0.10
tcga-bh-a0h6  -0.47  -0.11  -0.07
tcga-bh-a0h7  -0.02   1.12   0.23
tcga-bh-a0h9  -2.98  -0.24  -0.57
tcga-bh-a0ha  -3.13  -0.45  -1.27
tcga-bh-a0hb  -0.39   0.10  -0.02
tcga-bh-a0hi  -2.30  -0.24  -0.39
tcga-bh-a0hk  -0.53   0.19  -0.42
tcga-bh-a0hl  -0.30  -0.11  -1.12
tcga-bh-a0hn  -3.17  -0.31   0.03
tcga-bh-a0ho  -0.30   0.00  -0.03
tcga-bh-a0hp  -0.73   0.03  -2.25
tcga-bh-a0hq  -0.66  -0.02  -0.24
tcga-bh-a0hu  -3.12  -0.26  -0.04
tcga-bh-a0hw  -0.04   0.07  -0.04
tcga-bh-a0hx   0.44   1.57  -0.13
tcga-bh-a0rx   0.35   1.34   0.39
tcga-bh-a0w3  -2.57  -0.23   0.30
tcga-bh-a0w4  -0.08   0.09  -0.08
tcga-bh-a0w5  -3.11  -0.33   0.17
tcga-bh-a0w7  -2.97  -0.16  -0.13
tcga-bh-a18f  -3.43  -0.40  -0.15
tcga-bh-a18h  -2.26   0.69   0.45
tcga-bh-a18i  -2.67  -0.26   0.11
tcga-bh-a18j  -3.13  -0.17   0.24
tcga-bh-a18k  -0.10  -0.03  -0.16
tcga-bh-a18m  -3.44  -0.53  -0.23
tcga-bh-a18n  -0.84  -0.14  -0.48
tcga-bh-a18p  -0.86   0.01  -2.16
tcga-bh-a18q   0.90   1.83  -0.15
tcga-bh-a18r  -0.02   0.07  -0.03
tcga-bh-a18t   0.75   1.69  -0.35
tcga-bh-a18u  -0.15   1.13   0.25
tcga-bh-a18v   0.96   2.43  -0.04
tcga-bh-a1eo  -0.06   0.01  -0.10
tcga-bh-a1es  -0.33  -0.04  -0.76
tcga-bh-a1et  -2.30  -0.18   0.24
tcga-bh-a1eu  -2.23  -0.24   0.17
tcga-bh-a1ew   0.04   0.03  -0.04
tcga-bh-a1f0   0.39   1.11   0.29
tcga-c8-a12l  -0.84   1.68   0.47
tcga-c8-a12n  -3.36  -0.34   0.22
tcga-c8-a12p   0.79   1.77  -0.11
tcga-c8-a12q   0.67   1.47  -0.01
tcga-c8-a12t  -2.86  -0.04  -0.43
tcga-c8-a12u  -2.88  -0.19   0.18
tcga-c8-a12v   0.00   0.06  -0.01
tcga-c8-a12w   0.36   1.38  -0.55
tcga-c8-a12x  -0.32   0.06  -0.31
tcga-c8-a12z   0.36   1.54   0.32
tcga-c8-a130  -2.22   0.87   0.50
tcga-c8-a131  -1.57   1.57   0.58
tcga-c8-a132  -0.05   0.09  -0.15
tcga-c8-a133  -2.70  -0.30   0.09
tcga-c8-a134   0.76   1.71   0.13
tcga-c8-a135   0.43   1.42   0.35
tcga-c8-a137   0.46   1.33   0.36
tcga-c8-a138   0.36   1.35   0.33
tcga-c8-a1hf  -1.52   0.96   0.55
tcga-c8-a1hg   0.24   1.22   0.34
tcga-c8-a1hi  -0.38  -0.10  -0.14
tcga-c8-a1hl  -0.17   0.01  -0.13
tcga-c8-a1hm  -0.06   1.68  -1.65
tcga-c8-a1hn  -0.48  -0.05  -0.21
tcga-d8-a13y   0.14   1.11   0.04
tcga-d8-a13z   0.45   1.62   0.10
tcga-d8-a140  -0.09   0.10  -0.17
tcga-d8-a141  -0.11  -0.02  -0.03
tcga-d8-a142   0.52   1.44  -0.23
tcga-d8-a143  -1.32   1.56   0.46
tcga-d8-a145  -0.32   0.07  -0.14
tcga-d8-a147   0.93   2.13  -0.24
tcga-e2-a105  -2.56  -0.27   0.10
tcga-e2-a107  -0.32  -0.07  -0.15
tcga-e2-a108  -2.67   1.12   0.60
tcga-e2-a109   0.42   1.59   0.21
tcga-e2-a10a  -1.10  -0.16  -0.21
tcga-e2-a10b  -3.48  -0.30  -0.15
tcga-e2-a10c  -4.43  -1.27  -4.64
tcga-e2-a10e  -2.77  -0.28  -0.50
tcga-e2-a10f  -2.77  -0.31   0.12
tcga-e2-a14n   0.63   1.72   0.36
tcga-e2-a14o  -0.57   0.06  -0.15
tcga-e2-a14p   0.65   1.56  -0.22
tcga-e2-a14q  -0.13   0.02  -0.32
tcga-e2-a14r   0.54   1.87   0.14
tcga-e2-a14s  -0.54  -0.01  -0.42
tcga-e2-a14t  -0.29  -0.09  -0.79
tcga-e2-a14v  -2.60  -0.20  -0.11
tcga-e2-a14w  -0.22   0.09  -0.36
tcga-e2-a14x   0.64   1.48  -0.20
tcga-e2-a14y  -2.59   0.98   0.53
tcga-e2-a14z   0.24   1.16   0.14
tcga-e2-a150   0.35   1.66   0.34
tcga-e2-a152  -1.43   0.94   0.28
tcga-e2-a153  -2.64  -0.26   0.24
tcga-e2-a154  -2.60  -0.26   0.09
tcga-e2-a155   0.07   1.34   0.05
tcga-e2-a156  -3.08  -0.38   0.20
tcga-e2-a158   0.78   1.70  -0.37
tcga-e2-a159   0.93   2.20   0.01
tcga-e2-a15a  -0.17   0.07  -0.27
tcga-e2-a15c  -2.86  -0.30   0.19
tcga-e2-a15d  -0.33   0.02  -0.22
tcga-e2-a15e  -2.43   0.79   0.50
tcga-e2-a15f   0.00   0.02   0.01
tcga-e2-a15g  -2.76  -0.33   0.03
tcga-e2-a15h  -0.32  -0.10  -0.25
tcga-e2-a15i  -0.06   0.04  -0.09
tcga-e2-a15j  -0.34  -0.08  -0.18
tcga-e2-a15k  -3.43  -0.14   0.23
tcga-e2-a15l  -2.52  -0.28   0.01
tcga-e2-a15m   0.00   1.12   0.01
tcga-e2-a15o  -0.51  -0.06  -0.14
tcga-e2-a15p  -2.52  -0.28   0.11
tcga-e2-a15r  -0.03  -0.02  -0.12
tcga-e2-a15s   0.01   0.01  -0.57
tcga-e2-a15t   0.01   1.33   0.18
tcga-e2-a1az  -0.05   0.03  -0.25
tcga-e2-a1b0   0.46   1.30   0.28
tcga-e2-a1b1  -0.33   0.08  -0.03
tcga-e2-a1b4  -2.95  -0.33   0.09
tcga-e2-a1b5  -0.28  -0.03  -0.13
tcga-e2-a1b6   0.45   1.36   0.29
tcga-e2-a1bc  -2.68  -0.34   0.13
tcga-e2-a1bd  -3.19  -0.33   0.22
B
                Comp.1 Comp.2 Comp.3
ANK3              0.01  -0.02   0.05
HECTD4            0.01  -0.03   0.01
COL14A1           0.02  -0.01   0.04
FNDC1             0.00  -0.01   0.03
LRBA              0.01  -0.03   0.02
LRP2              0.02  -0.08   0.06
RP1               0.02  -0.01   0.01
AKAP17A           0.01  -0.01   0.02
CDH1              0.09   0.00   0.10
UBR4              0.02  -0.04   0.07
SPI1              0.03  -0.04   0.08
MED23             0.03   0.00   0.01
MGA               0.01  -0.02   0.03
UNC13C            0.00  -0.03   0.03
ZFHX4             0.02  -0.06   0.03
AHCTF1            0.01  -0.03   0.04
BRCA1             0.00  -0.10   0.04
CSMD1             0.04  -0.03   0.08
CUBN              0.01  -0.03   0.06
DMD               0.03  -0.05   0.07
DNAH8             0.01  -0.03   0.05
TMEM189           0.02  -0.03   0.00
EVPL              0.01  -0.02   0.06
GOLGB1            0.01  -0.05   0.00
GPR179            0.00  -0.02   0.05
HYDIN             0.01  -0.04   0.09
KCNT2             0.03  -0.04   0.08
SVILP1            0.01  -0.02   0.00
MUC12             0.02  -0.05   0.03
PLCE1             0.01  -0.02   0.01
PREX1             0.02  -0.04   0.05
RYR2              0.07  -0.06   0.16
USH2A             0.02  -0.11   0.15
WDR7              0.01  -0.04   0.05
CROCCP2           0.08  -0.05   0.04
Unknown           0.17  -0.11   0.06
GNPTAB            0.01  -0.01   0.05
NLRC5             0.02  -0.02   0.08
SPEN              0.03  -0.03   0.05
AHNAK             0.01  -0.01   0.02
FAT3              0.01  -0.08   0.04
LAMA3             0.01  -0.02   0.04
PARK2             0.01  -0.02   0.02
PLEC              0.01  -0.02   0.03
TG                0.01  -0.05   0.09
TP53              0.20  -1.05  -0.01
UNC5D             0.01  -0.02   0.03
AIM1              0.00  -0.03   0.03
ATP1A4            0.01  -0.03   0.05
KCNH7             0.01  -0.01   0.02
PCSK5             0.01  -0.02   0.02
TENM4             0.02  -0.03   0.01
SCN8A             0.02  -0.01   0.07
ADAMTS17          0.01  -0.02   0.02
ANK1              0.03  -0.04   0.01
ASXL3             0.01  -0.04   0.03
BRIP1             0.01  -0.02   0.02
SMG8              0.01  -0.03   0.06
CACNA1F           0.01  -0.04   0.01
CHD6              0.02  -0.03   0.06
DGKI              0.00  -0.03   0.02
DNAH5             0.01  -0.04   0.05
DNAH9             0.01  -0.05   0.09
DYSF              0.01  -0.02   0.01
TBL1XR1           0.03  -0.01   0.01
FRY               0.00  -0.05   0.04
GRIA1             0.00  -0.02   0.07
GRM3              0.02  -0.03   0.02
C1orf222          0.01  -0.02   0.03
MACF1             0.01  -0.05   0.03
MUC17             0.04  -0.07   0.07
MUC5B             0.02  -0.03   0.07
MYCBP2            0.02  -0.03   0.01
MYH4              0.01  -0.03   0.02
MYH7              0.02  -0.02   0.05
MYO18B            0.01  -0.02   0.02
NAV3              0.01  -0.02   0.01
NBEAL2            0.01  -0.02   0.04
PCDH15            0.00  -0.03   0.00
RTN4              0.02  -0.02   0.02
SCN7A             0.01  -0.04   0.02
SETDB1            0.01  -0.05   0.03
SRRM2             0.01  -0.01   0.07
SSPO              0.04  -0.05   0.02
TTN               0.12  -0.28   0.63
COL6A6            0.01  -0.02   0.03
EML5              0.02  -0.01   0.04
LAMA1             0.00  -0.03   0.00
MAP3K1            0.15   0.00   0.03
MUC16             0.08  -0.13   0.26
MYO5B             0.03  -0.02  -0.01
PCNT              0.01  -0.03   0.01
PIK3CA            0.92  -0.18  -0.10
SCN2A             0.01  -0.03  -0.01
AKAP4             0.01  -0.04   0.01
AKAP9             0.01  -0.05   0.02
OTOGL             0.02  -0.03   0.04
DNAH6             0.02  -0.02   0.06
ERBB3             0.02  -0.04   0.04
ERCC6             0.02  -0.01   0.12
LINC00869         0.01  -0.02   0.04
RBM19             0.01  -0.01   0.00
SHROOM4           0.02  -0.01   0.00
SPTBN5            0.01  -0.03   0.01
TEX15             0.01  -0.02   0.03
VWF               0.03  -0.02   0.02
HECW1             0.00  -0.03   0.03
NF1               0.04  -0.01   0.08
SVEP1             0.02  -0.02   0.03
COL18A1           0.01  -0.03   0.02
CSMD2             0.01  -0.03   0.07
snoU13            0.01  -0.01   0.03
HECW2             0.01  -0.02   0.03
CACNA1C           0.03  -0.01   0.04
NALCN             0.01  -0.04   0.02
RAPGEF6           0.03   0.00   0.08
RTTN              0.02   0.00   0.07
SCN11A            0.01  -0.03   0.04
ZFPM2             0.01  -0.04   0.03
ZNF592            0.01  -0.01   0.01
BZRAP1            0.01  -0.01   0.03
ZNF506            0.02  -0.02   0.01
FNBP4             0.02  -0.01   0.05
KIAA1210          0.01  -0.05   0.01
MTOR              0.01  -0.03   0.05
MUC4              0.03  -0.06   0.01
MXRA5             0.01  -0.02   0.01
CHD9              0.01  -0.03   0.01
ATP10B            0.01  -0.06   0.03
CASC5             0.01  -0.03   0.00
CHD4              0.01  -0.02   0.02
CR1               0.01  -0.02   0.01
FREM1             0.02  -0.01   0.00
KIAA2022          0.01  -0.03   0.03
MDN1              0.04  -0.02   0.06
PCDHB7            0.01  -0.02   0.01
TAF1L             0.01  -0.02   0.00
TBCD              0.02  -0.01   0.07
CA9               0.01  -0.01   0.01
DNAH17            0.01  -0.02   0.00
DNAH3             0.02  -0.04   0.01
RP11-32B5.7       0.04  -0.02   0.02
MGAM              0.01  -0.03   0.01
NEB               0.04  -0.06   0.05
RNF213            0.01  -0.02   0.03
UNC45A            0.01  -0.01   0.01
ZNF438            0.01  -0.01   0.09
ATN1              0.03  -0.01   0.00
PRKD2             0.02  -0.01   0.01
HIST1H1C          0.01  -0.01   0.01
PPP1R9A           0.02  -0.02   0.01
SPTA1             0.00  -0.06   0.04
RP11-1055B8.7     0.02  -0.02   0.01
STAG1             0.02  -0.01  -0.01
NID1              0.02  -0.02   0.02
OTOF              0.01  -0.01   0.00
CAPN1             0.02  -0.01   0.04
AFF2              0.02  -0.06   0.05
ERCC6L2           0.01   0.00   0.00
CTCF              0.02  -0.01   0.02
PIK3R1            0.01  -0.04   0.04
TRIP11            0.01  -0.02   0.03
FAM90A1           0.02  -0.01   0.00
GPR98             0.01  -0.03   0.03
KMT2C             0.12  -0.06   0.10
PKHD1             0.01  -0.01   0.02
ASPM              0.01  -0.02   0.04
RP5-1182A14.5     0.02  -0.01   0.05
FLNB              0.01  -0.01   0.03
KMT2D             0.02  -0.02   0.01
MYH10             0.01  -0.02   0.01
MYH6              0.01  -0.01   0.05
PKHD1L1           0.03  -0.03   0.10
SETX              0.02  -0.02   0.02
SYCP2             0.01  -0.02   0.03
TCHH              0.00  -0.03   0.04
ABCC8             0.01  -0.01   0.01
DGKG              0.02  -0.01   0.00
MST1L             0.02  -0.01   0.00
SRCAP             0.01  -0.02   0.06
CMYA5             0.00  -0.02   0.04
GATA3             0.09  -0.01   0.14
VWA3A             0.00  -0.03   0.01
BRWD1             0.01  -0.04   0.02
UBA6              0.04  -0.02   0.03
ZFP36L1           0.03  -0.02   0.00
HSPG2             0.01  -0.03   0.06
WWP2              0.01  -0.02   0.00
AHNAK2            0.04   0.00   0.06
ANKRD30B          0.00  -0.03   0.03
DLG1              0.01  -0.01   0.03
DST               0.02  -0.04   0.10
PTPRB             0.02  -0.03   0.01
HEG1              0.01  -0.01   0.06
KDM5C             0.01  -0.02   0.01
MED12             0.01  -0.02   0.02
MYH7B             0.01  -0.03   0.05
SAMD9             0.01  -0.01   0.06
ZFHX3             0.02  -0.01   0.03
BIRC6             0.01  -0.02   0.05
C10orf12          0.00  -0.02   0.01
ADAD2             0.01  -0.01   0.00
FAT1              0.03  -0.01   0.01
TPR               0.02  -0.02   0.06
DCAF4L2           0.03  -0.02   0.06
MYT1L             0.02  -0.04   0.03
PLCL2             0.02  -0.03   0.03
UBC               0.03  -0.01   0.00
FRAS1             0.00  -0.04   0.02
RELN              0.02  -0.04   0.05
RPGR              0.01  -0.02   0.01
SCN3A             0.01  -0.03   0.08
DDX12P            0.02  -0.02   0.03
MYH14             0.01  -0.03   0.02
NOTCH2            0.02  -0.03   0.02
NBEAL1            0.01  -0.01   0.06
TEP1              0.01  -0.03   0.05
EPS8L1            0.01  -0.03   0.00
MUC2              0.03  -0.02   0.01
MYO7A             0.01  -0.03   0.05
PLCB4             0.02  -0.01   0.03
XIRP2             0.03  -0.05   0.07
NLRC4             0.02  -0.02   0.03
CBFB              0.03   0.00   0.01
GPS2              0.02   0.00   0.02
KIAA0825          0.01  -0.03   0.06
EYS               0.02  -0.05   0.02
ITPKB             0.01  -0.01   0.02
LAMA5             0.01  -0.03   0.02
PKD1L1            0.01  -0.02   0.05
RYR3              0.03  -0.03   0.07
SMARCA4           0.03  -0.02   0.07
CADPS             0.02   0.00   0.10
HUWE1             0.01  -0.01   0.11
APOB              0.01  -0.07   0.13
MYB               0.02  -0.01   0.02
TLN1              0.02  -0.03   0.04
CSMD3             0.00  -0.04   0.03
FOXA1             0.01  -0.01   0.04
MYO10             0.01  -0.02   0.01
PRKG2             0.01  -0.02   0.00
VPS13C            0.00  -0.02   0.02
FCGBP             0.02  -0.02   0.01
LRPPRC            0.02  -0.02   0.06
NCOR1             0.05  -0.01   0.01
PCDHGB3           0.02  -0.03   0.01
SF3B1             0.03   0.00   0.02
CACNA1E           0.04  -0.04   0.07
CIT               0.02  -0.02   0.03
NBPF1             0.04  -0.02   0.02
ESPL1             0.03  -0.01   0.01
WHSC1             0.03  -0.01   0.06
MLLT4             0.02  -0.04   0.03
CDC42BPA          0.02  -0.01   0.02
CEP170            0.01  -0.02   0.01
GRIN2B            0.01  -0.01   0.02
IARS              0.01  -0.01   0.04
KIF4A             0.00  -0.04   0.04
CCDC168           0.02  -0.03   0.02
KMT2A             0.01  -0.02   0.03
MYO9A             0.02  -0.02   0.01
N4BP2             0.01  -0.02   0.03
PCNXL2            0.04  -0.03   0.09
PDCD11            0.01  -0.03   0.02
PRKDC             0.01  -0.01   0.02
QSER1             0.01  -0.03   0.02
RGAG1             0.00  -0.04   0.02
SI                0.01  -0.04   0.01
SYNE1             0.02  -0.07   0.12
TRERF1            0.01  -0.02   0.01
ZDBF2             0.01  -0.03   0.03
DSPP              0.01  -0.01   0.02
BRCA2             0.02  -0.05   0.19
CACNA1A           0.02  -0.01   0.06
HAUS5             0.01  -0.02   0.00
CFTR              0.01  -0.03   0.02
DYNC2H1           0.01  -0.04   0.02
FAT2              0.01  -0.01   0.03
PTEN              0.02  -0.03   0.07
PLXNA4            0.02  -0.04   0.00
PPEF1             0.00  -0.02   0.01
ABCA4             0.01  -0.03   0.05
ACTN2             0.02  -0.03   0.00
EMR2              0.01  -0.02   0.04
HERC1             0.01  -0.02   0.02
AMER1             0.03   0.00   0.08
FLII              0.02  -0.01   0.01
LAMA2             0.02  -0.02   0.03
RIPK1             0.01  -0.02   0.04
MAGI2             0.02  -0.01   0.01
MAST4             0.02   0.00   0.03
SCN1A             0.01  -0.01   0.02
WDR33             0.01  -0.01   0.06
BAI1              0.01  -0.03   0.02
C1orf65           0.01  -0.02   0.04
COL12A1           0.02  -0.03   0.05
CYP4F11           0.01  -0.03   0.04
DALRD3            0.01   0.00   0.05
DNAH11            0.01  -0.04   0.06
DSCAML1           0.01  -0.01   0.03
ANKRD36C          0.00  -0.02   0.06
MADD              0.01  -0.02   0.01
MAST1             0.02  -0.01   0.00
OR2G3             0.01  -0.01   0.06
PREX2             0.02  -0.03   0.06
UBR5              0.01  -0.02   0.01
CSPG4P11          0.01  -0.03   0.00
COL6A3            0.01  -0.03   0.03
OBSCN             0.01  -0.07   0.02
TENM1             0.02  -0.01   0.05
SPEG              0.01  -0.03   0.02
THSD7A            0.02  -0.01   0.07
ERBB2             0.01  -0.01   0.01
ATM               0.07  -0.02   0.10
CCDC146           0.01  -0.01   0.02
FMN2              0.03  -0.01   0.02
MYOM3             0.01  -0.03   0.03
GRIA3             0.01  -0.03   0.02
PLXNA2            0.01  -0.01   0.01
MYO9B             0.02  -0.01   0.00
RUNX1             0.04  -0.01   0.02
SDK1              0.01  -0.02   0.01
SORCS1            0.01  -0.02   0.00
CROCC             0.01  -0.02   0.01
DSE               0.01  -0.03   0.07
VCAN              0.01  -0.03   0.03
WDFY3             0.03  -0.01   0.11
MEFV              0.00  -0.02   0.00
DLGAP4            0.01  -0.03   0.01
DYNC1H1           0.02  -0.02   0.01
ERV3-1            0.03  -0.03  -0.01
TACC2             0.01  -0.01   0.04
CUL4B             0.02   0.00   0.03
KCNB2             0.01   0.00   0.01
KIF13A            0.00  -0.03   0.06
TLR4              0.01  -0.01   0.09
UTRN              0.01  -0.04   0.04
VPS13B            0.01  -0.03   0.01
SPATA31C1         0.01  -0.01   0.00
MAP2              0.02  -0.01   0.04
RGS7              0.02  -0.01   0.00
TRAPPC10          0.01  -0.02  -0.01
DNAH2             0.02  -0.04   0.01
FLG               0.03  -0.09   0.02
SVIL              0.00  -0.04   0.01
LAMB1             0.01  -0.04   0.02
LPHN2             0.00  -0.02   0.01
DCC               0.00  -0.03   0.01
CFH               0.01  -0.02   0.06
FAM47C            0.03  -0.02   0.04
RP11-32B5.1       0.02  -0.01   0.08
WNK1              0.01  -0.02   0.00
TBX3              0.02  -0.02   0.01
CBLB              0.04  -0.04   0.00
LRP1              0.01  -0.04   0.05
POLQ              0.01  -0.02   0.03
USP34             0.01  -0.02   0.04
CD163L1           0.01  -0.04   0.04
SYNE2             0.03  -0.04   0.12
ACACB             0.00  -0.03   0.02
DNAH7             0.01  -0.06   0.08
FLNC              0.01  -0.02   0.05
PCDH19            0.02  -0.03   0.04
USPL1             0.00  -0.02   0.03
VPS13A            0.01  -0.02   0.03
ANKRD17           0.01  -0.01   0.03
DDR2              0.01  -0.02   0.03
ARID1A            0.02  -0.01   0.02
SACS              0.01   0.00   0.02
BLM               0.02  -0.01   0.11
GTSE1             0.01  -0.02  -0.01
CENPE             0.02  -0.04   0.02
DOCK11            0.02  -0.05  -0.01
FBN1              0.02  -0.03   0.02
GON4L             0.00  -0.03   0.09
NAV1              0.02  -0.03   0.04
NHSL2             0.02  -0.02   0.01
PCLO              0.03  -0.02   0.02
PTPN22            0.02  -0.03   0.04
SLC4A5            0.02  -0.03   0.02
SRGAP1            0.02  -0.02   0.05
ZNF536            0.02  -0.04   0.00
DNAH1             0.01  -0.02   0.02
NUP160            0.02  -0.01   0.05
ASXL2             0.00  -0.03   0.03
DENND1B           0.01  -0.02   0.05
HERC2             0.02  -0.02   0.01
RFPL1             0.01  -0.02   0.00
AKT1              0.01  -0.01   0.02
CCT6B             0.01  -0.01   0.02
CDH12             0.01  -0.03   0.03
GRID1             0.02   0.00   0.02
KIF26B            0.03  -0.01   0.01
PIWIL1            0.03   0.00   0.02
SCN10A            0.02  -0.02   0.07
RYR1              0.02  -0.03  -0.01
CHD1L             0.02  -0.01   0.04
FRMPD4            0.00  -0.02   0.01
GRIN2A            0.02  -0.01   0.06
NRP2              0.01  -0.02   0.00
ABCA13            0.04  -0.05   0.01
ATRX              0.03  -0.02   0.01
CACNA1B           0.01  -0.04   0.00
CUL7              0.01  -0.02   0.03
LAMB4             0.01  -0.02   0.01
RIMS2             0.01  -0.02   0.02
RAB3GAP2          0.00  -0.03   0.09
CPXM1             0.00  -0.04   0.03
KAT6B             0.01  -0.03   0.01
ERBB4             0.01  -0.01   0.02
WDR17             0.00  -0.02   0.02
MAP1A             0.02  -0.03   0.02
RBMXL3            0.00  -0.02   0.00
TOPBP1            0.01  -0.01   0.03
PLA2G4A           0.01  -0.02   0.03
TPO               0.01  -0.01   0.01
ARID1B            0.00  -0.04   0.01
F5                0.01  -0.04   0.02
MALAT1            0.03  -0.01   0.00
FAM208B           0.01  -0.01   0.05
CTNND2            0.01  -0.02   0.06
DNAH10            0.01  -0.03   0.01
RP11-85G18.6      0.01  -0.02   0.03
FAM179A           0.01  -0.03   0.00
CNTLN             0.02  -0.02   0.04
NEDD9             0.01  -0.02   0.00
NRXN3             0.01  -0.02   0.08
MAP2K4            0.08  -0.01   0.05
LPA               0.01  -0.01   0.00
SPHKAP            0.02  -0.02   0.00
UTP20             0.01  -0.03   0.02
ATP11A            0.02  -0.03  -0.01
CDH9              0.02  -0.02  -0.01
BCORL1            0.00  -0.02   0.01
PRUNE2            0.01  -0.01   0.04
PDZD2             0.02   0.00   0.08
HMCN1             0.01  -0.05   0.18
PRAME             0.01  -0.03   0.03
GRIK2             0.00  -0.03   0.07
NKAIN4            0.01   0.00   0.02
TSC22D1           0.01  -0.01   0.00
ITSN2             0.00  -0.02   0.06
KIAA1109          0.01  -0.03   0.06
C5orf42           0.02  -0.01   0.06
C2orf16           0.00  -0.03   0.05
BRWD3             0.02   0.00   0.09
SHD               0.01   0.00   0.03
HCFC1             0.02   0.00   0.00
DCHS2             0.01  -0.03   0.00
DMXL1             0.02  -0.02   0.07
ZEB2              0.01  -0.03   0.03
FREM2             0.03   0.00   0.01
NRK               0.02  -0.01   0.01
CHGB              0.01  -0.02   0.02
DSP               0.01  -0.03  -0.01
PCDHGB6           0.02  -0.01   0.09
PTPRD             0.02  -0.03   0.04
PRPF8             0.01  -0.02   0.02
RB1               0.01  -0.03   0.02
WNK3              0.02  -0.01   0.02
AMPD1             0.00  -0.03   0.00
NEK5              0.01  -0.02   0.04
NINL              0.02   0.00   0.03
BCOR              0.02  -0.01   0.00
ITPR1             0.01  -0.02   0.03
CCDC180           0.02  -0.02   0.07
LTBP4             0.01  -0.01   0.03
PDE4D             0.01  -0.02   0.01
ANO5              0.02  -0.01  -0.01
PEG3              0.00  -0.03   0.05
EPG5              0.00   0.00   0.03
PCDH11X           0.01  -0.02   0.02
HRNR              0.02  -0.03  -0.01
GPR112            0.00  -0.01   0.05
RP11-404K5.2      0.01  -0.01   0.01
OPRM1             0.00  -0.03   0.03
THSD7B            0.02  -0.02   0.01
MYH9              0.01  -0.01   0.01
ZNF841            0.01  -0.02   0.03
TAF1              0.01  -0.04   0.04
PDE4DIP           0.01  -0.01   0.02
RLF               0.03  -0.01   0.03
ROR1              0.01  -0.03   0.02
EPHA5             0.01  -0.02   0.04
BAZ2B             0.00  -0.03   0.02
SEMA5A            0.01  -0.04  -0.01
COL6A2            0.01  -0.03   0.01
ATP7A             0.02  -0.02   0.01
PRRC2B            0.01  -0.01   0.02
ABCB11            0.01  -0.02   0.02
NOTCH4            0.02  -0.02  -0.01
PDXDC1            0.01  -0.02   0.00
RIF1              0.01  -0.01   0.00
FER1L5            0.01  -0.02   0.01
MUC6              0.01  -0.01   0.00
SPATA31D1         0.01  -0.02  -0.01
CCNB3             0.01  -0.02   0.02
ENSG00000210082   0.01  -0.05   0.01
ENSG00000210195   0.01  -0.03   0.01
C
                                                              Comp.1 Comp.2
patient.ethnicityhispanic.or.latino                             0.00   0.00
patient.genderfemale                                           -0.37  -0.64
Tumor.CodedT_other                                             -0.27  -0.54
Node.CodedPositive                                             -0.19  -0.34
Metastasis.CodedPositive                                       -0.01  -0.02
patient.breast_carcinoma_estrogen_receptor_statusnegative      -0.02  -0.36
patient.breast_carcinoma_estrogen_receptor_statuspositive      -0.35  -0.28
patient.breast_carcinoma_progesterone_receptor_statusnegative  -0.05  -0.42
patient.breast_carcinoma_progesterone_receptor_statuspositive  -0.32  -0.22
HER2.Final.StatusEquivocal                                     -0.01  -0.01
HER2.Final.StatusNegative                                      -0.32  -0.50
HER2.Final.StatusPositive                                      -0.04  -0.13
X.clinical.patients..cols..infiltrating.ductal.carcinoma       -0.32  -0.60
X.clinical.patients..cols..infiltrating.lobular.carcinoma      -0.04  -0.01
X.clinical.patients..cols..mixed.histology..please.specify.    -0.01   0.00
X.clinical.patients..cols..other..specify                      -0.01  -0.02
X.clinical.patients..cols..No_Conversion                       -0.12  -0.26
X.clinical.patients..cols..Stage.I                             -0.06  -0.06
X.clinical.patients..cols..Stage.IIA                           -0.11  -0.19
X.clinical.patients..cols..Stage.IIB                           -0.04  -0.07
X.clinical.patients..cols..Stage.IIIA                          -0.03  -0.04
X.clinical.patients..cols..Stage.IIIC                          -0.01  -0.02
NA.26.36.                                                      -0.02  -0.03
NA.36.43.                                                      -0.03  -0.09
NA.43.49.                                                      -0.03  -0.07
NA.49.54.                                                      -0.05  -0.11
NA.54.59.                                                      -0.04  -0.08
NA.59.64.                                                      -0.07  -0.10
NA.64.70.                                                      -0.06  -0.08
NA.70.76.                                                      -0.03  -0.04
NA.76.82.                                                      -0.03  -0.04
NA.82.89.                                                      -0.01  -0.01
                                                              Comp.3
patient.ethnicityhispanic.or.latino                             0.00
patient.genderfemale                                           -0.72
Tumor.CodedT_other                                             -0.60
Node.CodedPositive                                             -0.52
Metastasis.CodedPositive                                        0.00
patient.breast_carcinoma_estrogen_receptor_statusnegative      -0.11
patient.breast_carcinoma_estrogen_receptor_statuspositive      -0.61
patient.breast_carcinoma_progesterone_receptor_statusnegative  -0.27
patient.breast_carcinoma_progesterone_receptor_statuspositive  -0.46
HER2.Final.StatusEquivocal                                     -0.01
HER2.Final.StatusNegative                                      -0.59
HER2.Final.StatusPositive                                      -0.13
X.clinical.patients..cols..infiltrating.ductal.carcinoma       -0.64
X.clinical.patients..cols..infiltrating.lobular.carcinoma      -0.07
X.clinical.patients..cols..mixed.histology..please.specify.     0.00
X.clinical.patients..cols..other..specify                      -0.01
X.clinical.patients..cols..No_Conversion                       -0.32
X.clinical.patients..cols..Stage.I                             -0.07
X.clinical.patients..cols..Stage.IIA                           -0.08
X.clinical.patients..cols..Stage.IIB                           -0.05
X.clinical.patients..cols..Stage.IIIA                          -0.12
X.clinical.patients..cols..Stage.IIIC                          -0.08
NA.26.36.                                                      -0.06
NA.36.43.                                                      -0.05
NA.43.49.                                                      -0.02
NA.49.54.                                                      -0.12
NA.54.59.                                                      -0.15
NA.59.64.                                                      -0.11
NA.64.70.                                                      -0.08
NA.70.76.                                                      -0.04
NA.76.82.                                                      -0.06
NA.82.89.                                                      -0.03
 
You can now manually PERMUTE and REFLECT columns of solution
If you want to reflect/permute columns, specify '1':
Read 1 item
 
If you want to carry out a STABILITY CHECK on current or different solution, specify '1':
Read 1 item
 
If you want to carry out a BOOTSTRAP procedure for
computing confidence intervals for the current solution, specify '1':
Read 1 item
 
If you want to carry out a FITPARTITIONING on current solution, specify '1':
Read 1 item
 
Press 'return' to conclude the analysis
Read 1 item
The component matrices are normalized such that A and B have unit sums of squares
To see component matrices and fit and other results, digits: $Xprep, $A, $B, $C, $fit, $fitA, $fitB, $fitC, ...
[1] 0
[1] 0
[1] 0
[1] 0
[1] 0
[1] 0
[1] 0
[1] 0
[1] 0
