 
WELCOME to the interactive CANDECOMP/PARAFAC analysis program
Warning: If you insert an object of mode CHARACTER when not requested, an error occurs and the program stops! 
 
Specify the number of A-mode entities 
Read 1 item
Specify the number of B-mode entities 
Read 1 item
Specify the number of C-mode entities 
Read 1 item
 
 
To see ANOVA results, specify 1:
Read 1 item
 
How do you want to center your array?
0 = none (default)
1 = across A-mode
2 = across B-mode
3 = across C-mode
12 = across A-mode and across B-mode
13 = across A-mode and across C-mode
23 = across B-mode and across C-mode
Read 1 item
Data have not been centered
 
How do you want to normalize your array?
0 = none (default)
1 = within A-mode
2 = within B-mode
3 = within C-mode
Read 1 item
Data have not been normalized
 
Note: The preprocessed data are now available in Xprep.
Xprep can be used for analyses outside the Candecomp/Parafac program
 
To see PCA of MEAN, specify '1':
Read 1 item
 
You are now about to do a Candecomp/Parafac analysis.
 
You have to specify the dimensionality to use.
To search this, you are advised to run a series of (unconstrained)
Candecomp/Parafac analyses using different dimensionalities
The results can next be used to find useful dimensionalities by the scree test.
To reduce the computation time, note that the maximum allowed number of iterations is 5000,
the convergence criterion is 1e-6 and the rational start via eigendecompositions is considered.
If you want to do this for choosing your dimensionality, specify '1':
Read 1 item
 
You can now do a CANDECOMP/PARAFAC ANALYSIS
 
How many components do you want to use?
Read 1 item
 
Do you want to use constraints? If so, enter '1':
Read 1 item
No constraints imposed
 
Specify convergence criterion (default=1e-6)
Read 1 item
 
By default, only a rationally started analysis run will be carried out.
To decrease the chance of missing the optimal solution, you may use additional, randomly started runs.
If you want additional runs, specify how many (e.g., 4):
Read 1 item
 
Specify the maximum number of iterations you allow (default=10000).
Read 1 item
Run no. 1
Candecomp/Parafac function value at Start is  35712.946133668
f= 31670.3243788047 after 50 iters; diff.= 0.10488457250176
f= 31661.3137229549 after 100 iters; diff.= 0.29510175528776
f= 31614.0568066112 after 150 iters; diff.= 2.59712118045718
Candecomp/Parafac function value is 31600.6786330568 after 171 iterations
Fit percentage is 11.2894895779376 %
Procedure used 210.61 seconds
 
Candecomp/Parafac analysis with  6  components, gave a fit of  11.29 %
Simple check on degeneracy: inspect matrix of triple congruences
        Comp.1  Comp.2  Comp.3  Comp.4  Comp.5  Comp.6
Comp.1  1.0000 -0.0031 -0.0071 -0.0001 -0.0009 -0.0057
Comp.2 -0.0031  1.0000 -0.0236 -0.0148 -0.0134 -0.0286
Comp.3 -0.0071 -0.0236  1.0000 -0.0029 -0.0042  0.0057
Comp.4 -0.0001 -0.0148 -0.0029  1.0000  0.0013  0.0012
Comp.5 -0.0009 -0.0134 -0.0042  0.0013  1.0000  0.0013
Comp.6 -0.0057 -0.0286  0.0057  0.0012  0.0013  1.0000
 
It is sometimes useful to SCALE solution, e.g., scale two matrices so that
they have unit sum of squares compensating this scale in remaining matrix.
If you want to scale components, specify '1':
Read 1 item
 
Solution for A, B and C in detail.
A
             Comp.1 Comp.2 Comp.3 Comp.4 Comp.5 Comp.6
tcga-a1-a0sd   0.21   0.07  -0.18   0.05   0.18   0.02
tcga-a1-a0se   0.27  -0.08  -0.26   0.05   0.14   0.09
tcga-a1-a0sh  -0.79   0.53  -0.50  -0.04   0.02  -0.07
tcga-a1-a0sj   0.48  -0.19  -0.05  -0.13   0.48   0.20
tcga-a1-a0sk   0.46   1.58   0.00   0.07  -0.18  -0.13
tcga-a1-a0sm   0.01   0.00  -0.02  -0.20   0.05  -0.01
tcga-a1-a0so   0.30   3.01  -1.05   0.22  -0.31  -0.24
tcga-a2-a04n  -0.25  -0.29  -0.01  -0.07  -0.04   0.80
tcga-a2-a04p  -0.08   2.10   0.13   0.12  -0.37   0.47
tcga-a2-a04q   0.08  -0.01  -0.11   0.01  -0.02   0.02
tcga-a2-a04r  -0.31   0.01  -0.80   0.09   0.25   0.08
tcga-a2-a04u  -0.07   1.52   0.35   0.07  -0.12  -0.11
tcga-a2-a04v   0.32  -0.17   0.07   0.12   0.05   0.89
tcga-a2-a04w  -0.35   1.52   0.06  -0.18   0.05   0.26
tcga-a2-a04x   0.40   0.06  -0.02   0.04   0.34   0.14
tcga-a2-a04y   0.13  -0.02  -0.25  -0.18  -0.05   0.03
tcga-a2-a0cl   0.21   1.39   0.49  -0.12   0.07  -0.01
tcga-a2-a0cm   0.21   1.56   0.37  -0.06  -0.13  -0.11
tcga-a2-a0cp   0.22  -0.36   0.00  -0.08  -0.10   0.85
tcga-a2-a0cq   0.17   0.06  -0.16  -0.09  -0.03   0.04
tcga-a2-a0cs   0.13  -0.39   0.10  -0.05   0.08   0.98
tcga-a2-a0ct  -0.26   0.10  -0.19   0.05   0.03   0.00
tcga-a2-a0cu   0.09  -0.04  -0.03  -0.14   0.10   0.05
tcga-a2-a0cv   0.55   0.00  -0.41   0.01  -0.08   0.09
tcga-a2-a0cw  -0.31   1.20   0.22  -0.46   0.07   0.82
tcga-a2-a0cx  -0.82   1.33   0.19  -0.11   0.13  -0.15
tcga-a2-a0cz   0.34  -0.11  -0.24  -0.01  -0.03   0.08
tcga-a2-a0d0  -0.34   1.67   0.40   0.11  -0.01  -0.14
tcga-a2-a0d1  -0.18   1.41   0.36   0.11  -0.05   0.31
tcga-a2-a0d2  -0.32   1.89   0.29  -0.06  -0.22  -0.19
tcga-a2-a0d3   0.52  -0.42  -0.10  -0.05   0.16   0.85
tcga-a2-a0d4   0.02  -0.01  -0.17   0.01  -0.05   0.04
tcga-a2-a0em  -0.27  -0.22   0.12  -0.06   0.01   0.71
tcga-a2-a0en   0.24  -0.22  -0.56   0.24   0.10   0.74
tcga-a2-a0eo  -0.49  -0.34   0.19  -0.08   0.02   0.73
tcga-a2-a0eq  -0.12   1.45   0.41   0.13   0.10   0.31
tcga-a2-a0er  -0.40  -0.03  -0.21   0.01  -0.04   0.01
tcga-a2-a0et   0.15   0.03  -0.09   0.06   0.15   0.05
tcga-a2-a0eu   0.23  -0.13  -0.23  -0.22   0.04   0.12
tcga-a2-a0ev  -0.19  -0.18  -0.08  -0.07  -0.17   0.74
tcga-a2-a0ew  -0.71  -0.26  -0.54   0.18  -0.02   0.66
tcga-a2-a0ex  -0.23  -0.32   0.02   0.07  -0.04   0.73
tcga-a2-a0ey   0.27   1.52  -0.47   0.12   0.67   0.53
tcga-a2-a0st   0.12   0.04  -0.12   0.02  -0.01   0.00
tcga-a2-a0su   0.01  -0.09  -0.47   0.01  -0.08   0.08
tcga-a2-a0sv   1.17   1.34  -0.17   0.09   0.68   0.10
tcga-a2-a0sw   0.38   1.89  -0.37   0.22   0.17  -0.13
tcga-a2-a0sx   0.13   1.20   0.32   0.07  -0.06  -0.09
tcga-a2-a0sy   0.57  -0.29  -1.23   0.35   0.24   0.79
tcga-a2-a0t0   0.03   0.82  -2.83   0.47  -0.01  -0.10
tcga-a2-a0t1   0.17   1.40   0.43  -0.04   0.03  -0.12
tcga-a2-a0t2  -0.20   1.77   0.50   0.04  -0.06  -0.12
tcga-a2-a0t3  -0.04   1.17   0.20  -0.21   0.31   0.02
tcga-a2-a0t4   0.08  -0.37  -0.06  -0.04   0.19   0.82
tcga-a2-a0t6  -0.21  -0.13  -0.23   0.02  -0.04   0.09
tcga-a2-a0t7  -0.53  -0.35   0.15  -0.09   0.00   0.87
tcga-a2-a0yc  -0.18  -0.24   0.17   0.06  -0.13   0.87
tcga-a2-a0yd   0.60  -0.49  -0.14  -0.01   0.22   0.98
tcga-a2-a0yf   0.13  -0.08  -0.09  -0.07   0.07   0.24
tcga-a2-a0yg  -0.36   1.07   0.59  -0.55   0.76  -0.11
tcga-a2-a0yh  -0.23   1.28  -0.26  -0.02  -0.01   0.72
tcga-a2-a0yi   0.03  -0.26   0.14   0.06   0.05   0.68
tcga-a2-a0yj   0.75   1.56   0.23   0.11   0.47   0.05
tcga-a2-a0yk   0.28  -0.14  -1.59   0.10  -0.33   0.77
tcga-a2-a0yl  -0.55  -0.24   0.02   0.05  -0.14   0.76
tcga-a2-a0ym   0.43   1.98   0.27   0.05  -0.15  -0.13
tcga-a7-a0cd  -0.32   0.08  -0.06   0.02  -0.03  -0.02
tcga-a7-a0ce   0.52   1.92  -0.42   0.27  -0.09  -0.15
tcga-a7-a0cg   0.23  -0.12  -0.08   0.05  -0.12   0.61
tcga-a7-a0cj  -0.70   1.18  -0.16   0.09  -0.01   0.72
tcga-a7-a0d9  -0.03  -0.13   0.17   0.05  -0.09   0.66
tcga-a7-a0da   0.18   1.70   0.30   0.00   0.15  -0.08
tcga-a7-a0db  -0.34  -0.29   0.14  -0.10  -0.06   0.91
tcga-a7-a13d   0.06   1.66   0.09   0.10  -0.15  -0.06
tcga-a7-a13f   0.25   0.08  -0.18   0.03   0.13   0.03
tcga-a8-a06n  -0.24   0.02  -0.22  -0.08   0.02   0.00
tcga-a8-a06o   0.07   0.86   0.17   0.01   0.32   0.02
tcga-a8-a06p   0.26  -0.47   0.06  -0.21   0.06   0.95
tcga-a8-a06q   0.34   1.54   0.06  -0.42  -0.12   1.04
tcga-a8-a06r  -1.66   0.02  -0.37   0.16  -0.04   0.64
tcga-a8-a06t   0.56  -0.13  -0.55  -0.16  -0.09   0.11
tcga-a8-a06u  -0.32   0.99  -0.15  -0.04  -0.02   0.65
tcga-a8-a06x  -0.63   0.21  -1.24   0.43   0.55   0.10
tcga-a8-a06y  -0.44  -0.01   0.00  -0.15  -0.02  -0.01
tcga-a8-a06z   0.18   0.03  -0.20   0.02  -0.04   0.07
tcga-a8-a075   0.07   1.09   0.36  -0.15   0.20   0.97
tcga-a8-a076   0.05  -0.06  -0.44  -0.09   0.35   0.05
tcga-a8-a079  -0.22   1.45   0.31  -0.05   0.01  -0.08
tcga-a8-a07b  -0.12   0.80   0.39  -0.20   0.08   0.64
tcga-a8-a07c  -0.17   0.90  -1.50   0.24  -0.33  -0.11
tcga-a8-a07e  -0.33  -0.22  -0.92   0.36   0.03   0.97
tcga-a8-a07f  -0.11  -0.22  -0.32  -0.19  -0.12   0.25
tcga-a8-a07g  -0.03  -0.22   0.14   0.06  -0.09   0.77
tcga-a8-a07i  -0.14   0.02  -0.46  -0.46   0.00  -0.01
tcga-a8-a07j  -0.59  -0.21   0.03   0.10  -0.01   0.84
tcga-a8-a07l   0.34   0.04  -0.24  -0.51   0.31   0.02
tcga-a8-a07o  -0.50   1.73   0.16  -0.03  -0.10  -0.14
tcga-a8-a07p  -0.82  -0.07  -0.04   0.05   0.28   0.04
tcga-a8-a07r  -1.04   1.82  -0.38   0.27   0.02  -0.12
tcga-a8-a07u   0.17   1.44   0.46  -0.02  -0.02  -0.07
tcga-a8-a07w   0.54   1.28   0.17   0.00   0.07   0.07
tcga-a8-a07z   0.59  -0.37   0.04   0.16   0.22   1.07
tcga-a8-a081   0.25   1.15   0.48  -0.15   0.09   0.91
tcga-a8-a082   0.18  -0.20  -0.22  -0.21  -0.05   0.16
tcga-a8-a083   0.03  -0.07  -0.45  -0.08   0.24   0.06
tcga-a8-a084   0.18   1.51   0.71   0.03   0.03   0.69
tcga-a8-a085  -0.13   0.06  -0.53   0.09   0.09   0.04
tcga-a8-a086   0.22  -0.23  -0.16  -0.18   0.06   0.16
tcga-a8-a08a  -0.26  -0.03  -0.08   0.01   0.09   0.01
tcga-a8-a08b   0.05  -0.09  -0.11   0.09  -0.11   0.56
tcga-a8-a08f   0.85  -0.01  -2.83  -0.05  -0.21  -0.03
tcga-a8-a08g   0.63  -0.09  -0.32  -0.02   0.15   0.20
tcga-a8-a08h   0.03  -0.01   0.00  -0.14  -0.02   0.04
tcga-a8-a08i  -0.35   1.41   0.45  -0.17   0.05  -0.06
tcga-a8-a08j  -0.07  -0.08  -0.29  -0.01  -0.05   0.05
tcga-a8-a08l  -0.38  -0.21  -2.21  -0.49  -0.65   0.73
tcga-a8-a08o  -0.07  -0.17   0.06   0.06  -0.12   0.80
tcga-a8-a08p  -0.26   0.75   0.54   0.03   0.46   0.85
tcga-a8-a08r  -1.04   2.32   0.31  -0.27  -0.32   0.35
tcga-a8-a08t  -2.23  -0.18   0.09   0.10  -0.19   0.81
tcga-a8-a08x   0.14   1.36   0.41  -0.05  -0.01  -0.12
tcga-a8-a08z   0.29  -0.39   0.00  -0.16  -0.17   1.01
tcga-a8-a090   0.13   0.06  -0.12   0.04   0.08   0.01
tcga-a8-a091   0.24  -0.10  -0.20   0.02  -0.01   0.09
tcga-a8-a092  -0.55   1.13   0.38   0.10   0.21   0.90
tcga-a8-a093  -0.15  -0.25  -0.26   0.15  -0.05   0.98
tcga-a8-a094  -0.41   1.91   0.11   0.10   0.25   0.01
tcga-a8-a095   0.02  -0.10  -0.96   0.19  -0.04   0.74
tcga-a8-a096  -0.35  -0.31   0.12  -0.05  -0.03   0.85
tcga-a8-a097   0.53   1.23  -0.77   0.09   0.26  -0.08
tcga-a8-a099   0.09  -0.01  -0.19  -0.01  -0.03   0.02
tcga-a8-a09a  -0.57   0.22  -0.69   0.11   0.08  -0.08
tcga-a8-a09b  -0.37  -0.36  -0.03  -0.12  -0.10   0.98
tcga-a8-a09c  -0.30  -0.15   0.15   0.08  -0.04   0.85
tcga-a8-a09d  -0.14  -0.11   0.14   0.08  -0.16   0.85
tcga-a8-a09g  -0.24  -0.08  -2.20  -1.25   0.34  -0.13
tcga-a8-a09i   0.06  -0.11  -0.57  -0.14   0.36   0.10
tcga-a8-a09m  -0.06  -0.16  -0.44  -0.40  -0.03   0.18
tcga-a8-a09n  -0.67   1.31   0.26  -0.08   0.22  -0.05
tcga-a8-a09q  -0.52   1.55  -0.89   0.02   0.05  -0.09
tcga-a8-a09r  -0.43  -0.11  -0.56   0.05   0.04   0.10
tcga-a8-a09t   0.09  -0.03   0.00   0.03   0.14   0.06
tcga-a8-a09v  -0.22  -0.02  -0.24   0.06   0.13   0.08
tcga-a8-a09w   0.68  -0.02  -2.46   0.04  -0.19   0.03
tcga-a8-a09x   0.41   1.28   0.00   0.09  -0.07  -0.04
tcga-a8-a0a1  -0.03  -0.11   0.21   0.05  -0.10   0.69
tcga-a8-a0a2   0.19  -0.07  -0.19   0.03  -0.03   0.11
tcga-a8-a0a4   0.23  -0.04  -0.76   0.05  -0.03   0.07
tcga-a8-a0a7  -0.31  -0.03  -0.11   0.09   0.06   0.38
tcga-a8-a0a9   0.17  -0.34  -0.20   0.15   0.15   1.05
tcga-a8-a0ab   0.58  -0.08  -0.21  -0.06   0.07   0.23
tcga-a8-a0ad   0.36  -0.09  -0.16   0.03   0.10   0.15
tcga-an-a03x  -0.58  -0.42   0.18  -0.18  -0.16   0.91
tcga-an-a03y   0.11  -0.30  -0.13   0.09  -0.16   0.88
tcga-an-a041   0.00  -0.05  -0.37  -0.13  -0.08   0.09
tcga-an-a049  -0.47  -0.46   0.00  -0.16  -0.18   0.97
tcga-an-a04a   0.53  -0.11  -0.35  -0.21  -0.08   0.15
tcga-an-a04c  -0.01   1.57   0.53  -0.14  -0.12   0.36
tcga-an-a04d  -0.02   0.49  -1.36   0.14   0.07  -0.13
tcga-an-a0aj  -0.10   0.73   0.34  -0.48   0.22   0.76
tcga-an-a0al   0.14   2.23  -0.45   0.30  -0.12  -0.22
tcga-an-a0am   0.13  -0.01  -0.47   0.02  -0.09   0.10
tcga-an-a0ar   0.67   1.73   0.23   0.14   0.09   0.00
tcga-an-a0as   0.46   1.50  -0.53  -0.21  -0.07   0.01
tcga-an-a0at   0.72   0.65  -1.42   0.24   0.13  -0.07
tcga-an-a0fd   0.48  -0.01  -0.32  -0.21  -0.07   0.11
tcga-an-a0ff   0.22  -0.22   0.17   0.11   0.24   0.81
tcga-an-a0fj  -0.18   1.97  -0.69   0.31   0.23  -0.19
tcga-an-a0fk   0.07   0.03  -0.01  -0.14  -0.02   0.01
tcga-an-a0fl   0.34   2.43  -0.71   0.26  -0.12  -0.23
tcga-an-a0fn   0.21  -0.07  -0.12   0.05   0.16   0.06
tcga-an-a0fs   0.13  -0.10  -0.10   0.06  -0.09   0.52
tcga-an-a0ft   0.41   1.43   0.08  -0.40   0.10  -0.05
tcga-an-a0fv   0.09   1.44  -0.01  -0.03   0.01  -0.14
tcga-an-a0fw  -1.14   0.18   0.12   0.02   0.35  -0.07
tcga-an-a0fx  -0.11   2.15   0.15  -0.09  -0.18  -0.21
tcga-an-a0fy   0.32   1.06   0.27  -0.02   0.17   0.02
tcga-an-a0fz   0.21   0.03  -0.21  -0.11   0.24  -0.02
tcga-an-a0g0   0.56   1.73   0.22   0.14   0.01  -0.02
tcga-an-a0xl  -0.88  -0.27   0.17   0.08  -0.01   0.81
tcga-an-a0xn  -0.12   1.64   0.15  -0.54  -0.08  -0.11
tcga-an-a0xo   0.17  -0.20  -0.27  -0.34  -0.22   0.77
tcga-an-a0xp  -0.26  -0.35   0.00   0.13   0.06   0.93
tcga-an-a0xr   0.67  -0.21  -0.44  -0.27   0.07   0.21
tcga-an-a0xs   0.07  -0.45   0.06  -0.26   0.10   0.83
tcga-an-a0xt   0.21   1.55   0.44   0.02  -0.02  -0.08
tcga-an-a0xu  -1.11   2.02   0.33   0.17  -0.12  -0.19
tcga-an-a0xv   0.66  -0.07  -0.31   0.13   0.35   0.21
tcga-an-a0xw  -0.29  -0.08  -3.39  -0.47  -0.26  -0.09
tcga-ao-a03l   0.02   1.26   0.71   0.00  -0.05   0.82
tcga-ao-a03n   0.10   1.26   0.49   0.15   0.30   1.02
tcga-ao-a03o   0.02   0.94   0.43  -0.14  -0.04   0.84
tcga-ao-a03p   0.79  -0.01  -0.49   0.00   0.08   0.12
tcga-ao-a03r  -0.27   1.38   0.23  -0.32  -0.02  -0.07
tcga-ao-a03t   0.08   0.14  -2.14   0.56   0.08   0.11
tcga-ao-a03u   0.05   0.08  -0.04  -0.02  -0.02  -0.01
tcga-ao-a03v  -0.16   0.98  -0.45  -0.03   0.02  -0.06
tcga-ao-a0j2   0.17   1.35   0.34  -0.03  -0.05  -0.08
tcga-ao-a0j3   0.03   0.19  -1.24   0.23  -0.07   0.02
tcga-ao-a0j4   0.23   1.76  -0.31   0.11  -0.14  -0.17
tcga-ao-a0j6   0.32   1.95  -0.52   0.20  -0.21  -0.12
tcga-ao-a0j7  -0.14  -0.26   0.19   0.04   0.04   0.72
tcga-ao-a0j8  -0.12  -0.09  -0.12  -0.10   0.06   0.08
tcga-ao-a0j9  -0.56  -0.04  -0.70   0.14   0.04   0.10
tcga-ao-a0ja   0.07  -0.21  -0.23   0.12  -0.17   0.88
tcga-ao-a0jb  -0.27   1.66  -0.96  -0.48  -0.05  -0.23
tcga-ao-a0jc   0.04  -0.21   0.14   0.05  -0.10   0.81
tcga-ao-a0jd   0.60   1.63   0.50  -0.53   0.14   0.02
tcga-ao-a0je  -0.70   1.67   0.00   0.29   0.51   0.28
tcga-ao-a0jf   0.31  -0.54  -0.03  -0.09   0.07   1.03
tcga-ao-a0jg   1.16  -0.29  -0.40  -0.06   0.51   0.37
tcga-ao-a0ji  -0.36   0.00  -0.11   0.02  -0.03   0.00
tcga-ao-a0jj   0.25  -0.07  -0.24   0.05  -0.03   0.10
tcga-ao-a0jl   0.22   1.72   0.47  -0.27  -0.09  -0.12
tcga-ao-a0jm  -1.02  -0.02  -0.05   0.05   0.18   0.01
tcga-ao-a124  -0.11   1.95  -0.40  -0.05  -0.31  -0.20
tcga-ao-a125   0.26  -0.22  -0.03   0.12   0.09   0.78
tcga-ao-a126  -0.02  -0.19   0.16   0.06  -0.10   0.77
tcga-ao-a129  -0.19   1.83   0.50  -0.26  -0.12  -0.09
tcga-ao-a12a   0.44  -0.30  -0.20   0.05  -0.16   0.90
tcga-ao-a12b   0.23  -0.14  -0.05  -0.13   0.28   0.10
tcga-ao-a12d   0.17   1.22   0.36  -0.05   0.17  -0.10
tcga-ao-a12e   0.10  -0.07  -0.32  -0.21   0.03   0.00
tcga-ao-a12f   0.38   1.67   0.25  -0.08  -0.17  -0.12
tcga-ao-a12g   0.35   1.05   0.18  -0.12  -0.03   0.03
tcga-ao-a12h  -0.58  -0.06  -0.06  -0.11   0.06   0.08
tcga-aq-a04j  -0.09   1.65   0.45   0.09  -0.13  -0.10
tcga-aq-a04l   0.24   1.30   0.28  -0.01  -0.02  -0.05
tcga-ar-a0tp  -0.21   1.59   0.35  -0.15   0.16  -0.11
tcga-ar-a0tq   0.46  -0.05  -0.37  -0.20  -0.05   0.06
tcga-ar-a0tr  -0.11  -0.33   0.29  -0.15   0.07   0.92
tcga-ar-a0ts  -0.20   1.91   0.52   0.05  -0.09  -0.15
tcga-ar-a0tt  -1.17   0.02  -0.14  -0.04  -0.09   0.00
tcga-ar-a0tu  -0.08   0.18  -0.43  -0.07  -0.12  -0.03
tcga-ar-a0tv  -0.66   1.54   0.24  -0.06  -0.07  -0.05
tcga-ar-a0tw  -0.05  -0.19  -0.67  -0.21  -0.13   0.11
tcga-ar-a0tx   0.01  -1.15   0.23   0.02   8.72  -0.19
tcga-ar-a0ty   0.62  -0.06  -0.64  -0.30  -0.16   0.10
tcga-ar-a0tz   0.23  -0.36   0.04   0.14   0.12   1.01
tcga-ar-a0u0   0.70   1.82  -0.65   0.12   0.14  -0.14
tcga-ar-a0u1   0.32   1.83   0.40  -0.08   0.00  -0.11
tcga-ar-a0u2   1.01   1.34  -0.19  -0.27   0.11   0.03
tcga-ar-a0u3  -0.34   1.43   0.40  -0.09   0.05  -0.08
tcga-ar-a0u4  -1.52   2.49  -0.76   0.26  -0.20  -0.36
tcga-ar-a1ah  -1.13   1.98  -0.08  -0.20  -0.01  -0.22
tcga-ar-a1ai   0.39   1.44  -0.02   0.13  -0.20  -0.09
tcga-ar-a1aj   0.30   1.19   0.20  -0.07  -0.05  -0.04
tcga-ar-a1ak  -0.22   0.06  -0.57   0.13   0.10  -0.03
tcga-ar-a1al   0.50  -0.38  -0.16   0.01   0.07   0.91
tcga-ar-a1an   0.36   1.25   0.35  -0.02   0.00   0.02
tcga-ar-a1ao   0.04  -0.11   0.12   0.05  -0.09   0.66
tcga-ar-a1ap   0.57   0.94   0.04  -0.14  -0.03   0.11
tcga-ar-a1aq   0.12   1.76   0.25   0.03  -0.12  -0.12
tcga-ar-a1ar   0.09   0.13  -0.05  -0.07   0.05  -0.02
tcga-ar-a1as  -0.54   1.35  -0.35   0.17  -0.14   0.82
tcga-ar-a1at   0.33  -0.01  -0.52   0.17   0.27   0.11
tcga-ar-a1au   0.26  -0.04  -0.20  -0.11  -0.01   0.10
tcga-ar-a1av   0.33  -0.23  -0.07   0.06  -0.02   0.77
tcga-ar-a1aw   0.28   0.98   0.41   0.05  -0.13   0.80
tcga-ar-a1ax  -0.05  -0.07   0.02   0.07   0.38   0.09
tcga-ar-a1ay   0.26   1.24   0.29   0.02  -0.01  -0.06
tcga-b6-a0i5   0.08  -0.40  -0.18  -0.13   0.01   1.03
tcga-b6-a0i9   0.37   1.08  -0.33   0.12   0.51  -0.09
tcga-b6-a0ia  -0.08   0.08  -0.55   0.13   0.00  -0.02
tcga-b6-a0ib   0.48  -0.08  -0.53  -0.16  -0.09   0.15
tcga-b6-a0ie  -0.32   1.36   0.64   0.05   0.11   0.36
tcga-b6-a0ih   0.55  -0.12  -0.25   0.08   0.14   0.21
tcga-b6-a0ij  -0.22   1.39  -0.97  -0.09   0.12  -0.04
tcga-b6-a0ik  -0.62   2.03   0.45   0.10   0.29   0.48
tcga-b6-a0im  -0.31  -0.24  -0.23  -0.16  -0.07   0.18
tcga-b6-a0io   0.24  -0.07  -0.20  -0.16   0.02   0.15
tcga-b6-a0ip   0.41  -0.30  -0.62   0.21   0.11   0.72
tcga-b6-a0iq  -0.12   1.76   0.30  -0.12  -0.10  -0.18
tcga-b6-a0re  -0.07   1.76   0.36   0.16  -0.19   0.42
tcga-b6-a0rg   0.35   0.05  -0.27   0.12  -0.05   0.56
tcga-b6-a0rh   0.41   0.85   0.44  -0.14   0.37   0.75
tcga-b6-a0ri   0.39  -0.08  -0.20   0.04   0.14   0.13
tcga-b6-a0rl  -0.65  -0.17  -0.10  -0.15   0.26   0.10
tcga-b6-a0rn   0.13   0.04   0.04   0.02  -0.10   0.48
tcga-b6-a0ro  -0.69  -0.28   0.02   0.06  -0.01   0.83
tcga-b6-a0rp  -0.50  -0.24  -0.67   0.30   0.25   0.79
tcga-b6-a0rq   0.26  -0.24  -0.12   0.08  -0.04   0.74
tcga-b6-a0rs  -0.49   2.04  -0.01  -0.10  -0.17  -0.22
tcga-b6-a0rt   0.10  -0.06   0.03  -0.16   0.12   0.04
tcga-b6-a0ru   0.23   1.14   0.09   0.04  -0.10  -0.03
tcga-b6-a0rv  -0.57  -0.11  -0.17  -0.11   0.24   0.19
tcga-b6-a0ws   0.35  -0.06  -0.25   0.00  -0.04   0.08
tcga-b6-a0wt  -0.27  -0.16  -0.23  -0.18   0.34   0.06
tcga-b6-a0wv   0.29  -0.10  -0.09  -0.13   0.20   0.12
tcga-b6-a0wx  -0.15   1.35   0.34  -0.03  -0.07  -0.12
tcga-b6-a0wy  -0.28  -0.13   0.02   0.14   0.02   0.92
tcga-b6-a0wz   1.16   0.07  -0.68   0.17   0.18   0.29
tcga-b6-a0x0   0.34  -0.23  -0.14   0.07   0.03   0.66
tcga-b6-a0x4  -0.01  -0.16  -0.46   0.13   0.41   0.16
tcga-b6-a0x5  -0.23  -0.36   0.31   0.00   0.77   1.04
tcga-bh-a0au   0.10   0.00  -0.14   0.02  -0.03   0.03
tcga-bh-a0av  -0.06   1.35   0.25   0.03  -0.06  -0.11
tcga-bh-a0aw  -0.34   1.25  -0.94  -0.31   0.71  -0.17
tcga-bh-a0ay  -0.24  -0.10  -0.35  -0.13   0.05  -0.01
tcga-bh-a0az  -0.35  -0.17  -0.98  -0.08   0.13   0.05
tcga-bh-a0b0  -0.12   0.71   0.23   0.04   0.05   0.68
tcga-bh-a0b1   0.03   0.03  -0.11  -0.16  -0.05   0.00
tcga-bh-a0b3   0.39   2.00   0.16   0.08  -0.13  -0.15
tcga-bh-a0b4  -0.69  -0.05  -0.42  -0.12   0.24  -0.05
tcga-bh-a0b5  -0.44  -0.11   0.08  -0.14  -0.16   0.78
tcga-bh-a0b7   0.29   1.12   0.47  -0.11   0.43  -0.02
tcga-bh-a0b8  -0.13  -0.04  -0.27  -0.10   0.06   0.03
tcga-bh-a0b9   0.21   1.35   0.32   0.09  -0.09  -0.06
tcga-bh-a0ba  -0.52  -0.43  -0.14  -0.11  -0.04   0.85
tcga-bh-a0bc   0.47   1.12   0.63   0.10   0.47   0.95
tcga-bh-a0bd  -1.20  -0.16   0.15   0.05   0.01   0.74
tcga-bh-a0bf   0.03   1.15  -0.11   0.17  -0.02   0.72
tcga-bh-a0bg   0.28   1.47  -0.27   0.24   0.00  -0.02
tcga-bh-a0bj  -0.18  -0.26   0.20   0.06  -0.11   0.85
tcga-bh-a0bl  -0.02   1.49   0.15   0.15  -0.02  -0.07
tcga-bh-a0bm   0.03  -0.02   0.00   0.15  -0.14   0.79
tcga-bh-a0bo   0.27  -0.37  -0.01  -0.19   0.01   0.86
tcga-bh-a0bp  -0.36   1.10  -0.48   0.24   0.43   0.04
tcga-bh-a0bq   0.00  -0.22   0.10   0.03  -0.09   0.67
tcga-bh-a0br  -0.58   0.89   0.15  -0.04   0.08   0.00
tcga-bh-a0bs   0.47  -0.10  -0.32  -0.01  -0.04   0.09
tcga-bh-a0bt  -0.77   0.93   0.51  -0.18  -0.10   0.73
tcga-bh-a0bv  -0.11  -0.19   0.08   0.12   0.03   0.87
tcga-bh-a0bw   0.50   1.59  -0.26   0.01  -0.05  -0.08
tcga-bh-a0bz  -1.04  -0.33  -3.46  -0.23   0.12  -0.20
tcga-bh-a0c0   0.26   1.01   0.40  -0.12   0.21   0.01
tcga-bh-a0c1   0.41  -0.03  -0.34   0.06  -0.04   0.16
tcga-bh-a0c3   0.20   0.82   0.19   0.03  -0.02  -0.02
tcga-bh-a0c7   0.41  -0.13  -0.23  -0.18   0.11   0.11
tcga-bh-a0dd  -0.39  -0.22   0.08   0.01  -0.06   0.62
tcga-bh-a0de   0.36  -0.35  -0.02   0.15   0.20   0.95
tcga-bh-a0dg   0.58  -0.05  -0.37  -0.06   0.05   0.14
tcga-bh-a0dh   0.37  -0.16  -0.56  -0.13   0.43   0.18
tcga-bh-a0di   0.45   1.41  -0.65   0.13   0.11  -0.09
tcga-bh-a0dk   0.50  -0.28  -0.06  -0.05   0.16   0.98
tcga-bh-a0dl   0.31   1.22  -0.10   0.22  -0.10   0.50
tcga-bh-a0do   0.02  -0.22   0.06   0.07  -0.07   0.67
tcga-bh-a0dp   0.15  -0.27   0.02  -0.08  -0.11   0.74
tcga-bh-a0dq   0.26   0.05  -0.24  -0.01  -0.04   0.05
tcga-bh-a0ds   0.52   0.07  -0.45   0.05   0.06   0.05
tcga-bh-a0dt   0.43  -0.53  -0.19  -0.18  -0.17   0.98
tcga-bh-a0dx  -0.57  -0.11  -0.63   0.14  -0.07   0.66
tcga-bh-a0dz  -0.09  -0.97   0.04  -8.46   0.07  -0.03
tcga-bh-a0e0   0.14   1.86   0.06  -0.14  -0.07  -0.13
tcga-bh-a0e1  -0.67   0.07  -0.37  -0.12   0.08  -0.06
tcga-bh-a0e2  -0.55   0.01   0.03   0.01  -0.01   0.01
tcga-bh-a0e6   0.23   1.28   0.22  -0.02  -0.05  -0.10
tcga-bh-a0e7   0.25  -0.18  -0.13  -0.26  -0.07   0.21
tcga-bh-a0e9   0.26  -0.07  -0.30   0.03  -0.04   0.07
tcga-bh-a0ea  -0.55  -0.43  -0.09   0.05  -0.01   0.82
tcga-bh-a0eb  -0.25   0.74   0.45  -0.12  -0.05   0.69
tcga-bh-a0ee   0.11   0.00  -0.02  -0.06  -0.02   0.41
tcga-bh-a0ei   0.36  -0.12  -0.10  -0.11   0.15   0.17
tcga-bh-a0gy   0.20   1.22  -0.26   0.20   0.00   0.86
tcga-bh-a0gz  -0.33   0.07  -0.32  -0.04  -0.09   0.05
tcga-bh-a0h0   0.02  -0.01   0.00   0.00   0.00   0.02
tcga-bh-a0h3   0.29  -0.33  -0.10   0.04  -0.12   0.79
tcga-bh-a0h6   0.11  -0.20  -0.05  -0.18   0.09   0.13
tcga-bh-a0h7  -0.15   1.01   0.45  -0.22   0.41   0.00
tcga-bh-a0h9   0.21  -0.19  -0.77   0.12   0.06   0.83
tcga-bh-a0ha  -1.47  -0.29  -1.16  -0.05  -0.12   0.75
tcga-bh-a0hb   0.36   0.04  -0.02  -0.06   0.15   0.13
tcga-bh-a0hi  -0.01  -0.19  -0.52   0.05  -0.06   0.64
tcga-bh-a0hk  -0.49   0.16  -0.21  -0.06   0.27   0.10
tcga-bh-a0hl   0.56  -0.05  -1.35   0.21   0.12   0.07
tcga-bh-a0hn   0.56  -0.37  -0.05   0.15   0.32   0.93
tcga-bh-a0ho   0.15  -0.16   0.04  -0.32   0.18   0.08
tcga-bh-a0hp   1.97  -0.15  -3.27  -0.27  -0.13   0.21
tcga-bh-a0hq   0.68  -0.07  -0.34   0.09   0.21   0.21
tcga-bh-a0hu  -0.14  -0.26  -0.08   0.09   0.13   0.88
tcga-bh-a0hw   0.04   0.03   0.02   0.03   0.20   0.00
tcga-bh-a0hx  -0.06   1.61  -0.14  -0.32  -0.14  -0.12
tcga-bh-a0rx   0.24   1.44   0.42  -0.02  -0.03  -0.06
tcga-bh-a0w3  -0.17  -0.22   0.20   0.04  -0.09   0.73
tcga-bh-a0w4   0.14   0.02  -0.11  -0.26  -0.05   0.03
tcga-bh-a0w5   0.03  -0.44   0.01  -0.36  -0.18   0.89
tcga-bh-a0w7   0.19  -0.12  -0.35  -0.01  -0.14   0.86
tcga-bh-a18f   0.45  -0.44  -0.38  -0.01   0.03   0.99
tcga-bh-a18h   0.26   0.67   0.40  -0.06   0.11   0.68
tcga-bh-a18i  -0.54  -0.25   0.11   0.07   0.03   0.73
tcga-bh-a18j  -0.06  -0.12   0.02   0.08  -0.19   0.90
tcga-bh-a18k  -0.22  -0.01  -0.14   0.00  -0.03   0.01
tcga-bh-a18m  -0.29  -0.60  -0.39  -0.32  -0.23   0.96
tcga-bh-a18n  -0.10  -0.32  -0.35  -0.39   0.26   0.20
tcga-bh-a18p  -0.69   0.05  -2.04  -0.18   0.27   0.10
tcga-bh-a18q   0.23   2.04  -0.24   0.09  -0.09  -0.24
tcga-bh-a18r   0.05   0.09  -0.06   0.03  -0.02   0.01
tcga-bh-a18t  -0.15   2.05  -0.39   0.29  -0.13  -0.23
tcga-bh-a18u   0.53   0.98   0.37  -0.05   0.64   0.06
tcga-bh-a18v  -0.37   2.64   0.04  -0.30  -0.23  -0.27
tcga-bh-a1eo   0.04  -0.01  -0.12  -0.10  -0.04   0.01
tcga-bh-a1es   0.22   0.02  -0.83   0.24   0.20   0.07
tcga-bh-a1et  -0.01  -0.15   0.15   0.06  -0.08   0.67
tcga-bh-a1eu  -0.02  -0.25   0.08  -0.07  -0.10   0.64
tcga-bh-a1ew   0.02   0.03  -0.04  -0.01  -0.01  -0.01
tcga-bh-a1f0   0.20   1.18   0.28  -0.04  -0.04  -0.08
tcga-c8-a12l   0.45   1.81   0.30  -0.12  -0.22   0.30
tcga-c8-a12n   0.17  -0.46   0.12  -0.26  -0.03   0.98
tcga-c8-a12p  -0.22   1.88   0.02   0.07   0.26  -0.24
tcga-c8-a12q   0.12   1.52   0.01  -0.13   0.07  -0.18
tcga-c8-a12t  -0.66   0.11  -0.47   0.11  -0.15   0.77
tcga-c8-a12u  -0.01  -0.19   0.04  -0.07  -0.14   0.83
tcga-c8-a12v  -0.01   0.06   0.00   0.00   0.00   0.00
tcga-c8-a12w   0.45   1.47  -0.62   0.00   0.14  -0.10
tcga-c8-a12x  -0.24   0.13  -0.34   0.06  -0.08   0.07
tcga-c8-a12z   0.22   1.55   0.38  -0.13   0.12  -0.07
tcga-c8-a130   0.03   0.82   0.46  -0.19   0.07   0.65
tcga-c8-a131  -0.13   1.81   0.51   0.14  -0.16   0.47
tcga-c8-a132   0.13   0.02  -0.13  -0.17   0.11   0.01
tcga-c8-a133   0.31  -0.29  -0.16   0.06  -0.13   0.79
tcga-c8-a134   0.62   1.79   0.00  -0.18  -0.12  -0.16
tcga-c8-a135   0.36   1.50   0.31   0.04   0.04  -0.08
tcga-c8-a137   0.25   1.41   0.35   0.01   0.00  -0.09
tcga-c8-a138   0.28   1.40   0.32  -0.03   0.04  -0.07
tcga-c8-a1hf   0.17   1.03   0.48   0.01  -0.05   0.48
tcga-c8-a1hg   0.19   1.27   0.39   0.00   0.10  -0.04
tcga-c8-a1hi   0.49  -0.13  -0.30  -0.02  -0.05   0.13
tcga-c8-a1hl   0.28   0.01  -0.25  -0.01  -0.06   0.06
tcga-c8-a1hm  -0.27   2.05  -1.60   0.35   0.18  -0.07
tcga-c8-a1hn   0.44  -0.04  -0.38   0.02  -0.08   0.16
tcga-d8-a13y  -1.42   1.14   0.36  -0.19   0.12  -0.12
tcga-d8-a13z  -0.06   1.79   0.11  -0.01  -0.11  -0.11
tcga-d8-a140   0.20  -0.02  -0.12  -0.14   0.32   0.01
tcga-d8-a141   0.14  -0.02  -0.07   0.01  -0.01   0.04
tcga-d8-a142   0.05   1.74  -0.32   0.25  -0.13  -0.15
tcga-d8-a143  -0.44   1.89   0.39   0.19  -0.30   0.39
tcga-d8-a145   0.25   0.00  -0.15  -0.13   0.11   0.09
tcga-d8-a147   0.04   2.56  -0.35   0.35  -0.19  -0.26
tcga-e2-a105  -0.26  -0.29   0.11   0.06   0.11   0.71
tcga-e2-a107   0.36  -0.07  -0.30   0.03  -0.05   0.10
tcga-e2-a108  -0.60   1.12   0.64  -0.25  -0.04   0.76
tcga-e2-a109  -0.46   1.70   0.41  -0.15   0.02  -0.13
tcga-e2-a10a   0.81  -0.28  -0.37  -0.19   0.08   0.35
tcga-e2-a10b  -0.52  -0.35  -0.15  -0.08   0.14   0.94
tcga-e2-a10c -27.09  -0.23   0.04   0.04   0.07  -0.37
tcga-e2-a10e  -0.03  -0.18  -0.69   0.25   0.01   0.76
tcga-e2-a10f   0.31  -0.29  -0.11   0.09  -0.12   0.82
tcga-e2-a14n   0.35   1.92   0.29   0.07  -0.14  -0.13
tcga-e2-a14o   0.55   0.00  -0.15   0.08   0.34   0.18
tcga-e2-a14p   0.40   1.72  -0.33   0.18   0.07  -0.16
tcga-e2-a14q  -0.56   0.01  -0.23  -0.20  -0.09   0.00
tcga-e2-a14r   0.37   2.06   0.12   0.14   0.07  -0.12
tcga-e2-a14s  -0.31   0.04  -0.36   0.08   0.09   0.12
tcga-e2-a14t   0.32  -0.01  -0.97   0.14  -0.03   0.07
tcga-e2-a14v  -0.56  -0.32  -0.01  -0.15   0.33   0.68
tcga-e2-a14w  -0.05  -0.01  -0.33  -0.38   0.02   0.04
tcga-e2-a14x  -0.13   1.74  -0.22   0.19  -0.10  -0.18
tcga-e2-a14y   0.60   0.77   0.54  -0.35   0.43   0.78
tcga-e2-a14z   0.43   1.22   0.08   0.00   0.03  -0.03
tcga-e2-a150   0.58   1.85   0.25   0.09  -0.08  -0.04
tcga-e2-a152   0.39   0.86   0.21  -0.28   0.11   0.44
tcga-e2-a153  -0.13  -0.27   0.17   0.06   0.02   0.75
tcga-e2-a154  -0.27  -0.25   0.02  -0.06  -0.13   0.73
tcga-e2-a155   0.24   1.44  -0.02  -0.01  -0.03   0.01
tcga-e2-a156   0.23  -0.41   0.04  -0.10  -0.12   0.91
tcga-e2-a158   0.46   1.84  -0.52  -0.12  -0.12  -0.20
tcga-e2-a159   0.18   2.56  -0.02   0.18  -0.16  -0.24
tcga-e2-a15a   0.29   0.07  -0.32   0.02   0.08   0.05
tcga-e2-a15c   0.18  -0.38   0.09  -0.19  -0.01   0.83
tcga-e2-a15d   0.53   0.00  -0.38   0.01   0.02   0.11
tcga-e2-a15e   0.43   0.71   0.44  -0.06   0.28   0.73
tcga-e2-a15f   0.02   0.02   0.00   0.01   0.00   0.00
tcga-e2-a15g   0.24  -0.39  -0.15  -0.22  -0.16   0.81
tcga-e2-a15h   0.03  -0.11  -0.28  -0.05  -0.03   0.08
tcga-e2-a15i  -0.37   0.08  -0.03   0.01  -0.03  -0.01
tcga-e2-a15j   0.39  -0.07  -0.31   0.00  -0.06   0.11
tcga-e2-a15k   0.37  -0.14   0.06   0.14   0.07   1.01
tcga-e2-a15l  -0.25  -0.23  -0.09   0.04  -0.15   0.71
tcga-e2-a15m  -0.01   1.24   0.05   0.02   0.01   0.01
tcga-e2-a15o   0.23  -0.20  -0.19  -0.45  -0.07   0.15
tcga-e2-a15p   0.15  -0.32   0.05   0.09   0.17   0.72
tcga-e2-a15r  -0.39   0.01  -0.05  -0.01  -0.02  -0.02
tcga-e2-a15s   0.46  -0.01  -0.69   0.06   0.12  -0.01
tcga-e2-a15t   0.43   1.38   0.12  -0.16  -0.07   0.04
tcga-e2-a1az  -0.22   0.09  -0.26   0.03  -0.07  -0.01
tcga-e2-a1b0   0.25   1.38   0.28   0.02   0.06  -0.10
tcga-e2-a1b1   0.36   0.03  -0.03   0.04   0.23   0.11
tcga-e2-a1b4  -0.38  -0.37   0.07  -0.10   0.00   0.82
tcga-e2-a1b5   0.33  -0.04  -0.24   0.01  -0.04   0.10
tcga-e2-a1b6  -0.10   1.55   0.31   0.07  -0.14  -0.11
tcga-e2-a1bc   0.20  -0.32  -0.03   0.07  -0.10   0.79
tcga-e2-a1bd  -0.52  -0.34   0.18  -0.13  -0.15   0.89
B
                Comp.1 Comp.2 Comp.3 Comp.4 Comp.5 Comp.6
ANK3             -0.01  -0.01   0.04   0.01   0.18  -0.01
HECTD4            0.00  -0.03   0.01   0.00   0.01  -0.02
COL14A1           0.01  -0.01   0.05   0.00   0.01  -0.03
FNDC1             0.00  -0.01   0.03   0.00   0.01  -0.01
LRBA              0.00  -0.03   0.02   0.00   0.00  -0.01
LRP2              0.01  -0.07   0.04   0.03   0.19  -0.03
RP1               0.00  -0.01   0.01   0.01   0.01  -0.04
AKAP17A           0.00  -0.01   0.03  -0.01   0.00  -0.01
CDH1             -0.01   0.00   0.15  -0.01   0.01  -0.17
UBR4              0.00  -0.04   0.06  -0.01   0.19  -0.03
SPI1              0.00  -0.03   0.06   0.01   0.20  -0.04
MED23             0.00   0.00   0.02  -0.01   0.00  -0.05
MGA              -0.01  -0.02   0.04   0.02   0.02  -0.02
UNC13C            0.00  -0.03   0.03   0.00   0.01  -0.01
ZFHX4             0.02  -0.05   0.02   0.02   0.04  -0.04
AHCTF1            0.00  -0.03   0.04  -0.01   0.01  -0.02
BRCA1             0.01  -0.10   0.04  -0.01  -0.01   0.00
CSMD1             0.00  -0.03   0.10  -0.02   0.01  -0.06
CUBN              0.12  -0.03   0.01   0.01   0.01   0.01
DMD               0.01  -0.04   0.08   0.02   0.00  -0.05
DNAH8             0.00  -0.02   0.04   0.21   0.00   0.00
TMEM189           0.01  -0.02  -0.01   0.01   0.01  -0.03
EVPL              0.01  -0.02   0.07   0.01   0.02   0.00
GOLGB1            0.00  -0.05   0.01  -0.01   0.00  -0.02
GPR179            0.00  -0.02   0.05   0.01   0.01   0.00
HYDIN             0.00  -0.04   0.07   0.01   0.18  -0.01
KCNT2             0.14  -0.05   0.03  -0.01   0.01  -0.02
SVILP1            0.00  -0.02   0.00   0.00   0.00  -0.01
MUC12             0.00  -0.05   0.05   0.01  -0.01  -0.03
PLCE1             0.00  -0.01   0.02   0.02   0.00  -0.01
PREX1             0.00  -0.04   0.07   0.02   0.00  -0.03
RYR2              0.15  -0.07   0.13   0.06  -0.01  -0.09
USH2A             0.00  -0.10   0.17   0.26   0.00  -0.03
WDR7              0.01  -0.03   0.03   0.00   0.17  -0.01
CROCCP2          -0.01  -0.03   0.01   0.23   0.24  -0.14
Unknown          -0.03  -0.09   0.05  -0.01   0.32  -0.30
GNPTAB            0.00  -0.01   0.05   0.02   0.01  -0.01
NLRC5             0.12  -0.02   0.03  -0.01   0.01   0.00
SPEN              0.00  -0.02   0.04   0.00   0.19  -0.05
AHNAK             0.00  -0.01   0.03   0.01  -0.01  -0.02
FAT3             -0.01  -0.08   0.05   0.03   0.02  -0.02
LAMA3             0.00  -0.02   0.05   0.01   0.00  -0.01
PARK2             0.00  -0.02   0.02   0.00   0.01  -0.02
PLEC              0.00  -0.02   0.04  -0.01   0.00  -0.01
TG               -0.01  -0.05   0.10   0.00   0.02  -0.02
TP53              0.01  -1.02  -0.07   0.34   0.35  -0.36
UNC5D            -0.01  -0.02   0.04   0.00   0.00  -0.02
AIM1              0.00  -0.03   0.03   0.00   0.00   0.00
ATP1A4            0.01  -0.03   0.04   0.21   0.00   0.00
KCNH7             0.00  -0.01   0.00   0.01   0.18  -0.01
PCSK5             0.00  -0.01   0.02   0.19   0.00  -0.01
TENM4             0.00  -0.03   0.01   0.00   0.00  -0.03
SCN8A             0.12  -0.02   0.02   0.00   0.01  -0.01
ADAMTS17          0.00  -0.03   0.03  -0.01   0.00  -0.01
ANK1              0.00  -0.04   0.01   0.01   0.00  -0.05
ASXL3             0.01  -0.05   0.04   0.01  -0.01  -0.01
BRIP1             0.00  -0.02   0.02   0.00   0.01  -0.01
SMG8              0.13  -0.03   0.01   0.01   0.00   0.00
CACNA1F           0.00  -0.04   0.02  -0.01   0.00  -0.02
CHD6              0.12  -0.03   0.01   0.00   0.01  -0.01
DGKI              0.00  -0.03   0.02   0.00   0.00   0.00
DNAH5             0.01  -0.05   0.05  -0.01   0.01  -0.02
DNAH9             0.00  -0.05   0.09   0.20   0.03  -0.02
DYSF              0.00  -0.03   0.02   0.01   0.00  -0.02
TBL1XR1           0.00  -0.01   0.02   0.01   0.00  -0.06
FRY               0.01  -0.05   0.05   0.02  -0.01   0.00
GRIA1             0.01  -0.02   0.07   0.02   0.01   0.00
GRM3              0.00  -0.04   0.02   0.00   0.00  -0.03
C1orf222          0.00  -0.02   0.03   0.00   0.01  -0.02
MACF1             0.01  -0.06   0.03   0.01   0.00  -0.02
MUC17             0.00  -0.07   0.10   0.04  -0.01  -0.07
MUC5B             0.01  -0.04   0.09   0.00  -0.01  -0.03
MYCBP2           -0.01  -0.03   0.02   0.01   0.00  -0.03
MYH4              0.00  -0.03   0.02   0.01   0.00  -0.01
MYH7              0.00  -0.02   0.06   0.00  -0.01  -0.04
MYO18B            0.00  -0.02   0.03   0.00   0.00  -0.02
NAV3              0.00  -0.01   0.00   0.20  -0.01  -0.02
NBEAL2           -0.01  -0.02   0.06   0.00   0.00  -0.02
PCDH15            0.00  -0.03   0.01   0.01   0.00  -0.01
RTN4              0.00  -0.02   0.03  -0.02   0.00  -0.04
SCN7A            -0.01  -0.04   0.02   0.00   0.01  -0.01
SETDB1            0.00  -0.05   0.04   0.02  -0.01  -0.03
SRRM2             0.01  -0.01   0.07   0.20   0.00  -0.01
SSPO              0.01  -0.05   0.03   0.00   0.01  -0.07
TTN               0.14  -0.28   0.65  -0.06   0.26  -0.16
COL6A6            0.00  -0.02   0.04   0.00   0.01  -0.01
EML5              0.01  -0.01   0.04   0.01   0.00  -0.03
LAMA1             0.00  -0.03   0.00   0.01   0.00  -0.01
MAP3K1            0.00   0.01   0.06   0.28  -0.02  -0.28
MUC16             0.16  -0.12   0.18   0.01   0.24  -0.11
MYO5B             0.00  -0.02  -0.01   0.00   0.00  -0.05
PCNT              0.00  -0.03   0.01   0.01   0.00  -0.01
PIK3CA            0.19  -0.18  -0.02   0.00   0.02  -1.68
SCN2A             0.00  -0.03  -0.01   0.01   0.00  -0.02
AKAP4             0.00  -0.04   0.02   0.00   0.00  -0.01
AKAP9             0.00  -0.05   0.02   0.00   0.00  -0.02
OTOGL             0.00  -0.03   0.05   0.00   0.00  -0.03
DNAH6             0.00  -0.02   0.08   0.01   0.01  -0.03
ERBB3             0.01  -0.03   0.04   0.02   0.00  -0.04
ERCC6             0.12  -0.01   0.08   0.01   0.01   0.00
LINC00869        -0.01  -0.03   0.04  -0.01   0.00  -0.02
RBM19             0.00  -0.01   0.01   0.01  -0.01  -0.02
SHROOM4           0.00  -0.01   0.01   0.01   0.01  -0.03
SPTBN5            0.00  -0.03   0.01   0.00  -0.01  -0.02
TEX15             0.00  -0.02   0.04   0.00   0.00  -0.02
VWF               0.01  -0.03   0.03   0.01  -0.01  -0.05
HECW1             0.00  -0.03   0.04   0.00   0.00  -0.01
NF1               0.00  -0.01   0.11   0.00   0.00  -0.06
SVEP1             0.00  -0.02   0.03   0.01   0.01  -0.04
COL18A1           0.00  -0.03   0.02   0.00   0.01  -0.01
CSMD2             0.00  -0.03   0.08   0.00   0.01  -0.01
snoU13            0.00  -0.01   0.03   0.00   0.01  -0.01
HECW2             0.00  -0.01   0.01   0.01   0.17   0.00
CACNA1C           0.00  -0.01   0.04   0.02   0.02  -0.04
NALCN             0.01  -0.04   0.01   0.21   0.01  -0.02
RAPGEF6           0.12   0.00   0.04   0.01   0.01  -0.03
RTTN              0.12  -0.01   0.02  -0.01   0.02  -0.02
SCN11A            0.00  -0.03   0.05   0.00   0.01  -0.01
ZFPM2             0.00  -0.04   0.03   0.00   0.02  -0.02
ZNF592            0.00  -0.01   0.00   0.19   0.00  -0.01
BZRAP1            0.00  -0.01   0.04   0.01   0.00  -0.02
ZNF506            0.01  -0.02   0.00   0.00   0.01  -0.03
FNBP4             0.13  -0.01   0.00   0.00   0.00  -0.02
KIAA1210          0.00  -0.05   0.01   0.01   0.01  -0.02
MTOR              0.00  -0.02   0.04   0.21   0.01  -0.01
MUC4              0.01  -0.05  -0.01   0.01   0.21  -0.04
MXRA5             0.00  -0.02   0.01   0.00   0.00  -0.02
CHD9              0.00  -0.03   0.01   0.00   0.01  -0.01
ATP10B            0.01  -0.06   0.03   0.00   0.01  -0.01
CASC5             0.00  -0.03  -0.01   0.00   0.01  -0.02
CHD4              0.01  -0.02   0.02   0.01   0.00  -0.01
CR1               0.00  -0.02   0.02   0.00   0.01  -0.02
FREM1             0.00  -0.01   0.00   0.01   0.02  -0.04
KIAA2022          0.00  -0.02   0.00   0.19   0.18  -0.01
MDN1              0.01  -0.02   0.06  -0.02   0.01  -0.07
PCDHB7            0.00  -0.02   0.02   0.00   0.00  -0.01
TAF1L            -0.01  -0.02   0.00   0.00   0.01  -0.03
TBCD              0.12  -0.01   0.02   0.01   0.01  -0.01
CA9               0.00  -0.01   0.01   0.00   0.02  -0.02
DNAH17            0.01  -0.02   0.00   0.01   0.00  -0.02
DNAH3             0.00  -0.04   0.02   0.00   0.01  -0.03
RP11-32B5.7      -0.01  -0.01   0.02   0.02   0.03  -0.07
MGAM              0.00  -0.03   0.00   0.02   0.02  -0.02
NEB               0.00  -0.06   0.06   0.01   0.01  -0.07
RNF213            0.00  -0.02   0.03   0.03   0.01  -0.02
UNC45A            0.00  -0.01   0.01   0.01   0.00  -0.02
ZNF438            0.00  -0.01   0.11   0.00   0.00   0.00
ATN1              0.00  -0.01   0.00   0.00   0.01  -0.05
PRKD2             0.00  -0.01   0.02   0.00   0.01  -0.04
HIST1H1C          0.00  -0.01   0.01   0.19   0.00  -0.01
PPP1R9A           0.00  -0.02   0.01  -0.01   0.01  -0.03
SPTA1             0.00  -0.06   0.05   0.02   0.00  -0.01
RP11-1055B8.7     0.00  -0.02   0.02  -0.01   0.01  -0.03
STAG1             0.00  -0.01  -0.01   0.00   0.01  -0.04
NID1              0.00  -0.02   0.02   0.00   0.01  -0.04
OTOF              0.00  -0.01   0.00   0.00   0.00  -0.02
CAPN1            -0.01  -0.01   0.04  -0.01   0.02  -0.04
AFF2              0.01  -0.06   0.07   0.00   0.00  -0.03
ERCC6L2          -0.01   0.00   0.01   0.00   0.01  -0.02
CTCF              0.00  -0.01   0.03   0.01   0.01  -0.05
PIK3R1           -0.01  -0.04   0.04   0.02   0.01  -0.02
TRIP11            0.00  -0.01   0.02   0.21   0.00  -0.01
FAM90A1           0.00  -0.01   0.00   0.00   0.00  -0.05
GPR98             0.00  -0.03   0.03   0.02   0.01  -0.03
KMT2C            -0.01  -0.05   0.09  -0.03   0.28  -0.22
PKHD1             0.00   0.00   0.02   0.19   0.00  -0.02
ASPM              0.00  -0.02   0.04   0.00   0.01  -0.02
RP5-1182A14.5     0.01  -0.02   0.06  -0.01   0.00  -0.04
FLNB              0.00  -0.01   0.04   0.01   0.00  -0.01
KMT2D             0.00  -0.02   0.01   0.01   0.00  -0.03
MYH10             0.00  -0.01   0.01   0.01   0.00  -0.02
MYH6              0.00  -0.02   0.06   0.00   0.00  -0.01
PKHD1L1           0.12  -0.04   0.06   0.00   0.00  -0.02
SETX              0.01  -0.02   0.01   0.00   0.02  -0.03
SYCP2             0.01  -0.02   0.00  -0.01   0.17   0.00
TCHH              0.00  -0.03   0.04   0.00   0.02   0.00
ABCC8             0.00  -0.01   0.02   0.02   0.01  -0.02
DGKG              0.00  -0.01   0.00   0.01   0.01  -0.03
MST1L             0.00  -0.01   0.01   0.01   0.01  -0.05
SRCAP             0.01  -0.02   0.06   0.01   0.02  -0.01
CMYA5             0.00  -0.02   0.05   0.00   0.00   0.00
GATA3            -0.05  -0.01   0.20   0.05   0.00  -0.17
VWA3A             0.00  -0.03   0.01   0.00   0.01  -0.01
BRWD1             0.00  -0.03   0.02   0.20   0.00  -0.02
UBA6              0.01  -0.01   0.01   0.00   0.18  -0.07
ZFP36L1           0.01  -0.02   0.01   0.01  -0.01  -0.05
HSPG2             0.00  -0.03   0.06   0.00   0.02  -0.01
WWP2              0.00  -0.02   0.01   0.00   0.00  -0.01
AHNAK2            0.13  -0.01   0.01   0.00   0.00  -0.05
ANKRD30B          0.01  -0.03   0.02   0.19   0.00   0.01
DLG1              0.01   0.00   0.01   0.00   0.18  -0.01
DST               0.01  -0.04   0.11  -0.02   0.00  -0.02
PTPRB             0.00  -0.03   0.01  -0.01   0.01  -0.04
HEG1              0.01  -0.01   0.06   0.01   0.01  -0.01
KDM5C             0.00  -0.02   0.01   0.00   0.02  -0.01
MED12             0.00  -0.01   0.00   0.01   0.18  -0.01
MYH7B             0.12  -0.04   0.00   0.00   0.00   0.00
SAMD9             0.12  -0.01   0.01   0.01   0.00   0.00
ZFHX3             0.00  -0.01   0.03   0.03   0.00  -0.03
BIRC6             0.00  -0.02   0.04   0.01   0.17  -0.01
C10orf12          0.00  -0.02   0.01   0.01   0.02   0.00
ADAD2             0.00  -0.01   0.00   0.01   0.00  -0.03
FAT1              0.01  -0.01   0.00   0.00   0.02  -0.05
TPR               0.13  -0.02   0.01   0.00   0.01  -0.02
DCAF4L2           0.12  -0.02   0.01   0.00   0.00  -0.03
MYT1L             0.01  -0.04   0.02  -0.01   0.02  -0.03
PLCL2             0.00  -0.03   0.04  -0.01   0.01  -0.03
UBC               0.00  -0.01   0.01   0.00   0.00  -0.05
FRAS1             0.00  -0.03   0.01   0.18   0.00   0.00
RELN              0.01  -0.03   0.05   0.23   0.01  -0.02
RPGR              0.00  -0.02   0.02   0.01  -0.01  -0.01
SCN3A             0.13  -0.03   0.03   0.01   0.00   0.00
DDX12P            0.00  -0.02   0.04   0.00   0.00  -0.03
MYH14             0.01  -0.03   0.01   0.00   0.02  -0.02
NOTCH2            0.00  -0.03   0.02   0.00   0.01  -0.03
NBEAL1            0.01  -0.01   0.07   0.02  -0.01  -0.01
TEP1              0.02  -0.04   0.05   0.00   0.00  -0.01
EPS8L1            0.00  -0.04   0.00   0.00  -0.01  -0.01
MUC2              0.00  -0.02   0.01  -0.01   0.01  -0.05
MYO7A             0.01  -0.03   0.06   0.00   0.01  -0.02
PLCB4             0.00  -0.01   0.05   0.01  -0.01  -0.04
XIRP2             0.13  -0.05   0.02   0.01   0.00  -0.02
NLRC4            -0.01  -0.01   0.02  -0.01   0.17  -0.03
CBFB              0.00   0.00   0.02   0.00   0.00  -0.06
GPS2              0.00   0.00   0.02   0.00   0.00  -0.04
KIAA0825          0.01  -0.03   0.06   0.01   0.01  -0.01
EYS               0.00  -0.05   0.02   0.00   0.01  -0.03
ITPKB             0.00  -0.01   0.02   0.00   0.01  -0.02
LAMA5             0.00  -0.03   0.01   0.01   0.02  -0.01
PKD1L1            0.00  -0.02   0.03   0.00   0.20  -0.02
RYR3              0.13  -0.03   0.02  -0.01   0.01  -0.03
SMARCA4           0.11  -0.02   0.03   0.00   0.01  -0.03
CADPS             0.12   0.00   0.06   0.01   0.00  -0.01
HUWE1             0.02  -0.01   0.11   0.01   0.01   0.00
APOB              0.02  -0.07   0.14   0.02   0.01  -0.01
MYB               0.00  -0.01   0.03  -0.01   0.01  -0.04
TLN1              0.01  -0.03   0.05   0.01   0.00  -0.04
CSMD3             0.00  -0.04   0.03   0.01   0.01   0.00
FOXA1             0.00  -0.01   0.04   0.00   0.01  -0.01
MYO10             0.00  -0.02   0.02   0.01   0.00  -0.02
PRKG2             0.00  -0.02   0.01   0.00   0.00  -0.02
VPS13C            0.00  -0.02   0.03   0.00   0.01   0.00
FCGBP             0.00  -0.02   0.01   0.00   0.00  -0.03
LRPPRC            0.12  -0.02   0.02   0.01   0.00  -0.01
NCOR1             0.01  -0.01   0.02   0.00  -0.01  -0.09
PCDHGB3           0.01  -0.03   0.01   0.00   0.00  -0.04
SF3B1             0.00   0.00   0.04   0.02   0.00  -0.06
CACNA1E           0.14  -0.04   0.01   0.03   0.02  -0.04
CIT               0.00  -0.02   0.03   0.00   0.03  -0.03
NBPF1             0.01  -0.01   0.00   0.00   0.18  -0.06
ESPL1             0.01  -0.01   0.02   0.00  -0.01  -0.05
WHSC1             0.13  -0.01   0.02   0.00   0.00  -0.02
MLLT4             0.00  -0.03   0.02   0.20   0.02  -0.03
CDC42BPA          0.00  -0.01   0.03   0.01   0.00  -0.03
CEP170            0.00  -0.02   0.02  -0.01   0.01  -0.02
GRIN2B            0.00  -0.02   0.03   0.00   0.00  -0.01
IARS              0.00  -0.01   0.05   0.02   0.02  -0.02
KIF4A             0.00  -0.04   0.04   0.01   0.00   0.00
CCDC168           0.00  -0.03   0.03  -0.01   0.01  -0.04
KMT2A             0.00  -0.01   0.02  -0.01   0.19  -0.02
MYO9A             0.00  -0.02   0.01   0.00   0.01  -0.04
N4BP2             0.00  -0.01   0.01   0.00   0.18  -0.02
PCNXL2            0.13  -0.03   0.05  -0.01   0.02  -0.05
PDCD11            0.00  -0.03   0.03  -0.01   0.02  -0.02
PRKDC             0.01  -0.01   0.02  -0.01   0.00  -0.02
QSER1             0.00  -0.02   0.02   0.00   0.04  -0.02
RGAG1             0.00  -0.03   0.02   0.01   0.02   0.00
SI                0.00  -0.03   0.00   0.01   0.02  -0.02
SYNE1             0.01  -0.06   0.12   0.23   0.01  -0.03
TRERF1           -0.01  -0.02   0.02   0.00   0.02  -0.01
ZDBF2             0.00  -0.03   0.03   0.01   0.02  -0.01
DSPP             -0.01  -0.01   0.03   0.01   0.01  -0.02
BRCA2             0.01  -0.05   0.22   0.00   0.01  -0.02
CACNA1A           0.12  -0.02   0.01   0.00   0.00  -0.01
HAUS5             0.01  -0.02  -0.01   0.02   0.00  -0.01
CFTR             -0.01  -0.02   0.01   0.00   0.19   0.00
DYNC2H1          -0.01  -0.03   0.01   0.01   0.18  -0.01
FAT2              0.00  -0.01   0.03   0.03   0.02  -0.02
PTEN             -0.01  -0.03   0.09   0.03   0.01  -0.04
PLXNA4            0.00  -0.03   0.01   0.00   0.00  -0.04
PPEF1             0.01  -0.02   0.00   0.01   0.01  -0.01
ABCA4             0.00  -0.03   0.05  -0.02   0.02  -0.01
ACTN2             0.00  -0.03   0.00   0.00   0.00  -0.03
EMR2              0.00  -0.02   0.04   0.01   0.01  -0.02
HERC1             0.00  -0.02   0.03  -0.01   0.00  -0.01
AMER1             0.13   0.00   0.03   0.03   0.00  -0.04
FLII              0.00  -0.01   0.01   0.00   0.01  -0.03
LAMA2             0.00  -0.02   0.03   0.01   0.01  -0.03
RIPK1            -0.01  -0.02   0.06   0.00   0.00  -0.02
MAGI2             0.00  -0.01   0.02  -0.01   0.02  -0.04
MAST4             0.00   0.00   0.04  -0.01   0.02  -0.03
SCN1A             0.00  -0.01   0.02   0.00   0.00  -0.01
WDR33             0.00  -0.01   0.06   0.01   0.01  -0.02
BAI1              0.00  -0.04   0.02   0.00   0.00  -0.02
C1orf65           0.01  -0.02   0.04   0.01   0.01  -0.02
COL12A1           0.00  -0.03   0.06  -0.01   0.00  -0.04
CYP4F11           0.01  -0.03   0.04   0.00   0.00  -0.01
DALRD3            0.01  -0.01   0.06   0.00   0.00  -0.01
DNAH11            0.01  -0.03   0.03   0.20   0.18   0.00
DSCAML1           0.00  -0.01   0.04  -0.01   0.01  -0.02
ANKRD36C          0.00  -0.02   0.07   0.00   0.00   0.00
MADD              0.00  -0.02   0.01   0.01   0.00  -0.02
MAST1             0.00  -0.01   0.01   0.00   0.00  -0.03
OR2G3             0.00  -0.01   0.08   0.00  -0.01  -0.02
PREX2             0.01  -0.03   0.08   0.01  -0.01  -0.04
UBR5              0.00  -0.02   0.01   0.00   0.01  -0.01
CSPG4P11          0.00  -0.03   0.00   0.01   0.00  -0.02
COL6A3            0.01  -0.03   0.02   0.03   0.01  -0.02
OBSCN            -0.01  -0.07   0.02   0.03   0.02  -0.02
TENM1             0.01  -0.01   0.06   0.01   0.00  -0.04
SPEG             -0.01  -0.03   0.04   0.01   0.00  -0.02
THSD7A            0.11  -0.01   0.04   0.00   0.01  -0.01
ERBB2             0.00   0.00   0.02   0.00   0.00  -0.02
ATM               0.14  -0.02   0.06   0.00   0.00  -0.10
CCDC146           0.00  -0.01   0.03   0.00   0.00  -0.02
FMN2              0.00  -0.01   0.02   0.00   0.01  -0.05
MYOM3             0.00  -0.03   0.03  -0.01   0.02  -0.01
GRIA3             0.00  -0.03   0.02   0.00   0.00  -0.02
PLXNA2            0.00  -0.01   0.01   0.00   0.01  -0.03
MYO9B             0.01  -0.01   0.00   0.00   0.01  -0.04
RUNX1            -0.02  -0.01   0.04   0.00   0.00  -0.07
SDK1              0.00  -0.02   0.01   0.00   0.01  -0.02
SORCS1            0.00  -0.02   0.00   0.01   0.00  -0.02
CROCC             0.00  -0.01   0.01   0.19   0.00  -0.02
DSE               0.12  -0.02   0.00   0.01   0.18   0.01
VCAN              0.00  -0.03   0.01   0.02   0.19  -0.01
WDFY3             0.01   0.00   0.09   0.21   0.18  -0.03
MEFV              0.00  -0.02   0.00   0.01   0.00  -0.01
DLGAP4            0.00  -0.03   0.00   0.01   0.01  -0.02
DYNC1H1           0.01  -0.02   0.02   0.00   0.00  -0.04
ERV3-1            0.00  -0.03  -0.01   0.00   0.01  -0.05
TACC2             0.00  -0.01   0.04   0.02   0.02  -0.01
CUL4B             0.00   0.00   0.04   0.02   0.00  -0.04
KCNB2             0.01   0.00   0.00   0.01   0.01  -0.03
KIF13A            0.00  -0.03   0.08   0.00   0.00   0.00
TLR4              0.01  -0.01   0.09   0.02   0.01  -0.01
UTRN              0.00  -0.04   0.04  -0.01   0.01  -0.01
VPS13B            0.01  -0.02   0.00   0.20   0.00  -0.02
SPATA31C1         0.01  -0.01  -0.01   0.00   0.00  -0.02
MAP2             -0.01  -0.01   0.06   0.01   0.00  -0.04
RGS7              0.00  -0.01   0.00   0.01   0.00  -0.04
TRAPPC10          0.00  -0.02   0.00   0.00   0.00  -0.02
DNAH2             0.00  -0.04   0.02   0.01   0.00  -0.04
FLG              -0.01  -0.08   0.01   0.26   0.01  -0.05
SVIL              0.01  -0.04   0.00   0.01   0.00   0.00
LAMB1             0.00  -0.04   0.02  -0.01   0.01  -0.01
LPHN2             0.00  -0.02   0.01   0.01   0.01   0.00
DCC               0.00  -0.02   0.00   0.19   0.00   0.00
CFH              -0.01  -0.02   0.08   0.01   0.00  -0.02
FAM47C            0.00  -0.02   0.06   0.00   0.00  -0.05
RP11-32B5.1       0.00  -0.01   0.09   0.03   0.00  -0.03
WNK1              0.00  -0.02   0.00   0.00   0.00  -0.02
TBX3             -0.01  -0.02   0.01   0.00   0.01  -0.03
CBLB              0.01  -0.04   0.00   0.01   0.01  -0.07
LRP1              0.00  -0.04   0.06   0.00   0.00  -0.01
POLQ              0.01  -0.01   0.02   0.19   0.00  -0.02
USP34             0.00  -0.02   0.01   0.00   0.18  -0.01
CD163L1           0.00  -0.04   0.05   0.00   0.01  -0.02
SYNE2             0.14  -0.03   0.05  -0.02   0.20  -0.02
ACACB             0.01  -0.03   0.02   0.00   0.00   0.00
DNAH7             0.12  -0.06   0.03   0.01   0.00   0.00
FLNC              0.01  -0.03   0.06   0.01   0.00  -0.02
PCDH19            0.01  -0.03   0.06  -0.01  -0.01  -0.04
USPL1             0.00  -0.02   0.03  -0.01   0.00   0.00
VPS13A            0.01  -0.02   0.02   0.00   0.01  -0.01
ANKRD17           0.00  -0.01   0.04   0.00   0.00  -0.02
DDR2              0.00  -0.02   0.03   0.00   0.01  -0.01
ARID1A            0.00  -0.01   0.02   0.01   0.00  -0.03
SACS              0.00   0.00   0.01   0.00   0.02  -0.02
BLM               0.12  -0.01   0.04   0.00   0.19   0.00
GTSE1             0.01  -0.02  -0.01   0.00   0.02  -0.02
CENPE             0.01  -0.04   0.02   0.01   0.01  -0.03
DOCK11           -0.01  -0.05  -0.01   0.03   0.00  -0.04
FBN1              0.00  -0.03   0.03   0.00   0.00  -0.03
GON4L             0.00  -0.03   0.08   0.01   0.18   0.01
NAV1              0.00  -0.02   0.04   0.21   0.00  -0.02
NHSL2             0.00  -0.02   0.02   0.00   0.00  -0.04
PCLO              0.00  -0.02   0.02   0.01   0.01  -0.05
PTPN22            0.00  -0.02   0.02   0.00   0.17  -0.03
SLC4A5            0.01  -0.03   0.02   0.01   0.00  -0.03
SRGAP1            0.01  -0.02   0.05   0.03   0.00  -0.03
ZNF536            0.00  -0.04   0.00   0.00   0.00  -0.04
DNAH1             0.00  -0.02   0.03   0.00   0.00  -0.02
NUP160            0.01  -0.01   0.05   0.00   0.00  -0.03
ASXL2             0.00  -0.02   0.03   0.19   0.00   0.00
DENND1B           0.00  -0.01   0.05   0.19   0.00  -0.01
HERC2             0.00  -0.02   0.02   0.01  -0.01  -0.03
RFPL1             0.00  -0.02   0.00   0.01   0.00  -0.02
AKT1             -0.01  -0.01   0.03   0.00   0.01  -0.02
CCT6B             0.00  -0.01   0.02   0.00   0.01  -0.01
CDH12             0.01  -0.03   0.03   0.00   0.00  -0.01
GRID1             0.00   0.00   0.01   0.00   0.02  -0.03
KIF26B            0.00  -0.01   0.01  -0.01   0.01  -0.05
PIWIL1            0.01  -0.01   0.02  -0.01   0.01  -0.05
SCN10A            0.12  -0.02   0.02   0.00   0.02  -0.01
RYR1              0.01  -0.03  -0.01   0.02   0.00  -0.04
CHD1L             0.00  -0.01   0.06   0.01  -0.01  -0.04
FRMPD4            0.00  -0.02   0.01  -0.01   0.00  -0.01
GRIN2A            0.01  -0.02   0.06   0.01   0.00  -0.03
NRP2              0.00  -0.02   0.00   0.00   0.01  -0.02
ABCA13            0.00  -0.05   0.03   0.01   0.01  -0.07
ATRX              0.00  -0.02   0.02   0.03   0.01  -0.06
CACNA1B           0.00  -0.04   0.01   0.00   0.00  -0.02
CUL7              0.00  -0.01   0.03   0.20   0.01  -0.01
LAMB4             0.00  -0.02   0.01   0.01   0.01  -0.03
RIMS2             0.00  -0.02   0.02   0.00   0.01  -0.02
RAB3GAP2          0.01  -0.03   0.09   0.01   0.01   0.01
CPXM1             0.01  -0.04   0.03   0.03   0.00   0.00
KAT6B             0.00  -0.03   0.01   0.00   0.01  -0.02
ERBB4             0.00  -0.01   0.03  -0.01   0.00  -0.01
WDR17             0.00  -0.02   0.03   0.00   0.00   0.00
MAP1A             0.00  -0.03   0.02  -0.01   0.00  -0.03
RBMXL3           -0.01  -0.02   0.00   0.01   0.01   0.00
TOPBP1            0.00  -0.01   0.03  -0.01   0.00  -0.01
PLA2G4A           0.01  -0.02   0.02   0.00   0.01  -0.01
TPO               0.00  -0.01   0.01   0.00   0.00  -0.02
ARID1B            0.00  -0.04   0.01   0.02   0.00  -0.01
F5                0.01  -0.04   0.02   0.01   0.01  -0.02
MALAT1            0.00  -0.01   0.00   0.01   0.01  -0.05
FAM208B           0.00  -0.01   0.06   0.02   0.00  -0.01
CTNND2            0.13  -0.03   0.01   0.00   0.00   0.00
DNAH10            0.00  -0.03   0.01   0.00   0.01  -0.01
RP11-85G18.6      0.00  -0.02   0.03   0.00   0.00  -0.01
FAM179A           0.00  -0.03  -0.01   0.00   0.00  -0.02
CNTLN             0.00  -0.02   0.05  -0.02   0.00  -0.03
NEDD9             0.00  -0.02   0.00   0.01   0.00  -0.02
NRXN3             0.00  -0.02   0.07   0.01   0.17   0.00
MAP2K4           -0.01  -0.01   0.07  -0.01   0.02  -0.15
LPA               0.00  -0.01   0.00   0.00   0.01  -0.02
SPHKAP            0.00  -0.01  -0.01   0.20   0.01  -0.04
UTP20            -0.01  -0.02   0.03   0.01   0.01  -0.02
ATP11A            0.00  -0.03   0.00   0.00   0.00  -0.04
CDH9              0.00  -0.01  -0.01   0.01   0.01  -0.03
BCORL1            0.00  -0.02   0.01   0.01   0.01   0.00
PRUNE2            0.01  -0.01   0.04   0.00   0.00  -0.02
PDZD2             0.12   0.00   0.01   0.00   0.17  -0.01
HMCN1            -0.01  -0.05   0.22   0.05   0.01  -0.01
PRAME             0.00  -0.03   0.03   0.02   0.01  -0.01
GRIK2             0.00  -0.02   0.07   0.02   0.01   0.00
NKAIN4            0.00   0.00   0.02   0.00   0.00  -0.02
TSC22D1           0.00  -0.01   0.00   0.00   0.01  -0.02
ITSN2             0.00  -0.02   0.06   0.03   0.01   0.00
KIAA1109          0.01  -0.02   0.05   0.21   0.00  -0.01
C5orf42           0.12  -0.01   0.01   0.00   0.01  -0.01
C2orf16           0.00  -0.02   0.05   0.20  -0.01   0.00
BRWD3             0.12   0.00   0.05   0.00   0.00  -0.01
SHD               0.02   0.00   0.02   0.00   0.01  -0.02
HCFC1            -0.01   0.00   0.00   0.00   0.00  -0.04
DCHS2             0.00  -0.03   0.00   0.00   0.00  -0.02
DMXL1             0.00  -0.02   0.09   0.01   0.00  -0.03
ZEB2              0.00  -0.02   0.03   0.02   0.01  -0.01
FREM2             0.00   0.00   0.02   0.00   0.00  -0.06
NRK               0.00  -0.01   0.01  -0.01   0.00  -0.04
CHGB              0.01  -0.01   0.00   0.01   0.18  -0.01
DSP               0.00  -0.03  -0.01   0.01   0.01  -0.02
PCDHGB6           0.13  -0.01   0.04   0.01   0.01  -0.01
PTPRD             0.00  -0.02   0.02   0.00   0.18  -0.02
PRPF8             0.00  -0.02   0.03   0.00   0.00  -0.03
RB1               0.00  -0.03   0.03   0.00   0.00  -0.01
WNK3             -0.01  -0.01   0.04   0.00   0.00  -0.04
AMPD1             0.00  -0.03   0.01   0.01   0.00   0.00
NEK5             -0.01  -0.02   0.05   0.01   0.00  -0.01
NINL              0.00   0.00   0.03   0.02   0.00  -0.03
BCOR             -0.01  -0.01   0.01   0.01   0.01  -0.03
ITPR1             0.00  -0.02   0.03   0.01   0.00  -0.01
CCDC180           0.12  -0.02   0.03   0.01   0.00  -0.01
LTBP4            -0.01  -0.01   0.04   0.01   0.00  -0.02
PDE4D             0.00  -0.03   0.01   0.00   0.01  -0.02
ANO5              0.00  -0.01   0.00  -0.01  -0.01  -0.04
PEG3              0.00  -0.03   0.05   0.02   0.01   0.01
EPG5              0.00   0.00   0.04   0.01   0.01  -0.01
PCDH11X           0.01  -0.02   0.03   0.00   0.00  -0.01
HRNR              0.00  -0.03  -0.01  -0.01   0.01  -0.05
GPR112            0.00  -0.01   0.06   0.01   0.00   0.00
RP11-404K5.2      0.00  -0.01   0.02   0.01   0.00  -0.03
OPRM1             0.00  -0.03   0.03   0.01   0.00   0.00
THSD7B            0.00  -0.02   0.02   0.00   0.01  -0.03
MYH9              0.00  -0.01   0.01   0.00   0.01  -0.02
ZNF841            0.01  -0.02   0.03  -0.01   0.00  -0.02
TAF1             -0.01  -0.03   0.04   0.21   0.00  -0.01
PDE4DIP           0.00  -0.01   0.03   0.01   0.00  -0.01
RLF               0.00  -0.01   0.04  -0.01   0.00  -0.05
ROR1              0.00  -0.02   0.00   0.00   0.18  -0.01
EPHA5             0.00  -0.02   0.02  -0.01   0.17  -0.01
BAZ2B             0.01  -0.03   0.00   0.00   0.18   0.00
SEMA5A            0.00  -0.03   0.00   0.02   0.00  -0.02
COL6A2            0.00  -0.03   0.01   0.00   0.01  -0.02
ATP7A             0.00  -0.01   0.00   0.01   0.17  -0.03
PRRC2B            0.00  -0.01   0.02   0.01   0.00  -0.01
ABCB11            0.00  -0.01   0.01  -0.01   0.17  -0.02
NOTCH4            0.00  -0.02  -0.01   0.00   0.00  -0.03
PDXDC1            0.00  -0.02   0.00   0.00   0.00  -0.01
RIF1              0.00  -0.01   0.01   0.01   0.00  -0.03
FER1L5            0.00  -0.03   0.01   0.00   0.00  -0.01
MUC6              0.00  -0.01   0.00   0.00   0.00  -0.02
SPATA31D1         0.00  -0.02  -0.01   0.00   0.01  -0.02
CCNB3             0.00  -0.02   0.03   0.01  -0.01  -0.01
ENSG00000210082   0.01  -0.05   0.01   0.01   0.00  -0.01
ENSG00000210195   0.00  -0.03   0.01   0.00   0.00  -0.01
C
                                                              Comp.1 Comp.2
patient.ethnicityhispanic.or.latino                             0.00   0.00
patient.genderfemale                                           -0.30  -0.60
Tumor.CodedT_other                                             -0.29  -0.51
Node.CodedPositive                                             -0.28  -0.30
Metastasis.CodedPositive                                        0.00  -0.02
patient.breast_carcinoma_estrogen_receptor_statusnegative      -0.01  -0.35
patient.breast_carcinoma_estrogen_receptor_statuspositive      -0.29  -0.24
patient.breast_carcinoma_progesterone_receptor_statusnegative  -0.02  -0.41
patient.breast_carcinoma_progesterone_receptor_statuspositive  -0.28  -0.19
HER2.Final.StatusEquivocal                                      0.00  -0.01
HER2.Final.StatusNegative                                      -0.29  -0.48
HER2.Final.StatusPositive                                      -0.01  -0.11
X.clinical.patients..cols..infiltrating.ductal.carcinoma       -0.30  -0.56
X.clinical.patients..cols..infiltrating.lobular.carcinoma       0.00  -0.01
X.clinical.patients..cols..mixed.histology..please.specify.     0.00   0.00
X.clinical.patients..cols..other..specify                       0.00  -0.02
X.clinical.patients..cols..No_Conversion                       -0.27  -0.23
X.clinical.patients..cols..Stage.I                             -0.01  -0.05
X.clinical.patients..cols..Stage.IIA                           -0.01  -0.19
X.clinical.patients..cols..Stage.IIB                           -0.01  -0.07
X.clinical.patients..cols..Stage.IIIA                           0.00  -0.03
X.clinical.patients..cols..Stage.IIIC                           0.00  -0.02
NA.26.36.                                                       0.00  -0.03
NA.36.43.                                                       0.00  -0.08
NA.43.49.                                                       0.00  -0.07
NA.49.54.                                                      -0.26  -0.11
NA.54.59.                                                      -0.01  -0.08
NA.59.64.                                                      -0.01  -0.08
NA.64.70.                                                      -0.01  -0.07
NA.70.76.                                                       0.00  -0.04
NA.76.82.                                                       0.00  -0.04
NA.82.89.                                                       0.00  -0.01
                                                              Comp.3 Comp.4
patient.ethnicityhispanic.or.latino                             0.00   0.00
patient.genderfemale                                           -0.72  -0.59
Tumor.CodedT_other                                             -0.63  -0.57
Node.CodedPositive                                             -0.50  -0.55
Metastasis.CodedPositive                                       -0.01   0.00
patient.breast_carcinoma_estrogen_receptor_statusnegative      -0.14  -0.02
patient.breast_carcinoma_estrogen_receptor_statuspositive      -0.59  -0.57
patient.breast_carcinoma_progesterone_receptor_statusnegative  -0.32  -0.05
patient.breast_carcinoma_progesterone_receptor_statuspositive  -0.40  -0.53
HER2.Final.StatusEquivocal                                     -0.01   0.00
HER2.Final.StatusNegative                                      -0.64  -0.10
HER2.Final.StatusPositive                                      -0.09  -0.49
X.clinical.patients..cols..infiltrating.ductal.carcinoma       -0.58  -0.58
X.clinical.patients..cols..infiltrating.lobular.carcinoma      -0.13   0.00
X.clinical.patients..cols..mixed.histology..please.specify.    -0.01   0.00
X.clinical.patients..cols..other..specify                      -0.01   0.00
X.clinical.patients..cols..No_Conversion                       -0.25  -0.50
X.clinical.patients..cols..Stage.I                             -0.08  -0.01
X.clinical.patients..cols..Stage.IIA                           -0.10  -0.02
X.clinical.patients..cols..Stage.IIB                           -0.06  -0.01
X.clinical.patients..cols..Stage.IIIA                          -0.14  -0.03
X.clinical.patients..cols..Stage.IIIC                          -0.10  -0.02
NA.26.36.                                                      -0.08  -0.01
NA.36.43.                                                      -0.05  -0.46
NA.43.49.                                                      -0.03  -0.01
NA.49.54.                                                      -0.04  -0.02
NA.54.59.                                                      -0.18  -0.02
NA.59.64.                                                      -0.10  -0.01
NA.64.70.                                                      -0.12  -0.02
NA.70.76.                                                      -0.04   0.00
NA.76.82.                                                      -0.06  -0.03
NA.82.89.                                                      -0.03  -0.01
                                                              Comp.5 Comp.6
patient.ethnicityhispanic.or.latino                             0.00  -0.01
patient.genderfemale                                            0.62  -0.71
Tumor.CodedT_other                                              0.12  -0.52
Node.CodedPositive                                              0.57  -0.35
Metastasis.CodedPositive                                        0.01  -0.02
patient.breast_carcinoma_estrogen_receptor_statusnegative       0.00  -0.04
patient.breast_carcinoma_estrogen_receptor_statuspositive       0.61  -0.68
patient.breast_carcinoma_progesterone_receptor_statusnegative   0.04  -0.09
patient.breast_carcinoma_progesterone_receptor_statuspositive   0.58  -0.63
HER2.Final.StatusEquivocal                                      0.00  -0.01
HER2.Final.StatusNegative                                       0.08  -0.63
HER2.Final.StatusPositive                                       0.54  -0.08
X.clinical.patients..cols..infiltrating.ductal.carcinoma        0.61  -0.61
X.clinical.patients..cols..infiltrating.lobular.carcinoma       0.01  -0.07
X.clinical.patients..cols..mixed.histology..please.specify.     0.00  -0.02
X.clinical.patients..cols..other..specify                       0.00  -0.02
X.clinical.patients..cols..No_Conversion                        0.54  -0.21
X.clinical.patients..cols..Stage.I                              0.02  -0.13
X.clinical.patients..cols..Stage.IIA                            0.02  -0.22
X.clinical.patients..cols..Stage.IIB                            0.02  -0.07
X.clinical.patients..cols..Stage.IIIA                           0.02  -0.06
X.clinical.patients..cols..Stage.IIIC                           0.00  -0.01
NA.26.36.                                                       0.01  -0.03
NA.36.43.                                                       0.01  -0.07
NA.43.49.                                                       0.01  -0.07
NA.49.54.                                                       0.01  -0.08
NA.54.59.                                                       0.02  -0.07
NA.59.64.                                                       0.51  -0.14
NA.64.70.                                                       0.01  -0.11
NA.70.76.                                                       0.02  -0.06
NA.76.82.                                                       0.01  -0.06
NA.82.89.                                                       0.00  -0.02
 
You can now manually PERMUTE and REFLECT columns of solution
If you want to reflect/permute columns, specify '1':
Read 1 item
 
If you want to carry out a STABILITY CHECK on current or different solution, specify '1':
Read 1 item
 
If you want to carry out a BOOTSTRAP procedure for
computing confidence intervals for the current solution, specify '1':
Read 1 item
 
If you want to carry out a FITPARTITIONING on current solution, specify '1':
Read 1 item
 
Press 'return' to conclude the analysis
Read 1 item
The component matrices are normalized such that A and B have unit sums of squares
To see component matrices and fit and other results, digits: $Xprep, $A, $B, $C, $fit, $fitA, $fitB, $fitC, ...
[1] 0
[1] 0
[1] 0
[1] 0
[1] 0
[1] 0
[1] 0
[1] 0
[1] 0
